[0.132s] Invoking command in '/home/sdc/Desktop/mocap4ros2_ws/Archive/build/custom_robot_msgs': CMAKE_PREFIX_PATH=${CMAKE_PREFIX_PATH}:/home/sdc/Desktop/mocap4ros2_ws/Archive/install/target_pid_controller:/home/sdc/Desktop/mocap4ros2_ws/Archive/install/pure_pursuit:/home/sdc/Desktop/mocap4ros2_ws/install/target_pid_controller:/home/sdc/Desktop/mocap4ros2_ws/install/pure_pursuit:/home/sdc/Desktop/mocap4ros2_ws/install/rqt_joint_trajectory_controller:/home/sdc/Desktop/mocap4ros2_ws/install/rqt_controller_manager:/home/sdc/Desktop/mocap4ros2_ws/install/ros2controlcli:/home/sdc/Desktop/mocap4ros2_ws/install/ros2_controllers_test_nodes:/home/sdc/Desktop/mocap4ros2_ws/install/mocap4r2cli:/home/sdc/Desktop/mocap4ros2_ws/install/learning_tf2_py:/opt/ros/humble /usr/bin/cmake --build /home/sdc/Desktop/mocap4ros2_ws/Archive/build/custom_robot_msgs -- -j16 -l16
[0.328s] -- Found ament_cmake: 1.3.9 (/opt/ros/humble/share/ament_cmake/cmake)
[0.328s] -- Found rosidl_default_generators: 1.2.0 (/opt/ros/humble/share/rosidl_default_generators/cmake)
[0.328s] -- Using all available rosidl_typesupport_c: rosidl_typesupport_fastrtps_c;rosidl_typesupport_introspection_c
[0.328s] -- Found rosidl_adapter: 3.1.5 (/opt/ros/humble/share/rosidl_adapter/cmake)
[0.328s] -- Using all available rosidl_typesupport_cpp: rosidl_typesupport_fastrtps_cpp;rosidl_typesupport_introspection_cpp
[0.328s] -- Found std_msgs: 4.2.4 (/opt/ros/humble/share/std_msgs/cmake)
[0.328s] -- Found geometry_msgs: 4.2.4 (/opt/ros/humble/share/geometry_msgs/cmake)
[0.509s] -- Found ament_cmake_ros: 0.10.0 (/opt/ros/humble/share/ament_cmake_ros/cmake)
[0.677s] -- Using all available rosidl_typesupport_c: rosidl_typesupport_fastrtps_c;rosidl_typesupport_introspection_c
[0.899s] -- Using all available rosidl_typesupport_cpp: rosidl_typesupport_fastrtps_cpp;rosidl_typesupport_introspection_cpp
[0.917s] -- Found python_cmake_module: 0.10.0 (/opt/ros/humble/share/python_cmake_module/cmake)
[0.934s] -- Using PYTHON_EXECUTABLE: /usr/bin/python3
[0.934s] -- Using PYTHON_INCLUDE_DIRS: /usr/include/python3.10
[0.935s] -- Using PYTHON_LIBRARIES: /usr/lib/x86_64-linux-gnu/libpython3.10.so
[0.986s] -- Found ament_lint_auto: 0.12.11 (/opt/ros/humble/share/ament_lint_auto/cmake)
[0.990s] -- Added test 'lint_cmake' to check CMake code style
[0.990s] -- Added test 'xmllint' to check XML markup files
[0.991s] -- Configuring done
[1.009s] -- Generating done
[1.011s] -- Build files have been written to: /home/sdc/Desktop/mocap4ros2_ws/Archive/build/custom_robot_msgs
[1.032s] [35m[1mConsolidate compiler generated dependencies of target custom_robot_msgs__rosidl_generator_c[0m
[1.041s] [  2%] Built target custom_robot_msgs__cpp
[1.041s] [  5%] [32mBuilding C object CMakeFiles/custom_robot_msgs__rosidl_generator_c.dir/rosidl_generator_c/custom_robot_msgs/srv/detail/add_three_ints__functions.c.o[0m
[1.042s] [  7%] [32mBuilding C object CMakeFiles/custom_robot_msgs__rosidl_generator_c.dir/rosidl_generator_c/custom_robot_msgs/msg/detail/robot_command_msgs__functions.c.o[0m
[1.049s] [  7%] Built target ament_cmake_python_copy_custom_robot_msgs
[1.050s] [35m[1mConsolidate compiler generated dependencies of target custom_robot_msgs__rosidl_typesupport_cpp[0m
[1.055s] [35m[1mConsolidate compiler generated dependencies of target custom_robot_msgs__rosidl_typesupport_fastrtps_cpp[0m
[1.055s] [35m[1mConsolidate compiler generated dependencies of target custom_robot_msgs__rosidl_typesupport_introspection_cpp[0m
[1.067s] [ 12%] [32mBuilding CXX object CMakeFiles/custom_robot_msgs__rosidl_typesupport_cpp.dir/rosidl_typesupport_cpp/custom_robot_msgs/srv/add_three_ints__type_support.cpp.o[0m
[1.067s] [ 12%] [32mBuilding CXX object CMakeFiles/custom_robot_msgs__rosidl_typesupport_cpp.dir/rosidl_typesupport_cpp/custom_robot_msgs/msg/robot_command_msgs__type_support.cpp.o[0m
[1.067s] [ 15%] [32mBuilding CXX object CMakeFiles/custom_robot_msgs__rosidl_typesupport_fastrtps_cpp.dir/rosidl_typesupport_fastrtps_cpp/custom_robot_msgs/msg/detail/dds_fastrtps/robot_command_msgs__type_support.cpp.o[0m
[1.071s] [ 17%] [32mBuilding CXX object CMakeFiles/custom_robot_msgs__rosidl_typesupport_fastrtps_cpp.dir/rosidl_typesupport_fastrtps_cpp/custom_robot_msgs/srv/detail/dds_fastrtps/add_three_ints__type_support.cpp.o[0m
[1.072s] [ 20%] [32mBuilding CXX object CMakeFiles/custom_robot_msgs__rosidl_typesupport_introspection_cpp.dir/rosidl_typesupport_introspection_cpp/custom_robot_msgs/msg/detail/robot_command_msgs__type_support.cpp.o[0m
[1.072s] [ 23%] [32mBuilding CXX object CMakeFiles/custom_robot_msgs__rosidl_typesupport_introspection_cpp.dir/rosidl_typesupport_introspection_cpp/custom_robot_msgs/srv/detail/add_three_ints__type_support.cpp.o[0m
[1.079s] [ 25%] [32m[1mLinking C shared library libcustom_robot_msgs__rosidl_generator_c.so[0m
[1.107s] [ 28%] Built target custom_robot_msgs__rosidl_generator_c
[1.117s] [35m[1mConsolidate compiler generated dependencies of target custom_robot_msgs__rosidl_typesupport_fastrtps_c[0m
[1.122s] [35m[1mConsolidate compiler generated dependencies of target custom_robot_msgs__rosidl_typesupport_c[0m
[1.122s] [35m[1mConsolidate compiler generated dependencies of target custom_robot_msgs__rosidl_typesupport_introspection_c[0m
[1.130s] [ 30%] [32mBuilding CXX object CMakeFiles/custom_robot_msgs__rosidl_typesupport_fastrtps_c.dir/rosidl_typesupport_fastrtps_c/custom_robot_msgs/msg/detail/robot_command_msgs__type_support_c.cpp.o[0m
[1.133s] [ 33%] [32mBuilding CXX object CMakeFiles/custom_robot_msgs__rosidl_typesupport_fastrtps_c.dir/rosidl_typesupport_fastrtps_c/custom_robot_msgs/srv/detail/add_three_ints__type_support_c.cpp.o[0m
[1.136s] [ 38%] [32mBuilding C object CMakeFiles/custom_robot_msgs__rosidl_typesupport_introspection_c.dir/rosidl_typesupport_introspection_c/custom_robot_msgs/srv/detail/add_three_ints__type_support.c.o[0m
[1.136s] [ 38%] [32mBuilding C object CMakeFiles/custom_robot_msgs__rosidl_typesupport_introspection_c.dir/rosidl_typesupport_introspection_c/custom_robot_msgs/msg/detail/robot_command_msgs__type_support.c.o[0m
[1.137s] [ 41%] [32mBuilding CXX object CMakeFiles/custom_robot_msgs__rosidl_typesupport_c.dir/rosidl_typesupport_c/custom_robot_msgs/srv/add_three_ints__type_support.cpp.o[0m
[1.138s] [ 43%] [32mBuilding CXX object CMakeFiles/custom_robot_msgs__rosidl_typesupport_c.dir/rosidl_typesupport_c/custom_robot_msgs/msg/robot_command_msgs__type_support.cpp.o[0m
[1.174s] [ 46%] [32m[1mLinking CXX shared library libcustom_robot_msgs__rosidl_typesupport_c.so[0m
[1.177s] [ 48%] [32m[1mLinking C shared library libcustom_robot_msgs__rosidl_typesupport_introspection_c.so[0m
[1.221s] [ 51%] Built target custom_robot_msgs__rosidl_typesupport_introspection_c
[1.229s] [ 53%] Built target custom_robot_msgs__rosidl_typesupport_c
[1.318s] running egg_info
[1.318s] writing custom_robot_msgs.egg-info/PKG-INFO
[1.318s] writing dependency_links to custom_robot_msgs.egg-info/dependency_links.txt
[1.318s] writing top-level names to custom_robot_msgs.egg-info/top_level.txt
[1.320s] reading manifest file 'custom_robot_msgs.egg-info/SOURCES.txt'
[1.320s] writing manifest file 'custom_robot_msgs.egg-info/SOURCES.txt'
[1.324s] [ 56%] [32m[1mLinking CXX shared library libcustom_robot_msgs__rosidl_typesupport_cpp.so[0m
[1.329s] [ 58%] [32m[1mLinking CXX shared library libcustom_robot_msgs__rosidl_typesupport_fastrtps_c.so[0m
[1.339s] [ 58%] Built target ament_cmake_python_build_custom_robot_msgs_egg
[1.357s] [ 61%] Built target custom_robot_msgs__rosidl_typesupport_cpp
[1.379s] [ 64%] Built target custom_robot_msgs__rosidl_typesupport_fastrtps_c
[1.389s] [ 66%] [32m[1mLinking CXX shared library libcustom_robot_msgs__rosidl_typesupport_introspection_cpp.so[0m
[1.407s] [ 69%] [32m[1mLinking CXX shared library libcustom_robot_msgs__rosidl_typesupport_fastrtps_cpp.so[0m
[1.416s] [ 71%] Built target custom_robot_msgs__rosidl_typesupport_introspection_cpp
[1.455s] [ 74%] Built target custom_robot_msgs__rosidl_typesupport_fastrtps_cpp
[1.471s] [ 74%] Built target custom_robot_msgs
[1.488s] [ 76%] Built target custom_robot_msgs__py
[1.497s] [35m[1mConsolidate compiler generated dependencies of target custom_robot_msgs__rosidl_generator_py[0m
[1.507s] [ 82%] [32mBuilding C object CMakeFiles/custom_robot_msgs__rosidl_generator_py.dir/rosidl_generator_py/custom_robot_msgs/srv/_add_three_ints_s.c.o[0m
[1.507s] [ 82%] [32mBuilding C object CMakeFiles/custom_robot_msgs__rosidl_generator_py.dir/rosidl_generator_py/custom_robot_msgs/msg/_robot_command_msgs_s.c.o[0m
[1.562s] [ 84%] [32m[1mLinking C shared library rosidl_generator_py/custom_robot_msgs/libcustom_robot_msgs__rosidl_generator_py.so[0m
[1.591s] [ 84%] Built target custom_robot_msgs__rosidl_generator_py
[1.600s] [35m[1mConsolidate compiler generated dependencies of target custom_robot_msgs__rosidl_typesupport_c__pyext[0m
[1.600s] [35m[1mConsolidate compiler generated dependencies of target custom_robot_msgs__rosidl_typesupport_fastrtps_c__pyext[0m
[1.600s] [35m[1mConsolidate compiler generated dependencies of target custom_robot_msgs__rosidl_typesupport_introspection_c__pyext[0m
[1.611s] [ 92%] [32mBuilding C object CMakeFiles/custom_robot_msgs__rosidl_typesupport_introspection_c__pyext.dir/rosidl_generator_py/custom_robot_msgs/_custom_robot_msgs_s.ep.rosidl_typesupport_introspection_c.c.o[0m
[1.611s] [ 92%] [32mBuilding C object CMakeFiles/custom_robot_msgs__rosidl_typesupport_c__pyext.dir/rosidl_generator_py/custom_robot_msgs/_custom_robot_msgs_s.ep.rosidl_typesupport_c.c.o[0m
[1.611s] [ 92%] [32mBuilding C object CMakeFiles/custom_robot_msgs__rosidl_typesupport_fastrtps_c__pyext.dir/rosidl_generator_py/custom_robot_msgs/_custom_robot_msgs_s.ep.rosidl_typesupport_fastrtps_c.c.o[0m
[1.670s] [ 97%] [32m[1mLinking C shared library rosidl_generator_py/custom_robot_msgs/custom_robot_msgs_s__rosidl_typesupport_c.cpython-310-x86_64-linux-gnu.so[0m
[1.670s] [ 97%] [32m[1mLinking C shared library rosidl_generator_py/custom_robot_msgs/custom_robot_msgs_s__rosidl_typesupport_fastrtps_c.cpython-310-x86_64-linux-gnu.so[0m
[1.675s] [100%] [32m[1mLinking C shared library rosidl_generator_py/custom_robot_msgs/custom_robot_msgs_s__rosidl_typesupport_introspection_c.cpython-310-x86_64-linux-gnu.so[0m
[1.698s] [100%] Built target custom_robot_msgs__rosidl_typesupport_fastrtps_c__pyext
[1.698s] [100%] Built target custom_robot_msgs__rosidl_typesupport_c__pyext
[1.702s] [100%] Built target custom_robot_msgs__rosidl_typesupport_introspection_c__pyext
[1.711s] Invoked command in '/home/sdc/Desktop/mocap4ros2_ws/Archive/build/custom_robot_msgs' returned '0': CMAKE_PREFIX_PATH=${CMAKE_PREFIX_PATH}:/home/sdc/Desktop/mocap4ros2_ws/Archive/install/target_pid_controller:/home/sdc/Desktop/mocap4ros2_ws/Archive/install/pure_pursuit:/home/sdc/Desktop/mocap4ros2_ws/install/target_pid_controller:/home/sdc/Desktop/mocap4ros2_ws/install/pure_pursuit:/home/sdc/Desktop/mocap4ros2_ws/install/rqt_joint_trajectory_controller:/home/sdc/Desktop/mocap4ros2_ws/install/rqt_controller_manager:/home/sdc/Desktop/mocap4ros2_ws/install/ros2controlcli:/home/sdc/Desktop/mocap4ros2_ws/install/ros2_controllers_test_nodes:/home/sdc/Desktop/mocap4ros2_ws/install/mocap4r2cli:/home/sdc/Desktop/mocap4ros2_ws/install/learning_tf2_py:/opt/ros/humble /usr/bin/cmake --build /home/sdc/Desktop/mocap4ros2_ws/Archive/build/custom_robot_msgs -- -j16 -l16
[1.803s] Invoking command in '/home/sdc/Desktop/mocap4ros2_ws/Archive/build/custom_robot_msgs': CMAKE_PREFIX_PATH=${CMAKE_PREFIX_PATH}:/home/sdc/Desktop/mocap4ros2_ws/Archive/install/target_pid_controller:/home/sdc/Desktop/mocap4ros2_ws/Archive/install/pure_pursuit:/home/sdc/Desktop/mocap4ros2_ws/install/target_pid_controller:/home/sdc/Desktop/mocap4ros2_ws/install/pure_pursuit:/home/sdc/Desktop/mocap4ros2_ws/install/rqt_joint_trajectory_controller:/home/sdc/Desktop/mocap4ros2_ws/install/rqt_controller_manager:/home/sdc/Desktop/mocap4ros2_ws/install/ros2controlcli:/home/sdc/Desktop/mocap4ros2_ws/install/ros2_controllers_test_nodes:/home/sdc/Desktop/mocap4ros2_ws/install/mocap4r2cli:/home/sdc/Desktop/mocap4ros2_ws/install/learning_tf2_py:/opt/ros/humble /usr/bin/cmake --install /home/sdc/Desktop/mocap4ros2_ws/Archive/build/custom_robot_msgs
[1.811s] -- Install configuration: ""
[1.812s] -- Up-to-date: /home/sdc/Desktop/mocap4ros2_ws/Archive/install/custom_robot_msgs/share/ament_index/resource_index/rosidl_interfaces/custom_robot_msgs
[1.812s] -- Up-to-date: /home/sdc/Desktop/mocap4ros2_ws/Archive/install/custom_robot_msgs/include/custom_robot_msgs/custom_robot_msgs
[1.812s] -- Up-to-date: /home/sdc/Desktop/mocap4ros2_ws/Archive/install/custom_robot_msgs/include/custom_robot_msgs/custom_robot_msgs/msg
[1.812s] -- Up-to-date: /home/sdc/Desktop/mocap4ros2_ws/Archive/install/custom_robot_msgs/include/custom_robot_msgs/custom_robot_msgs/msg/detail
[1.812s] -- Up-to-date: /home/sdc/Desktop/mocap4ros2_ws/Archive/install/custom_robot_msgs/include/custom_robot_msgs/custom_robot_msgs/msg/detail/robot_command_msgs__struct.h
[1.812s] -- Up-to-date: /home/sdc/Desktop/mocap4ros2_ws/Archive/install/custom_robot_msgs/include/custom_robot_msgs/custom_robot_msgs/msg/detail/num__type_support.h
[1.812s] -- Up-to-date: /home/sdc/Desktop/mocap4ros2_ws/Archive/install/custom_robot_msgs/include/custom_robot_msgs/custom_robot_msgs/msg/detail/num__struct.h
[1.812s] -- Up-to-date: /home/sdc/Desktop/mocap4ros2_ws/Archive/install/custom_robot_msgs/include/custom_robot_msgs/custom_robot_msgs/msg/detail/robot_command_msgs__type_support.h
[1.812s] -- Up-to-date: /home/sdc/Desktop/mocap4ros2_ws/Archive/install/custom_robot_msgs/include/custom_robot_msgs/custom_robot_msgs/msg/detail/robot_command_msgs__functions.h
[1.812s] -- Up-to-date: /home/sdc/Desktop/mocap4ros2_ws/Archive/install/custom_robot_msgs/include/custom_robot_msgs/custom_robot_msgs/msg/detail/num__functions.c
[1.812s] -- Up-to-date: /home/sdc/Desktop/mocap4ros2_ws/Archive/install/custom_robot_msgs/include/custom_robot_msgs/custom_robot_msgs/msg/detail/robot_command_msgs__functions.c
[1.812s] -- Up-to-date: /home/sdc/Desktop/mocap4ros2_ws/Archive/install/custom_robot_msgs/include/custom_robot_msgs/custom_robot_msgs/msg/detail/num__functions.h
[1.812s] -- Up-to-date: /home/sdc/Desktop/mocap4ros2_ws/Archive/install/custom_robot_msgs/include/custom_robot_msgs/custom_robot_msgs/msg/rosidl_generator_c__visibility_control.h
[1.812s] -- Up-to-date: /home/sdc/Desktop/mocap4ros2_ws/Archive/install/custom_robot_msgs/include/custom_robot_msgs/custom_robot_msgs/msg/num.h
[1.812s] -- Up-to-date: /home/sdc/Desktop/mocap4ros2_ws/Archive/install/custom_robot_msgs/include/custom_robot_msgs/custom_robot_msgs/msg/robot_command_msgs.h
[1.812s] -- Up-to-date: /home/sdc/Desktop/mocap4ros2_ws/Archive/install/custom_robot_msgs/include/custom_robot_msgs/custom_robot_msgs/srv
[1.812s] -- Up-to-date: /home/sdc/Desktop/mocap4ros2_ws/Archive/install/custom_robot_msgs/include/custom_robot_msgs/custom_robot_msgs/srv/add_three_ints.h
[1.812s] -- Up-to-date: /home/sdc/Desktop/mocap4ros2_ws/Archive/install/custom_robot_msgs/include/custom_robot_msgs/custom_robot_msgs/srv/detail
[1.812s] -- Up-to-date: /home/sdc/Desktop/mocap4ros2_ws/Archive/install/custom_robot_msgs/include/custom_robot_msgs/custom_robot_msgs/srv/detail/add_three_ints__functions.c
[1.812s] -- Up-to-date: /home/sdc/Desktop/mocap4ros2_ws/Archive/install/custom_robot_msgs/include/custom_robot_msgs/custom_robot_msgs/srv/detail/add_three_ints__struct.h
[1.812s] -- Up-to-date: /home/sdc/Desktop/mocap4ros2_ws/Archive/install/custom_robot_msgs/include/custom_robot_msgs/custom_robot_msgs/srv/detail/add_three_ints__functions.h
[1.812s] -- Up-to-date: /home/sdc/Desktop/mocap4ros2_ws/Archive/install/custom_robot_msgs/include/custom_robot_msgs/custom_robot_msgs/srv/detail/add_three_ints__type_support.h
[1.812s] -- Up-to-date: /home/sdc/Desktop/mocap4ros2_ws/Archive/install/custom_robot_msgs/share/custom_robot_msgs/environment/library_path.sh
[1.812s] -- Installing: /home/sdc/Desktop/mocap4ros2_ws/Archive/install/custom_robot_msgs/share/custom_robot_msgs/environment/library_path.dsv
[1.812s] -- Installing: /home/sdc/Desktop/mocap4ros2_ws/Archive/install/custom_robot_msgs/lib/libcustom_robot_msgs__rosidl_generator_c.so
[1.812s] -- Set runtime path of "/home/sdc/Desktop/mocap4ros2_ws/Archive/install/custom_robot_msgs/lib/libcustom_robot_msgs__rosidl_generator_c.so" to ""
[1.812s] -- Up-to-date: /home/sdc/Desktop/mocap4ros2_ws/Archive/install/custom_robot_msgs/include/custom_robot_msgs/custom_robot_msgs
[1.812s] -- Up-to-date: /home/sdc/Desktop/mocap4ros2_ws/Archive/install/custom_robot_msgs/include/custom_robot_msgs/custom_robot_msgs/msg
[1.812s] -- Up-to-date: /home/sdc/Desktop/mocap4ros2_ws/Archive/install/custom_robot_msgs/include/custom_robot_msgs/custom_robot_msgs/msg/detail
[1.812s] -- Up-to-date: /home/sdc/Desktop/mocap4ros2_ws/Archive/install/custom_robot_msgs/include/custom_robot_msgs/custom_robot_msgs/msg/detail/robot_command_msgs__rosidl_typesupport_fastrtps_c.h
[1.812s] -- Up-to-date: /home/sdc/Desktop/mocap4ros2_ws/Archive/install/custom_robot_msgs/include/custom_robot_msgs/custom_robot_msgs/msg/detail/num__rosidl_typesupport_fastrtps_c.h
[1.812s] -- Up-to-date: /home/sdc/Desktop/mocap4ros2_ws/Archive/install/custom_robot_msgs/include/custom_robot_msgs/custom_robot_msgs/msg/rosidl_typesupport_fastrtps_c__visibility_control.h
[1.812s] -- Up-to-date: /home/sdc/Desktop/mocap4ros2_ws/Archive/install/custom_robot_msgs/include/custom_robot_msgs/custom_robot_msgs/srv
[1.813s] -- Up-to-date: /home/sdc/Desktop/mocap4ros2_ws/Archive/install/custom_robot_msgs/include/custom_robot_msgs/custom_robot_msgs/srv/detail
[1.813s] -- Up-to-date: /home/sdc/Desktop/mocap4ros2_ws/Archive/install/custom_robot_msgs/include/custom_robot_msgs/custom_robot_msgs/srv/detail/add_three_ints__rosidl_typesupport_fastrtps_c.h
[1.813s] -- Installing: /home/sdc/Desktop/mocap4ros2_ws/Archive/install/custom_robot_msgs/lib/libcustom_robot_msgs__rosidl_typesupport_fastrtps_c.so
[1.813s] -- Set runtime path of "/home/sdc/Desktop/mocap4ros2_ws/Archive/install/custom_robot_msgs/lib/libcustom_robot_msgs__rosidl_typesupport_fastrtps_c.so" to ""
[1.813s] -- Up-to-date: /home/sdc/Desktop/mocap4ros2_ws/Archive/install/custom_robot_msgs/include/custom_robot_msgs/custom_robot_msgs
[1.813s] -- Up-to-date: /home/sdc/Desktop/mocap4ros2_ws/Archive/install/custom_robot_msgs/include/custom_robot_msgs/custom_robot_msgs/msg
[1.813s] -- Up-to-date: /home/sdc/Desktop/mocap4ros2_ws/Archive/install/custom_robot_msgs/include/custom_robot_msgs/custom_robot_msgs/msg/rosidl_typesupport_introspection_c__visibility_control.h
[1.813s] -- Up-to-date: /home/sdc/Desktop/mocap4ros2_ws/Archive/install/custom_robot_msgs/include/custom_robot_msgs/custom_robot_msgs/msg/detail
[1.813s] -- Up-to-date: /home/sdc/Desktop/mocap4ros2_ws/Archive/install/custom_robot_msgs/include/custom_robot_msgs/custom_robot_msgs/msg/detail/num__rosidl_typesupport_introspection_c.h
[1.813s] -- Up-to-date: /home/sdc/Desktop/mocap4ros2_ws/Archive/install/custom_robot_msgs/include/custom_robot_msgs/custom_robot_msgs/msg/detail/robot_command_msgs__type_support.c
[1.813s] -- Up-to-date: /home/sdc/Desktop/mocap4ros2_ws/Archive/install/custom_robot_msgs/include/custom_robot_msgs/custom_robot_msgs/msg/detail/num__type_support.c
[1.813s] -- Up-to-date: /home/sdc/Desktop/mocap4ros2_ws/Archive/install/custom_robot_msgs/include/custom_robot_msgs/custom_robot_msgs/msg/detail/robot_command_msgs__rosidl_typesupport_introspection_c.h
[1.813s] -- Up-to-date: /home/sdc/Desktop/mocap4ros2_ws/Archive/install/custom_robot_msgs/include/custom_robot_msgs/custom_robot_msgs/srv
[1.813s] -- Up-to-date: /home/sdc/Desktop/mocap4ros2_ws/Archive/install/custom_robot_msgs/include/custom_robot_msgs/custom_robot_msgs/srv/detail
[1.813s] -- Up-to-date: /home/sdc/Desktop/mocap4ros2_ws/Archive/install/custom_robot_msgs/include/custom_robot_msgs/custom_robot_msgs/srv/detail/add_three_ints__type_support.c
[1.813s] -- Up-to-date: /home/sdc/Desktop/mocap4ros2_ws/Archive/install/custom_robot_msgs/include/custom_robot_msgs/custom_robot_msgs/srv/detail/add_three_ints__rosidl_typesupport_introspection_c.h
[1.813s] -- Installing: /home/sdc/Desktop/mocap4ros2_ws/Archive/install/custom_robot_msgs/lib/libcustom_robot_msgs__rosidl_typesupport_introspection_c.so
[1.813s] -- Set runtime path of "/home/sdc/Desktop/mocap4ros2_ws/Archive/install/custom_robot_msgs/lib/libcustom_robot_msgs__rosidl_typesupport_introspection_c.so" to ""
[1.813s] -- Installing: /home/sdc/Desktop/mocap4ros2_ws/Archive/install/custom_robot_msgs/lib/libcustom_robot_msgs__rosidl_typesupport_c.so
[1.813s] -- Set runtime path of "/home/sdc/Desktop/mocap4ros2_ws/Archive/install/custom_robot_msgs/lib/libcustom_robot_msgs__rosidl_typesupport_c.so" to ""
[1.813s] -- Up-to-date: /home/sdc/Desktop/mocap4ros2_ws/Archive/install/custom_robot_msgs/include/custom_robot_msgs/custom_robot_msgs
[1.813s] -- Up-to-date: /home/sdc/Desktop/mocap4ros2_ws/Archive/install/custom_robot_msgs/include/custom_robot_msgs/custom_robot_msgs/msg
[1.813s] -- Up-to-date: /home/sdc/Desktop/mocap4ros2_ws/Archive/install/custom_robot_msgs/include/custom_robot_msgs/custom_robot_msgs/msg/detail
[1.813s] -- Up-to-date: /home/sdc/Desktop/mocap4ros2_ws/Archive/install/custom_robot_msgs/include/custom_robot_msgs/custom_robot_msgs/msg/detail/num__struct.hpp
[1.813s] -- Up-to-date: /home/sdc/Desktop/mocap4ros2_ws/Archive/install/custom_robot_msgs/include/custom_robot_msgs/custom_robot_msgs/msg/detail/robot_command_msgs__builder.hpp
[1.813s] -- Up-to-date: /home/sdc/Desktop/mocap4ros2_ws/Archive/install/custom_robot_msgs/include/custom_robot_msgs/custom_robot_msgs/msg/detail/robot_command_msgs__struct.hpp
[1.813s] -- Up-to-date: /home/sdc/Desktop/mocap4ros2_ws/Archive/install/custom_robot_msgs/include/custom_robot_msgs/custom_robot_msgs/msg/detail/robot_command_msgs__traits.hpp
[1.813s] -- Up-to-date: /home/sdc/Desktop/mocap4ros2_ws/Archive/install/custom_robot_msgs/include/custom_robot_msgs/custom_robot_msgs/msg/detail/num__traits.hpp
[1.813s] -- Up-to-date: /home/sdc/Desktop/mocap4ros2_ws/Archive/install/custom_robot_msgs/include/custom_robot_msgs/custom_robot_msgs/msg/detail/num__builder.hpp
[1.813s] -- Up-to-date: /home/sdc/Desktop/mocap4ros2_ws/Archive/install/custom_robot_msgs/include/custom_robot_msgs/custom_robot_msgs/msg/num.hpp
[1.813s] -- Up-to-date: /home/sdc/Desktop/mocap4ros2_ws/Archive/install/custom_robot_msgs/include/custom_robot_msgs/custom_robot_msgs/msg/robot_command_msgs.hpp
[1.813s] -- Up-to-date: /home/sdc/Desktop/mocap4ros2_ws/Archive/install/custom_robot_msgs/include/custom_robot_msgs/custom_robot_msgs/srv
[1.813s] -- Up-to-date: /home/sdc/Desktop/mocap4ros2_ws/Archive/install/custom_robot_msgs/include/custom_robot_msgs/custom_robot_msgs/srv/detail
[1.813s] -- Up-to-date: /home/sdc/Desktop/mocap4ros2_ws/Archive/install/custom_robot_msgs/include/custom_robot_msgs/custom_robot_msgs/srv/detail/add_three_ints__traits.hpp
[1.813s] -- Up-to-date: /home/sdc/Desktop/mocap4ros2_ws/Archive/install/custom_robot_msgs/include/custom_robot_msgs/custom_robot_msgs/srv/detail/add_three_ints__struct.hpp
[1.814s] -- Up-to-date: /home/sdc/Desktop/mocap4ros2_ws/Archive/install/custom_robot_msgs/include/custom_robot_msgs/custom_robot_msgs/srv/detail/add_three_ints__builder.hpp
[1.814s] -- Up-to-date: /home/sdc/Desktop/mocap4ros2_ws/Archive/install/custom_robot_msgs/include/custom_robot_msgs/custom_robot_msgs/srv/add_three_ints.hpp
[1.814s] -- Up-to-date: /home/sdc/Desktop/mocap4ros2_ws/Archive/install/custom_robot_msgs/include/custom_robot_msgs/custom_robot_msgs
[1.814s] -- Up-to-date: /home/sdc/Desktop/mocap4ros2_ws/Archive/install/custom_robot_msgs/include/custom_robot_msgs/custom_robot_msgs/msg
[1.814s] -- Up-to-date: /home/sdc/Desktop/mocap4ros2_ws/Archive/install/custom_robot_msgs/include/custom_robot_msgs/custom_robot_msgs/msg/rosidl_typesupport_fastrtps_cpp__visibility_control.h
[1.814s] -- Up-to-date: /home/sdc/Desktop/mocap4ros2_ws/Archive/install/custom_robot_msgs/include/custom_robot_msgs/custom_robot_msgs/msg/detail
[1.814s] -- Up-to-date: /home/sdc/Desktop/mocap4ros2_ws/Archive/install/custom_robot_msgs/include/custom_robot_msgs/custom_robot_msgs/msg/detail/dds_fastrtps
[1.814s] -- Up-to-date: /home/sdc/Desktop/mocap4ros2_ws/Archive/install/custom_robot_msgs/include/custom_robot_msgs/custom_robot_msgs/msg/detail/robot_command_msgs__rosidl_typesupport_fastrtps_cpp.hpp
[1.814s] -- Up-to-date: /home/sdc/Desktop/mocap4ros2_ws/Archive/install/custom_robot_msgs/include/custom_robot_msgs/custom_robot_msgs/msg/detail/num__rosidl_typesupport_fastrtps_cpp.hpp
[1.814s] -- Up-to-date: /home/sdc/Desktop/mocap4ros2_ws/Archive/install/custom_robot_msgs/include/custom_robot_msgs/custom_robot_msgs/srv
[1.814s] -- Up-to-date: /home/sdc/Desktop/mocap4ros2_ws/Archive/install/custom_robot_msgs/include/custom_robot_msgs/custom_robot_msgs/srv/detail
[1.814s] -- Up-to-date: /home/sdc/Desktop/mocap4ros2_ws/Archive/install/custom_robot_msgs/include/custom_robot_msgs/custom_robot_msgs/srv/detail/dds_fastrtps
[1.814s] -- Up-to-date: /home/sdc/Desktop/mocap4ros2_ws/Archive/install/custom_robot_msgs/include/custom_robot_msgs/custom_robot_msgs/srv/detail/add_three_ints__rosidl_typesupport_fastrtps_cpp.hpp
[1.814s] -- Installing: /home/sdc/Desktop/mocap4ros2_ws/Archive/install/custom_robot_msgs/lib/libcustom_robot_msgs__rosidl_typesupport_fastrtps_cpp.so
[1.814s] -- Set runtime path of "/home/sdc/Desktop/mocap4ros2_ws/Archive/install/custom_robot_msgs/lib/libcustom_robot_msgs__rosidl_typesupport_fastrtps_cpp.so" to ""
[1.814s] -- Up-to-date: /home/sdc/Desktop/mocap4ros2_ws/Archive/install/custom_robot_msgs/include/custom_robot_msgs/custom_robot_msgs
[1.814s] -- Up-to-date: /home/sdc/Desktop/mocap4ros2_ws/Archive/install/custom_robot_msgs/include/custom_robot_msgs/custom_robot_msgs/msg
[1.814s] -- Up-to-date: /home/sdc/Desktop/mocap4ros2_ws/Archive/install/custom_robot_msgs/include/custom_robot_msgs/custom_robot_msgs/msg/detail
[1.814s] -- Up-to-date: /home/sdc/Desktop/mocap4ros2_ws/Archive/install/custom_robot_msgs/include/custom_robot_msgs/custom_robot_msgs/msg/detail/robot_command_msgs__type_support.cpp
[1.814s] -- Up-to-date: /home/sdc/Desktop/mocap4ros2_ws/Archive/install/custom_robot_msgs/include/custom_robot_msgs/custom_robot_msgs/msg/detail/robot_command_msgs__rosidl_typesupport_introspection_cpp.hpp
[1.814s] -- Up-to-date: /home/sdc/Desktop/mocap4ros2_ws/Archive/install/custom_robot_msgs/include/custom_robot_msgs/custom_robot_msgs/msg/detail/num__type_support.cpp
[1.814s] -- Up-to-date: /home/sdc/Desktop/mocap4ros2_ws/Archive/install/custom_robot_msgs/include/custom_robot_msgs/custom_robot_msgs/msg/detail/num__rosidl_typesupport_introspection_cpp.hpp
[1.814s] -- Up-to-date: /home/sdc/Desktop/mocap4ros2_ws/Archive/install/custom_robot_msgs/include/custom_robot_msgs/custom_robot_msgs/srv
[1.814s] -- Up-to-date: /home/sdc/Desktop/mocap4ros2_ws/Archive/install/custom_robot_msgs/include/custom_robot_msgs/custom_robot_msgs/srv/detail
[1.814s] -- Up-to-date: /home/sdc/Desktop/mocap4ros2_ws/Archive/install/custom_robot_msgs/include/custom_robot_msgs/custom_robot_msgs/srv/detail/add_three_ints__type_support.cpp
[1.814s] -- Up-to-date: /home/sdc/Desktop/mocap4ros2_ws/Archive/install/custom_robot_msgs/include/custom_robot_msgs/custom_robot_msgs/srv/detail/add_three_ints__rosidl_typesupport_introspection_cpp.hpp
[1.814s] -- Installing: /home/sdc/Desktop/mocap4ros2_ws/Archive/install/custom_robot_msgs/lib/libcustom_robot_msgs__rosidl_typesupport_introspection_cpp.so
[1.814s] -- Set runtime path of "/home/sdc/Desktop/mocap4ros2_ws/Archive/install/custom_robot_msgs/lib/libcustom_robot_msgs__rosidl_typesupport_introspection_cpp.so" to ""
[1.814s] -- Installing: /home/sdc/Desktop/mocap4ros2_ws/Archive/install/custom_robot_msgs/lib/libcustom_robot_msgs__rosidl_typesupport_cpp.so
[1.814s] -- Set runtime path of "/home/sdc/Desktop/mocap4ros2_ws/Archive/install/custom_robot_msgs/lib/libcustom_robot_msgs__rosidl_typesupport_cpp.so" to ""
[1.814s] -- Up-to-date: /home/sdc/Desktop/mocap4ros2_ws/Archive/install/custom_robot_msgs/share/custom_robot_msgs/environment/pythonpath.sh
[1.814s] -- Installing: /home/sdc/Desktop/mocap4ros2_ws/Archive/install/custom_robot_msgs/share/custom_robot_msgs/environment/pythonpath.dsv
[1.814s] -- Up-to-date: /home/sdc/Desktop/mocap4ros2_ws/Archive/install/custom_robot_msgs/local/lib/python3.10/dist-packages/custom_robot_msgs-0.0.0-py3.10.egg-info
[1.814s] -- Installing: /home/sdc/Desktop/mocap4ros2_ws/Archive/install/custom_robot_msgs/local/lib/python3.10/dist-packages/custom_robot_msgs-0.0.0-py3.10.egg-info/top_level.txt
[1.814s] -- Installing: /home/sdc/Desktop/mocap4ros2_ws/Archive/install/custom_robot_msgs/local/lib/python3.10/dist-packages/custom_robot_msgs-0.0.0-py3.10.egg-info/dependency_links.txt
[1.815s] -- Installing: /home/sdc/Desktop/mocap4ros2_ws/Archive/install/custom_robot_msgs/local/lib/python3.10/dist-packages/custom_robot_msgs-0.0.0-py3.10.egg-info/SOURCES.txt
[1.815s] -- Installing: /home/sdc/Desktop/mocap4ros2_ws/Archive/install/custom_robot_msgs/local/lib/python3.10/dist-packages/custom_robot_msgs-0.0.0-py3.10.egg-info/PKG-INFO
[1.815s] -- Up-to-date: /home/sdc/Desktop/mocap4ros2_ws/Archive/install/custom_robot_msgs/local/lib/python3.10/dist-packages/custom_robot_msgs
[1.815s] -- Up-to-date: /home/sdc/Desktop/mocap4ros2_ws/Archive/install/custom_robot_msgs/local/lib/python3.10/dist-packages/custom_robot_msgs/_custom_robot_msgs_s.ep.rosidl_typesupport_fastrtps_c.c
[1.815s] -- Up-to-date: /home/sdc/Desktop/mocap4ros2_ws/Archive/install/custom_robot_msgs/local/lib/python3.10/dist-packages/custom_robot_msgs/msg
[1.815s] -- Up-to-date: /home/sdc/Desktop/mocap4ros2_ws/Archive/install/custom_robot_msgs/local/lib/python3.10/dist-packages/custom_robot_msgs/msg/__init__.py
[1.815s] -- Up-to-date: /home/sdc/Desktop/mocap4ros2_ws/Archive/install/custom_robot_msgs/local/lib/python3.10/dist-packages/custom_robot_msgs/msg/_robot_command_msgs.py
[1.815s] -- Up-to-date: /home/sdc/Desktop/mocap4ros2_ws/Archive/install/custom_robot_msgs/local/lib/python3.10/dist-packages/custom_robot_msgs/msg/_num_s.c
[1.815s] -- Up-to-date: /home/sdc/Desktop/mocap4ros2_ws/Archive/install/custom_robot_msgs/local/lib/python3.10/dist-packages/custom_robot_msgs/msg/_num.py
[1.815s] -- Up-to-date: /home/sdc/Desktop/mocap4ros2_ws/Archive/install/custom_robot_msgs/local/lib/python3.10/dist-packages/custom_robot_msgs/msg/_robot_command_msgs_s.c
[1.815s] -- Installing: /home/sdc/Desktop/mocap4ros2_ws/Archive/install/custom_robot_msgs/local/lib/python3.10/dist-packages/custom_robot_msgs/__init__.py
[1.815s] -- Installing: /home/sdc/Desktop/mocap4ros2_ws/Archive/install/custom_robot_msgs/local/lib/python3.10/dist-packages/custom_robot_msgs/custom_robot_msgs_s__rosidl_typesupport_introspection_c.cpython-310-x86_64-linux-gnu.so
[1.815s] -- Up-to-date: /home/sdc/Desktop/mocap4ros2_ws/Archive/install/custom_robot_msgs/local/lib/python3.10/dist-packages/custom_robot_msgs/srv
[1.815s] -- Up-to-date: /home/sdc/Desktop/mocap4ros2_ws/Archive/install/custom_robot_msgs/local/lib/python3.10/dist-packages/custom_robot_msgs/srv/__init__.py
[1.815s] -- Up-to-date: /home/sdc/Desktop/mocap4ros2_ws/Archive/install/custom_robot_msgs/local/lib/python3.10/dist-packages/custom_robot_msgs/srv/_add_three_ints_s.c
[1.815s] -- Up-to-date: /home/sdc/Desktop/mocap4ros2_ws/Archive/install/custom_robot_msgs/local/lib/python3.10/dist-packages/custom_robot_msgs/srv/_add_three_ints.py
[1.815s] -- Installing: /home/sdc/Desktop/mocap4ros2_ws/Archive/install/custom_robot_msgs/local/lib/python3.10/dist-packages/custom_robot_msgs/custom_robot_msgs_s__rosidl_typesupport_fastrtps_c.cpython-310-x86_64-linux-gnu.so
[1.815s] -- Installing: /home/sdc/Desktop/mocap4ros2_ws/Archive/install/custom_robot_msgs/local/lib/python3.10/dist-packages/custom_robot_msgs/custom_robot_msgs_s__rosidl_typesupport_c.cpython-310-x86_64-linux-gnu.so
[1.815s] -- Up-to-date: /home/sdc/Desktop/mocap4ros2_ws/Archive/install/custom_robot_msgs/local/lib/python3.10/dist-packages/custom_robot_msgs/_custom_robot_msgs_s.ep.rosidl_typesupport_c.c
[1.815s] -- Up-to-date: /home/sdc/Desktop/mocap4ros2_ws/Archive/install/custom_robot_msgs/local/lib/python3.10/dist-packages/custom_robot_msgs/_custom_robot_msgs_s.ep.rosidl_typesupport_introspection_c.c
[1.815s] -- Installing: /home/sdc/Desktop/mocap4ros2_ws/Archive/install/custom_robot_msgs/local/lib/python3.10/dist-packages/custom_robot_msgs/libcustom_robot_msgs__rosidl_generator_py.so
[1.841s] Listing '/home/sdc/Desktop/mocap4ros2_ws/Archive/install/custom_robot_msgs/local/lib/python3.10/dist-packages/custom_robot_msgs'...
[1.841s] Compiling '/home/sdc/Desktop/mocap4ros2_ws/Archive/install/custom_robot_msgs/local/lib/python3.10/dist-packages/custom_robot_msgs/__init__.py'...
[1.841s] Listing '/home/sdc/Desktop/mocap4ros2_ws/Archive/install/custom_robot_msgs/local/lib/python3.10/dist-packages/custom_robot_msgs/msg'...
[1.841s] Listing '/home/sdc/Desktop/mocap4ros2_ws/Archive/install/custom_robot_msgs/local/lib/python3.10/dist-packages/custom_robot_msgs/srv'...
[1.844s] -- Installing: /home/sdc/Desktop/mocap4ros2_ws/Archive/install/custom_robot_msgs/local/lib/python3.10/dist-packages/custom_robot_msgs/custom_robot_msgs_s__rosidl_typesupport_fastrtps_c.cpython-310-x86_64-linux-gnu.so
[1.844s] -- Set runtime path of "/home/sdc/Desktop/mocap4ros2_ws/Archive/install/custom_robot_msgs/local/lib/python3.10/dist-packages/custom_robot_msgs/custom_robot_msgs_s__rosidl_typesupport_fastrtps_c.cpython-310-x86_64-linux-gnu.so" to ""
[1.844s] -- Installing: /home/sdc/Desktop/mocap4ros2_ws/Archive/install/custom_robot_msgs/local/lib/python3.10/dist-packages/custom_robot_msgs/custom_robot_msgs_s__rosidl_typesupport_introspection_c.cpython-310-x86_64-linux-gnu.so
[1.844s] -- Set runtime path of "/home/sdc/Desktop/mocap4ros2_ws/Archive/install/custom_robot_msgs/local/lib/python3.10/dist-packages/custom_robot_msgs/custom_robot_msgs_s__rosidl_typesupport_introspection_c.cpython-310-x86_64-linux-gnu.so" to ""
[1.844s] -- Installing: /home/sdc/Desktop/mocap4ros2_ws/Archive/install/custom_robot_msgs/local/lib/python3.10/dist-packages/custom_robot_msgs/custom_robot_msgs_s__rosidl_typesupport_c.cpython-310-x86_64-linux-gnu.so
[1.844s] -- Set runtime path of "/home/sdc/Desktop/mocap4ros2_ws/Archive/install/custom_robot_msgs/local/lib/python3.10/dist-packages/custom_robot_msgs/custom_robot_msgs_s__rosidl_typesupport_c.cpython-310-x86_64-linux-gnu.so" to ""
[1.844s] -- Installing: /home/sdc/Desktop/mocap4ros2_ws/Archive/install/custom_robot_msgs/lib/libcustom_robot_msgs__rosidl_generator_py.so
[1.844s] -- Set runtime path of "/home/sdc/Desktop/mocap4ros2_ws/Archive/install/custom_robot_msgs/lib/libcustom_robot_msgs__rosidl_generator_py.so" to ""
[1.844s] -- Up-to-date: /home/sdc/Desktop/mocap4ros2_ws/Archive/install/custom_robot_msgs/share/custom_robot_msgs/msg/RobotCommandMsgs.idl
[1.844s] -- Up-to-date: /home/sdc/Desktop/mocap4ros2_ws/Archive/install/custom_robot_msgs/share/custom_robot_msgs/srv/AddThreeInts.idl
[1.844s] -- Up-to-date: /home/sdc/Desktop/mocap4ros2_ws/Archive/install/custom_robot_msgs/share/custom_robot_msgs/msg/RobotCommandMsgs.msg
[1.844s] -- Up-to-date: /home/sdc/Desktop/mocap4ros2_ws/Archive/install/custom_robot_msgs/share/custom_robot_msgs/srv/AddThreeInts.srv
[1.844s] -- Up-to-date: /home/sdc/Desktop/mocap4ros2_ws/Archive/install/custom_robot_msgs/share/custom_robot_msgs/srv/AddThreeInts_Request.msg
[1.844s] -- Up-to-date: /home/sdc/Desktop/mocap4ros2_ws/Archive/install/custom_robot_msgs/share/custom_robot_msgs/srv/AddThreeInts_Response.msg
[1.844s] -- Up-to-date: /home/sdc/Desktop/mocap4ros2_ws/Archive/install/custom_robot_msgs/share/ament_index/resource_index/package_run_dependencies/custom_robot_msgs
[1.844s] -- Up-to-date: /home/sdc/Desktop/mocap4ros2_ws/Archive/install/custom_robot_msgs/share/ament_index/resource_index/parent_prefix_path/custom_robot_msgs
[1.844s] -- Up-to-date: /home/sdc/Desktop/mocap4ros2_ws/Archive/install/custom_robot_msgs/share/custom_robot_msgs/environment/ament_prefix_path.sh
[1.844s] -- Installing: /home/sdc/Desktop/mocap4ros2_ws/Archive/install/custom_robot_msgs/share/custom_robot_msgs/environment/ament_prefix_path.dsv
[1.844s] -- Up-to-date: /home/sdc/Desktop/mocap4ros2_ws/Archive/install/custom_robot_msgs/share/custom_robot_msgs/environment/path.sh
[1.844s] -- Installing: /home/sdc/Desktop/mocap4ros2_ws/Archive/install/custom_robot_msgs/share/custom_robot_msgs/environment/path.dsv
[1.844s] -- Up-to-date: /home/sdc/Desktop/mocap4ros2_ws/Archive/install/custom_robot_msgs/share/custom_robot_msgs/local_setup.bash
[1.844s] -- Up-to-date: /home/sdc/Desktop/mocap4ros2_ws/Archive/install/custom_robot_msgs/share/custom_robot_msgs/local_setup.sh
[1.845s] -- Up-to-date: /home/sdc/Desktop/mocap4ros2_ws/Archive/install/custom_robot_msgs/share/custom_robot_msgs/local_setup.zsh
[1.845s] -- Installing: /home/sdc/Desktop/mocap4ros2_ws/Archive/install/custom_robot_msgs/share/custom_robot_msgs/local_setup.dsv
[1.845s] -- Installing: /home/sdc/Desktop/mocap4ros2_ws/Archive/install/custom_robot_msgs/share/custom_robot_msgs/package.dsv
[1.845s] -- Up-to-date: /home/sdc/Desktop/mocap4ros2_ws/Archive/install/custom_robot_msgs/share/ament_index/resource_index/packages/custom_robot_msgs
[1.845s] -- Old export file "/home/sdc/Desktop/mocap4ros2_ws/Archive/install/custom_robot_msgs/share/custom_robot_msgs/cmake/export_custom_robot_msgs__rosidl_generator_cExport.cmake" will be replaced.  Removing files [/home/sdc/Desktop/mocap4ros2_ws/Archive/install/custom_robot_msgs/share/custom_robot_msgs/cmake/export_custom_robot_msgs__rosidl_generator_cExport-noconfig.cmake].
[1.845s] -- Installing: /home/sdc/Desktop/mocap4ros2_ws/Archive/install/custom_robot_msgs/share/custom_robot_msgs/cmake/export_custom_robot_msgs__rosidl_generator_cExport.cmake
[1.845s] -- Installing: /home/sdc/Desktop/mocap4ros2_ws/Archive/install/custom_robot_msgs/share/custom_robot_msgs/cmake/export_custom_robot_msgs__rosidl_generator_cExport-noconfig.cmake
[1.845s] -- Old export file "/home/sdc/Desktop/mocap4ros2_ws/Archive/install/custom_robot_msgs/share/custom_robot_msgs/cmake/export_custom_robot_msgs__rosidl_typesupport_fastrtps_cExport.cmake" will be replaced.  Removing files [/home/sdc/Desktop/mocap4ros2_ws/Archive/install/custom_robot_msgs/share/custom_robot_msgs/cmake/export_custom_robot_msgs__rosidl_typesupport_fastrtps_cExport-noconfig.cmake].
[1.845s] -- Installing: /home/sdc/Desktop/mocap4ros2_ws/Archive/install/custom_robot_msgs/share/custom_robot_msgs/cmake/export_custom_robot_msgs__rosidl_typesupport_fastrtps_cExport.cmake
[1.845s] -- Installing: /home/sdc/Desktop/mocap4ros2_ws/Archive/install/custom_robot_msgs/share/custom_robot_msgs/cmake/export_custom_robot_msgs__rosidl_typesupport_fastrtps_cExport-noconfig.cmake
[1.845s] -- Old export file "/home/sdc/Desktop/mocap4ros2_ws/Archive/install/custom_robot_msgs/share/custom_robot_msgs/cmake/custom_robot_msgs__rosidl_typesupport_introspection_cExport.cmake" will be replaced.  Removing files [/home/sdc/Desktop/mocap4ros2_ws/Archive/install/custom_robot_msgs/share/custom_robot_msgs/cmake/custom_robot_msgs__rosidl_typesupport_introspection_cExport-noconfig.cmake].
[1.845s] -- Installing: /home/sdc/Desktop/mocap4ros2_ws/Archive/install/custom_robot_msgs/share/custom_robot_msgs/cmake/custom_robot_msgs__rosidl_typesupport_introspection_cExport.cmake
[1.845s] -- Installing: /home/sdc/Desktop/mocap4ros2_ws/Archive/install/custom_robot_msgs/share/custom_robot_msgs/cmake/custom_robot_msgs__rosidl_typesupport_introspection_cExport-noconfig.cmake
[1.845s] -- Old export file "/home/sdc/Desktop/mocap4ros2_ws/Archive/install/custom_robot_msgs/share/custom_robot_msgs/cmake/custom_robot_msgs__rosidl_typesupport_cExport.cmake" will be replaced.  Removing files [/home/sdc/Desktop/mocap4ros2_ws/Archive/install/custom_robot_msgs/share/custom_robot_msgs/cmake/custom_robot_msgs__rosidl_typesupport_cExport-noconfig.cmake].
[1.845s] -- Installing: /home/sdc/Desktop/mocap4ros2_ws/Archive/install/custom_robot_msgs/share/custom_robot_msgs/cmake/custom_robot_msgs__rosidl_typesupport_cExport.cmake
[1.845s] -- Installing: /home/sdc/Desktop/mocap4ros2_ws/Archive/install/custom_robot_msgs/share/custom_robot_msgs/cmake/custom_robot_msgs__rosidl_typesupport_cExport-noconfig.cmake
[1.845s] -- Installing: /home/sdc/Desktop/mocap4ros2_ws/Archive/install/custom_robot_msgs/share/custom_robot_msgs/cmake/export_custom_robot_msgs__rosidl_generator_cppExport.cmake
[1.845s] -- Old export file "/home/sdc/Desktop/mocap4ros2_ws/Archive/install/custom_robot_msgs/share/custom_robot_msgs/cmake/export_custom_robot_msgs__rosidl_typesupport_fastrtps_cppExport.cmake" will be replaced.  Removing files [/home/sdc/Desktop/mocap4ros2_ws/Archive/install/custom_robot_msgs/share/custom_robot_msgs/cmake/export_custom_robot_msgs__rosidl_typesupport_fastrtps_cppExport-noconfig.cmake].
[1.845s] -- Installing: /home/sdc/Desktop/mocap4ros2_ws/Archive/install/custom_robot_msgs/share/custom_robot_msgs/cmake/export_custom_robot_msgs__rosidl_typesupport_fastrtps_cppExport.cmake
[1.845s] -- Installing: /home/sdc/Desktop/mocap4ros2_ws/Archive/install/custom_robot_msgs/share/custom_robot_msgs/cmake/export_custom_robot_msgs__rosidl_typesupport_fastrtps_cppExport-noconfig.cmake
[1.845s] -- Old export file "/home/sdc/Desktop/mocap4ros2_ws/Archive/install/custom_robot_msgs/share/custom_robot_msgs/cmake/custom_robot_msgs__rosidl_typesupport_introspection_cppExport.cmake" will be replaced.  Removing files [/home/sdc/Desktop/mocap4ros2_ws/Archive/install/custom_robot_msgs/share/custom_robot_msgs/cmake/custom_robot_msgs__rosidl_typesupport_introspection_cppExport-noconfig.cmake].
[1.845s] -- Installing: /home/sdc/Desktop/mocap4ros2_ws/Archive/install/custom_robot_msgs/share/custom_robot_msgs/cmake/custom_robot_msgs__rosidl_typesupport_introspection_cppExport.cmake
[1.845s] -- Installing: /home/sdc/Desktop/mocap4ros2_ws/Archive/install/custom_robot_msgs/share/custom_robot_msgs/cmake/custom_robot_msgs__rosidl_typesupport_introspection_cppExport-noconfig.cmake
[1.845s] -- Old export file "/home/sdc/Desktop/mocap4ros2_ws/Archive/install/custom_robot_msgs/share/custom_robot_msgs/cmake/custom_robot_msgs__rosidl_typesupport_cppExport.cmake" will be replaced.  Removing files [/home/sdc/Desktop/mocap4ros2_ws/Archive/install/custom_robot_msgs/share/custom_robot_msgs/cmake/custom_robot_msgs__rosidl_typesupport_cppExport-noconfig.cmake].
[1.845s] -- Installing: /home/sdc/Desktop/mocap4ros2_ws/Archive/install/custom_robot_msgs/share/custom_robot_msgs/cmake/custom_robot_msgs__rosidl_typesupport_cppExport.cmake
[1.846s] -- Installing: /home/sdc/Desktop/mocap4ros2_ws/Archive/install/custom_robot_msgs/share/custom_robot_msgs/cmake/custom_robot_msgs__rosidl_typesupport_cppExport-noconfig.cmake
[1.846s] -- Old export file "/home/sdc/Desktop/mocap4ros2_ws/Archive/install/custom_robot_msgs/share/custom_robot_msgs/cmake/export_custom_robot_msgs__rosidl_generator_pyExport.cmake" will be replaced.  Removing files [/home/sdc/Desktop/mocap4ros2_ws/Archive/install/custom_robot_msgs/share/custom_robot_msgs/cmake/export_custom_robot_msgs__rosidl_generator_pyExport-noconfig.cmake].
[1.846s] -- Installing: /home/sdc/Desktop/mocap4ros2_ws/Archive/install/custom_robot_msgs/share/custom_robot_msgs/cmake/export_custom_robot_msgs__rosidl_generator_pyExport.cmake
[1.846s] -- Installing: /home/sdc/Desktop/mocap4ros2_ws/Archive/install/custom_robot_msgs/share/custom_robot_msgs/cmake/export_custom_robot_msgs__rosidl_generator_pyExport-noconfig.cmake
[1.846s] -- Up-to-date: /home/sdc/Desktop/mocap4ros2_ws/Archive/install/custom_robot_msgs/share/custom_robot_msgs/cmake/rosidl_cmake-extras.cmake
[1.846s] -- Installing: /home/sdc/Desktop/mocap4ros2_ws/Archive/install/custom_robot_msgs/share/custom_robot_msgs/cmake/ament_cmake_export_dependencies-extras.cmake
[1.846s] -- Up-to-date: /home/sdc/Desktop/mocap4ros2_ws/Archive/install/custom_robot_msgs/share/custom_robot_msgs/cmake/ament_cmake_export_include_directories-extras.cmake
[1.846s] -- Up-to-date: /home/sdc/Desktop/mocap4ros2_ws/Archive/install/custom_robot_msgs/share/custom_robot_msgs/cmake/ament_cmake_export_libraries-extras.cmake
[1.846s] -- Up-to-date: /home/sdc/Desktop/mocap4ros2_ws/Archive/install/custom_robot_msgs/share/custom_robot_msgs/cmake/ament_cmake_export_targets-extras.cmake
[1.846s] -- Up-to-date: /home/sdc/Desktop/mocap4ros2_ws/Archive/install/custom_robot_msgs/share/custom_robot_msgs/cmake/rosidl_cmake_export_typesupport_targets-extras.cmake
[1.846s] -- Up-to-date: /home/sdc/Desktop/mocap4ros2_ws/Archive/install/custom_robot_msgs/share/custom_robot_msgs/cmake/rosidl_cmake_export_typesupport_libraries-extras.cmake
[1.846s] -- Installing: /home/sdc/Desktop/mocap4ros2_ws/Archive/install/custom_robot_msgs/share/custom_robot_msgs/cmake/custom_robot_msgsConfig.cmake
[1.846s] -- Up-to-date: /home/sdc/Desktop/mocap4ros2_ws/Archive/install/custom_robot_msgs/share/custom_robot_msgs/cmake/custom_robot_msgsConfig-version.cmake
[1.846s] -- Up-to-date: /home/sdc/Desktop/mocap4ros2_ws/Archive/install/custom_robot_msgs/share/custom_robot_msgs/package.xml
[1.848s] Invoked command in '/home/sdc/Desktop/mocap4ros2_ws/Archive/build/custom_robot_msgs' returned '0': CMAKE_PREFIX_PATH=${CMAKE_PREFIX_PATH}:/home/sdc/Desktop/mocap4ros2_ws/Archive/install/target_pid_controller:/home/sdc/Desktop/mocap4ros2_ws/Archive/install/pure_pursuit:/home/sdc/Desktop/mocap4ros2_ws/install/target_pid_controller:/home/sdc/Desktop/mocap4ros2_ws/install/pure_pursuit:/home/sdc/Desktop/mocap4ros2_ws/install/rqt_joint_trajectory_controller:/home/sdc/Desktop/mocap4ros2_ws/install/rqt_controller_manager:/home/sdc/Desktop/mocap4ros2_ws/install/ros2controlcli:/home/sdc/Desktop/mocap4ros2_ws/install/ros2_controllers_test_nodes:/home/sdc/Desktop/mocap4ros2_ws/install/mocap4r2cli:/home/sdc/Desktop/mocap4ros2_ws/install/learning_tf2_py:/opt/ros/humble /usr/bin/cmake --install /home/sdc/Desktop/mocap4ros2_ws/Archive/build/custom_robot_msgs
