[0.156s] Invoking command in '/home/sdc/Desktop/mocap4ros2_ws/Archive/build/custom_robot_msgs': CMAKE_PREFIX_PATH=${CMAKE_PREFIX_PATH}:/home/sdc/Desktop/mocap4ros2_ws/Archive/install/target_pid_controller:/home/sdc/Desktop/mocap4ros2_ws/Archive/install/pure_pursuit:/opt/ros/humble /usr/bin/cmake --build /home/sdc/Desktop/mocap4ros2_ws/Archive/build/custom_robot_msgs -- -j16 -l16
[0.355s] -- Found ament_cmake: 1.3.9 (/opt/ros/humble/share/ament_cmake/cmake)
[0.355s] -- Found rosidl_default_generators: 1.2.0 (/opt/ros/humble/share/rosidl_default_generators/cmake)
[0.355s] -- Using all available rosidl_typesupport_c: rosidl_typesupport_fastrtps_c;rosidl_typesupport_introspection_c
[0.355s] -- Found rosidl_adapter: 3.1.5 (/opt/ros/humble/share/rosidl_adapter/cmake)
[0.355s] -- Using all available rosidl_typesupport_cpp: rosidl_typesupport_fastrtps_cpp;rosidl_typesupport_introspection_cpp
[0.355s] -- Found std_msgs: 4.2.4 (/opt/ros/humble/share/std_msgs/cmake)
[0.355s] -- Found geometry_msgs: 4.2.4 (/opt/ros/humble/share/geometry_msgs/cmake)
[0.501s] -- Found ament_cmake_ros: 0.10.0 (/opt/ros/humble/share/ament_cmake_ros/cmake)
[0.666s] -- Using all available rosidl_typesupport_c: rosidl_typesupport_fastrtps_c;rosidl_typesupport_introspection_c
[0.862s] -- Using all available rosidl_typesupport_cpp: rosidl_typesupport_fastrtps_cpp;rosidl_typesupport_introspection_cpp
[0.876s] -- Found python_cmake_module: 0.10.0 (/opt/ros/humble/share/python_cmake_module/cmake)
[0.889s] -- Using PYTHON_EXECUTABLE: /usr/bin/python3
[0.889s] -- Using PYTHON_INCLUDE_DIRS: /usr/include/python3.10
[0.890s] -- Using PYTHON_LIBRARIES: /usr/lib/x86_64-linux-gnu/libpython3.10.so
[0.911s] -- Found ament_lint_auto: 0.12.11 (/opt/ros/humble/share/ament_lint_auto/cmake)
[0.916s] -- Added test 'lint_cmake' to check CMake code style
[0.916s] -- Added test 'xmllint' to check XML markup files
[0.918s] -- Configuring done
[0.943s] -- Generating done
[0.945s] -- Build files have been written to: /home/sdc/Desktop/mocap4ros2_ws/Archive/build/custom_robot_msgs
[0.961s] [  2%] [34m[1mGenerating C code for ROS interfaces[0m
[0.966s] [  5%] [34m[1mGenerating C++ code for ROS interfaces[0m
[0.971s] [  5%] Built target ament_cmake_python_copy_custom_robot_msgs
[1.119s] running egg_info
[1.119s] writing custom_robot_msgs.egg-info/PKG-INFO
[1.119s] writing dependency_links to custom_robot_msgs.egg-info/dependency_links.txt
[1.120s] writing top-level names to custom_robot_msgs.egg-info/top_level.txt
[1.121s] reading manifest file 'custom_robot_msgs.egg-info/SOURCES.txt'
[1.121s] writing manifest file 'custom_robot_msgs.egg-info/SOURCES.txt'
[1.133s] [35m[1mConsolidate compiler generated dependencies of target custom_robot_msgs__rosidl_generator_c[0m
[1.135s] [  5%] Built target custom_robot_msgs__cpp
[1.140s] [  5%] Built target ament_cmake_python_build_custom_robot_msgs_egg
[1.140s] [ 10%] [32mBuilding C object CMakeFiles/custom_robot_msgs__rosidl_generator_c.dir/rosidl_generator_c/custom_robot_msgs/msg/detail/robot_command_msgs__functions.c.o[0m
[1.140s] [ 10%] [34m[1mGenerating C++ type support dispatch for ROS interfaces[0m
[1.142s] [ 12%] [32mBuilding C object CMakeFiles/custom_robot_msgs__rosidl_generator_c.dir/rosidl_generator_c/custom_robot_msgs/srv/detail/add_three_ints__functions.c.o[0m
[1.142s] [ 15%] [34m[1mGenerating C++ type support for eProsima Fast-RTPS[0m
[1.142s] [ 17%] [34m[1mGenerating C++ introspection for ROS interfaces[0m
[1.175s] [ 20%] [32m[1mLinking C shared library libcustom_robot_msgs__rosidl_generator_c.so[0m
[1.196s] [ 20%] Built target custom_robot_msgs__rosidl_generator_c
[1.201s] [ 23%] [34m[1mGenerating C type support for eProsima Fast-RTPS[0m
[1.204s] [ 28%] [34m[1mGenerating C introspection for ROS interfaces[0m
[1.204s] [ 28%] [34m[1mGenerating C type support dispatch for ROS interfaces[0m
[1.302s] [35m[1mConsolidate compiler generated dependencies of target custom_robot_msgs__rosidl_typesupport_fastrtps_cpp[0m
[1.305s] [35m[1mConsolidate compiler generated dependencies of target custom_robot_msgs__rosidl_typesupport_introspection_cpp[0m
[1.313s] [ 30%] [32mBuilding CXX object CMakeFiles/custom_robot_msgs__rosidl_typesupport_introspection_cpp.dir/rosidl_typesupport_introspection_cpp/custom_robot_msgs/msg/detail/robot_command_msgs__type_support.cpp.o[0m
[1.314s] [ 35%] [32mBuilding CXX object CMakeFiles/custom_robot_msgs__rosidl_typesupport_fastrtps_cpp.dir/rosidl_typesupport_fastrtps_cpp/custom_robot_msgs/srv/detail/dds_fastrtps/add_three_ints__type_support.cpp.o[0m
[1.314s] [ 35%] [32mBuilding CXX object CMakeFiles/custom_robot_msgs__rosidl_typesupport_fastrtps_cpp.dir/rosidl_typesupport_fastrtps_cpp/custom_robot_msgs/msg/detail/dds_fastrtps/robot_command_msgs__type_support.cpp.o[0m
[1.315s] [ 38%] [32mBuilding CXX object CMakeFiles/custom_robot_msgs__rosidl_typesupport_introspection_cpp.dir/rosidl_typesupport_introspection_cpp/custom_robot_msgs/srv/detail/add_three_ints__type_support.cpp.o[0m
[1.326s] [35m[1mConsolidate compiler generated dependencies of target custom_robot_msgs__rosidl_typesupport_cpp[0m
[1.338s] [ 43%] [32mBuilding CXX object CMakeFiles/custom_robot_msgs__rosidl_typesupport_cpp.dir/rosidl_typesupport_cpp/custom_robot_msgs/srv/add_three_ints__type_support.cpp.o[0m
[1.338s] [ 43%] [32mBuilding CXX object CMakeFiles/custom_robot_msgs__rosidl_typesupport_cpp.dir/rosidl_typesupport_cpp/custom_robot_msgs/msg/robot_command_msgs__type_support.cpp.o[0m
[1.364s] [35m[1mConsolidate compiler generated dependencies of target custom_robot_msgs__rosidl_typesupport_fastrtps_c[0m
[1.376s] [35m[1mConsolidate compiler generated dependencies of target custom_robot_msgs__rosidl_typesupport_introspection_c[0m
[1.376s] [35m[1mConsolidate compiler generated dependencies of target custom_robot_msgs__rosidl_typesupport_c[0m
[1.377s] [ 48%] [32mBuilding CXX object CMakeFiles/custom_robot_msgs__rosidl_typesupport_fastrtps_c.dir/rosidl_typesupport_fastrtps_c/custom_robot_msgs/msg/detail/robot_command_msgs__type_support_c.cpp.o[0m
[1.377s] [ 48%] [32mBuilding CXX object CMakeFiles/custom_robot_msgs__rosidl_typesupport_fastrtps_c.dir/rosidl_typesupport_fastrtps_c/custom_robot_msgs/srv/detail/add_three_ints__type_support_c.cpp.o[0m
[1.385s] [ 51%] [32mBuilding CXX object CMakeFiles/custom_robot_msgs__rosidl_typesupport_c.dir/rosidl_typesupport_c/custom_robot_msgs/msg/robot_command_msgs__type_support.cpp.o[0m
[1.385s] [ 56%] [32mBuilding CXX object CMakeFiles/custom_robot_msgs__rosidl_typesupport_c.dir/rosidl_typesupport_c/custom_robot_msgs/srv/add_three_ints__type_support.cpp.o[0m
[1.386s] [ 56%] [32mBuilding C object CMakeFiles/custom_robot_msgs__rosidl_typesupport_introspection_c.dir/rosidl_typesupport_introspection_c/custom_robot_msgs/msg/detail/robot_command_msgs__type_support.c.o[0m
[1.386s] [ 58%] [32mBuilding C object CMakeFiles/custom_robot_msgs__rosidl_typesupport_introspection_c.dir/rosidl_typesupport_introspection_c/custom_robot_msgs/srv/detail/add_three_ints__type_support.c.o[0m
[1.414s] [ 61%] [32m[1mLinking CXX shared library libcustom_robot_msgs__rosidl_typesupport_c.so[0m
[1.418s] [ 64%] [32m[1mLinking C shared library libcustom_robot_msgs__rosidl_typesupport_introspection_c.so[0m
[1.448s] [ 64%] Built target custom_robot_msgs__rosidl_typesupport_introspection_c
[1.453s] [ 64%] Built target custom_robot_msgs__rosidl_typesupport_c
[1.556s] [ 66%] [32m[1mLinking CXX shared library libcustom_robot_msgs__rosidl_typesupport_cpp.so[0m
[1.580s] [ 66%] Built target custom_robot_msgs__rosidl_typesupport_cpp
[1.608s] [ 69%] [32m[1mLinking CXX shared library libcustom_robot_msgs__rosidl_typesupport_fastrtps_c.so[0m
[1.617s] [ 71%] [32m[1mLinking CXX shared library libcustom_robot_msgs__rosidl_typesupport_introspection_cpp.so[0m
[1.618s] [ 74%] [32m[1mLinking CXX shared library libcustom_robot_msgs__rosidl_typesupport_fastrtps_cpp.so[0m
[1.654s] [ 74%] Built target custom_robot_msgs__rosidl_typesupport_fastrtps_c
[1.655s] [ 74%] Built target custom_robot_msgs__rosidl_typesupport_introspection_cpp
[1.662s] [ 74%] Built target custom_robot_msgs__rosidl_typesupport_fastrtps_cpp
[1.673s] [ 74%] Built target custom_robot_msgs
[1.687s] [ 76%] [34m[1mGenerating Python code for ROS interfaces[0m
[1.905s] [ 76%] Built target custom_robot_msgs__py
[1.911s] [35m[1mConsolidate compiler generated dependencies of target custom_robot_msgs__rosidl_generator_py[0m
[1.919s] [ 79%] [32mBuilding C object CMakeFiles/custom_robot_msgs__rosidl_generator_py.dir/rosidl_generator_py/custom_robot_msgs/msg/_robot_command_msgs_s.c.o[0m
[1.919s] [ 82%] [32mBuilding C object CMakeFiles/custom_robot_msgs__rosidl_generator_py.dir/rosidl_generator_py/custom_robot_msgs/srv/_add_three_ints_s.c.o[0m
[1.972s] [ 84%] [32m[1mLinking C shared library rosidl_generator_py/custom_robot_msgs/libcustom_robot_msgs__rosidl_generator_py.so[0m
[1.994s] [ 84%] Built target custom_robot_msgs__rosidl_generator_py
[2.000s] [35m[1mConsolidate compiler generated dependencies of target custom_robot_msgs__rosidl_typesupport_fastrtps_c__pyext[0m
[2.000s] [35m[1mConsolidate compiler generated dependencies of target custom_robot_msgs__rosidl_typesupport_introspection_c__pyext[0m
[2.000s] [35m[1mConsolidate compiler generated dependencies of target custom_robot_msgs__rosidl_typesupport_c__pyext[0m
[2.007s] [ 89%] [32mBuilding C object CMakeFiles/custom_robot_msgs__rosidl_typesupport_fastrtps_c__pyext.dir/rosidl_generator_py/custom_robot_msgs/_custom_robot_msgs_s.ep.rosidl_typesupport_fastrtps_c.c.o[0m
[2.007s] [ 89%] [32mBuilding C object CMakeFiles/custom_robot_msgs__rosidl_typesupport_c__pyext.dir/rosidl_generator_py/custom_robot_msgs/_custom_robot_msgs_s.ep.rosidl_typesupport_c.c.o[0m
[2.007s] [ 92%] [32mBuilding C object CMakeFiles/custom_robot_msgs__rosidl_typesupport_introspection_c__pyext.dir/rosidl_generator_py/custom_robot_msgs/_custom_robot_msgs_s.ep.rosidl_typesupport_introspection_c.c.o[0m
[2.060s] [ 94%] [32m[1mLinking C shared library rosidl_generator_py/custom_robot_msgs/custom_robot_msgs_s__rosidl_typesupport_fastrtps_c.cpython-310-x86_64-linux-gnu.so[0m
[2.062s] [100%] [32m[1mLinking C shared library rosidl_generator_py/custom_robot_msgs/custom_robot_msgs_s__rosidl_typesupport_introspection_c.cpython-310-x86_64-linux-gnu.so[0m
[2.062s] [100%] [32m[1mLinking C shared library rosidl_generator_py/custom_robot_msgs/custom_robot_msgs_s__rosidl_typesupport_c.cpython-310-x86_64-linux-gnu.so[0m
[2.082s] [100%] Built target custom_robot_msgs__rosidl_typesupport_fastrtps_c__pyext
[2.082s] [100%] Built target custom_robot_msgs__rosidl_typesupport_c__pyext
[2.083s] [100%] Built target custom_robot_msgs__rosidl_typesupport_introspection_c__pyext
[2.088s] Invoked command in '/home/sdc/Desktop/mocap4ros2_ws/Archive/build/custom_robot_msgs' returned '0': CMAKE_PREFIX_PATH=${CMAKE_PREFIX_PATH}:/home/sdc/Desktop/mocap4ros2_ws/Archive/install/target_pid_controller:/home/sdc/Desktop/mocap4ros2_ws/Archive/install/pure_pursuit:/opt/ros/humble /usr/bin/cmake --build /home/sdc/Desktop/mocap4ros2_ws/Archive/build/custom_robot_msgs -- -j16 -l16
[2.125s] Invoking command in '/home/sdc/Desktop/mocap4ros2_ws/Archive/build/custom_robot_msgs': CMAKE_PREFIX_PATH=${CMAKE_PREFIX_PATH}:/home/sdc/Desktop/mocap4ros2_ws/Archive/install/target_pid_controller:/home/sdc/Desktop/mocap4ros2_ws/Archive/install/pure_pursuit:/opt/ros/humble /usr/bin/cmake --install /home/sdc/Desktop/mocap4ros2_ws/Archive/build/custom_robot_msgs
[2.129s] -- Install configuration: ""
[2.129s] -- Up-to-date: /home/sdc/Desktop/mocap4ros2_ws/Archive/install/custom_robot_msgs/share/ament_index/resource_index/rosidl_interfaces/custom_robot_msgs
[2.129s] -- Up-to-date: /home/sdc/Desktop/mocap4ros2_ws/Archive/install/custom_robot_msgs/include/custom_robot_msgs/custom_robot_msgs
[2.129s] -- Up-to-date: /home/sdc/Desktop/mocap4ros2_ws/Archive/install/custom_robot_msgs/include/custom_robot_msgs/custom_robot_msgs/msg
[2.129s] -- Up-to-date: /home/sdc/Desktop/mocap4ros2_ws/Archive/install/custom_robot_msgs/include/custom_robot_msgs/custom_robot_msgs/msg/detail
[2.130s] -- Installing: /home/sdc/Desktop/mocap4ros2_ws/Archive/install/custom_robot_msgs/include/custom_robot_msgs/custom_robot_msgs/msg/detail/robot_command_msgs__struct.h
[2.130s] -- Installing: /home/sdc/Desktop/mocap4ros2_ws/Archive/install/custom_robot_msgs/include/custom_robot_msgs/custom_robot_msgs/msg/detail/robot_command_msgs__type_support.h
[2.130s] -- Installing: /home/sdc/Desktop/mocap4ros2_ws/Archive/install/custom_robot_msgs/include/custom_robot_msgs/custom_robot_msgs/msg/detail/robot_command_msgs__functions.h
[2.130s] -- Installing: /home/sdc/Desktop/mocap4ros2_ws/Archive/install/custom_robot_msgs/include/custom_robot_msgs/custom_robot_msgs/msg/detail/robot_command_msgs__functions.c
[2.130s] -- Up-to-date: /home/sdc/Desktop/mocap4ros2_ws/Archive/install/custom_robot_msgs/include/custom_robot_msgs/custom_robot_msgs/msg/rosidl_generator_c__visibility_control.h
[2.130s] -- Installing: /home/sdc/Desktop/mocap4ros2_ws/Archive/install/custom_robot_msgs/include/custom_robot_msgs/custom_robot_msgs/msg/robot_command_msgs.h
[2.130s] -- Up-to-date: /home/sdc/Desktop/mocap4ros2_ws/Archive/install/custom_robot_msgs/include/custom_robot_msgs/custom_robot_msgs/srv
[2.130s] -- Installing: /home/sdc/Desktop/mocap4ros2_ws/Archive/install/custom_robot_msgs/include/custom_robot_msgs/custom_robot_msgs/srv/add_three_ints.h
[2.130s] -- Up-to-date: /home/sdc/Desktop/mocap4ros2_ws/Archive/install/custom_robot_msgs/include/custom_robot_msgs/custom_robot_msgs/srv/detail
[2.130s] -- Installing: /home/sdc/Desktop/mocap4ros2_ws/Archive/install/custom_robot_msgs/include/custom_robot_msgs/custom_robot_msgs/srv/detail/add_three_ints__functions.c
[2.130s] -- Installing: /home/sdc/Desktop/mocap4ros2_ws/Archive/install/custom_robot_msgs/include/custom_robot_msgs/custom_robot_msgs/srv/detail/add_three_ints__struct.h
[2.131s] -- Installing: /home/sdc/Desktop/mocap4ros2_ws/Archive/install/custom_robot_msgs/include/custom_robot_msgs/custom_robot_msgs/srv/detail/add_three_ints__functions.h
[2.131s] -- Installing: /home/sdc/Desktop/mocap4ros2_ws/Archive/install/custom_robot_msgs/include/custom_robot_msgs/custom_robot_msgs/srv/detail/add_three_ints__type_support.h
[2.131s] -- Up-to-date: /home/sdc/Desktop/mocap4ros2_ws/Archive/install/custom_robot_msgs/share/custom_robot_msgs/environment/library_path.sh
[2.131s] -- Installing: /home/sdc/Desktop/mocap4ros2_ws/Archive/install/custom_robot_msgs/share/custom_robot_msgs/environment/library_path.dsv
[2.131s] -- Installing: /home/sdc/Desktop/mocap4ros2_ws/Archive/install/custom_robot_msgs/lib/libcustom_robot_msgs__rosidl_generator_c.so
[2.131s] -- Set runtime path of "/home/sdc/Desktop/mocap4ros2_ws/Archive/install/custom_robot_msgs/lib/libcustom_robot_msgs__rosidl_generator_c.so" to ""
[2.131s] -- Up-to-date: /home/sdc/Desktop/mocap4ros2_ws/Archive/install/custom_robot_msgs/include/custom_robot_msgs/custom_robot_msgs
[2.131s] -- Up-to-date: /home/sdc/Desktop/mocap4ros2_ws/Archive/install/custom_robot_msgs/include/custom_robot_msgs/custom_robot_msgs/msg
[2.131s] -- Up-to-date: /home/sdc/Desktop/mocap4ros2_ws/Archive/install/custom_robot_msgs/include/custom_robot_msgs/custom_robot_msgs/msg/detail
[2.131s] -- Installing: /home/sdc/Desktop/mocap4ros2_ws/Archive/install/custom_robot_msgs/include/custom_robot_msgs/custom_robot_msgs/msg/detail/robot_command_msgs__rosidl_typesupport_fastrtps_c.h
[2.131s] -- Up-to-date: /home/sdc/Desktop/mocap4ros2_ws/Archive/install/custom_robot_msgs/include/custom_robot_msgs/custom_robot_msgs/msg/rosidl_typesupport_fastrtps_c__visibility_control.h
[2.131s] -- Up-to-date: /home/sdc/Desktop/mocap4ros2_ws/Archive/install/custom_robot_msgs/include/custom_robot_msgs/custom_robot_msgs/srv
[2.131s] -- Up-to-date: /home/sdc/Desktop/mocap4ros2_ws/Archive/install/custom_robot_msgs/include/custom_robot_msgs/custom_robot_msgs/srv/detail
[2.132s] -- Installing: /home/sdc/Desktop/mocap4ros2_ws/Archive/install/custom_robot_msgs/include/custom_robot_msgs/custom_robot_msgs/srv/detail/add_three_ints__rosidl_typesupport_fastrtps_c.h
[2.132s] -- Installing: /home/sdc/Desktop/mocap4ros2_ws/Archive/install/custom_robot_msgs/lib/libcustom_robot_msgs__rosidl_typesupport_fastrtps_c.so
[2.132s] -- Set runtime path of "/home/sdc/Desktop/mocap4ros2_ws/Archive/install/custom_robot_msgs/lib/libcustom_robot_msgs__rosidl_typesupport_fastrtps_c.so" to ""
[2.132s] -- Up-to-date: /home/sdc/Desktop/mocap4ros2_ws/Archive/install/custom_robot_msgs/include/custom_robot_msgs/custom_robot_msgs
[2.132s] -- Up-to-date: /home/sdc/Desktop/mocap4ros2_ws/Archive/install/custom_robot_msgs/include/custom_robot_msgs/custom_robot_msgs/msg
[2.132s] -- Up-to-date: /home/sdc/Desktop/mocap4ros2_ws/Archive/install/custom_robot_msgs/include/custom_robot_msgs/custom_robot_msgs/msg/rosidl_typesupport_introspection_c__visibility_control.h
[2.132s] -- Up-to-date: /home/sdc/Desktop/mocap4ros2_ws/Archive/install/custom_robot_msgs/include/custom_robot_msgs/custom_robot_msgs/msg/detail
[2.132s] -- Installing: /home/sdc/Desktop/mocap4ros2_ws/Archive/install/custom_robot_msgs/include/custom_robot_msgs/custom_robot_msgs/msg/detail/robot_command_msgs__type_support.c
[2.132s] -- Installing: /home/sdc/Desktop/mocap4ros2_ws/Archive/install/custom_robot_msgs/include/custom_robot_msgs/custom_robot_msgs/msg/detail/robot_command_msgs__rosidl_typesupport_introspection_c.h
[2.132s] -- Up-to-date: /home/sdc/Desktop/mocap4ros2_ws/Archive/install/custom_robot_msgs/include/custom_robot_msgs/custom_robot_msgs/srv
[2.132s] -- Up-to-date: /home/sdc/Desktop/mocap4ros2_ws/Archive/install/custom_robot_msgs/include/custom_robot_msgs/custom_robot_msgs/srv/detail
[2.132s] -- Installing: /home/sdc/Desktop/mocap4ros2_ws/Archive/install/custom_robot_msgs/include/custom_robot_msgs/custom_robot_msgs/srv/detail/add_three_ints__type_support.c
[2.132s] -- Installing: /home/sdc/Desktop/mocap4ros2_ws/Archive/install/custom_robot_msgs/include/custom_robot_msgs/custom_robot_msgs/srv/detail/add_three_ints__rosidl_typesupport_introspection_c.h
[2.132s] -- Installing: /home/sdc/Desktop/mocap4ros2_ws/Archive/install/custom_robot_msgs/lib/libcustom_robot_msgs__rosidl_typesupport_introspection_c.so
[2.133s] -- Set runtime path of "/home/sdc/Desktop/mocap4ros2_ws/Archive/install/custom_robot_msgs/lib/libcustom_robot_msgs__rosidl_typesupport_introspection_c.so" to ""
[2.133s] -- Installing: /home/sdc/Desktop/mocap4ros2_ws/Archive/install/custom_robot_msgs/lib/libcustom_robot_msgs__rosidl_typesupport_c.so
[2.133s] -- Set runtime path of "/home/sdc/Desktop/mocap4ros2_ws/Archive/install/custom_robot_msgs/lib/libcustom_robot_msgs__rosidl_typesupport_c.so" to ""
[2.133s] -- Up-to-date: /home/sdc/Desktop/mocap4ros2_ws/Archive/install/custom_robot_msgs/include/custom_robot_msgs/custom_robot_msgs
[2.133s] -- Up-to-date: /home/sdc/Desktop/mocap4ros2_ws/Archive/install/custom_robot_msgs/include/custom_robot_msgs/custom_robot_msgs/msg
[2.133s] -- Up-to-date: /home/sdc/Desktop/mocap4ros2_ws/Archive/install/custom_robot_msgs/include/custom_robot_msgs/custom_robot_msgs/msg/detail
[2.133s] -- Installing: /home/sdc/Desktop/mocap4ros2_ws/Archive/install/custom_robot_msgs/include/custom_robot_msgs/custom_robot_msgs/msg/detail/robot_command_msgs__builder.hpp
[2.133s] -- Installing: /home/sdc/Desktop/mocap4ros2_ws/Archive/install/custom_robot_msgs/include/custom_robot_msgs/custom_robot_msgs/msg/detail/robot_command_msgs__struct.hpp
[2.133s] -- Installing: /home/sdc/Desktop/mocap4ros2_ws/Archive/install/custom_robot_msgs/include/custom_robot_msgs/custom_robot_msgs/msg/detail/robot_command_msgs__traits.hpp
[2.133s] -- Installing: /home/sdc/Desktop/mocap4ros2_ws/Archive/install/custom_robot_msgs/include/custom_robot_msgs/custom_robot_msgs/msg/robot_command_msgs.hpp
[2.133s] -- Up-to-date: /home/sdc/Desktop/mocap4ros2_ws/Archive/install/custom_robot_msgs/include/custom_robot_msgs/custom_robot_msgs/srv
[2.133s] -- Up-to-date: /home/sdc/Desktop/mocap4ros2_ws/Archive/install/custom_robot_msgs/include/custom_robot_msgs/custom_robot_msgs/srv/detail
[2.133s] -- Installing: /home/sdc/Desktop/mocap4ros2_ws/Archive/install/custom_robot_msgs/include/custom_robot_msgs/custom_robot_msgs/srv/detail/add_three_ints__traits.hpp
[2.133s] -- Installing: /home/sdc/Desktop/mocap4ros2_ws/Archive/install/custom_robot_msgs/include/custom_robot_msgs/custom_robot_msgs/srv/detail/add_three_ints__struct.hpp
[2.134s] -- Installing: /home/sdc/Desktop/mocap4ros2_ws/Archive/install/custom_robot_msgs/include/custom_robot_msgs/custom_robot_msgs/srv/detail/add_three_ints__builder.hpp
[2.134s] -- Installing: /home/sdc/Desktop/mocap4ros2_ws/Archive/install/custom_robot_msgs/include/custom_robot_msgs/custom_robot_msgs/srv/add_three_ints.hpp
[2.134s] -- Up-to-date: /home/sdc/Desktop/mocap4ros2_ws/Archive/install/custom_robot_msgs/include/custom_robot_msgs/custom_robot_msgs
[2.134s] -- Up-to-date: /home/sdc/Desktop/mocap4ros2_ws/Archive/install/custom_robot_msgs/include/custom_robot_msgs/custom_robot_msgs/msg
[2.134s] -- Up-to-date: /home/sdc/Desktop/mocap4ros2_ws/Archive/install/custom_robot_msgs/include/custom_robot_msgs/custom_robot_msgs/msg/rosidl_typesupport_fastrtps_cpp__visibility_control.h
[2.134s] -- Up-to-date: /home/sdc/Desktop/mocap4ros2_ws/Archive/install/custom_robot_msgs/include/custom_robot_msgs/custom_robot_msgs/msg/detail
[2.134s] -- Up-to-date: /home/sdc/Desktop/mocap4ros2_ws/Archive/install/custom_robot_msgs/include/custom_robot_msgs/custom_robot_msgs/msg/detail/dds_fastrtps
[2.134s] -- Installing: /home/sdc/Desktop/mocap4ros2_ws/Archive/install/custom_robot_msgs/include/custom_robot_msgs/custom_robot_msgs/msg/detail/robot_command_msgs__rosidl_typesupport_fastrtps_cpp.hpp
[2.134s] -- Up-to-date: /home/sdc/Desktop/mocap4ros2_ws/Archive/install/custom_robot_msgs/include/custom_robot_msgs/custom_robot_msgs/srv
[2.134s] -- Up-to-date: /home/sdc/Desktop/mocap4ros2_ws/Archive/install/custom_robot_msgs/include/custom_robot_msgs/custom_robot_msgs/srv/detail
[2.134s] -- Up-to-date: /home/sdc/Desktop/mocap4ros2_ws/Archive/install/custom_robot_msgs/include/custom_robot_msgs/custom_robot_msgs/srv/detail/dds_fastrtps
[2.134s] -- Installing: /home/sdc/Desktop/mocap4ros2_ws/Archive/install/custom_robot_msgs/include/custom_robot_msgs/custom_robot_msgs/srv/detail/add_three_ints__rosidl_typesupport_fastrtps_cpp.hpp
[2.134s] -- Installing: /home/sdc/Desktop/mocap4ros2_ws/Archive/install/custom_robot_msgs/lib/libcustom_robot_msgs__rosidl_typesupport_fastrtps_cpp.so
[2.134s] -- Set runtime path of "/home/sdc/Desktop/mocap4ros2_ws/Archive/install/custom_robot_msgs/lib/libcustom_robot_msgs__rosidl_typesupport_fastrtps_cpp.so" to ""
[2.134s] -- Up-to-date: /home/sdc/Desktop/mocap4ros2_ws/Archive/install/custom_robot_msgs/include/custom_robot_msgs/custom_robot_msgs
[2.134s] -- Up-to-date: /home/sdc/Desktop/mocap4ros2_ws/Archive/install/custom_robot_msgs/include/custom_robot_msgs/custom_robot_msgs/msg
[2.134s] -- Up-to-date: /home/sdc/Desktop/mocap4ros2_ws/Archive/install/custom_robot_msgs/include/custom_robot_msgs/custom_robot_msgs/msg/detail
[2.134s] -- Installing: /home/sdc/Desktop/mocap4ros2_ws/Archive/install/custom_robot_msgs/include/custom_robot_msgs/custom_robot_msgs/msg/detail/robot_command_msgs__type_support.cpp
[2.135s] -- Installing: /home/sdc/Desktop/mocap4ros2_ws/Archive/install/custom_robot_msgs/include/custom_robot_msgs/custom_robot_msgs/msg/detail/robot_command_msgs__rosidl_typesupport_introspection_cpp.hpp
[2.135s] -- Up-to-date: /home/sdc/Desktop/mocap4ros2_ws/Archive/install/custom_robot_msgs/include/custom_robot_msgs/custom_robot_msgs/srv
[2.135s] -- Up-to-date: /home/sdc/Desktop/mocap4ros2_ws/Archive/install/custom_robot_msgs/include/custom_robot_msgs/custom_robot_msgs/srv/detail
[2.135s] -- Installing: /home/sdc/Desktop/mocap4ros2_ws/Archive/install/custom_robot_msgs/include/custom_robot_msgs/custom_robot_msgs/srv/detail/add_three_ints__type_support.cpp
[2.135s] -- Installing: /home/sdc/Desktop/mocap4ros2_ws/Archive/install/custom_robot_msgs/include/custom_robot_msgs/custom_robot_msgs/srv/detail/add_three_ints__rosidl_typesupport_introspection_cpp.hpp
[2.135s] -- Installing: /home/sdc/Desktop/mocap4ros2_ws/Archive/install/custom_robot_msgs/lib/libcustom_robot_msgs__rosidl_typesupport_introspection_cpp.so
[2.135s] -- Set runtime path of "/home/sdc/Desktop/mocap4ros2_ws/Archive/install/custom_robot_msgs/lib/libcustom_robot_msgs__rosidl_typesupport_introspection_cpp.so" to ""
[2.135s] -- Installing: /home/sdc/Desktop/mocap4ros2_ws/Archive/install/custom_robot_msgs/lib/libcustom_robot_msgs__rosidl_typesupport_cpp.so
[2.135s] -- Set runtime path of "/home/sdc/Desktop/mocap4ros2_ws/Archive/install/custom_robot_msgs/lib/libcustom_robot_msgs__rosidl_typesupport_cpp.so" to ""
[2.135s] -- Up-to-date: /home/sdc/Desktop/mocap4ros2_ws/Archive/install/custom_robot_msgs/share/custom_robot_msgs/environment/pythonpath.sh
[2.135s] -- Installing: /home/sdc/Desktop/mocap4ros2_ws/Archive/install/custom_robot_msgs/share/custom_robot_msgs/environment/pythonpath.dsv
[2.135s] -- Up-to-date: /home/sdc/Desktop/mocap4ros2_ws/Archive/install/custom_robot_msgs/local/lib/python3.10/dist-packages/custom_robot_msgs-0.0.0-py3.10.egg-info
[2.135s] -- Installing: /home/sdc/Desktop/mocap4ros2_ws/Archive/install/custom_robot_msgs/local/lib/python3.10/dist-packages/custom_robot_msgs-0.0.0-py3.10.egg-info/top_level.txt
[2.135s] -- Installing: /home/sdc/Desktop/mocap4ros2_ws/Archive/install/custom_robot_msgs/local/lib/python3.10/dist-packages/custom_robot_msgs-0.0.0-py3.10.egg-info/dependency_links.txt
[2.135s] -- Installing: /home/sdc/Desktop/mocap4ros2_ws/Archive/install/custom_robot_msgs/local/lib/python3.10/dist-packages/custom_robot_msgs-0.0.0-py3.10.egg-info/SOURCES.txt
[2.135s] -- Installing: /home/sdc/Desktop/mocap4ros2_ws/Archive/install/custom_robot_msgs/local/lib/python3.10/dist-packages/custom_robot_msgs-0.0.0-py3.10.egg-info/PKG-INFO
[2.136s] -- Up-to-date: /home/sdc/Desktop/mocap4ros2_ws/Archive/install/custom_robot_msgs/local/lib/python3.10/dist-packages/custom_robot_msgs
[2.136s] -- Installing: /home/sdc/Desktop/mocap4ros2_ws/Archive/install/custom_robot_msgs/local/lib/python3.10/dist-packages/custom_robot_msgs/_custom_robot_msgs_s.ep.rosidl_typesupport_fastrtps_c.c
[2.136s] -- Up-to-date: /home/sdc/Desktop/mocap4ros2_ws/Archive/install/custom_robot_msgs/local/lib/python3.10/dist-packages/custom_robot_msgs/msg
[2.136s] -- Installing: /home/sdc/Desktop/mocap4ros2_ws/Archive/install/custom_robot_msgs/local/lib/python3.10/dist-packages/custom_robot_msgs/msg/__init__.py
[2.136s] -- Installing: /home/sdc/Desktop/mocap4ros2_ws/Archive/install/custom_robot_msgs/local/lib/python3.10/dist-packages/custom_robot_msgs/msg/_robot_command_msgs.py
[2.136s] -- Installing: /home/sdc/Desktop/mocap4ros2_ws/Archive/install/custom_robot_msgs/local/lib/python3.10/dist-packages/custom_robot_msgs/msg/_robot_command_msgs_s.c
[2.136s] -- Installing: /home/sdc/Desktop/mocap4ros2_ws/Archive/install/custom_robot_msgs/local/lib/python3.10/dist-packages/custom_robot_msgs/__init__.py
[2.136s] -- Installing: /home/sdc/Desktop/mocap4ros2_ws/Archive/install/custom_robot_msgs/local/lib/python3.10/dist-packages/custom_robot_msgs/custom_robot_msgs_s__rosidl_typesupport_introspection_c.cpython-310-x86_64-linux-gnu.so
[2.136s] -- Up-to-date: /home/sdc/Desktop/mocap4ros2_ws/Archive/install/custom_robot_msgs/local/lib/python3.10/dist-packages/custom_robot_msgs/srv
[2.136s] -- Installing: /home/sdc/Desktop/mocap4ros2_ws/Archive/install/custom_robot_msgs/local/lib/python3.10/dist-packages/custom_robot_msgs/srv/__init__.py
[2.136s] -- Installing: /home/sdc/Desktop/mocap4ros2_ws/Archive/install/custom_robot_msgs/local/lib/python3.10/dist-packages/custom_robot_msgs/srv/_add_three_ints_s.c
[2.136s] -- Installing: /home/sdc/Desktop/mocap4ros2_ws/Archive/install/custom_robot_msgs/local/lib/python3.10/dist-packages/custom_robot_msgs/srv/_add_three_ints.py
[2.136s] -- Installing: /home/sdc/Desktop/mocap4ros2_ws/Archive/install/custom_robot_msgs/local/lib/python3.10/dist-packages/custom_robot_msgs/custom_robot_msgs_s__rosidl_typesupport_fastrtps_c.cpython-310-x86_64-linux-gnu.so
[2.136s] -- Installing: /home/sdc/Desktop/mocap4ros2_ws/Archive/install/custom_robot_msgs/local/lib/python3.10/dist-packages/custom_robot_msgs/custom_robot_msgs_s__rosidl_typesupport_c.cpython-310-x86_64-linux-gnu.so
[2.136s] -- Installing: /home/sdc/Desktop/mocap4ros2_ws/Archive/install/custom_robot_msgs/local/lib/python3.10/dist-packages/custom_robot_msgs/_custom_robot_msgs_s.ep.rosidl_typesupport_c.c
[2.136s] -- Installing: /home/sdc/Desktop/mocap4ros2_ws/Archive/install/custom_robot_msgs/local/lib/python3.10/dist-packages/custom_robot_msgs/_custom_robot_msgs_s.ep.rosidl_typesupport_introspection_c.c
[2.136s] -- Installing: /home/sdc/Desktop/mocap4ros2_ws/Archive/install/custom_robot_msgs/local/lib/python3.10/dist-packages/custom_robot_msgs/libcustom_robot_msgs__rosidl_generator_py.so
[2.154s] Listing '/home/sdc/Desktop/mocap4ros2_ws/Archive/install/custom_robot_msgs/local/lib/python3.10/dist-packages/custom_robot_msgs'...
[2.154s] Compiling '/home/sdc/Desktop/mocap4ros2_ws/Archive/install/custom_robot_msgs/local/lib/python3.10/dist-packages/custom_robot_msgs/__init__.py'...
[2.154s] Listing '/home/sdc/Desktop/mocap4ros2_ws/Archive/install/custom_robot_msgs/local/lib/python3.10/dist-packages/custom_robot_msgs/msg'...
[2.154s] Compiling '/home/sdc/Desktop/mocap4ros2_ws/Archive/install/custom_robot_msgs/local/lib/python3.10/dist-packages/custom_robot_msgs/msg/__init__.py'...
[2.154s] Compiling '/home/sdc/Desktop/mocap4ros2_ws/Archive/install/custom_robot_msgs/local/lib/python3.10/dist-packages/custom_robot_msgs/msg/_robot_command_msgs.py'...
[2.154s] Listing '/home/sdc/Desktop/mocap4ros2_ws/Archive/install/custom_robot_msgs/local/lib/python3.10/dist-packages/custom_robot_msgs/srv'...
[2.155s] Compiling '/home/sdc/Desktop/mocap4ros2_ws/Archive/install/custom_robot_msgs/local/lib/python3.10/dist-packages/custom_robot_msgs/srv/__init__.py'...
[2.155s] Compiling '/home/sdc/Desktop/mocap4ros2_ws/Archive/install/custom_robot_msgs/local/lib/python3.10/dist-packages/custom_robot_msgs/srv/_add_three_ints.py'...
[2.157s] -- Installing: /home/sdc/Desktop/mocap4ros2_ws/Archive/install/custom_robot_msgs/local/lib/python3.10/dist-packages/custom_robot_msgs/custom_robot_msgs_s__rosidl_typesupport_fastrtps_c.cpython-310-x86_64-linux-gnu.so
[2.157s] -- Set runtime path of "/home/sdc/Desktop/mocap4ros2_ws/Archive/install/custom_robot_msgs/local/lib/python3.10/dist-packages/custom_robot_msgs/custom_robot_msgs_s__rosidl_typesupport_fastrtps_c.cpython-310-x86_64-linux-gnu.so" to ""
[2.157s] -- Installing: /home/sdc/Desktop/mocap4ros2_ws/Archive/install/custom_robot_msgs/local/lib/python3.10/dist-packages/custom_robot_msgs/custom_robot_msgs_s__rosidl_typesupport_introspection_c.cpython-310-x86_64-linux-gnu.so
[2.157s] -- Set runtime path of "/home/sdc/Desktop/mocap4ros2_ws/Archive/install/custom_robot_msgs/local/lib/python3.10/dist-packages/custom_robot_msgs/custom_robot_msgs_s__rosidl_typesupport_introspection_c.cpython-310-x86_64-linux-gnu.so" to ""
[2.157s] -- Installing: /home/sdc/Desktop/mocap4ros2_ws/Archive/install/custom_robot_msgs/local/lib/python3.10/dist-packages/custom_robot_msgs/custom_robot_msgs_s__rosidl_typesupport_c.cpython-310-x86_64-linux-gnu.so
[2.157s] -- Set runtime path of "/home/sdc/Desktop/mocap4ros2_ws/Archive/install/custom_robot_msgs/local/lib/python3.10/dist-packages/custom_robot_msgs/custom_robot_msgs_s__rosidl_typesupport_c.cpython-310-x86_64-linux-gnu.so" to ""
[2.157s] -- Installing: /home/sdc/Desktop/mocap4ros2_ws/Archive/install/custom_robot_msgs/lib/libcustom_robot_msgs__rosidl_generator_py.so
[2.157s] -- Set runtime path of "/home/sdc/Desktop/mocap4ros2_ws/Archive/install/custom_robot_msgs/lib/libcustom_robot_msgs__rosidl_generator_py.so" to ""
[2.158s] -- Installing: /home/sdc/Desktop/mocap4ros2_ws/Archive/install/custom_robot_msgs/share/custom_robot_msgs/msg/RobotCommandMsgs.idl
[2.158s] -- Up-to-date: /home/sdc/Desktop/mocap4ros2_ws/Archive/install/custom_robot_msgs/share/custom_robot_msgs/srv/AddThreeInts.idl
[2.158s] -- Installing: /home/sdc/Desktop/mocap4ros2_ws/Archive/install/custom_robot_msgs/share/custom_robot_msgs/msg/RobotCommandMsgs.msg
[2.158s] -- Up-to-date: /home/sdc/Desktop/mocap4ros2_ws/Archive/install/custom_robot_msgs/share/custom_robot_msgs/srv/AddThreeInts.srv
[2.158s] -- Up-to-date: /home/sdc/Desktop/mocap4ros2_ws/Archive/install/custom_robot_msgs/share/custom_robot_msgs/srv/AddThreeInts_Request.msg
[2.158s] -- Up-to-date: /home/sdc/Desktop/mocap4ros2_ws/Archive/install/custom_robot_msgs/share/custom_robot_msgs/srv/AddThreeInts_Response.msg
[2.158s] -- Up-to-date: /home/sdc/Desktop/mocap4ros2_ws/Archive/install/custom_robot_msgs/share/ament_index/resource_index/package_run_dependencies/custom_robot_msgs
[2.158s] -- Installing: /home/sdc/Desktop/mocap4ros2_ws/Archive/install/custom_robot_msgs/share/ament_index/resource_index/parent_prefix_path/custom_robot_msgs
[2.158s] -- Up-to-date: /home/sdc/Desktop/mocap4ros2_ws/Archive/install/custom_robot_msgs/share/custom_robot_msgs/environment/ament_prefix_path.sh
[2.158s] -- Installing: /home/sdc/Desktop/mocap4ros2_ws/Archive/install/custom_robot_msgs/share/custom_robot_msgs/environment/ament_prefix_path.dsv
[2.158s] -- Up-to-date: /home/sdc/Desktop/mocap4ros2_ws/Archive/install/custom_robot_msgs/share/custom_robot_msgs/environment/path.sh
[2.158s] -- Installing: /home/sdc/Desktop/mocap4ros2_ws/Archive/install/custom_robot_msgs/share/custom_robot_msgs/environment/path.dsv
[2.158s] -- Up-to-date: /home/sdc/Desktop/mocap4ros2_ws/Archive/install/custom_robot_msgs/share/custom_robot_msgs/local_setup.bash
[2.158s] -- Up-to-date: /home/sdc/Desktop/mocap4ros2_ws/Archive/install/custom_robot_msgs/share/custom_robot_msgs/local_setup.sh
[2.158s] -- Up-to-date: /home/sdc/Desktop/mocap4ros2_ws/Archive/install/custom_robot_msgs/share/custom_robot_msgs/local_setup.zsh
[2.158s] -- Installing: /home/sdc/Desktop/mocap4ros2_ws/Archive/install/custom_robot_msgs/share/custom_robot_msgs/local_setup.dsv
[2.159s] -- Installing: /home/sdc/Desktop/mocap4ros2_ws/Archive/install/custom_robot_msgs/share/custom_robot_msgs/package.dsv
[2.159s] -- Up-to-date: /home/sdc/Desktop/mocap4ros2_ws/Archive/install/custom_robot_msgs/share/ament_index/resource_index/packages/custom_robot_msgs
[2.159s] -- Up-to-date: /home/sdc/Desktop/mocap4ros2_ws/Archive/install/custom_robot_msgs/share/custom_robot_msgs/cmake/export_custom_robot_msgs__rosidl_generator_cExport.cmake
[2.159s] -- Up-to-date: /home/sdc/Desktop/mocap4ros2_ws/Archive/install/custom_robot_msgs/share/custom_robot_msgs/cmake/export_custom_robot_msgs__rosidl_generator_cExport-noconfig.cmake
[2.159s] -- Up-to-date: /home/sdc/Desktop/mocap4ros2_ws/Archive/install/custom_robot_msgs/share/custom_robot_msgs/cmake/export_custom_robot_msgs__rosidl_typesupport_fastrtps_cExport.cmake
[2.159s] -- Up-to-date: /home/sdc/Desktop/mocap4ros2_ws/Archive/install/custom_robot_msgs/share/custom_robot_msgs/cmake/export_custom_robot_msgs__rosidl_typesupport_fastrtps_cExport-noconfig.cmake
[2.159s] -- Up-to-date: /home/sdc/Desktop/mocap4ros2_ws/Archive/install/custom_robot_msgs/share/custom_robot_msgs/cmake/custom_robot_msgs__rosidl_typesupport_introspection_cExport.cmake
[2.159s] -- Up-to-date: /home/sdc/Desktop/mocap4ros2_ws/Archive/install/custom_robot_msgs/share/custom_robot_msgs/cmake/custom_robot_msgs__rosidl_typesupport_introspection_cExport-noconfig.cmake
[2.159s] -- Up-to-date: /home/sdc/Desktop/mocap4ros2_ws/Archive/install/custom_robot_msgs/share/custom_robot_msgs/cmake/custom_robot_msgs__rosidl_typesupport_cExport.cmake
[2.159s] -- Up-to-date: /home/sdc/Desktop/mocap4ros2_ws/Archive/install/custom_robot_msgs/share/custom_robot_msgs/cmake/custom_robot_msgs__rosidl_typesupport_cExport-noconfig.cmake
[2.160s] -- Up-to-date: /home/sdc/Desktop/mocap4ros2_ws/Archive/install/custom_robot_msgs/share/custom_robot_msgs/cmake/export_custom_robot_msgs__rosidl_generator_cppExport.cmake
[2.160s] -- Up-to-date: /home/sdc/Desktop/mocap4ros2_ws/Archive/install/custom_robot_msgs/share/custom_robot_msgs/cmake/export_custom_robot_msgs__rosidl_typesupport_fastrtps_cppExport.cmake
[2.160s] -- Up-to-date: /home/sdc/Desktop/mocap4ros2_ws/Archive/install/custom_robot_msgs/share/custom_robot_msgs/cmake/export_custom_robot_msgs__rosidl_typesupport_fastrtps_cppExport-noconfig.cmake
[2.160s] -- Up-to-date: /home/sdc/Desktop/mocap4ros2_ws/Archive/install/custom_robot_msgs/share/custom_robot_msgs/cmake/custom_robot_msgs__rosidl_typesupport_introspection_cppExport.cmake
[2.160s] -- Up-to-date: /home/sdc/Desktop/mocap4ros2_ws/Archive/install/custom_robot_msgs/share/custom_robot_msgs/cmake/custom_robot_msgs__rosidl_typesupport_introspection_cppExport-noconfig.cmake
[2.160s] -- Up-to-date: /home/sdc/Desktop/mocap4ros2_ws/Archive/install/custom_robot_msgs/share/custom_robot_msgs/cmake/custom_robot_msgs__rosidl_typesupport_cppExport.cmake
[2.160s] -- Up-to-date: /home/sdc/Desktop/mocap4ros2_ws/Archive/install/custom_robot_msgs/share/custom_robot_msgs/cmake/custom_robot_msgs__rosidl_typesupport_cppExport-noconfig.cmake
[2.160s] -- Up-to-date: /home/sdc/Desktop/mocap4ros2_ws/Archive/install/custom_robot_msgs/share/custom_robot_msgs/cmake/export_custom_robot_msgs__rosidl_generator_pyExport.cmake
[2.160s] -- Up-to-date: /home/sdc/Desktop/mocap4ros2_ws/Archive/install/custom_robot_msgs/share/custom_robot_msgs/cmake/export_custom_robot_msgs__rosidl_generator_pyExport-noconfig.cmake
[2.161s] -- Up-to-date: /home/sdc/Desktop/mocap4ros2_ws/Archive/install/custom_robot_msgs/share/custom_robot_msgs/cmake/rosidl_cmake-extras.cmake
[2.161s] -- Up-to-date: /home/sdc/Desktop/mocap4ros2_ws/Archive/install/custom_robot_msgs/share/custom_robot_msgs/cmake/ament_cmake_export_dependencies-extras.cmake
[2.161s] -- Up-to-date: /home/sdc/Desktop/mocap4ros2_ws/Archive/install/custom_robot_msgs/share/custom_robot_msgs/cmake/ament_cmake_export_include_directories-extras.cmake
[2.161s] -- Up-to-date: /home/sdc/Desktop/mocap4ros2_ws/Archive/install/custom_robot_msgs/share/custom_robot_msgs/cmake/ament_cmake_export_libraries-extras.cmake
[2.161s] -- Up-to-date: /home/sdc/Desktop/mocap4ros2_ws/Archive/install/custom_robot_msgs/share/custom_robot_msgs/cmake/ament_cmake_export_targets-extras.cmake
[2.161s] -- Up-to-date: /home/sdc/Desktop/mocap4ros2_ws/Archive/install/custom_robot_msgs/share/custom_robot_msgs/cmake/rosidl_cmake_export_typesupport_targets-extras.cmake
[2.161s] -- Up-to-date: /home/sdc/Desktop/mocap4ros2_ws/Archive/install/custom_robot_msgs/share/custom_robot_msgs/cmake/rosidl_cmake_export_typesupport_libraries-extras.cmake
[2.161s] -- Up-to-date: /home/sdc/Desktop/mocap4ros2_ws/Archive/install/custom_robot_msgs/share/custom_robot_msgs/cmake/custom_robot_msgsConfig.cmake
[2.161s] -- Up-to-date: /home/sdc/Desktop/mocap4ros2_ws/Archive/install/custom_robot_msgs/share/custom_robot_msgs/cmake/custom_robot_msgsConfig-version.cmake
[2.161s] -- Up-to-date: /home/sdc/Desktop/mocap4ros2_ws/Archive/install/custom_robot_msgs/share/custom_robot_msgs/package.xml
[2.161s] Invoked command in '/home/sdc/Desktop/mocap4ros2_ws/Archive/build/custom_robot_msgs' returned '0': CMAKE_PREFIX_PATH=${CMAKE_PREFIX_PATH}:/home/sdc/Desktop/mocap4ros2_ws/Archive/install/target_pid_controller:/home/sdc/Desktop/mocap4ros2_ws/Archive/install/pure_pursuit:/opt/ros/humble /usr/bin/cmake --install /home/sdc/Desktop/mocap4ros2_ws/Archive/build/custom_robot_msgs
