/home/sdc/Desktop/mocap4ros2_ws/Archive/target_pid_controller/install/target_pid_controller/lib/python3.10/site-packages/target_pid_controller/__init__.py
/home/sdc/Desktop/mocap4ros2_ws/Archive/target_pid_controller/install/target_pid_controller/lib/python3.10/site-packages/target_pid_controller/Command.py
/home/sdc/Desktop/mocap4ros2_ws/Archive/target_pid_controller/install/target_pid_controller/lib/python3.10/site-packages/target_pid_controller/Thread.py
/home/sdc/Desktop/mocap4ros2_ws/Archive/target_pid_controller/install/target_pid_controller/lib/python3.10/site-packages/target_pid_controller/Video.py
/home/sdc/Desktop/mocap4ros2_ws/Archive/target_pid_controller/install/target_pid_controller/lib/python3.10/site-packages/target_pid_controller/pid_controller.py
/home/sdc/Desktop/mocap4ros2_ws/Archive/target_pid_controller/install/target_pid_controller/lib/python3.10/site-packages/target_pid_controller/rigid_bodies.py
/home/sdc/Desktop/mocap4ros2_ws/Archive/target_pid_controller/install/target_pid_controller/lib/python3.10/site-packages/target_pid_controller/pid_controller_node_sub.py
/home/sdc/Desktop/mocap4ros2_ws/Archive/target_pid_controller/install/target_pid_controller/lib/python3.10/site-packages/target_pid_controller/params.py
/home/sdc/Desktop/mocap4ros2_ws/Archive/target_pid_controller/install/target_pid_controller/lib/python3.10/site-packages/target_pid_controller/pid_controller_node.py
/home/sdc/Desktop/mocap4ros2_ws/Archive/target_pid_controller/install/target_pid_controller/lib/python3.10/site-packages/target_pid_controller/tf_updater_node.py
/home/sdc/Desktop/mocap4ros2_ws/Archive/target_pid_controller/install/target_pid_controller/lib/python3.10/site-packages/target_pid_controller/target_node.py
/home/sdc/Desktop/mocap4ros2_ws/Archive/target_pid_controller/install/target_pid_controller/lib/python3.10/site-packages/target_pid_controller/__pycache__/__init__.cpython-310.pyc
/home/sdc/Desktop/mocap4ros2_ws/Archive/target_pid_controller/install/target_pid_controller/lib/python3.10/site-packages/target_pid_controller/__pycache__/Command.cpython-310.pyc
/home/sdc/Desktop/mocap4ros2_ws/Archive/target_pid_controller/install/target_pid_controller/lib/python3.10/site-packages/target_pid_controller/__pycache__/Thread.cpython-310.pyc
/home/sdc/Desktop/mocap4ros2_ws/Archive/target_pid_controller/install/target_pid_controller/lib/python3.10/site-packages/target_pid_controller/__pycache__/Video.cpython-310.pyc
/home/sdc/Desktop/mocap4ros2_ws/Archive/target_pid_controller/install/target_pid_controller/lib/python3.10/site-packages/target_pid_controller/__pycache__/pid_controller.cpython-310.pyc
/home/sdc/Desktop/mocap4ros2_ws/Archive/target_pid_controller/install/target_pid_controller/lib/python3.10/site-packages/target_pid_controller/__pycache__/rigid_bodies.cpython-310.pyc
/home/sdc/Desktop/mocap4ros2_ws/Archive/target_pid_controller/install/target_pid_controller/lib/python3.10/site-packages/target_pid_controller/__pycache__/pid_controller_node_sub.cpython-310.pyc
/home/sdc/Desktop/mocap4ros2_ws/Archive/target_pid_controller/install/target_pid_controller/lib/python3.10/site-packages/target_pid_controller/__pycache__/params.cpython-310.pyc
/home/sdc/Desktop/mocap4ros2_ws/Archive/target_pid_controller/install/target_pid_controller/lib/python3.10/site-packages/target_pid_controller/__pycache__/pid_controller_node.cpython-310.pyc
/home/sdc/Desktop/mocap4ros2_ws/Archive/target_pid_controller/install/target_pid_controller/lib/python3.10/site-packages/target_pid_controller/__pycache__/tf_updater_node.cpython-310.pyc
/home/sdc/Desktop/mocap4ros2_ws/Archive/target_pid_controller/install/target_pid_controller/lib/python3.10/site-packages/target_pid_controller/__pycache__/target_node.cpython-310.pyc
/home/sdc/Desktop/mocap4ros2_ws/Archive/target_pid_controller/install/target_pid_controller/share/ament_index/resource_index/packages/target_pid_controller
/home/sdc/Desktop/mocap4ros2_ws/Archive/target_pid_controller/install/target_pid_controller/share/target_pid_controller/package.xml
/home/sdc/Desktop/mocap4ros2_ws/Archive/target_pid_controller/install/target_pid_controller/share/target_pid_controller/launch/target_controller_sim_launch.py
/home/sdc/Desktop/mocap4ros2_ws/Archive/target_pid_controller/install/target_pid_controller/share/target_pid_controller/launch/target_controller_launch.py
/home/sdc/Desktop/mocap4ros2_ws/Archive/target_pid_controller/install/target_pid_controller/share/target_pid_controller/config/target_pid_controller.yaml
/home/sdc/Desktop/mocap4ros2_ws/Archive/target_pid_controller/install/target_pid_controller/share/target_pid_controller/config/rviz/target_controller_rviz2.rviz
/home/sdc/Desktop/mocap4ros2_ws/Archive/target_pid_controller/install/target_pid_controller/lib/python3.10/site-packages/target_pid_controller-0.0.0-py3.10.egg-info/top_level.txt
/home/sdc/Desktop/mocap4ros2_ws/Archive/target_pid_controller/install/target_pid_controller/lib/python3.10/site-packages/target_pid_controller-0.0.0-py3.10.egg-info/zip-safe
/home/sdc/Desktop/mocap4ros2_ws/Archive/target_pid_controller/install/target_pid_controller/lib/python3.10/site-packages/target_pid_controller-0.0.0-py3.10.egg-info/dependency_links.txt
/home/sdc/Desktop/mocap4ros2_ws/Archive/target_pid_controller/install/target_pid_controller/lib/python3.10/site-packages/target_pid_controller-0.0.0-py3.10.egg-info/SOURCES.txt
/home/sdc/Desktop/mocap4ros2_ws/Archive/target_pid_controller/install/target_pid_controller/lib/python3.10/site-packages/target_pid_controller-0.0.0-py3.10.egg-info/entry_points.txt
/home/sdc/Desktop/mocap4ros2_ws/Archive/target_pid_controller/install/target_pid_controller/lib/python3.10/site-packages/target_pid_controller-0.0.0-py3.10.egg-info/PKG-INFO
/home/sdc/Desktop/mocap4ros2_ws/Archive/target_pid_controller/install/target_pid_controller/lib/python3.10/site-packages/target_pid_controller-0.0.0-py3.10.egg-info/requires.txt
/home/sdc/Desktop/mocap4ros2_ws/Archive/target_pid_controller/install/target_pid_controller/lib/target_pid_controller/connection_node = target_pid_controller.pid_controller_node_sub:maintarget_setter
/home/sdc/Desktop/mocap4ros2_ws/Archive/target_pid_controller/install/target_pid_controller/lib/target_pid_controller/robot_controller
/home/sdc/Desktop/mocap4ros2_ws/Archive/target_pid_controller/install/target_pid_controller/lib/target_pid_controller/tf_broadcaster
