[0.673s] Invoking command in '/home/sdc/Desktop/mocap4ros2_ws/Archive/pure_pursuit': PYTHONPATH=/home/sdc/Desktop/mocap4ros2_ws/Archive/build/pure_pursuit/prefix_override:/home/sdc/Desktop/mocap4ros2_ws/Archive/install/pure_pursuit/lib/python3.10/site-packages:${PYTHONPATH} /usr/bin/python3 setup.py egg_info --egg-base ../build/pure_pursuit build --build-base /home/sdc/Desktop/mocap4ros2_ws/Archive/build/pure_pursuit/build install --record /home/sdc/Desktop/mocap4ros2_ws/Archive/build/pure_pursuit/install.log --single-version-externally-managed
[0.802s] running egg_info
[0.802s] writing ../build/pure_pursuit/pure_pursuit.egg-info/PKG-INFO
[0.802s] writing dependency_links to ../build/pure_pursuit/pure_pursuit.egg-info/dependency_links.txt
[0.802s] writing entry points to ../build/pure_pursuit/pure_pursuit.egg-info/entry_points.txt
[0.803s] writing requirements to ../build/pure_pursuit/pure_pursuit.egg-info/requires.txt
[0.803s] writing top-level names to ../build/pure_pursuit/pure_pursuit.egg-info/top_level.txt
[0.804s] reading manifest file '../build/pure_pursuit/pure_pursuit.egg-info/SOURCES.txt'
[0.804s] writing manifest file '../build/pure_pursuit/pure_pursuit.egg-info/SOURCES.txt'
[0.804s] running build
[0.804s] running build_py
[0.805s] running install
[0.805s] running install_lib
[0.806s] running install_data
[0.806s] running install_egg_info
[0.807s] removing '/home/sdc/Desktop/mocap4ros2_ws/Archive/install/pure_pursuit/lib/python3.10/site-packages/pure_pursuit-0.0.0-py3.10.egg-info' (and everything under it)
[0.807s] Copying ../build/pure_pursuit/pure_pursuit.egg-info to /home/sdc/Desktop/mocap4ros2_ws/Archive/install/pure_pursuit/lib/python3.10/site-packages/pure_pursuit-0.0.0-py3.10.egg-info
[0.807s] running install_scripts
[0.818s] Installing path_tracker script to /home/sdc/Desktop/mocap4ros2_ws/Archive/install/pure_pursuit/lib/pure_pursuit
[0.818s] Installing testpath_pub script to /home/sdc/Desktop/mocap4ros2_ws/Archive/install/pure_pursuit/lib/pure_pursuit
[0.818s] Installing tf_broadcaster script to /home/sdc/Desktop/mocap4ros2_ws/Archive/install/pure_pursuit/lib/pure_pursuit
[0.818s] Installing variable_speed script to /home/sdc/Desktop/mocap4ros2_ws/Archive/install/pure_pursuit/lib/pure_pursuit
[0.818s] writing list of installed files to '/home/sdc/Desktop/mocap4ros2_ws/Archive/build/pure_pursuit/install.log'
[0.849s] Invoked command in '/home/sdc/Desktop/mocap4ros2_ws/Archive/pure_pursuit' returned '0': PYTHONPATH=/home/sdc/Desktop/mocap4ros2_ws/Archive/build/pure_pursuit/prefix_override:/home/sdc/Desktop/mocap4ros2_ws/Archive/install/pure_pursuit/lib/python3.10/site-packages:${PYTHONPATH} /usr/bin/python3 setup.py egg_info --egg-base ../build/pure_pursuit build --build-base /home/sdc/Desktop/mocap4ros2_ws/Archive/build/pure_pursuit/build install --record /home/sdc/Desktop/mocap4ros2_ws/Archive/build/pure_pursuit/install.log --single-version-externally-managed
