[0.405s] Invoking command in '/home/sdc/Desktop/mocap4ros2_ws/Archive/target_pid_controller': PYTHONPATH=/home/sdc/Desktop/mocap4ros2_ws/Archive/target_pid_controller/build/target_pid_controller/prefix_override:/home/sdc/Desktop/mocap4ros2_ws/Archive/target_pid_controller/install/target_pid_controller/lib/python3.10/site-packages:${PYTHONPATH} /usr/bin/python3 setup.py egg_info --egg-base build/target_pid_controller build --build-base /home/sdc/Desktop/mocap4ros2_ws/Archive/target_pid_controller/build/target_pid_controller/build install --record /home/sdc/Desktop/mocap4ros2_ws/Archive/target_pid_controller/build/target_pid_controller/install.log --single-version-externally-managed
[0.534s] running egg_info
[0.534s] writing build/target_pid_controller/target_pid_controller.egg-info/PKG-INFO
[0.534s] writing dependency_links to build/target_pid_controller/target_pid_controller.egg-info/dependency_links.txt
[0.534s] writing entry points to build/target_pid_controller/target_pid_controller.egg-info/entry_points.txt
[0.534s] writing requirements to build/target_pid_controller/target_pid_controller.egg-info/requires.txt
[0.534s] writing top-level names to build/target_pid_controller/target_pid_controller.egg-info/top_level.txt
[0.536s] reading manifest file 'build/target_pid_controller/target_pid_controller.egg-info/SOURCES.txt'
[0.536s] writing manifest file 'build/target_pid_controller/target_pid_controller.egg-info/SOURCES.txt'
[0.536s] running build
[0.536s] running build_py
[0.536s] copying target_pid_controller/pid_controller_node.py -> /home/sdc/Desktop/mocap4ros2_ws/Archive/target_pid_controller/build/target_pid_controller/build/lib/target_pid_controller
[0.536s] running install
[0.537s] running install_lib
[0.537s] copying /home/sdc/Desktop/mocap4ros2_ws/Archive/target_pid_controller/build/target_pid_controller/build/lib/target_pid_controller/pid_controller_node.py -> /home/sdc/Desktop/mocap4ros2_ws/Archive/target_pid_controller/install/target_pid_controller/lib/python3.10/site-packages/target_pid_controller
[0.538s] byte-compiling /home/sdc/Desktop/mocap4ros2_ws/Archive/target_pid_controller/install/target_pid_controller/lib/python3.10/site-packages/target_pid_controller/pid_controller_node.py to pid_controller_node.cpython-310.pyc
[0.538s] running install_data
[0.539s] running install_egg_info
[0.540s] removing '/home/sdc/Desktop/mocap4ros2_ws/Archive/target_pid_controller/install/target_pid_controller/lib/python3.10/site-packages/target_pid_controller-0.0.0-py3.10.egg-info' (and everything under it)
[0.540s] Copying build/target_pid_controller/target_pid_controller.egg-info to /home/sdc/Desktop/mocap4ros2_ws/Archive/target_pid_controller/install/target_pid_controller/lib/python3.10/site-packages/target_pid_controller-0.0.0-py3.10.egg-info
[0.540s] running install_scripts
[0.550s] Installing connection_node script to /home/sdc/Desktop/mocap4ros2_ws/Archive/target_pid_controller/install/target_pid_controller/lib/target_pid_controller
[0.550s] Installing robot_controller script to /home/sdc/Desktop/mocap4ros2_ws/Archive/target_pid_controller/install/target_pid_controller/lib/target_pid_controller
[0.551s] Installing target_setter script to /home/sdc/Desktop/mocap4ros2_ws/Archive/target_pid_controller/install/target_pid_controller/lib/target_pid_controller
[0.551s] Installing tf_broadcaster script to /home/sdc/Desktop/mocap4ros2_ws/Archive/target_pid_controller/install/target_pid_controller/lib/target_pid_controller
[0.551s] writing list of installed files to '/home/sdc/Desktop/mocap4ros2_ws/Archive/target_pid_controller/build/target_pid_controller/install.log'
[0.564s] Invoked command in '/home/sdc/Desktop/mocap4ros2_ws/Archive/target_pid_controller' returned '0': PYTHONPATH=/home/sdc/Desktop/mocap4ros2_ws/Archive/target_pid_controller/build/target_pid_controller/prefix_override:/home/sdc/Desktop/mocap4ros2_ws/Archive/target_pid_controller/install/target_pid_controller/lib/python3.10/site-packages:${PYTHONPATH} /usr/bin/python3 setup.py egg_info --egg-base build/target_pid_controller build --build-base /home/sdc/Desktop/mocap4ros2_ws/Archive/target_pid_controller/build/target_pid_controller/build install --record /home/sdc/Desktop/mocap4ros2_ws/Archive/target_pid_controller/build/target_pid_controller/install.log --single-version-externally-managed
