[0.130s] Invoking command in '/home/sdc/Desktop/mocap4ros2_ws/Archive/build/mocap4r2_msgs': CMAKE_PREFIX_PATH=${CMAKE_PREFIX_PATH}:/home/sdc/Desktop/mocap4ros2_ws/Archive/install/target_pid_controller:/home/sdc/Desktop/mocap4ros2_ws/Archive/install/pure_pursuit:/opt/ros/humble /usr/bin/cmake --build /home/sdc/Desktop/mocap4ros2_ws/Archive/build/mocap4r2_msgs -- -j16 -l16
[0.361s] [  1%] Built target mocap4r2_msgs__cpp
[0.361s] [ 12%] Built target mocap4r2_msgs__rosidl_generator_c
[0.361s] [ 12%] Built target ament_cmake_python_copy_mocap4r2_msgs
[0.361s] [ 23%] Built target mocap4r2_msgs__rosidl_typesupport_cpp
[0.361s] [ 35%] Built target mocap4r2_msgs__rosidl_typesupport_fastrtps_cpp
[0.361s] [ 46%] Built target mocap4r2_msgs__rosidl_typesupport_introspection_cpp
[0.361s] [ 57%] Built target mocap4r2_msgs__rosidl_typesupport_introspection_c
[0.361s] [ 69%] Built target mocap4r2_msgs__rosidl_typesupport_c
[0.361s] [ 80%] Built target mocap4r2_msgs__rosidl_typesupport_fastrtps_c
[0.361s] [ 80%] Built target mocap4r2_msgs
[0.361s] [ 81%] Built target mocap4r2_msgs__py
[0.361s] [ 91%] Built target mocap4r2_msgs__rosidl_generator_py
[0.361s] [ 94%] Built target mocap4r2_msgs__rosidl_typesupport_fastrtps_c__pyext
[0.361s] [ 98%] Built target mocap4r2_msgs__rosidl_typesupport_introspection_c__pyext
[0.361s] [100%] Built target mocap4r2_msgs__rosidl_typesupport_c__pyext
[0.361s] running egg_info
[0.361s] writing mocap4r2_msgs.egg-info/PKG-INFO
[0.361s] writing dependency_links to mocap4r2_msgs.egg-info/dependency_links.txt
[0.361s] writing top-level names to mocap4r2_msgs.egg-info/top_level.txt
[0.361s] reading manifest file 'mocap4r2_msgs.egg-info/SOURCES.txt'
[0.361s] writing manifest file 'mocap4r2_msgs.egg-info/SOURCES.txt'
[0.361s] [100%] Built target ament_cmake_python_build_mocap4r2_msgs_egg
[0.502s] Invoked command in '/home/sdc/Desktop/mocap4ros2_ws/Archive/build/mocap4r2_msgs' returned '0': CMAKE_PREFIX_PATH=${CMAKE_PREFIX_PATH}:/home/sdc/Desktop/mocap4ros2_ws/Archive/install/target_pid_controller:/home/sdc/Desktop/mocap4ros2_ws/Archive/install/pure_pursuit:/opt/ros/humble /usr/bin/cmake --build /home/sdc/Desktop/mocap4ros2_ws/Archive/build/mocap4r2_msgs -- -j16 -l16
[0.570s] Invoking command in '/home/sdc/Desktop/mocap4ros2_ws/Archive/build/mocap4r2_msgs': CMAKE_PREFIX_PATH=${CMAKE_PREFIX_PATH}:/home/sdc/Desktop/mocap4ros2_ws/Archive/install/target_pid_controller:/home/sdc/Desktop/mocap4ros2_ws/Archive/install/pure_pursuit:/opt/ros/humble /usr/bin/cmake --install /home/sdc/Desktop/mocap4ros2_ws/Archive/build/mocap4r2_msgs
[0.575s] -- Install configuration: ""
[0.578s] -- Up-to-date: /home/sdc/Desktop/mocap4ros2_ws/Archive/install/mocap4r2_msgs/share/ament_index/resource_index/rosidl_interfaces/mocap4r2_msgs
[0.578s] -- Up-to-date: /home/sdc/Desktop/mocap4ros2_ws/Archive/install/mocap4r2_msgs/include/mocap4r2_msgs/mocap4r2_msgs
[0.579s] -- Up-to-date: /home/sdc/Desktop/mocap4ros2_ws/Archive/install/mocap4r2_msgs/include/mocap4r2_msgs/mocap4r2_msgs/msg
[0.580s] -- Up-to-date: /home/sdc/Desktop/mocap4ros2_ws/Archive/install/mocap4r2_msgs/include/mocap4r2_msgs/mocap4r2_msgs/msg/marker.h
[0.580s] -- Up-to-date: /home/sdc/Desktop/mocap4ros2_ws/Archive/install/mocap4r2_msgs/include/mocap4r2_msgs/mocap4r2_msgs/msg/detail
[0.580s] -- Up-to-date: /home/sdc/Desktop/mocap4ros2_ws/Archive/install/mocap4r2_msgs/include/mocap4r2_msgs/mocap4r2_msgs/msg/detail/imus_info__struct.h
[0.581s] -- Up-to-date: /home/sdc/Desktop/mocap4ros2_ws/Archive/install/mocap4r2_msgs/include/mocap4r2_msgs/mocap4r2_msgs/msg/detail/marker__functions.h
[0.581s] -- Up-to-date: /home/sdc/Desktop/mocap4ros2_ws/Archive/install/mocap4r2_msgs/include/mocap4r2_msgs/mocap4r2_msgs/msg/detail/rigid_bodies__functions.h
[0.581s] -- Up-to-date: /home/sdc/Desktop/mocap4ros2_ws/Archive/install/mocap4r2_msgs/include/mocap4r2_msgs/mocap4r2_msgs/msg/detail/markers__functions.c
[0.581s] -- Up-to-date: /home/sdc/Desktop/mocap4ros2_ws/Archive/install/mocap4r2_msgs/include/mocap4r2_msgs/mocap4r2_msgs/msg/detail/marker__struct.h
[0.581s] -- Up-to-date: /home/sdc/Desktop/mocap4ros2_ws/Archive/install/mocap4r2_msgs/include/mocap4r2_msgs/mocap4r2_msgs/msg/detail/markers__type_support.h
[0.581s] -- Up-to-date: /home/sdc/Desktop/mocap4ros2_ws/Archive/install/mocap4r2_msgs/include/mocap4r2_msgs/mocap4r2_msgs/msg/detail/rigid_bodies__type_support.h
[0.582s] -- Up-to-date: /home/sdc/Desktop/mocap4ros2_ws/Archive/install/mocap4r2_msgs/include/mocap4r2_msgs/mocap4r2_msgs/msg/detail/rigid_bodies__struct.h
[0.582s] -- Up-to-date: /home/sdc/Desktop/mocap4ros2_ws/Archive/install/mocap4r2_msgs/include/mocap4r2_msgs/mocap4r2_msgs/msg/detail/rigid_body__functions.h
[0.582s] -- Up-to-date: /home/sdc/Desktop/mocap4ros2_ws/Archive/install/mocap4r2_msgs/include/mocap4r2_msgs/mocap4r2_msgs/msg/detail/imus_info__type_support.h
[0.583s] -- Up-to-date: /home/sdc/Desktop/mocap4ros2_ws/Archive/install/mocap4r2_msgs/include/mocap4r2_msgs/mocap4r2_msgs/msg/detail/marker__functions.c
[0.584s] -- Up-to-date: /home/sdc/Desktop/mocap4ros2_ws/Archive/install/mocap4r2_msgs/include/mocap4r2_msgs/mocap4r2_msgs/msg/detail/markers__struct.h
[0.584s] -- Up-to-date: /home/sdc/Desktop/mocap4ros2_ws/Archive/install/mocap4r2_msgs/include/mocap4r2_msgs/mocap4r2_msgs/msg/detail/rigid_body__type_support.h
[0.584s] -- Up-to-date: /home/sdc/Desktop/mocap4ros2_ws/Archive/install/mocap4r2_msgs/include/mocap4r2_msgs/mocap4r2_msgs/msg/detail/rigid_bodies__functions.c
[0.585s] -- Up-to-date: /home/sdc/Desktop/mocap4ros2_ws/Archive/install/mocap4r2_msgs/include/mocap4r2_msgs/mocap4r2_msgs/msg/detail/marker__type_support.h
[0.585s] -- Up-to-date: /home/sdc/Desktop/mocap4ros2_ws/Archive/install/mocap4r2_msgs/include/mocap4r2_msgs/mocap4r2_msgs/msg/detail/markers__functions.h
[0.585s] -- Up-to-date: /home/sdc/Desktop/mocap4ros2_ws/Archive/install/mocap4r2_msgs/include/mocap4r2_msgs/mocap4r2_msgs/msg/detail/rigid_body__struct.h
[0.585s] -- Up-to-date: /home/sdc/Desktop/mocap4ros2_ws/Archive/install/mocap4r2_msgs/include/mocap4r2_msgs/mocap4r2_msgs/msg/detail/imus_info__functions.h
[0.585s] -- Up-to-date: /home/sdc/Desktop/mocap4ros2_ws/Archive/install/mocap4r2_msgs/include/mocap4r2_msgs/mocap4r2_msgs/msg/detail/imus_info__functions.c
[0.585s] -- Up-to-date: /home/sdc/Desktop/mocap4ros2_ws/Archive/install/mocap4r2_msgs/include/mocap4r2_msgs/mocap4r2_msgs/msg/detail/rigid_body__functions.c
[0.586s] -- Up-to-date: /home/sdc/Desktop/mocap4ros2_ws/Archive/install/mocap4r2_msgs/include/mocap4r2_msgs/mocap4r2_msgs/msg/rigid_body.h
[0.586s] -- Up-to-date: /home/sdc/Desktop/mocap4ros2_ws/Archive/install/mocap4r2_msgs/include/mocap4r2_msgs/mocap4r2_msgs/msg/imus_info.h
[0.586s] -- Up-to-date: /home/sdc/Desktop/mocap4ros2_ws/Archive/install/mocap4r2_msgs/include/mocap4r2_msgs/mocap4r2_msgs/msg/markers.h
[0.586s] -- Up-to-date: /home/sdc/Desktop/mocap4ros2_ws/Archive/install/mocap4r2_msgs/include/mocap4r2_msgs/mocap4r2_msgs/msg/rosidl_generator_c__visibility_control.h
[0.587s] -- Up-to-date: /home/sdc/Desktop/mocap4ros2_ws/Archive/install/mocap4r2_msgs/include/mocap4r2_msgs/mocap4r2_msgs/msg/rigid_bodies.h
[0.587s] -- Up-to-date: /home/sdc/Desktop/mocap4ros2_ws/Archive/install/mocap4r2_msgs/include/mocap4r2_msgs/mocap4r2_msgs/srv
[0.587s] -- Up-to-date: /home/sdc/Desktop/mocap4ros2_ws/Archive/install/mocap4r2_msgs/include/mocap4r2_msgs/mocap4r2_msgs/srv/detail
[0.587s] -- Up-to-date: /home/sdc/Desktop/mocap4ros2_ws/Archive/install/mocap4r2_msgs/include/mocap4r2_msgs/mocap4r2_msgs/srv/detail/create_rigid_body__functions.c
[0.587s] -- Up-to-date: /home/sdc/Desktop/mocap4ros2_ws/Archive/install/mocap4r2_msgs/include/mocap4r2_msgs/mocap4r2_msgs/srv/detail/create_rigid_body__type_support.h
[0.588s] -- Up-to-date: /home/sdc/Desktop/mocap4ros2_ws/Archive/install/mocap4r2_msgs/include/mocap4r2_msgs/mocap4r2_msgs/srv/detail/create_rigid_body__functions.h
[0.588s] -- Up-to-date: /home/sdc/Desktop/mocap4ros2_ws/Archive/install/mocap4r2_msgs/include/mocap4r2_msgs/mocap4r2_msgs/srv/detail/create_rigid_body__struct.h
[0.588s] -- Up-to-date: /home/sdc/Desktop/mocap4ros2_ws/Archive/install/mocap4r2_msgs/include/mocap4r2_msgs/mocap4r2_msgs/srv/create_rigid_body.h
[0.588s] -- Up-to-date: /home/sdc/Desktop/mocap4ros2_ws/Archive/install/mocap4r2_msgs/share/mocap4r2_msgs/environment/library_path.sh
[0.588s] -- Up-to-date: /home/sdc/Desktop/mocap4ros2_ws/Archive/install/mocap4r2_msgs/share/mocap4r2_msgs/environment/library_path.dsv
[0.588s] -- Up-to-date: /home/sdc/Desktop/mocap4ros2_ws/Archive/install/mocap4r2_msgs/lib/libmocap4r2_msgs__rosidl_generator_c.so
[0.589s] -- Up-to-date: /home/sdc/Desktop/mocap4ros2_ws/Archive/install/mocap4r2_msgs/include/mocap4r2_msgs/mocap4r2_msgs
[0.589s] -- Up-to-date: /home/sdc/Desktop/mocap4ros2_ws/Archive/install/mocap4r2_msgs/include/mocap4r2_msgs/mocap4r2_msgs/msg
[0.589s] -- Up-to-date: /home/sdc/Desktop/mocap4ros2_ws/Archive/install/mocap4r2_msgs/include/mocap4r2_msgs/mocap4r2_msgs/msg/detail
[0.589s] -- Up-to-date: /home/sdc/Desktop/mocap4ros2_ws/Archive/install/mocap4r2_msgs/include/mocap4r2_msgs/mocap4r2_msgs/msg/detail/rigid_bodies__rosidl_typesupport_fastrtps_c.h
[0.589s] -- Up-to-date: /home/sdc/Desktop/mocap4ros2_ws/Archive/install/mocap4r2_msgs/include/mocap4r2_msgs/mocap4r2_msgs/msg/detail/rigid_body__rosidl_typesupport_fastrtps_c.h
[0.590s] -- Up-to-date: /home/sdc/Desktop/mocap4ros2_ws/Archive/install/mocap4r2_msgs/include/mocap4r2_msgs/mocap4r2_msgs/msg/detail/markers__rosidl_typesupport_fastrtps_c.h
[0.590s] -- Up-to-date: /home/sdc/Desktop/mocap4ros2_ws/Archive/install/mocap4r2_msgs/include/mocap4r2_msgs/mocap4r2_msgs/msg/detail/imus_info__rosidl_typesupport_fastrtps_c.h
[0.590s] -- Up-to-date: /home/sdc/Desktop/mocap4ros2_ws/Archive/install/mocap4r2_msgs/include/mocap4r2_msgs/mocap4r2_msgs/msg/detail/marker__rosidl_typesupport_fastrtps_c.h
[0.591s] -- Up-to-date: /home/sdc/Desktop/mocap4ros2_ws/Archive/install/mocap4r2_msgs/include/mocap4r2_msgs/mocap4r2_msgs/msg/rosidl_typesupport_fastrtps_c__visibility_control.h
[0.591s] -- Up-to-date: /home/sdc/Desktop/mocap4ros2_ws/Archive/install/mocap4r2_msgs/include/mocap4r2_msgs/mocap4r2_msgs/srv
[0.592s] -- Up-to-date: /home/sdc/Desktop/mocap4ros2_ws/Archive/install/mocap4r2_msgs/include/mocap4r2_msgs/mocap4r2_msgs/srv/detail
[0.592s] -- Up-to-date: /home/sdc/Desktop/mocap4ros2_ws/Archive/install/mocap4r2_msgs/include/mocap4r2_msgs/mocap4r2_msgs/srv/detail/create_rigid_body__rosidl_typesupport_fastrtps_c.h
[0.592s] -- Up-to-date: /home/sdc/Desktop/mocap4ros2_ws/Archive/install/mocap4r2_msgs/lib/libmocap4r2_msgs__rosidl_typesupport_fastrtps_c.so
[0.592s] -- Up-to-date: /home/sdc/Desktop/mocap4ros2_ws/Archive/install/mocap4r2_msgs/include/mocap4r2_msgs/mocap4r2_msgs
[0.592s] -- Up-to-date: /home/sdc/Desktop/mocap4ros2_ws/Archive/install/mocap4r2_msgs/include/mocap4r2_msgs/mocap4r2_msgs/msg
[0.592s] -- Up-to-date: /home/sdc/Desktop/mocap4ros2_ws/Archive/install/mocap4r2_msgs/include/mocap4r2_msgs/mocap4r2_msgs/msg/rosidl_typesupport_introspection_c__visibility_control.h
[0.592s] -- Up-to-date: /home/sdc/Desktop/mocap4ros2_ws/Archive/install/mocap4r2_msgs/include/mocap4r2_msgs/mocap4r2_msgs/msg/detail
[0.592s] -- Up-to-date: /home/sdc/Desktop/mocap4ros2_ws/Archive/install/mocap4r2_msgs/include/mocap4r2_msgs/mocap4r2_msgs/msg/detail/markers__type_support.c
[0.592s] -- Up-to-date: /home/sdc/Desktop/mocap4ros2_ws/Archive/install/mocap4r2_msgs/include/mocap4r2_msgs/mocap4r2_msgs/msg/detail/imus_info__rosidl_typesupport_introspection_c.h
[0.593s] -- Up-to-date: /home/sdc/Desktop/mocap4ros2_ws/Archive/install/mocap4r2_msgs/include/mocap4r2_msgs/mocap4r2_msgs/msg/detail/marker__type_support.c
[0.593s] -- Up-to-date: /home/sdc/Desktop/mocap4ros2_ws/Archive/install/mocap4r2_msgs/include/mocap4r2_msgs/mocap4r2_msgs/msg/detail/rigid_body__rosidl_typesupport_introspection_c.h
[0.593s] -- Up-to-date: /home/sdc/Desktop/mocap4ros2_ws/Archive/install/mocap4r2_msgs/include/mocap4r2_msgs/mocap4r2_msgs/msg/detail/rigid_body__type_support.c
[0.593s] -- Up-to-date: /home/sdc/Desktop/mocap4ros2_ws/Archive/install/mocap4r2_msgs/include/mocap4r2_msgs/mocap4r2_msgs/msg/detail/marker__rosidl_typesupport_introspection_c.h
[0.594s] -- Up-to-date: /home/sdc/Desktop/mocap4ros2_ws/Archive/install/mocap4r2_msgs/include/mocap4r2_msgs/mocap4r2_msgs/msg/detail/rigid_bodies__rosidl_typesupport_introspection_c.h
[0.595s] -- Up-to-date: /home/sdc/Desktop/mocap4ros2_ws/Archive/install/mocap4r2_msgs/include/mocap4r2_msgs/mocap4r2_msgs/msg/detail/markers__rosidl_typesupport_introspection_c.h
[0.595s] -- Up-to-date: /home/sdc/Desktop/mocap4ros2_ws/Archive/install/mocap4r2_msgs/include/mocap4r2_msgs/mocap4r2_msgs/msg/detail/imus_info__type_support.c
[0.595s] -- Up-to-date: /home/sdc/Desktop/mocap4ros2_ws/Archive/install/mocap4r2_msgs/include/mocap4r2_msgs/mocap4r2_msgs/msg/detail/rigid_bodies__type_support.c
[0.595s] -- Up-to-date: /home/sdc/Desktop/mocap4ros2_ws/Archive/install/mocap4r2_msgs/include/mocap4r2_msgs/mocap4r2_msgs/srv
[0.595s] -- Up-to-date: /home/sdc/Desktop/mocap4ros2_ws/Archive/install/mocap4r2_msgs/include/mocap4r2_msgs/mocap4r2_msgs/srv/detail
[0.595s] -- Up-to-date: /home/sdc/Desktop/mocap4ros2_ws/Archive/install/mocap4r2_msgs/include/mocap4r2_msgs/mocap4r2_msgs/srv/detail/create_rigid_body__rosidl_typesupport_introspection_c.h
[0.595s] -- Up-to-date: /home/sdc/Desktop/mocap4ros2_ws/Archive/install/mocap4r2_msgs/include/mocap4r2_msgs/mocap4r2_msgs/srv/detail/create_rigid_body__type_support.c
[0.596s] -- Up-to-date: /home/sdc/Desktop/mocap4ros2_ws/Archive/install/mocap4r2_msgs/lib/libmocap4r2_msgs__rosidl_typesupport_introspection_c.so
[0.596s] -- Up-to-date: /home/sdc/Desktop/mocap4ros2_ws/Archive/install/mocap4r2_msgs/lib/libmocap4r2_msgs__rosidl_typesupport_c.so
[0.596s] -- Up-to-date: /home/sdc/Desktop/mocap4ros2_ws/Archive/install/mocap4r2_msgs/include/mocap4r2_msgs/mocap4r2_msgs
[0.596s] -- Up-to-date: /home/sdc/Desktop/mocap4ros2_ws/Archive/install/mocap4r2_msgs/include/mocap4r2_msgs/mocap4r2_msgs/msg
[0.596s] -- Up-to-date: /home/sdc/Desktop/mocap4ros2_ws/Archive/install/mocap4r2_msgs/include/mocap4r2_msgs/mocap4r2_msgs/msg/imus_info.hpp
[0.596s] -- Up-to-date: /home/sdc/Desktop/mocap4ros2_ws/Archive/install/mocap4r2_msgs/include/mocap4r2_msgs/mocap4r2_msgs/msg/detail
[0.596s] -- Up-to-date: /home/sdc/Desktop/mocap4ros2_ws/Archive/install/mocap4r2_msgs/include/mocap4r2_msgs/mocap4r2_msgs/msg/detail/markers__traits.hpp
[0.596s] -- Up-to-date: /home/sdc/Desktop/mocap4ros2_ws/Archive/install/mocap4r2_msgs/include/mocap4r2_msgs/mocap4r2_msgs/msg/detail/rigid_body__struct.hpp
[0.596s] -- Up-to-date: /home/sdc/Desktop/mocap4ros2_ws/Archive/install/mocap4r2_msgs/include/mocap4r2_msgs/mocap4r2_msgs/msg/detail/rigid_bodies__traits.hpp
[0.597s] -- Up-to-date: /home/sdc/Desktop/mocap4ros2_ws/Archive/install/mocap4r2_msgs/include/mocap4r2_msgs/mocap4r2_msgs/msg/detail/rigid_bodies__struct.hpp
[0.597s] -- Up-to-date: /home/sdc/Desktop/mocap4ros2_ws/Archive/install/mocap4r2_msgs/include/mocap4r2_msgs/mocap4r2_msgs/msg/detail/imus_info__builder.hpp
[0.597s] -- Up-to-date: /home/sdc/Desktop/mocap4ros2_ws/Archive/install/mocap4r2_msgs/include/mocap4r2_msgs/mocap4r2_msgs/msg/detail/imus_info__traits.hpp
[0.597s] -- Up-to-date: /home/sdc/Desktop/mocap4ros2_ws/Archive/install/mocap4r2_msgs/include/mocap4r2_msgs/mocap4r2_msgs/msg/detail/marker__traits.hpp
[0.597s] -- Up-to-date: /home/sdc/Desktop/mocap4ros2_ws/Archive/install/mocap4r2_msgs/include/mocap4r2_msgs/mocap4r2_msgs/msg/detail/rigid_bodies__builder.hpp
[0.597s] -- Up-to-date: /home/sdc/Desktop/mocap4ros2_ws/Archive/install/mocap4r2_msgs/include/mocap4r2_msgs/mocap4r2_msgs/msg/detail/markers__struct.hpp
[0.598s] -- Up-to-date: /home/sdc/Desktop/mocap4ros2_ws/Archive/install/mocap4r2_msgs/include/mocap4r2_msgs/mocap4r2_msgs/msg/detail/marker__builder.hpp
[0.598s] -- Up-to-date: /home/sdc/Desktop/mocap4ros2_ws/Archive/install/mocap4r2_msgs/include/mocap4r2_msgs/mocap4r2_msgs/msg/detail/rigid_body__builder.hpp
[0.598s] -- Up-to-date: /home/sdc/Desktop/mocap4ros2_ws/Archive/install/mocap4r2_msgs/include/mocap4r2_msgs/mocap4r2_msgs/msg/detail/markers__builder.hpp
[0.598s] -- Up-to-date: /home/sdc/Desktop/mocap4ros2_ws/Archive/install/mocap4r2_msgs/include/mocap4r2_msgs/mocap4r2_msgs/msg/detail/imus_info__struct.hpp
[0.598s] -- Up-to-date: /home/sdc/Desktop/mocap4ros2_ws/Archive/install/mocap4r2_msgs/include/mocap4r2_msgs/mocap4r2_msgs/msg/detail/rigid_body__traits.hpp
[0.598s] -- Up-to-date: /home/sdc/Desktop/mocap4ros2_ws/Archive/install/mocap4r2_msgs/include/mocap4r2_msgs/mocap4r2_msgs/msg/detail/marker__struct.hpp
[0.598s] -- Up-to-date: /home/sdc/Desktop/mocap4ros2_ws/Archive/install/mocap4r2_msgs/include/mocap4r2_msgs/mocap4r2_msgs/msg/rigid_bodies.hpp
[0.598s] -- Up-to-date: /home/sdc/Desktop/mocap4ros2_ws/Archive/install/mocap4r2_msgs/include/mocap4r2_msgs/mocap4r2_msgs/msg/markers.hpp
[0.598s] -- Up-to-date: /home/sdc/Desktop/mocap4ros2_ws/Archive/install/mocap4r2_msgs/include/mocap4r2_msgs/mocap4r2_msgs/msg/marker.hpp
[0.598s] -- Up-to-date: /home/sdc/Desktop/mocap4ros2_ws/Archive/install/mocap4r2_msgs/include/mocap4r2_msgs/mocap4r2_msgs/msg/rigid_body.hpp
[0.598s] -- Up-to-date: /home/sdc/Desktop/mocap4ros2_ws/Archive/install/mocap4r2_msgs/include/mocap4r2_msgs/mocap4r2_msgs/srv
[0.598s] -- Up-to-date: /home/sdc/Desktop/mocap4ros2_ws/Archive/install/mocap4r2_msgs/include/mocap4r2_msgs/mocap4r2_msgs/srv/detail
[0.598s] -- Up-to-date: /home/sdc/Desktop/mocap4ros2_ws/Archive/install/mocap4r2_msgs/include/mocap4r2_msgs/mocap4r2_msgs/srv/detail/create_rigid_body__struct.hpp
[0.598s] -- Up-to-date: /home/sdc/Desktop/mocap4ros2_ws/Archive/install/mocap4r2_msgs/include/mocap4r2_msgs/mocap4r2_msgs/srv/detail/create_rigid_body__builder.hpp
[0.599s] -- Up-to-date: /home/sdc/Desktop/mocap4ros2_ws/Archive/install/mocap4r2_msgs/include/mocap4r2_msgs/mocap4r2_msgs/srv/detail/create_rigid_body__traits.hpp
[0.599s] -- Up-to-date: /home/sdc/Desktop/mocap4ros2_ws/Archive/install/mocap4r2_msgs/include/mocap4r2_msgs/mocap4r2_msgs/srv/create_rigid_body.hpp
[0.599s] -- Up-to-date: /home/sdc/Desktop/mocap4ros2_ws/Archive/install/mocap4r2_msgs/include/mocap4r2_msgs/mocap4r2_msgs
[0.599s] -- Up-to-date: /home/sdc/Desktop/mocap4ros2_ws/Archive/install/mocap4r2_msgs/include/mocap4r2_msgs/mocap4r2_msgs/msg
[0.600s] -- Up-to-date: /home/sdc/Desktop/mocap4ros2_ws/Archive/install/mocap4r2_msgs/include/mocap4r2_msgs/mocap4r2_msgs/msg/rosidl_typesupport_fastrtps_cpp__visibility_control.h
[0.600s] -- Up-to-date: /home/sdc/Desktop/mocap4ros2_ws/Archive/install/mocap4r2_msgs/include/mocap4r2_msgs/mocap4r2_msgs/msg/detail
[0.600s] -- Up-to-date: /home/sdc/Desktop/mocap4ros2_ws/Archive/install/mocap4r2_msgs/include/mocap4r2_msgs/mocap4r2_msgs/msg/detail/dds_fastrtps
[0.600s] -- Up-to-date: /home/sdc/Desktop/mocap4ros2_ws/Archive/install/mocap4r2_msgs/include/mocap4r2_msgs/mocap4r2_msgs/msg/detail/rigid_body__rosidl_typesupport_fastrtps_cpp.hpp
[0.600s] -- Up-to-date: /home/sdc/Desktop/mocap4ros2_ws/Archive/install/mocap4r2_msgs/include/mocap4r2_msgs/mocap4r2_msgs/msg/detail/imus_info__rosidl_typesupport_fastrtps_cpp.hpp
[0.600s] -- Up-to-date: /home/sdc/Desktop/mocap4ros2_ws/Archive/install/mocap4r2_msgs/include/mocap4r2_msgs/mocap4r2_msgs/msg/detail/markers__rosidl_typesupport_fastrtps_cpp.hpp
[0.601s] -- Up-to-date: /home/sdc/Desktop/mocap4ros2_ws/Archive/install/mocap4r2_msgs/include/mocap4r2_msgs/mocap4r2_msgs/msg/detail/marker__rosidl_typesupport_fastrtps_cpp.hpp
[0.601s] -- Up-to-date: /home/sdc/Desktop/mocap4ros2_ws/Archive/install/mocap4r2_msgs/include/mocap4r2_msgs/mocap4r2_msgs/msg/detail/rigid_bodies__rosidl_typesupport_fastrtps_cpp.hpp
[0.601s] -- Up-to-date: /home/sdc/Desktop/mocap4ros2_ws/Archive/install/mocap4r2_msgs/include/mocap4r2_msgs/mocap4r2_msgs/srv
[0.601s] -- Up-to-date: /home/sdc/Desktop/mocap4ros2_ws/Archive/install/mocap4r2_msgs/include/mocap4r2_msgs/mocap4r2_msgs/srv/detail
[0.601s] -- Up-to-date: /home/sdc/Desktop/mocap4ros2_ws/Archive/install/mocap4r2_msgs/include/mocap4r2_msgs/mocap4r2_msgs/srv/detail/dds_fastrtps
[0.601s] -- Up-to-date: /home/sdc/Desktop/mocap4ros2_ws/Archive/install/mocap4r2_msgs/include/mocap4r2_msgs/mocap4r2_msgs/srv/detail/create_rigid_body__rosidl_typesupport_fastrtps_cpp.hpp
[0.601s] -- Up-to-date: /home/sdc/Desktop/mocap4ros2_ws/Archive/install/mocap4r2_msgs/lib/libmocap4r2_msgs__rosidl_typesupport_fastrtps_cpp.so
[0.602s] -- Up-to-date: /home/sdc/Desktop/mocap4ros2_ws/Archive/install/mocap4r2_msgs/include/mocap4r2_msgs/mocap4r2_msgs
[0.602s] -- Up-to-date: /home/sdc/Desktop/mocap4ros2_ws/Archive/install/mocap4r2_msgs/include/mocap4r2_msgs/mocap4r2_msgs/msg
[0.602s] -- Up-to-date: /home/sdc/Desktop/mocap4ros2_ws/Archive/install/mocap4r2_msgs/include/mocap4r2_msgs/mocap4r2_msgs/msg/detail
[0.602s] -- Up-to-date: /home/sdc/Desktop/mocap4ros2_ws/Archive/install/mocap4r2_msgs/include/mocap4r2_msgs/mocap4r2_msgs/msg/detail/markers__rosidl_typesupport_introspection_cpp.hpp
[0.603s] -- Up-to-date: /home/sdc/Desktop/mocap4ros2_ws/Archive/install/mocap4r2_msgs/include/mocap4r2_msgs/mocap4r2_msgs/msg/detail/rigid_body__type_support.cpp
[0.603s] -- Up-to-date: /home/sdc/Desktop/mocap4ros2_ws/Archive/install/mocap4r2_msgs/include/mocap4r2_msgs/mocap4r2_msgs/msg/detail/imus_info__type_support.cpp
[0.603s] -- Up-to-date: /home/sdc/Desktop/mocap4ros2_ws/Archive/install/mocap4r2_msgs/include/mocap4r2_msgs/mocap4r2_msgs/msg/detail/marker__rosidl_typesupport_introspection_cpp.hpp
[0.603s] -- Up-to-date: /home/sdc/Desktop/mocap4ros2_ws/Archive/install/mocap4r2_msgs/include/mocap4r2_msgs/mocap4r2_msgs/msg/detail/marker__type_support.cpp
[0.604s] -- Up-to-date: /home/sdc/Desktop/mocap4ros2_ws/Archive/install/mocap4r2_msgs/include/mocap4r2_msgs/mocap4r2_msgs/msg/detail/markers__type_support.cpp
[0.604s] -- Up-to-date: /home/sdc/Desktop/mocap4ros2_ws/Archive/install/mocap4r2_msgs/include/mocap4r2_msgs/mocap4r2_msgs/msg/detail/rigid_bodies__rosidl_typesupport_introspection_cpp.hpp
[0.604s] -- Up-to-date: /home/sdc/Desktop/mocap4ros2_ws/Archive/install/mocap4r2_msgs/include/mocap4r2_msgs/mocap4r2_msgs/msg/detail/rigid_body__rosidl_typesupport_introspection_cpp.hpp
[0.604s] -- Up-to-date: /home/sdc/Desktop/mocap4ros2_ws/Archive/install/mocap4r2_msgs/include/mocap4r2_msgs/mocap4r2_msgs/msg/detail/rigid_bodies__type_support.cpp
[0.605s] -- Up-to-date: /home/sdc/Desktop/mocap4ros2_ws/Archive/install/mocap4r2_msgs/include/mocap4r2_msgs/mocap4r2_msgs/msg/detail/imus_info__rosidl_typesupport_introspection_cpp.hpp
[0.605s] -- Up-to-date: /home/sdc/Desktop/mocap4ros2_ws/Archive/install/mocap4r2_msgs/include/mocap4r2_msgs/mocap4r2_msgs/srv
[0.605s] -- Up-to-date: /home/sdc/Desktop/mocap4ros2_ws/Archive/install/mocap4r2_msgs/include/mocap4r2_msgs/mocap4r2_msgs/srv/detail
[0.605s] -- Up-to-date: /home/sdc/Desktop/mocap4ros2_ws/Archive/install/mocap4r2_msgs/include/mocap4r2_msgs/mocap4r2_msgs/srv/detail/create_rigid_body__rosidl_typesupport_introspection_cpp.hpp
[0.605s] -- Up-to-date: /home/sdc/Desktop/mocap4ros2_ws/Archive/install/mocap4r2_msgs/include/mocap4r2_msgs/mocap4r2_msgs/srv/detail/create_rigid_body__type_support.cpp
[0.606s] -- Up-to-date: /home/sdc/Desktop/mocap4ros2_ws/Archive/install/mocap4r2_msgs/lib/libmocap4r2_msgs__rosidl_typesupport_introspection_cpp.so
[0.606s] -- Up-to-date: /home/sdc/Desktop/mocap4ros2_ws/Archive/install/mocap4r2_msgs/lib/libmocap4r2_msgs__rosidl_typesupport_cpp.so
[0.606s] -- Up-to-date: /home/sdc/Desktop/mocap4ros2_ws/Archive/install/mocap4r2_msgs/share/mocap4r2_msgs/environment/pythonpath.sh
[0.606s] -- Up-to-date: /home/sdc/Desktop/mocap4ros2_ws/Archive/install/mocap4r2_msgs/share/mocap4r2_msgs/environment/pythonpath.dsv
[0.607s] -- Up-to-date: /home/sdc/Desktop/mocap4ros2_ws/Archive/install/mocap4r2_msgs/local/lib/python3.10/dist-packages/mocap4r2_msgs-0.0.5-py3.10.egg-info
[0.607s] -- Installing: /home/sdc/Desktop/mocap4ros2_ws/Archive/install/mocap4r2_msgs/local/lib/python3.10/dist-packages/mocap4r2_msgs-0.0.5-py3.10.egg-info/top_level.txt
[0.607s] -- Installing: /home/sdc/Desktop/mocap4ros2_ws/Archive/install/mocap4r2_msgs/local/lib/python3.10/dist-packages/mocap4r2_msgs-0.0.5-py3.10.egg-info/dependency_links.txt
[0.607s] -- Installing: /home/sdc/Desktop/mocap4ros2_ws/Archive/install/mocap4r2_msgs/local/lib/python3.10/dist-packages/mocap4r2_msgs-0.0.5-py3.10.egg-info/SOURCES.txt
[0.608s] -- Installing: /home/sdc/Desktop/mocap4ros2_ws/Archive/install/mocap4r2_msgs/local/lib/python3.10/dist-packages/mocap4r2_msgs-0.0.5-py3.10.egg-info/PKG-INFO
[0.608s] -- Up-to-date: /home/sdc/Desktop/mocap4ros2_ws/Archive/install/mocap4r2_msgs/local/lib/python3.10/dist-packages/mocap4r2_msgs
[0.608s] -- Up-to-date: /home/sdc/Desktop/mocap4ros2_ws/Archive/install/mocap4r2_msgs/local/lib/python3.10/dist-packages/mocap4r2_msgs/msg
[0.608s] -- Up-to-date: /home/sdc/Desktop/mocap4ros2_ws/Archive/install/mocap4r2_msgs/local/lib/python3.10/dist-packages/mocap4r2_msgs/msg/_imus_info_s.c
[0.608s] -- Up-to-date: /home/sdc/Desktop/mocap4ros2_ws/Archive/install/mocap4r2_msgs/local/lib/python3.10/dist-packages/mocap4r2_msgs/msg/_rigid_bodies_s.c
[0.608s] -- Up-to-date: /home/sdc/Desktop/mocap4ros2_ws/Archive/install/mocap4r2_msgs/local/lib/python3.10/dist-packages/mocap4r2_msgs/msg/__init__.py
[0.609s] -- Up-to-date: /home/sdc/Desktop/mocap4ros2_ws/Archive/install/mocap4r2_msgs/local/lib/python3.10/dist-packages/mocap4r2_msgs/msg/_rigid_bodies.py
[0.609s] -- Up-to-date: /home/sdc/Desktop/mocap4ros2_ws/Archive/install/mocap4r2_msgs/local/lib/python3.10/dist-packages/mocap4r2_msgs/msg/_rigid_body_s.c
[0.609s] -- Up-to-date: /home/sdc/Desktop/mocap4ros2_ws/Archive/install/mocap4r2_msgs/local/lib/python3.10/dist-packages/mocap4r2_msgs/msg/_marker.py
[0.609s] -- Up-to-date: /home/sdc/Desktop/mocap4ros2_ws/Archive/install/mocap4r2_msgs/local/lib/python3.10/dist-packages/mocap4r2_msgs/msg/_imus_info.py
[0.609s] -- Up-to-date: /home/sdc/Desktop/mocap4ros2_ws/Archive/install/mocap4r2_msgs/local/lib/python3.10/dist-packages/mocap4r2_msgs/msg/_markers_s.c
[0.610s] -- Up-to-date: /home/sdc/Desktop/mocap4ros2_ws/Archive/install/mocap4r2_msgs/local/lib/python3.10/dist-packages/mocap4r2_msgs/msg/_marker_s.c
[0.610s] -- Up-to-date: /home/sdc/Desktop/mocap4ros2_ws/Archive/install/mocap4r2_msgs/local/lib/python3.10/dist-packages/mocap4r2_msgs/msg/_rigid_body.py
[0.610s] -- Up-to-date: /home/sdc/Desktop/mocap4ros2_ws/Archive/install/mocap4r2_msgs/local/lib/python3.10/dist-packages/mocap4r2_msgs/msg/_markers.py
[0.610s] -- Up-to-date: /home/sdc/Desktop/mocap4ros2_ws/Archive/install/mocap4r2_msgs/local/lib/python3.10/dist-packages/mocap4r2_msgs/__init__.py
[0.611s] -- Up-to-date: /home/sdc/Desktop/mocap4ros2_ws/Archive/install/mocap4r2_msgs/local/lib/python3.10/dist-packages/mocap4r2_msgs/srv
[0.611s] -- Up-to-date: /home/sdc/Desktop/mocap4ros2_ws/Archive/install/mocap4r2_msgs/local/lib/python3.10/dist-packages/mocap4r2_msgs/srv/__init__.py
[0.611s] -- Up-to-date: /home/sdc/Desktop/mocap4ros2_ws/Archive/install/mocap4r2_msgs/local/lib/python3.10/dist-packages/mocap4r2_msgs/srv/_create_rigid_body.py
[0.612s] -- Up-to-date: /home/sdc/Desktop/mocap4ros2_ws/Archive/install/mocap4r2_msgs/local/lib/python3.10/dist-packages/mocap4r2_msgs/srv/_create_rigid_body_s.c
[0.612s] -- Up-to-date: /home/sdc/Desktop/mocap4ros2_ws/Archive/install/mocap4r2_msgs/local/lib/python3.10/dist-packages/mocap4r2_msgs/_mocap4r2_msgs_s.ep.rosidl_typesupport_fastrtps_c.c
[0.612s] -- Up-to-date: /home/sdc/Desktop/mocap4ros2_ws/Archive/install/mocap4r2_msgs/local/lib/python3.10/dist-packages/mocap4r2_msgs/_mocap4r2_msgs_s.ep.rosidl_typesupport_introspection_c.c
[0.612s] -- Up-to-date: /home/sdc/Desktop/mocap4ros2_ws/Archive/install/mocap4r2_msgs/local/lib/python3.10/dist-packages/mocap4r2_msgs/libmocap4r2_msgs__rosidl_generator_py.so
[0.612s] -- Up-to-date: /home/sdc/Desktop/mocap4ros2_ws/Archive/install/mocap4r2_msgs/local/lib/python3.10/dist-packages/mocap4r2_msgs/_mocap4r2_msgs_s.ep.rosidl_typesupport_c.c
[0.613s] -- Up-to-date: /home/sdc/Desktop/mocap4ros2_ws/Archive/install/mocap4r2_msgs/local/lib/python3.10/dist-packages/mocap4r2_msgs/mocap4r2_msgs_s__rosidl_typesupport_fastrtps_c.cpython-310-x86_64-linux-gnu.so
[0.613s] -- Up-to-date: /home/sdc/Desktop/mocap4ros2_ws/Archive/install/mocap4r2_msgs/local/lib/python3.10/dist-packages/mocap4r2_msgs/mocap4r2_msgs_s__rosidl_typesupport_c.cpython-310-x86_64-linux-gnu.so
[0.614s] -- Up-to-date: /home/sdc/Desktop/mocap4ros2_ws/Archive/install/mocap4r2_msgs/local/lib/python3.10/dist-packages/mocap4r2_msgs/mocap4r2_msgs_s__rosidl_typesupport_introspection_c.cpython-310-x86_64-linux-gnu.so
[0.614s] Listing '/home/sdc/Desktop/mocap4ros2_ws/Archive/install/mocap4r2_msgs/local/lib/python3.10/dist-packages/mocap4r2_msgs'...
[0.614s] Listing '/home/sdc/Desktop/mocap4ros2_ws/Archive/install/mocap4r2_msgs/local/lib/python3.10/dist-packages/mocap4r2_msgs/msg'...
[0.614s] Listing '/home/sdc/Desktop/mocap4ros2_ws/Archive/install/mocap4r2_msgs/local/lib/python3.10/dist-packages/mocap4r2_msgs/srv'...
[0.614s] -- Up-to-date: /home/sdc/Desktop/mocap4ros2_ws/Archive/install/mocap4r2_msgs/local/lib/python3.10/dist-packages/mocap4r2_msgs/mocap4r2_msgs_s__rosidl_typesupport_fastrtps_c.cpython-310-x86_64-linux-gnu.so
[0.614s] -- Up-to-date: /home/sdc/Desktop/mocap4ros2_ws/Archive/install/mocap4r2_msgs/local/lib/python3.10/dist-packages/mocap4r2_msgs/mocap4r2_msgs_s__rosidl_typesupport_introspection_c.cpython-310-x86_64-linux-gnu.so
[0.615s] -- Up-to-date: /home/sdc/Desktop/mocap4ros2_ws/Archive/install/mocap4r2_msgs/local/lib/python3.10/dist-packages/mocap4r2_msgs/mocap4r2_msgs_s__rosidl_typesupport_c.cpython-310-x86_64-linux-gnu.so
[0.615s] -- Up-to-date: /home/sdc/Desktop/mocap4ros2_ws/Archive/install/mocap4r2_msgs/lib/libmocap4r2_msgs__rosidl_generator_py.so
[0.615s] -- Up-to-date: /home/sdc/Desktop/mocap4ros2_ws/Archive/install/mocap4r2_msgs/share/mocap4r2_msgs/msg/Marker.idl
[0.615s] -- Up-to-date: /home/sdc/Desktop/mocap4ros2_ws/Archive/install/mocap4r2_msgs/share/mocap4r2_msgs/msg/Markers.idl
[0.616s] -- Up-to-date: /home/sdc/Desktop/mocap4ros2_ws/Archive/install/mocap4r2_msgs/share/mocap4r2_msgs/msg/ImusInfo.idl
[0.616s] -- Up-to-date: /home/sdc/Desktop/mocap4ros2_ws/Archive/install/mocap4r2_msgs/share/mocap4r2_msgs/msg/RigidBody.idl
[0.616s] -- Up-to-date: /home/sdc/Desktop/mocap4ros2_ws/Archive/install/mocap4r2_msgs/share/mocap4r2_msgs/msg/RigidBodies.idl
[0.616s] -- Up-to-date: /home/sdc/Desktop/mocap4ros2_ws/Archive/install/mocap4r2_msgs/share/mocap4r2_msgs/srv/CreateRigidBody.idl
[0.616s] -- Up-to-date: /home/sdc/Desktop/mocap4ros2_ws/Archive/install/mocap4r2_msgs/share/mocap4r2_msgs/msg/Marker.msg
[0.616s] -- Up-to-date: /home/sdc/Desktop/mocap4ros2_ws/Archive/install/mocap4r2_msgs/share/mocap4r2_msgs/msg/Markers.msg
[0.616s] -- Up-to-date: /home/sdc/Desktop/mocap4ros2_ws/Archive/install/mocap4r2_msgs/share/mocap4r2_msgs/msg/ImusInfo.msg
[0.617s] -- Up-to-date: /home/sdc/Desktop/mocap4ros2_ws/Archive/install/mocap4r2_msgs/share/mocap4r2_msgs/msg/RigidBody.msg
[0.617s] -- Up-to-date: /home/sdc/Desktop/mocap4ros2_ws/Archive/install/mocap4r2_msgs/share/mocap4r2_msgs/msg/RigidBodies.msg
[0.617s] -- Up-to-date: /home/sdc/Desktop/mocap4ros2_ws/Archive/install/mocap4r2_msgs/share/mocap4r2_msgs/srv/CreateRigidBody.srv
[0.617s] -- Up-to-date: /home/sdc/Desktop/mocap4ros2_ws/Archive/install/mocap4r2_msgs/share/mocap4r2_msgs/srv/CreateRigidBody_Request.msg
[0.617s] -- Up-to-date: /home/sdc/Desktop/mocap4ros2_ws/Archive/install/mocap4r2_msgs/share/mocap4r2_msgs/srv/CreateRigidBody_Response.msg
[0.617s] -- Up-to-date: /home/sdc/Desktop/mocap4ros2_ws/Archive/install/mocap4r2_msgs/share/mocap4r2_msgs/mocap4r2_bridge_mapping_rule.yaml
[0.617s] -- Up-to-date: /home/sdc/Desktop/mocap4ros2_ws/Archive/install/mocap4r2_msgs/share/ament_index/resource_index/package_run_dependencies/mocap4r2_msgs
[0.618s] -- Up-to-date: /home/sdc/Desktop/mocap4ros2_ws/Archive/install/mocap4r2_msgs/share/ament_index/resource_index/parent_prefix_path/mocap4r2_msgs
[0.618s] -- Up-to-date: /home/sdc/Desktop/mocap4ros2_ws/Archive/install/mocap4r2_msgs/share/mocap4r2_msgs/environment/ament_prefix_path.sh
[0.618s] -- Up-to-date: /home/sdc/Desktop/mocap4ros2_ws/Archive/install/mocap4r2_msgs/share/mocap4r2_msgs/environment/ament_prefix_path.dsv
[0.618s] -- Up-to-date: /home/sdc/Desktop/mocap4ros2_ws/Archive/install/mocap4r2_msgs/share/mocap4r2_msgs/environment/path.sh
[0.618s] -- Up-to-date: /home/sdc/Desktop/mocap4ros2_ws/Archive/install/mocap4r2_msgs/share/mocap4r2_msgs/environment/path.dsv
[0.618s] -- Up-to-date: /home/sdc/Desktop/mocap4ros2_ws/Archive/install/mocap4r2_msgs/share/mocap4r2_msgs/local_setup.bash
[0.618s] -- Up-to-date: /home/sdc/Desktop/mocap4ros2_ws/Archive/install/mocap4r2_msgs/share/mocap4r2_msgs/local_setup.sh
[0.619s] -- Up-to-date: /home/sdc/Desktop/mocap4ros2_ws/Archive/install/mocap4r2_msgs/share/mocap4r2_msgs/local_setup.zsh
[0.619s] -- Up-to-date: /home/sdc/Desktop/mocap4ros2_ws/Archive/install/mocap4r2_msgs/share/mocap4r2_msgs/local_setup.dsv
[0.619s] -- Installing: /home/sdc/Desktop/mocap4ros2_ws/Archive/install/mocap4r2_msgs/share/mocap4r2_msgs/package.dsv
[0.619s] -- Up-to-date: /home/sdc/Desktop/mocap4ros2_ws/Archive/install/mocap4r2_msgs/share/ament_index/resource_index/packages/mocap4r2_msgs
[0.619s] -- Up-to-date: /home/sdc/Desktop/mocap4ros2_ws/Archive/install/mocap4r2_msgs/share/mocap4r2_msgs/cmake/export_mocap4r2_msgs__rosidl_generator_cExport.cmake
[0.620s] -- Up-to-date: /home/sdc/Desktop/mocap4ros2_ws/Archive/install/mocap4r2_msgs/share/mocap4r2_msgs/cmake/export_mocap4r2_msgs__rosidl_generator_cExport-noconfig.cmake
[0.620s] -- Up-to-date: /home/sdc/Desktop/mocap4ros2_ws/Archive/install/mocap4r2_msgs/share/mocap4r2_msgs/cmake/export_mocap4r2_msgs__rosidl_typesupport_fastrtps_cExport.cmake
[0.620s] -- Up-to-date: /home/sdc/Desktop/mocap4ros2_ws/Archive/install/mocap4r2_msgs/share/mocap4r2_msgs/cmake/export_mocap4r2_msgs__rosidl_typesupport_fastrtps_cExport-noconfig.cmake
[0.620s] -- Up-to-date: /home/sdc/Desktop/mocap4ros2_ws/Archive/install/mocap4r2_msgs/share/mocap4r2_msgs/cmake/mocap4r2_msgs__rosidl_typesupport_introspection_cExport.cmake
[0.620s] -- Up-to-date: /home/sdc/Desktop/mocap4ros2_ws/Archive/install/mocap4r2_msgs/share/mocap4r2_msgs/cmake/mocap4r2_msgs__rosidl_typesupport_introspection_cExport-noconfig.cmake
[0.621s] -- Up-to-date: /home/sdc/Desktop/mocap4ros2_ws/Archive/install/mocap4r2_msgs/share/mocap4r2_msgs/cmake/mocap4r2_msgs__rosidl_typesupport_cExport.cmake
[0.621s] -- Up-to-date: /home/sdc/Desktop/mocap4ros2_ws/Archive/install/mocap4r2_msgs/share/mocap4r2_msgs/cmake/mocap4r2_msgs__rosidl_typesupport_cExport-noconfig.cmake
[0.621s] -- Up-to-date: /home/sdc/Desktop/mocap4ros2_ws/Archive/install/mocap4r2_msgs/share/mocap4r2_msgs/cmake/export_mocap4r2_msgs__rosidl_generator_cppExport.cmake
[0.622s] -- Up-to-date: /home/sdc/Desktop/mocap4ros2_ws/Archive/install/mocap4r2_msgs/share/mocap4r2_msgs/cmake/export_mocap4r2_msgs__rosidl_typesupport_fastrtps_cppExport.cmake
[0.622s] -- Up-to-date: /home/sdc/Desktop/mocap4ros2_ws/Archive/install/mocap4r2_msgs/share/mocap4r2_msgs/cmake/export_mocap4r2_msgs__rosidl_typesupport_fastrtps_cppExport-noconfig.cmake
[0.622s] -- Up-to-date: /home/sdc/Desktop/mocap4ros2_ws/Archive/install/mocap4r2_msgs/share/mocap4r2_msgs/cmake/mocap4r2_msgs__rosidl_typesupport_introspection_cppExport.cmake
[0.622s] -- Up-to-date: /home/sdc/Desktop/mocap4ros2_ws/Archive/install/mocap4r2_msgs/share/mocap4r2_msgs/cmake/mocap4r2_msgs__rosidl_typesupport_introspection_cppExport-noconfig.cmake
[0.622s] -- Up-to-date: /home/sdc/Desktop/mocap4ros2_ws/Archive/install/mocap4r2_msgs/share/mocap4r2_msgs/cmake/mocap4r2_msgs__rosidl_typesupport_cppExport.cmake
[0.622s] -- Up-to-date: /home/sdc/Desktop/mocap4ros2_ws/Archive/install/mocap4r2_msgs/share/mocap4r2_msgs/cmake/mocap4r2_msgs__rosidl_typesupport_cppExport-noconfig.cmake
[0.623s] -- Up-to-date: /home/sdc/Desktop/mocap4ros2_ws/Archive/install/mocap4r2_msgs/share/mocap4r2_msgs/cmake/export_mocap4r2_msgs__rosidl_generator_pyExport.cmake
[0.623s] -- Up-to-date: /home/sdc/Desktop/mocap4ros2_ws/Archive/install/mocap4r2_msgs/share/mocap4r2_msgs/cmake/export_mocap4r2_msgs__rosidl_generator_pyExport-noconfig.cmake
[0.623s] -- Up-to-date: /home/sdc/Desktop/mocap4ros2_ws/Archive/install/mocap4r2_msgs/share/mocap4r2_msgs/cmake/rosidl_cmake-extras.cmake
[0.623s] -- Up-to-date: /home/sdc/Desktop/mocap4ros2_ws/Archive/install/mocap4r2_msgs/share/mocap4r2_msgs/cmake/ament_cmake_export_dependencies-extras.cmake
[0.624s] -- Up-to-date: /home/sdc/Desktop/mocap4ros2_ws/Archive/install/mocap4r2_msgs/share/mocap4r2_msgs/cmake/ament_cmake_export_include_directories-extras.cmake
[0.624s] -- Up-to-date: /home/sdc/Desktop/mocap4ros2_ws/Archive/install/mocap4r2_msgs/share/mocap4r2_msgs/cmake/ament_cmake_export_libraries-extras.cmake
[0.624s] -- Up-to-date: /home/sdc/Desktop/mocap4ros2_ws/Archive/install/mocap4r2_msgs/share/mocap4r2_msgs/cmake/ament_cmake_export_targets-extras.cmake
[0.624s] -- Up-to-date: /home/sdc/Desktop/mocap4ros2_ws/Archive/install/mocap4r2_msgs/share/mocap4r2_msgs/cmake/rosidl_cmake_export_typesupport_targets-extras.cmake
[0.624s] -- Up-to-date: /home/sdc/Desktop/mocap4ros2_ws/Archive/install/mocap4r2_msgs/share/mocap4r2_msgs/cmake/rosidl_cmake_export_typesupport_libraries-extras.cmake
[0.624s] -- Up-to-date: /home/sdc/Desktop/mocap4ros2_ws/Archive/install/mocap4r2_msgs/share/mocap4r2_msgs/cmake/mocap4r2_msgsConfig.cmake
[0.624s] -- Up-to-date: /home/sdc/Desktop/mocap4ros2_ws/Archive/install/mocap4r2_msgs/share/mocap4r2_msgs/cmake/mocap4r2_msgsConfig-version.cmake
[0.624s] -- Up-to-date: /home/sdc/Desktop/mocap4ros2_ws/Archive/install/mocap4r2_msgs/share/mocap4r2_msgs/package.xml
[0.640s] Invoked command in '/home/sdc/Desktop/mocap4ros2_ws/Archive/build/mocap4r2_msgs' returned '0': CMAKE_PREFIX_PATH=${CMAKE_PREFIX_PATH}:/home/sdc/Desktop/mocap4ros2_ws/Archive/install/target_pid_controller:/home/sdc/Desktop/mocap4ros2_ws/Archive/install/pure_pursuit:/opt/ros/humble /usr/bin/cmake --install /home/sdc/Desktop/mocap4ros2_ws/Archive/build/mocap4r2_msgs
