[0.632s] DEBUG:colcon:Command line arguments: ['/home/sdc/.local/bin/colcon', 'build']
[0.632s] DEBUG:colcon:Parsed command line arguments: Namespace(log_base=None, log_level=None, verb_name='build', build_base='build', install_base='install', merge_install=False, symlink_install=False, test_result_base=None, continue_on_error=False, executor='parallel', parallel_workers=16, event_handlers=None, ignore_user_meta=False, metas=['./colcon.meta'], base_paths=['.'], packages_ignore=None, packages_ignore_regex=None, paths=None, packages_up_to=None, packages_up_to_regex=None, packages_above=None, packages_above_and_dependencies=None, packages_above_depth=None, packages_select_by_dep=None, packages_skip_by_dep=None, packages_skip_up_to=None, packages_select_build_failed=False, packages_skip_build_finished=False, packages_select_test_failures=False, packages_skip_test_passed=False, packages_select=None, packages_skip=None, packages_select_regex=None, packages_skip_regex=None, packages_start=None, packages_end=None, allow_overriding=[], cmake_args=None, cmake_target=None, cmake_target_skip_unavailable=False, cmake_clean_cache=False, cmake_clean_first=False, cmake_force_configure=False, ament_cmake_args=None, catkin_cmake_args=None, catkin_skip_building_tests=False, mixin_files=None, mixin=None, verb_parser=<colcon_mixin.mixin.mixin_argument.MixinArgumentDecorator object at 0x7967ed5b40d0>, verb_extension=<colcon_core.verb.build.BuildVerb object at 0x7967ed5b7070>, main=<bound method BuildVerb.main of <colcon_core.verb.build.BuildVerb object at 0x7967ed5b7070>>, mixin_verb=('build',))
[0.655s] Level 1:colcon.colcon_core.package_discovery:discover_packages(colcon_meta) check parameters
[0.655s] Level 1:colcon.colcon_core.package_discovery:discover_packages(recursive) check parameters
[0.655s] Level 1:colcon.colcon_core.package_discovery:discover_packages(ignore) check parameters
[0.655s] Level 1:colcon.colcon_core.package_discovery:discover_packages(path) check parameters
[0.655s] Level 1:colcon.colcon_core.package_discovery:discover_packages(colcon_meta) discover
[0.655s] Level 1:colcon.colcon_core.package_discovery:discover_packages(recursive) discover
[0.655s] INFO:colcon.colcon_core.package_discovery:Crawling recursively for packages in '/home/sdc/Desktop/mocap4ros2_ws/Archive'
[0.655s] Level 1:colcon.colcon_core.package_identification:_identify(.) by extensions ['ignore', 'ignore_ament_install']
[0.655s] Level 1:colcon.colcon_core.package_identification:_identify(.) by extension 'ignore'
[0.655s] Level 1:colcon.colcon_core.package_identification:_identify(.) by extension 'ignore_ament_install'
[0.655s] Level 1:colcon.colcon_core.package_identification:_identify(.) by extensions ['colcon_pkg']
[0.655s] Level 1:colcon.colcon_core.package_identification:_identify(.) by extension 'colcon_pkg'
[0.655s] Level 1:colcon.colcon_core.package_identification:_identify(.) by extensions ['colcon_meta']
[0.655s] Level 1:colcon.colcon_core.package_identification:_identify(.) by extension 'colcon_meta'
[0.655s] Level 1:colcon.colcon_core.package_identification:_identify(.) by extensions ['ros']
[0.655s] Level 1:colcon.colcon_core.package_identification:_identify(.) by extension 'ros'
[0.661s] Level 1:colcon.colcon_core.package_identification:_identify(.) by extensions ['cmake', 'python']
[0.661s] Level 1:colcon.colcon_core.package_identification:_identify(.) by extension 'cmake'
[0.661s] Level 1:colcon.colcon_core.package_identification:_identify(.) by extension 'python'
[0.661s] Level 1:colcon.colcon_core.package_identification:_identify(.) by extensions ['python_setup_py']
[0.661s] Level 1:colcon.colcon_core.package_identification:_identify(.) by extension 'python_setup_py'
[0.661s] Level 1:colcon.colcon_core.package_identification:_identify(build) by extensions ['ignore', 'ignore_ament_install']
[0.661s] Level 1:colcon.colcon_core.package_identification:_identify(build) by extension 'ignore'
[0.661s] Level 1:colcon.colcon_core.package_identification:_identify(build) ignored
[0.661s] Level 1:colcon.colcon_core.package_identification:_identify(custom_robot_msgs) by extensions ['ignore', 'ignore_ament_install']
[0.661s] Level 1:colcon.colcon_core.package_identification:_identify(custom_robot_msgs) by extension 'ignore'
[0.661s] Level 1:colcon.colcon_core.package_identification:_identify(custom_robot_msgs) by extension 'ignore_ament_install'
[0.661s] Level 1:colcon.colcon_core.package_identification:_identify(custom_robot_msgs) by extensions ['colcon_pkg']
[0.661s] Level 1:colcon.colcon_core.package_identification:_identify(custom_robot_msgs) by extension 'colcon_pkg'
[0.661s] Level 1:colcon.colcon_core.package_identification:_identify(custom_robot_msgs) by extensions ['colcon_meta']
[0.661s] Level 1:colcon.colcon_core.package_identification:_identify(custom_robot_msgs) by extension 'colcon_meta'
[0.661s] Level 1:colcon.colcon_core.package_identification:_identify(custom_robot_msgs) by extensions ['ros']
[0.661s] Level 1:colcon.colcon_core.package_identification:_identify(custom_robot_msgs) by extension 'ros'
[0.666s] DEBUG:colcon.colcon_core.package_identification:Package 'custom_robot_msgs' with type 'ros.ament_cmake' and name 'custom_robot_msgs'
[0.666s] Level 1:colcon.colcon_core.package_identification:_identify(install) by extensions ['ignore', 'ignore_ament_install']
[0.666s] Level 1:colcon.colcon_core.package_identification:_identify(install) by extension 'ignore'
[0.666s] Level 1:colcon.colcon_core.package_identification:_identify(install) ignored
[0.667s] Level 1:colcon.colcon_core.package_identification:_identify(log) by extensions ['ignore', 'ignore_ament_install']
[0.667s] Level 1:colcon.colcon_core.package_identification:_identify(log) by extension 'ignore'
[0.667s] Level 1:colcon.colcon_core.package_identification:_identify(log) ignored
[0.667s] Level 1:colcon.colcon_core.package_identification:_identify(pure_pursuit) by extensions ['ignore', 'ignore_ament_install']
[0.667s] Level 1:colcon.colcon_core.package_identification:_identify(pure_pursuit) by extension 'ignore'
[0.667s] Level 1:colcon.colcon_core.package_identification:_identify(pure_pursuit) by extension 'ignore_ament_install'
[0.667s] Level 1:colcon.colcon_core.package_identification:_identify(pure_pursuit) by extensions ['colcon_pkg']
[0.667s] Level 1:colcon.colcon_core.package_identification:_identify(pure_pursuit) by extension 'colcon_pkg'
[0.667s] Level 1:colcon.colcon_core.package_identification:_identify(pure_pursuit) by extensions ['colcon_meta']
[0.667s] Level 1:colcon.colcon_core.package_identification:_identify(pure_pursuit) by extension 'colcon_meta'
[0.667s] Level 1:colcon.colcon_core.package_identification:_identify(pure_pursuit) by extensions ['ros']
[0.667s] Level 1:colcon.colcon_core.package_identification:_identify(pure_pursuit) by extension 'ros'
[0.667s] DEBUG:colcon.colcon_core.package_identification:Package 'pure_pursuit' with type 'ros.ament_python' and name 'pure_pursuit'
[0.667s] Level 1:colcon.colcon_core.package_identification:_identify(target_pid_controller) by extensions ['ignore', 'ignore_ament_install']
[0.667s] Level 1:colcon.colcon_core.package_identification:_identify(target_pid_controller) by extension 'ignore'
[0.667s] Level 1:colcon.colcon_core.package_identification:_identify(target_pid_controller) by extension 'ignore_ament_install'
[0.667s] Level 1:colcon.colcon_core.package_identification:_identify(target_pid_controller) by extensions ['colcon_pkg']
[0.667s] Level 1:colcon.colcon_core.package_identification:_identify(target_pid_controller) by extension 'colcon_pkg'
[0.667s] Level 1:colcon.colcon_core.package_identification:_identify(target_pid_controller) by extensions ['colcon_meta']
[0.667s] Level 1:colcon.colcon_core.package_identification:_identify(target_pid_controller) by extension 'colcon_meta'
[0.667s] Level 1:colcon.colcon_core.package_identification:_identify(target_pid_controller) by extensions ['ros']
[0.667s] Level 1:colcon.colcon_core.package_identification:_identify(target_pid_controller) by extension 'ros'
[0.668s] DEBUG:colcon.colcon_core.package_identification:Package 'target_pid_controller' with type 'ros.ament_python' and name 'target_pid_controller'
[0.668s] Level 1:colcon.colcon_core.package_discovery:discover_packages(recursive) using defaults
[0.668s] Level 1:colcon.colcon_core.package_discovery:discover_packages(ignore) discover
[0.668s] Level 1:colcon.colcon_core.package_discovery:discover_packages(ignore) using defaults
[0.668s] Level 1:colcon.colcon_core.package_discovery:discover_packages(path) discover
[0.668s] Level 1:colcon.colcon_core.package_discovery:discover_packages(path) using defaults
[0.713s] Level 1:colcon.colcon_core.package_discovery:discover_packages(prefix_path) check parameters
[0.713s] Level 1:colcon.colcon_core.package_discovery:discover_packages(prefix_path) discover
[0.729s] DEBUG:colcon.colcon_installed_package_information.package_discovery:Found 3 installed packages in /home/sdc/Desktop/mocap4ros2_ws/Archive/install
[0.736s] DEBUG:colcon.colcon_installed_package_information.package_discovery:Found 73 installed packages in /home/sdc/Desktop/mocap4ros2_ws/install
[0.744s] DEBUG:colcon.colcon_installed_package_information.package_discovery:Found 394 installed packages in /opt/ros/humble
[0.745s] Level 1:colcon.colcon_core.package_discovery:discover_packages(prefix_path) using defaults
[0.783s] Level 5:colcon.colcon_core.verb:set package 'custom_robot_msgs' build argument 'cmake_args' from command line to 'None'
[0.783s] Level 5:colcon.colcon_core.verb:set package 'custom_robot_msgs' build argument 'cmake_target' from command line to 'None'
[0.783s] Level 5:colcon.colcon_core.verb:set package 'custom_robot_msgs' build argument 'cmake_target_skip_unavailable' from command line to 'False'
[0.783s] Level 5:colcon.colcon_core.verb:set package 'custom_robot_msgs' build argument 'cmake_clean_cache' from command line to 'False'
[0.783s] Level 5:colcon.colcon_core.verb:set package 'custom_robot_msgs' build argument 'cmake_clean_first' from command line to 'False'
[0.783s] Level 5:colcon.colcon_core.verb:set package 'custom_robot_msgs' build argument 'cmake_force_configure' from command line to 'False'
[0.783s] Level 5:colcon.colcon_core.verb:set package 'custom_robot_msgs' build argument 'ament_cmake_args' from command line to 'None'
[0.783s] Level 5:colcon.colcon_core.verb:set package 'custom_robot_msgs' build argument 'catkin_cmake_args' from command line to 'None'
[0.783s] Level 5:colcon.colcon_core.verb:set package 'custom_robot_msgs' build argument 'catkin_skip_building_tests' from command line to 'False'
[0.783s] DEBUG:colcon.colcon_core.verb:Building package 'custom_robot_msgs' with the following arguments: {'ament_cmake_args': None, 'build_base': '/home/sdc/Desktop/mocap4ros2_ws/Archive/build/custom_robot_msgs', 'catkin_cmake_args': None, 'catkin_skip_building_tests': False, 'cmake_args': None, 'cmake_clean_cache': False, 'cmake_clean_first': False, 'cmake_force_configure': False, 'cmake_target': None, 'cmake_target_skip_unavailable': False, 'install_base': '/home/sdc/Desktop/mocap4ros2_ws/Archive/install/custom_robot_msgs', 'merge_install': False, 'path': '/home/sdc/Desktop/mocap4ros2_ws/Archive/custom_robot_msgs', 'symlink_install': False, 'test_result_base': None}
[0.790s] Level 5:colcon.colcon_core.verb:set package 'pure_pursuit' build argument 'cmake_args' from command line to 'None'
[0.790s] Level 5:colcon.colcon_core.verb:set package 'pure_pursuit' build argument 'cmake_target' from command line to 'None'
[0.790s] Level 5:colcon.colcon_core.verb:set package 'pure_pursuit' build argument 'cmake_target_skip_unavailable' from command line to 'False'
[0.790s] Level 5:colcon.colcon_core.verb:set package 'pure_pursuit' build argument 'cmake_clean_cache' from command line to 'False'
[0.790s] Level 5:colcon.colcon_core.verb:set package 'pure_pursuit' build argument 'cmake_clean_first' from command line to 'False'
[0.790s] Level 5:colcon.colcon_core.verb:set package 'pure_pursuit' build argument 'cmake_force_configure' from command line to 'False'
[0.790s] Level 5:colcon.colcon_core.verb:set package 'pure_pursuit' build argument 'ament_cmake_args' from command line to 'None'
[0.790s] Level 5:colcon.colcon_core.verb:set package 'pure_pursuit' build argument 'catkin_cmake_args' from command line to 'None'
[0.790s] Level 5:colcon.colcon_core.verb:set package 'pure_pursuit' build argument 'catkin_skip_building_tests' from command line to 'False'
[0.790s] DEBUG:colcon.colcon_core.verb:Building package 'pure_pursuit' with the following arguments: {'ament_cmake_args': None, 'build_base': '/home/sdc/Desktop/mocap4ros2_ws/Archive/build/pure_pursuit', 'catkin_cmake_args': None, 'catkin_skip_building_tests': False, 'cmake_args': None, 'cmake_clean_cache': False, 'cmake_clean_first': False, 'cmake_force_configure': False, 'cmake_target': None, 'cmake_target_skip_unavailable': False, 'install_base': '/home/sdc/Desktop/mocap4ros2_ws/Archive/install/pure_pursuit', 'merge_install': False, 'path': '/home/sdc/Desktop/mocap4ros2_ws/Archive/pure_pursuit', 'symlink_install': False, 'test_result_base': None}
[0.797s] Level 5:colcon.colcon_core.verb:set package 'target_pid_controller' build argument 'cmake_args' from command line to 'None'
[0.797s] Level 5:colcon.colcon_core.verb:set package 'target_pid_controller' build argument 'cmake_target' from command line to 'None'
[0.797s] Level 5:colcon.colcon_core.verb:set package 'target_pid_controller' build argument 'cmake_target_skip_unavailable' from command line to 'False'
[0.797s] Level 5:colcon.colcon_core.verb:set package 'target_pid_controller' build argument 'cmake_clean_cache' from command line to 'False'
[0.797s] Level 5:colcon.colcon_core.verb:set package 'target_pid_controller' build argument 'cmake_clean_first' from command line to 'False'
[0.797s] Level 5:colcon.colcon_core.verb:set package 'target_pid_controller' build argument 'cmake_force_configure' from command line to 'False'
[0.797s] Level 5:colcon.colcon_core.verb:set package 'target_pid_controller' build argument 'ament_cmake_args' from command line to 'None'
[0.797s] Level 5:colcon.colcon_core.verb:set package 'target_pid_controller' build argument 'catkin_cmake_args' from command line to 'None'
[0.797s] Level 5:colcon.colcon_core.verb:set package 'target_pid_controller' build argument 'catkin_skip_building_tests' from command line to 'False'
[0.797s] DEBUG:colcon.colcon_core.verb:Building package 'target_pid_controller' with the following arguments: {'ament_cmake_args': None, 'build_base': '/home/sdc/Desktop/mocap4ros2_ws/Archive/build/target_pid_controller', 'catkin_cmake_args': None, 'catkin_skip_building_tests': False, 'cmake_args': None, 'cmake_clean_cache': False, 'cmake_clean_first': False, 'cmake_force_configure': False, 'cmake_target': None, 'cmake_target_skip_unavailable': False, 'install_base': '/home/sdc/Desktop/mocap4ros2_ws/Archive/install/target_pid_controller', 'merge_install': False, 'path': '/home/sdc/Desktop/mocap4ros2_ws/Archive/target_pid_controller', 'symlink_install': False, 'test_result_base': None}
[0.804s] INFO:colcon.colcon_core.executor:Executing jobs using 'parallel' executor
[0.812s] DEBUG:colcon.colcon_parallel_executor.executor.parallel:run_until_complete
[0.812s] INFO:colcon.colcon_ros.task.ament_cmake.build:Building ROS package in '/home/sdc/Desktop/mocap4ros2_ws/Archive/custom_robot_msgs' with build type 'ament_cmake'
[0.812s] INFO:colcon.colcon_cmake.task.cmake.build:Building CMake package in '/home/sdc/Desktop/mocap4ros2_ws/Archive/custom_robot_msgs'
[0.820s] INFO:colcon.colcon_core.plugin_system:Skipping extension 'colcon_core.shell.bat': Not used on non-Windows systems
[0.820s] INFO:colcon.colcon_core.shell:Skip shell extension 'powershell' for command environment: Not usable outside of PowerShell
[0.820s] DEBUG:colcon.colcon_core.shell:Skip shell extension 'dsv' for command environment
[0.852s] INFO:colcon.colcon_ros.task.ament_python.build:Building ROS package in '/home/sdc/Desktop/mocap4ros2_ws/Archive/pure_pursuit' with build type 'ament_python'
[0.853s] Level 1:colcon.colcon_core.shell:create_environment_hook('pure_pursuit', 'ament_prefix_path')
[0.860s] INFO:colcon.colcon_core.shell:Creating environment hook '/home/sdc/Desktop/mocap4ros2_ws/Archive/install/pure_pursuit/share/pure_pursuit/hook/ament_prefix_path.ps1'
[0.860s] INFO:colcon.colcon_core.shell:Creating environment descriptor '/home/sdc/Desktop/mocap4ros2_ws/Archive/install/pure_pursuit/share/pure_pursuit/hook/ament_prefix_path.dsv'
[0.861s] INFO:colcon.colcon_core.shell:Creating environment hook '/home/sdc/Desktop/mocap4ros2_ws/Archive/install/pure_pursuit/share/pure_pursuit/hook/ament_prefix_path.sh'
[0.868s] INFO:colcon.colcon_core.shell:Skip shell extension 'powershell' for command environment: Not usable outside of PowerShell
[0.868s] DEBUG:colcon.colcon_core.shell:Skip shell extension 'dsv' for command environment
[0.902s] DEBUG:colcon.colcon_core.event_handler.log_command:Invoking command in '/home/sdc/Desktop/mocap4ros2_ws/Archive/build/custom_robot_msgs': CMAKE_PREFIX_PATH=${CMAKE_PREFIX_PATH}:/home/sdc/Desktop/mocap4ros2_ws/Archive/install/target_pid_controller:/home/sdc/Desktop/mocap4ros2_ws/Archive/install/pure_pursuit:/home/sdc/Desktop/mocap4ros2_ws/install/target_pid_controller:/home/sdc/Desktop/mocap4ros2_ws/install/pure_pursuit:/home/sdc/Desktop/mocap4ros2_ws/install/rqt_joint_trajectory_controller:/home/sdc/Desktop/mocap4ros2_ws/install/rqt_controller_manager:/home/sdc/Desktop/mocap4ros2_ws/install/ros2controlcli:/home/sdc/Desktop/mocap4ros2_ws/install/ros2_controllers_test_nodes:/home/sdc/Desktop/mocap4ros2_ws/install/mocap4r2cli:/home/sdc/Desktop/mocap4ros2_ws/install/learning_tf2_py:/opt/ros/humble /usr/bin/cmake --build /home/sdc/Desktop/mocap4ros2_ws/Archive/build/custom_robot_msgs -- -j16 -l16
[1.059s] INFO:colcon.colcon_core.task.python.build:Building Python package in '/home/sdc/Desktop/mocap4ros2_ws/Archive/pure_pursuit'
[1.066s] INFO:colcon.colcon_core.shell:Skip shell extension 'powershell' for command environment: Not usable outside of PowerShell
[1.066s] DEBUG:colcon.colcon_core.shell:Skip shell extension 'dsv' for command environment
[1.358s] DEBUG:colcon.colcon_core.event_handler.log_command:Invoking command in '/home/sdc/Desktop/mocap4ros2_ws/Archive/pure_pursuit': PYTHONPATH=/home/sdc/Desktop/mocap4ros2_ws/Archive/build/pure_pursuit/prefix_override:/home/sdc/Desktop/mocap4ros2_ws/Archive/install/pure_pursuit/lib/python3.10/site-packages:${PYTHONPATH} /usr/bin/python3 setup.py egg_info --egg-base ../build/pure_pursuit build --build-base /home/sdc/Desktop/mocap4ros2_ws/Archive/build/pure_pursuit/build install --record /home/sdc/Desktop/mocap4ros2_ws/Archive/build/pure_pursuit/install.log --single-version-externally-managed
[1.530s] DEBUG:colcon.colcon_core.event_handler.log_command:Invoked command in '/home/sdc/Desktop/mocap4ros2_ws/Archive/pure_pursuit' returned '0': PYTHONPATH=/home/sdc/Desktop/mocap4ros2_ws/Archive/build/pure_pursuit/prefix_override:/home/sdc/Desktop/mocap4ros2_ws/Archive/install/pure_pursuit/lib/python3.10/site-packages:${PYTHONPATH} /usr/bin/python3 setup.py egg_info --egg-base ../build/pure_pursuit build --build-base /home/sdc/Desktop/mocap4ros2_ws/Archive/build/pure_pursuit/build install --record /home/sdc/Desktop/mocap4ros2_ws/Archive/build/pure_pursuit/install.log --single-version-externally-managed
[1.539s] Level 1:colcon.colcon_core.environment:checking '/home/sdc/Desktop/mocap4ros2_ws/Archive/install/pure_pursuit' for CMake module files
[1.539s] Level 1:colcon.colcon_core.environment:checking '/home/sdc/Desktop/mocap4ros2_ws/Archive/install/pure_pursuit' for CMake config files
[1.540s] Level 1:colcon.colcon_core.environment:checking '/home/sdc/Desktop/mocap4ros2_ws/Archive/install/pure_pursuit/lib'
[1.540s] Level 1:colcon.colcon_core.environment:checking '/home/sdc/Desktop/mocap4ros2_ws/Archive/install/pure_pursuit/bin'
[1.540s] Level 1:colcon.colcon_core.environment:checking '/home/sdc/Desktop/mocap4ros2_ws/Archive/install/pure_pursuit/lib/pkgconfig/pure_pursuit.pc'
[1.540s] Level 1:colcon.colcon_core.environment:checking '/home/sdc/Desktop/mocap4ros2_ws/Archive/install/pure_pursuit/lib/python3.10/site-packages'
[1.540s] Level 1:colcon.colcon_core.shell:create_environment_hook('pure_pursuit', 'pythonpath')
[1.547s] INFO:colcon.colcon_core.shell:Creating environment hook '/home/sdc/Desktop/mocap4ros2_ws/Archive/install/pure_pursuit/share/pure_pursuit/hook/pythonpath.ps1'
[1.548s] INFO:colcon.colcon_core.shell:Creating environment descriptor '/home/sdc/Desktop/mocap4ros2_ws/Archive/install/pure_pursuit/share/pure_pursuit/hook/pythonpath.dsv'
[1.548s] INFO:colcon.colcon_core.shell:Creating environment hook '/home/sdc/Desktop/mocap4ros2_ws/Archive/install/pure_pursuit/share/pure_pursuit/hook/pythonpath.sh'
[1.548s] Level 1:colcon.colcon_core.environment:checking '/home/sdc/Desktop/mocap4ros2_ws/Archive/install/pure_pursuit/bin'
[1.548s] Level 1:colcon.colcon_core.environment:create_environment_scripts_only(pure_pursuit)
[1.556s] INFO:colcon.colcon_core.shell:Creating package script '/home/sdc/Desktop/mocap4ros2_ws/Archive/install/pure_pursuit/share/pure_pursuit/package.ps1'
[1.556s] INFO:colcon.colcon_core.shell:Creating package descriptor '/home/sdc/Desktop/mocap4ros2_ws/Archive/install/pure_pursuit/share/pure_pursuit/package.dsv'
[1.556s] INFO:colcon.colcon_core.shell:Creating package script '/home/sdc/Desktop/mocap4ros2_ws/Archive/install/pure_pursuit/share/pure_pursuit/package.sh'
[1.557s] INFO:colcon.colcon_core.shell:Creating package script '/home/sdc/Desktop/mocap4ros2_ws/Archive/install/pure_pursuit/share/pure_pursuit/package.bash'
[1.557s] INFO:colcon.colcon_core.shell:Creating package script '/home/sdc/Desktop/mocap4ros2_ws/Archive/install/pure_pursuit/share/pure_pursuit/package.zsh'
[1.557s] Level 1:colcon.colcon_core.environment:create_file_with_runtime_dependencies(/home/sdc/Desktop/mocap4ros2_ws/Archive/install/pure_pursuit/share/colcon-core/packages/pure_pursuit)
[2.870s] DEBUG:colcon.colcon_core.event_handler.log_command:Invoked command in '/home/sdc/Desktop/mocap4ros2_ws/Archive/build/custom_robot_msgs' returned '0': CMAKE_PREFIX_PATH=${CMAKE_PREFIX_PATH}:/home/sdc/Desktop/mocap4ros2_ws/Archive/install/target_pid_controller:/home/sdc/Desktop/mocap4ros2_ws/Archive/install/pure_pursuit:/home/sdc/Desktop/mocap4ros2_ws/install/target_pid_controller:/home/sdc/Desktop/mocap4ros2_ws/install/pure_pursuit:/home/sdc/Desktop/mocap4ros2_ws/install/rqt_joint_trajectory_controller:/home/sdc/Desktop/mocap4ros2_ws/install/rqt_controller_manager:/home/sdc/Desktop/mocap4ros2_ws/install/ros2controlcli:/home/sdc/Desktop/mocap4ros2_ws/install/ros2_controllers_test_nodes:/home/sdc/Desktop/mocap4ros2_ws/install/mocap4r2cli:/home/sdc/Desktop/mocap4ros2_ws/install/learning_tf2_py:/opt/ros/humble /usr/bin/cmake --build /home/sdc/Desktop/mocap4ros2_ws/Archive/build/custom_robot_msgs -- -j16 -l16
[2.959s] DEBUG:colcon.colcon_core.event_handler.log_command:Invoking command in '/home/sdc/Desktop/mocap4ros2_ws/Archive/build/custom_robot_msgs': CMAKE_PREFIX_PATH=${CMAKE_PREFIX_PATH}:/home/sdc/Desktop/mocap4ros2_ws/Archive/install/target_pid_controller:/home/sdc/Desktop/mocap4ros2_ws/Archive/install/pure_pursuit:/home/sdc/Desktop/mocap4ros2_ws/install/target_pid_controller:/home/sdc/Desktop/mocap4ros2_ws/install/pure_pursuit:/home/sdc/Desktop/mocap4ros2_ws/install/rqt_joint_trajectory_controller:/home/sdc/Desktop/mocap4ros2_ws/install/rqt_controller_manager:/home/sdc/Desktop/mocap4ros2_ws/install/ros2controlcli:/home/sdc/Desktop/mocap4ros2_ws/install/ros2_controllers_test_nodes:/home/sdc/Desktop/mocap4ros2_ws/install/mocap4r2cli:/home/sdc/Desktop/mocap4ros2_ws/install/learning_tf2_py:/opt/ros/humble /usr/bin/cmake --install /home/sdc/Desktop/mocap4ros2_ws/Archive/build/custom_robot_msgs
[3.001s] Level 1:colcon.colcon_core.environment:create_environment_scripts_only(custom_robot_msgs)
[3.002s] DEBUG:colcon.colcon_core.event_handler.log_command:Invoked command in '/home/sdc/Desktop/mocap4ros2_ws/Archive/build/custom_robot_msgs' returned '0': CMAKE_PREFIX_PATH=${CMAKE_PREFIX_PATH}:/home/sdc/Desktop/mocap4ros2_ws/Archive/install/target_pid_controller:/home/sdc/Desktop/mocap4ros2_ws/Archive/install/pure_pursuit:/home/sdc/Desktop/mocap4ros2_ws/install/target_pid_controller:/home/sdc/Desktop/mocap4ros2_ws/install/pure_pursuit:/home/sdc/Desktop/mocap4ros2_ws/install/rqt_joint_trajectory_controller:/home/sdc/Desktop/mocap4ros2_ws/install/rqt_controller_manager:/home/sdc/Desktop/mocap4ros2_ws/install/ros2controlcli:/home/sdc/Desktop/mocap4ros2_ws/install/ros2_controllers_test_nodes:/home/sdc/Desktop/mocap4ros2_ws/install/mocap4r2cli:/home/sdc/Desktop/mocap4ros2_ws/install/learning_tf2_py:/opt/ros/humble /usr/bin/cmake --install /home/sdc/Desktop/mocap4ros2_ws/Archive/build/custom_robot_msgs
[3.009s] Level 1:colcon.colcon_core.environment:checking '/home/sdc/Desktop/mocap4ros2_ws/Archive/install/custom_robot_msgs' for CMake module files
[3.009s] Level 1:colcon.colcon_core.environment:checking '/home/sdc/Desktop/mocap4ros2_ws/Archive/install/custom_robot_msgs' for CMake config files
[3.010s] Level 1:colcon.colcon_core.shell:create_environment_hook('custom_robot_msgs', 'cmake_prefix_path')
[3.018s] INFO:colcon.colcon_core.shell:Creating environment hook '/home/sdc/Desktop/mocap4ros2_ws/Archive/install/custom_robot_msgs/share/custom_robot_msgs/hook/cmake_prefix_path.ps1'
[3.018s] INFO:colcon.colcon_core.shell:Creating environment descriptor '/home/sdc/Desktop/mocap4ros2_ws/Archive/install/custom_robot_msgs/share/custom_robot_msgs/hook/cmake_prefix_path.dsv'
[3.018s] INFO:colcon.colcon_core.shell:Creating environment hook '/home/sdc/Desktop/mocap4ros2_ws/Archive/install/custom_robot_msgs/share/custom_robot_msgs/hook/cmake_prefix_path.sh'
[3.018s] Level 1:colcon.colcon_core.environment:checking '/home/sdc/Desktop/mocap4ros2_ws/Archive/install/custom_robot_msgs/lib'
[3.019s] Level 1:colcon.colcon_core.shell:create_environment_hook('custom_robot_msgs', 'ld_library_path_lib')
[3.025s] INFO:colcon.colcon_core.shell:Creating environment hook '/home/sdc/Desktop/mocap4ros2_ws/Archive/install/custom_robot_msgs/share/custom_robot_msgs/hook/ld_library_path_lib.ps1'
[3.026s] INFO:colcon.colcon_core.shell:Creating environment descriptor '/home/sdc/Desktop/mocap4ros2_ws/Archive/install/custom_robot_msgs/share/custom_robot_msgs/hook/ld_library_path_lib.dsv'
[3.026s] INFO:colcon.colcon_core.shell:Creating environment hook '/home/sdc/Desktop/mocap4ros2_ws/Archive/install/custom_robot_msgs/share/custom_robot_msgs/hook/ld_library_path_lib.sh'
[3.026s] Level 1:colcon.colcon_core.environment:checking '/home/sdc/Desktop/mocap4ros2_ws/Archive/install/custom_robot_msgs/bin'
[3.026s] Level 1:colcon.colcon_core.environment:checking '/home/sdc/Desktop/mocap4ros2_ws/Archive/install/custom_robot_msgs/lib/pkgconfig/custom_robot_msgs.pc'
[3.026s] Level 1:colcon.colcon_core.environment:checking '/home/sdc/Desktop/mocap4ros2_ws/Archive/install/custom_robot_msgs/lib/python3.10/site-packages'
[3.026s] Level 1:colcon.colcon_core.environment:checking '/home/sdc/Desktop/mocap4ros2_ws/Archive/install/custom_robot_msgs/bin'
[3.033s] INFO:colcon.colcon_core.shell:Creating package script '/home/sdc/Desktop/mocap4ros2_ws/Archive/install/custom_robot_msgs/share/custom_robot_msgs/package.ps1'
[3.033s] INFO:colcon.colcon_core.shell:Creating package descriptor '/home/sdc/Desktop/mocap4ros2_ws/Archive/install/custom_robot_msgs/share/custom_robot_msgs/package.dsv'
[3.033s] INFO:colcon.colcon_core.shell:Creating package script '/home/sdc/Desktop/mocap4ros2_ws/Archive/install/custom_robot_msgs/share/custom_robot_msgs/package.sh'
[3.034s] INFO:colcon.colcon_core.shell:Creating package script '/home/sdc/Desktop/mocap4ros2_ws/Archive/install/custom_robot_msgs/share/custom_robot_msgs/package.bash'
[3.034s] INFO:colcon.colcon_core.shell:Creating package script '/home/sdc/Desktop/mocap4ros2_ws/Archive/install/custom_robot_msgs/share/custom_robot_msgs/package.zsh'
[3.034s] Level 1:colcon.colcon_core.environment:create_file_with_runtime_dependencies(/home/sdc/Desktop/mocap4ros2_ws/Archive/install/custom_robot_msgs/share/colcon-core/packages/custom_robot_msgs)
[3.158s] Level 1:colcon.colcon_core.environment:create_environment_scripts_only(custom_robot_msgs)
[3.166s] Level 1:colcon.colcon_core.environment:checking '/home/sdc/Desktop/mocap4ros2_ws/Archive/install/custom_robot_msgs' for CMake module files
[3.166s] Level 1:colcon.colcon_core.environment:checking '/home/sdc/Desktop/mocap4ros2_ws/Archive/install/custom_robot_msgs' for CMake config files
[3.166s] Level 1:colcon.colcon_core.shell:create_environment_hook('custom_robot_msgs', 'cmake_prefix_path')
[3.173s] INFO:colcon.colcon_core.shell:Creating environment hook '/home/sdc/Desktop/mocap4ros2_ws/Archive/install/custom_robot_msgs/share/custom_robot_msgs/hook/cmake_prefix_path.ps1'
[3.173s] INFO:colcon.colcon_core.shell:Creating environment descriptor '/home/sdc/Desktop/mocap4ros2_ws/Archive/install/custom_robot_msgs/share/custom_robot_msgs/hook/cmake_prefix_path.dsv'
[3.173s] INFO:colcon.colcon_core.shell:Creating environment hook '/home/sdc/Desktop/mocap4ros2_ws/Archive/install/custom_robot_msgs/share/custom_robot_msgs/hook/cmake_prefix_path.sh'
[3.174s] Level 1:colcon.colcon_core.environment:checking '/home/sdc/Desktop/mocap4ros2_ws/Archive/install/custom_robot_msgs/lib'
[3.174s] Level 1:colcon.colcon_core.shell:create_environment_hook('custom_robot_msgs', 'ld_library_path_lib')
[3.181s] INFO:colcon.colcon_core.shell:Creating environment hook '/home/sdc/Desktop/mocap4ros2_ws/Archive/install/custom_robot_msgs/share/custom_robot_msgs/hook/ld_library_path_lib.ps1'
[3.181s] INFO:colcon.colcon_core.shell:Creating environment descriptor '/home/sdc/Desktop/mocap4ros2_ws/Archive/install/custom_robot_msgs/share/custom_robot_msgs/hook/ld_library_path_lib.dsv'
[3.181s] INFO:colcon.colcon_core.shell:Creating environment hook '/home/sdc/Desktop/mocap4ros2_ws/Archive/install/custom_robot_msgs/share/custom_robot_msgs/hook/ld_library_path_lib.sh'
[3.181s] Level 1:colcon.colcon_core.environment:checking '/home/sdc/Desktop/mocap4ros2_ws/Archive/install/custom_robot_msgs/bin'
[3.181s] Level 1:colcon.colcon_core.environment:checking '/home/sdc/Desktop/mocap4ros2_ws/Archive/install/custom_robot_msgs/lib/pkgconfig/custom_robot_msgs.pc'
[3.181s] Level 1:colcon.colcon_core.environment:checking '/home/sdc/Desktop/mocap4ros2_ws/Archive/install/custom_robot_msgs/lib/python3.10/site-packages'
[3.181s] Level 1:colcon.colcon_core.environment:checking '/home/sdc/Desktop/mocap4ros2_ws/Archive/install/custom_robot_msgs/bin'
[3.188s] INFO:colcon.colcon_core.shell:Creating package script '/home/sdc/Desktop/mocap4ros2_ws/Archive/install/custom_robot_msgs/share/custom_robot_msgs/package.ps1'
[3.189s] INFO:colcon.colcon_core.shell:Creating package descriptor '/home/sdc/Desktop/mocap4ros2_ws/Archive/install/custom_robot_msgs/share/custom_robot_msgs/package.dsv'
[3.189s] INFO:colcon.colcon_core.shell:Creating package script '/home/sdc/Desktop/mocap4ros2_ws/Archive/install/custom_robot_msgs/share/custom_robot_msgs/package.sh'
[3.189s] INFO:colcon.colcon_core.shell:Creating package script '/home/sdc/Desktop/mocap4ros2_ws/Archive/install/custom_robot_msgs/share/custom_robot_msgs/package.bash'
[3.189s] INFO:colcon.colcon_core.shell:Creating package script '/home/sdc/Desktop/mocap4ros2_ws/Archive/install/custom_robot_msgs/share/custom_robot_msgs/package.zsh'
[3.189s] Level 1:colcon.colcon_core.environment:create_file_with_runtime_dependencies(/home/sdc/Desktop/mocap4ros2_ws/Archive/install/custom_robot_msgs/share/colcon-core/packages/custom_robot_msgs)
[3.189s] INFO:colcon.colcon_ros.task.ament_python.build:Building ROS package in '/home/sdc/Desktop/mocap4ros2_ws/Archive/target_pid_controller' with build type 'ament_python'
[3.190s] Level 1:colcon.colcon_core.shell:create_environment_hook('target_pid_controller', 'ament_prefix_path')
[3.197s] INFO:colcon.colcon_core.shell:Creating environment hook '/home/sdc/Desktop/mocap4ros2_ws/Archive/install/target_pid_controller/share/target_pid_controller/hook/ament_prefix_path.ps1'
[3.197s] INFO:colcon.colcon_core.shell:Creating environment descriptor '/home/sdc/Desktop/mocap4ros2_ws/Archive/install/target_pid_controller/share/target_pid_controller/hook/ament_prefix_path.dsv'
[3.197s] INFO:colcon.colcon_core.shell:Creating environment hook '/home/sdc/Desktop/mocap4ros2_ws/Archive/install/target_pid_controller/share/target_pid_controller/hook/ament_prefix_path.sh'
[3.205s] INFO:colcon.colcon_core.shell:Skip shell extension 'powershell' for command environment: Not usable outside of PowerShell
[3.205s] DEBUG:colcon.colcon_core.shell:Skip shell extension 'dsv' for command environment
[3.393s] INFO:colcon.colcon_core.task.python.build:Building Python package in '/home/sdc/Desktop/mocap4ros2_ws/Archive/target_pid_controller'
[3.407s] INFO:colcon.colcon_core.shell:Skip shell extension 'powershell' for command environment: Not usable outside of PowerShell
[3.407s] DEBUG:colcon.colcon_core.shell:Skip shell extension 'dsv' for command environment
[3.691s] DEBUG:colcon.colcon_core.event_handler.log_command:Invoking command in '/home/sdc/Desktop/mocap4ros2_ws/Archive/target_pid_controller': PYTHONPATH=/home/sdc/Desktop/mocap4ros2_ws/Archive/build/target_pid_controller/prefix_override:/home/sdc/Desktop/mocap4ros2_ws/Archive/install/target_pid_controller/lib/python3.10/site-packages:${PYTHONPATH} /usr/bin/python3 setup.py egg_info --egg-base ../build/target_pid_controller build --build-base /home/sdc/Desktop/mocap4ros2_ws/Archive/build/target_pid_controller/build install --record /home/sdc/Desktop/mocap4ros2_ws/Archive/build/target_pid_controller/install.log --single-version-externally-managed
[3.868s] DEBUG:colcon.colcon_core.event_handler.log_command:Invoked command in '/home/sdc/Desktop/mocap4ros2_ws/Archive/target_pid_controller' returned '0': PYTHONPATH=/home/sdc/Desktop/mocap4ros2_ws/Archive/build/target_pid_controller/prefix_override:/home/sdc/Desktop/mocap4ros2_ws/Archive/install/target_pid_controller/lib/python3.10/site-packages:${PYTHONPATH} /usr/bin/python3 setup.py egg_info --egg-base ../build/target_pid_controller build --build-base /home/sdc/Desktop/mocap4ros2_ws/Archive/build/target_pid_controller/build install --record /home/sdc/Desktop/mocap4ros2_ws/Archive/build/target_pid_controller/install.log --single-version-externally-managed
[3.875s] Level 1:colcon.colcon_core.environment:checking '/home/sdc/Desktop/mocap4ros2_ws/Archive/install/target_pid_controller' for CMake module files
[3.876s] Level 1:colcon.colcon_core.environment:checking '/home/sdc/Desktop/mocap4ros2_ws/Archive/install/target_pid_controller' for CMake config files
[3.876s] Level 1:colcon.colcon_core.environment:checking '/home/sdc/Desktop/mocap4ros2_ws/Archive/install/target_pid_controller/lib'
[3.876s] Level 1:colcon.colcon_core.environment:checking '/home/sdc/Desktop/mocap4ros2_ws/Archive/install/target_pid_controller/bin'
[3.876s] Level 1:colcon.colcon_core.environment:checking '/home/sdc/Desktop/mocap4ros2_ws/Archive/install/target_pid_controller/lib/pkgconfig/target_pid_controller.pc'
[3.876s] Level 1:colcon.colcon_core.environment:checking '/home/sdc/Desktop/mocap4ros2_ws/Archive/install/target_pid_controller/lib/python3.10/site-packages'
[3.876s] Level 1:colcon.colcon_core.shell:create_environment_hook('target_pid_controller', 'pythonpath')
[3.884s] INFO:colcon.colcon_core.shell:Creating environment hook '/home/sdc/Desktop/mocap4ros2_ws/Archive/install/target_pid_controller/share/target_pid_controller/hook/pythonpath.ps1'
[3.884s] INFO:colcon.colcon_core.shell:Creating environment descriptor '/home/sdc/Desktop/mocap4ros2_ws/Archive/install/target_pid_controller/share/target_pid_controller/hook/pythonpath.dsv'
[3.884s] INFO:colcon.colcon_core.shell:Creating environment hook '/home/sdc/Desktop/mocap4ros2_ws/Archive/install/target_pid_controller/share/target_pid_controller/hook/pythonpath.sh'
[3.884s] Level 1:colcon.colcon_core.environment:checking '/home/sdc/Desktop/mocap4ros2_ws/Archive/install/target_pid_controller/bin'
[3.884s] Level 1:colcon.colcon_core.environment:create_environment_scripts_only(target_pid_controller)
[3.893s] INFO:colcon.colcon_core.shell:Creating package script '/home/sdc/Desktop/mocap4ros2_ws/Archive/install/target_pid_controller/share/target_pid_controller/package.ps1'
[3.893s] INFO:colcon.colcon_core.shell:Creating package descriptor '/home/sdc/Desktop/mocap4ros2_ws/Archive/install/target_pid_controller/share/target_pid_controller/package.dsv'
[3.893s] INFO:colcon.colcon_core.shell:Creating package script '/home/sdc/Desktop/mocap4ros2_ws/Archive/install/target_pid_controller/share/target_pid_controller/package.sh'
[3.894s] INFO:colcon.colcon_core.shell:Creating package script '/home/sdc/Desktop/mocap4ros2_ws/Archive/install/target_pid_controller/share/target_pid_controller/package.bash'
[3.894s] INFO:colcon.colcon_core.shell:Creating package script '/home/sdc/Desktop/mocap4ros2_ws/Archive/install/target_pid_controller/share/target_pid_controller/package.zsh'
[3.894s] Level 1:colcon.colcon_core.environment:create_file_with_runtime_dependencies(/home/sdc/Desktop/mocap4ros2_ws/Archive/install/target_pid_controller/share/colcon-core/packages/target_pid_controller)
[3.894s] DEBUG:colcon.colcon_parallel_executor.executor.parallel:closing loop
[3.894s] DEBUG:colcon.colcon_parallel_executor.executor.parallel:loop closed
[3.894s] DEBUG:colcon.colcon_parallel_executor.executor.parallel:run_until_complete finished with '0'
[3.894s] DEBUG:colcon.colcon_core.event_reactor:joining thread
[3.905s] INFO:colcon.colcon_core.plugin_system:Skipping extension 'colcon_notification.desktop_notification.terminal_notifier': Not used on non-Darwin systems
[3.905s] INFO:colcon.colcon_core.plugin_system:Skipping extension 'colcon_notification.desktop_notification.win32': Not used on non-Windows systems
[3.905s] INFO:colcon.colcon_notification.desktop_notification:Sending desktop notification using 'notify2'
[3.912s] DEBUG:colcon.colcon_core.event_reactor:joined thread
[3.921s] INFO:colcon.colcon_core.shell:Creating prefix script '/home/sdc/Desktop/mocap4ros2_ws/Archive/install/local_setup.ps1'
[3.921s] INFO:colcon.colcon_core.shell:Creating prefix util module '/home/sdc/Desktop/mocap4ros2_ws/Archive/install/_local_setup_util_ps1.py'
[3.922s] INFO:colcon.colcon_core.shell:Creating prefix chain script '/home/sdc/Desktop/mocap4ros2_ws/Archive/install/setup.ps1'
[3.931s] INFO:colcon.colcon_core.shell:Creating prefix script '/home/sdc/Desktop/mocap4ros2_ws/Archive/install/local_setup.sh'
[3.931s] INFO:colcon.colcon_core.shell:Creating prefix util module '/home/sdc/Desktop/mocap4ros2_ws/Archive/install/_local_setup_util_sh.py'
[3.932s] INFO:colcon.colcon_core.shell:Creating prefix chain script '/home/sdc/Desktop/mocap4ros2_ws/Archive/install/setup.sh'
[3.941s] INFO:colcon.colcon_core.shell:Creating prefix script '/home/sdc/Desktop/mocap4ros2_ws/Archive/install/local_setup.bash'
[3.941s] INFO:colcon.colcon_core.shell:Creating prefix chain script '/home/sdc/Desktop/mocap4ros2_ws/Archive/install/setup.bash'
[3.950s] INFO:colcon.colcon_core.shell:Creating prefix script '/home/sdc/Desktop/mocap4ros2_ws/Archive/install/local_setup.zsh'
[3.950s] INFO:colcon.colcon_core.shell:Creating prefix chain script '/home/sdc/Desktop/mocap4ros2_ws/Archive/install/setup.zsh'
