running egg_info
writing ../build/target_pid_controller/target_pid_controller.egg-info/PKG-INFO
writing dependency_links to ../build/target_pid_controller/target_pid_controller.egg-info/dependency_links.txt
writing entry points to ../build/target_pid_controller/target_pid_controller.egg-info/entry_points.txt
writing requirements to ../build/target_pid_controller/target_pid_controller.egg-info/requires.txt
writing top-level names to ../build/target_pid_controller/target_pid_controller.egg-info/top_level.txt
reading manifest file '../build/target_pid_controller/target_pid_controller.egg-info/SOURCES.txt'
writing manifest file '../build/target_pid_controller/target_pid_controller.egg-info/SOURCES.txt'
running build
running build_py
copying target_pid_controller/pid_controller_node_sub.py -> /home/sdc/Desktop/mocap4ros2_ws/Archive/build/target_pid_controller/build/lib/target_pid_controller
running install
running install_lib
copying /home/sdc/Desktop/mocap4ros2_ws/Archive/build/target_pid_controller/build/lib/target_pid_controller/pid_controller_node_sub.py -> /home/sdc/Desktop/mocap4ros2_ws/Archive/install/target_pid_controller/lib/python3.10/site-packages/target_pid_controller
byte-compiling /home/sdc/Desktop/mocap4ros2_ws/Archive/install/target_pid_controller/lib/python3.10/site-packages/target_pid_controller/pid_controller_node_sub.py to pid_controller_node_sub.cpython-310.pyc
running install_data
copying launch/target_controller_launch.py -> /home/sdc/Desktop/mocap4ros2_ws/Archive/install/target_pid_controller/share/target_pid_controller/launch
running install_egg_info
removing '/home/sdc/Desktop/mocap4ros2_ws/Archive/install/target_pid_controller/lib/python3.10/site-packages/target_pid_controller-0.0.0-py3.10.egg-info' (and everything under it)
Copying ../build/target_pid_controller/target_pid_controller.egg-info to /home/sdc/Desktop/mocap4ros2_ws/Archive/install/target_pid_controller/lib/python3.10/site-packages/target_pid_controller-0.0.0-py3.10.egg-info
running install_scripts
Installing robot_controller script to /home/sdc/Desktop/mocap4ros2_ws/Archive/install/target_pid_controller/lib/target_pid_controller
Installing target_controller script to /home/sdc/Desktop/mocap4ros2_ws/Archive/install/target_pid_controller/lib/target_pid_controller
Installing tf_broadcaster script to /home/sdc/Desktop/mocap4ros2_ws/Archive/install/target_pid_controller/lib/target_pid_controller
writing list of installed files to '/home/sdc/Desktop/mocap4ros2_ws/Archive/build/target_pid_controller/install.log'
