[0.747s] Invoking command in '/home/sdc/Desktop/mocap4ros2_ws/Archive/pure_pursuit': PYTHONPATH=/home/sdc/Desktop/mocap4ros2_ws/Archive/build/pure_pursuit/prefix_override:/home/sdc/Desktop/mocap4ros2_ws/Archive/install/pure_pursuit/lib/python3.10/site-packages:${PYTHONPATH} /usr/bin/python3 setup.py egg_info --egg-base ../build/pure_pursuit build --build-base /home/sdc/Desktop/mocap4ros2_ws/Archive/build/pure_pursuit/build install --record /home/sdc/Desktop/mocap4ros2_ws/Archive/build/pure_pursuit/install.log --single-version-externally-managed
[0.878s] running egg_info
[0.878s] writing ../build/pure_pursuit/pure_pursuit.egg-info/PKG-INFO
[0.878s] writing dependency_links to ../build/pure_pursuit/pure_pursuit.egg-info/dependency_links.txt
[0.878s] writing entry points to ../build/pure_pursuit/pure_pursuit.egg-info/entry_points.txt
[0.878s] writing requirements to ../build/pure_pursuit/pure_pursuit.egg-info/requires.txt
[0.878s] writing top-level names to ../build/pure_pursuit/pure_pursuit.egg-info/top_level.txt
[0.879s] reading manifest file '../build/pure_pursuit/pure_pursuit.egg-info/SOURCES.txt'
[0.880s] writing manifest file '../build/pure_pursuit/pure_pursuit.egg-info/SOURCES.txt'
[0.880s] running build
[0.880s] running build_py
[0.880s] running install
[0.880s] running install_lib
[0.881s] running install_data
[0.881s] running install_egg_info
[0.882s] removing '/home/sdc/Desktop/mocap4ros2_ws/Archive/install/pure_pursuit/lib/python3.10/site-packages/pure_pursuit-0.0.0-py3.10.egg-info' (and everything under it)
[0.882s] Copying ../build/pure_pursuit/pure_pursuit.egg-info to /home/sdc/Desktop/mocap4ros2_ws/Archive/install/pure_pursuit/lib/python3.10/site-packages/pure_pursuit-0.0.0-py3.10.egg-info
[0.883s] running install_scripts
[0.893s] Installing path_tracker script to /home/sdc/Desktop/mocap4ros2_ws/Archive/install/pure_pursuit/lib/pure_pursuit
[0.894s] Installing testpath_pub script to /home/sdc/Desktop/mocap4ros2_ws/Archive/install/pure_pursuit/lib/pure_pursuit
[0.894s] Installing tf_broadcaster script to /home/sdc/Desktop/mocap4ros2_ws/Archive/install/pure_pursuit/lib/pure_pursuit
[0.894s] Installing variable_speed script to /home/sdc/Desktop/mocap4ros2_ws/Archive/install/pure_pursuit/lib/pure_pursuit
[0.894s] writing list of installed files to '/home/sdc/Desktop/mocap4ros2_ws/Archive/build/pure_pursuit/install.log'
[0.908s] Invoked command in '/home/sdc/Desktop/mocap4ros2_ws/Archive/pure_pursuit' returned '0': PYTHONPATH=/home/sdc/Desktop/mocap4ros2_ws/Archive/build/pure_pursuit/prefix_override:/home/sdc/Desktop/mocap4ros2_ws/Archive/install/pure_pursuit/lib/python3.10/site-packages:${PYTHONPATH} /usr/bin/python3 setup.py egg_info --egg-base ../build/pure_pursuit build --build-base /home/sdc/Desktop/mocap4ros2_ws/Archive/build/pure_pursuit/build install --record /home/sdc/Desktop/mocap4ros2_ws/Archive/build/pure_pursuit/install.log --single-version-externally-managed
