[0.121s] Invoking command in '/home/sdc/Desktop/mocap4ros2_ws/Archive/build/mocap4r2_msgs': CMAKE_PREFIX_PATH=${CMAKE_PREFIX_PATH}:/home/sdc/Desktop/mocap4ros2_ws/Archive/install/target_pid_controller:/home/sdc/Desktop/mocap4ros2_ws/Archive/install/pure_pursuit:/opt/ros/humble /usr/bin/cmake --build /home/sdc/Desktop/mocap4ros2_ws/Archive/build/mocap4r2_msgs -- -j16 -l16
[0.337s] [  1%] Built target mocap4r2_msgs__cpp
[0.337s] [ 12%] Built target mocap4r2_msgs__rosidl_generator_c
[0.337s] [ 12%] Built target ament_cmake_python_copy_mocap4r2_msgs
[0.337s] [ 23%] Built target mocap4r2_msgs__rosidl_typesupport_c
[0.337s] [ 35%] Built target mocap4r2_msgs__rosidl_typesupport_cpp
[0.337s] [ 47%] Built target mocap4r2_msgs__rosidl_typesupport_introspection_cpp
[0.337s] [ 60%] Built target mocap4r2_msgs__rosidl_typesupport_introspection_c
[0.337s] [ 69%] Built target mocap4r2_msgs__rosidl_typesupport_fastrtps_cpp
[0.337s] [ 80%] Built target mocap4r2_msgs__rosidl_typesupport_fastrtps_c
[0.337s] [ 80%] Built target mocap4r2_msgs
[0.337s] [ 81%] Built target mocap4r2_msgs__py
[0.337s] [ 91%] Built target mocap4r2_msgs__rosidl_generator_py
[0.337s] [ 94%] Built target mocap4r2_msgs__rosidl_typesupport_c__pyext
[0.337s] [100%] Built target mocap4r2_msgs__rosidl_typesupport_fastrtps_c__pyext
[0.337s] [100%] Built target mocap4r2_msgs__rosidl_typesupport_introspection_c__pyext
[0.337s] running egg_info
[0.338s] writing mocap4r2_msgs.egg-info/PKG-INFO
[0.338s] writing dependency_links to mocap4r2_msgs.egg-info/dependency_links.txt
[0.338s] writing top-level names to mocap4r2_msgs.egg-info/top_level.txt
[0.338s] reading manifest file 'mocap4r2_msgs.egg-info/SOURCES.txt'
[0.338s] writing manifest file 'mocap4r2_msgs.egg-info/SOURCES.txt'
[0.338s] [100%] Built target ament_cmake_python_build_mocap4r2_msgs_egg
[0.475s] Invoked command in '/home/sdc/Desktop/mocap4ros2_ws/Archive/build/mocap4r2_msgs' returned '0': CMAKE_PREFIX_PATH=${CMAKE_PREFIX_PATH}:/home/sdc/Desktop/mocap4ros2_ws/Archive/install/target_pid_controller:/home/sdc/Desktop/mocap4ros2_ws/Archive/install/pure_pursuit:/opt/ros/humble /usr/bin/cmake --build /home/sdc/Desktop/mocap4ros2_ws/Archive/build/mocap4r2_msgs -- -j16 -l16
