[0.894s] Invoking command in '/home/sdc/Desktop/mocap4ros2_ws/Archive/pure_pursuit': PYTHONPATH=/home/sdc/Desktop/mocap4ros2_ws/Archive/build/pure_pursuit/prefix_override:/home/sdc/Desktop/mocap4ros2_ws/Archive/install/pure_pursuit/lib/python3.10/site-packages:${PYTHONPATH} /usr/bin/python3 setup.py egg_info --egg-base ../build/pure_pursuit build --build-base /home/sdc/Desktop/mocap4ros2_ws/Archive/build/pure_pursuit/build install --record /home/sdc/Desktop/mocap4ros2_ws/Archive/build/pure_pursuit/install.log --single-version-externally-managed
[1.056s] running egg_info
[1.056s] writing ../build/pure_pursuit/pure_pursuit.egg-info/PKG-INFO
[1.056s] writing dependency_links to ../build/pure_pursuit/pure_pursuit.egg-info/dependency_links.txt
[1.057s] writing entry points to ../build/pure_pursuit/pure_pursuit.egg-info/entry_points.txt
[1.057s] writing requirements to ../build/pure_pursuit/pure_pursuit.egg-info/requires.txt
[1.057s] writing top-level names to ../build/pure_pursuit/pure_pursuit.egg-info/top_level.txt
[1.060s] reading manifest file '../build/pure_pursuit/pure_pursuit.egg-info/SOURCES.txt'
[1.061s] writing manifest file '../build/pure_pursuit/pure_pursuit.egg-info/SOURCES.txt'
[1.061s] running build
[1.061s] running build_py
[1.061s] running install
[1.061s] running install_lib
[1.063s] running install_data
[1.063s] running install_egg_info
[1.064s] removing '/home/sdc/Desktop/mocap4ros2_ws/Archive/install/pure_pursuit/lib/python3.10/site-packages/pure_pursuit-0.0.0-py3.10.egg-info' (and everything under it)
[1.065s] Copying ../build/pure_pursuit/pure_pursuit.egg-info to /home/sdc/Desktop/mocap4ros2_ws/Archive/install/pure_pursuit/lib/python3.10/site-packages/pure_pursuit-0.0.0-py3.10.egg-info
[1.065s] running install_scripts
[1.073s] Installing path_tracker script to /home/sdc/Desktop/mocap4ros2_ws/Archive/install/pure_pursuit/lib/pure_pursuit
[1.073s] Installing testpath_pub script to /home/sdc/Desktop/mocap4ros2_ws/Archive/install/pure_pursuit/lib/pure_pursuit
[1.073s] Installing tf_broadcaster script to /home/sdc/Desktop/mocap4ros2_ws/Archive/install/pure_pursuit/lib/pure_pursuit
[1.073s] Installing variable_speed script to /home/sdc/Desktop/mocap4ros2_ws/Archive/install/pure_pursuit/lib/pure_pursuit
[1.073s] writing list of installed files to '/home/sdc/Desktop/mocap4ros2_ws/Archive/build/pure_pursuit/install.log'
[1.088s] Invoked command in '/home/sdc/Desktop/mocap4ros2_ws/Archive/pure_pursuit' returned '0': PYTHONPATH=/home/sdc/Desktop/mocap4ros2_ws/Archive/build/pure_pursuit/prefix_override:/home/sdc/Desktop/mocap4ros2_ws/Archive/install/pure_pursuit/lib/python3.10/site-packages:${PYTHONPATH} /usr/bin/python3 setup.py egg_info --egg-base ../build/pure_pursuit build --build-base /home/sdc/Desktop/mocap4ros2_ws/Archive/build/pure_pursuit/build install --record /home/sdc/Desktop/mocap4ros2_ws/Archive/build/pure_pursuit/install.log --single-version-externally-managed
