[0.623s] DEBUG:colcon:Command line arguments: ['/home/sdc/.local/bin/colcon', 'build']
[0.623s] DEBUG:colcon:Parsed command line arguments: Namespace(log_base=None, log_level=None, verb_name='build', build_base='build', install_base='install', merge_install=False, symlink_install=False, test_result_base=None, continue_on_error=False, executor='parallel', parallel_workers=16, event_handlers=None, ignore_user_meta=False, metas=['./colcon.meta'], base_paths=['.'], packages_ignore=None, packages_ignore_regex=None, paths=None, packages_up_to=None, packages_up_to_regex=None, packages_above=None, packages_above_and_dependencies=None, packages_above_depth=None, packages_select_by_dep=None, packages_skip_by_dep=None, packages_skip_up_to=None, packages_select_build_failed=False, packages_skip_build_finished=False, packages_select_test_failures=False, packages_skip_test_passed=False, packages_select=None, packages_skip=None, packages_select_regex=None, packages_skip_regex=None, packages_start=None, packages_end=None, allow_overriding=[], cmake_args=None, cmake_target=None, cmake_target_skip_unavailable=False, cmake_clean_cache=False, cmake_clean_first=False, cmake_force_configure=False, ament_cmake_args=None, catkin_cmake_args=None, catkin_skip_building_tests=False, mixin_files=None, mixin=None, verb_parser=<colcon_mixin.mixin.mixin_argument.MixinArgumentDecorator object at 0x78a4983b80d0>, verb_extension=<colcon_core.verb.build.BuildVerb object at 0x78a4983bb070>, main=<bound method BuildVerb.main of <colcon_core.verb.build.BuildVerb object at 0x78a4983bb070>>, mixin_verb=('build',))
[0.646s] Level 1:colcon.colcon_core.package_discovery:discover_packages(colcon_meta) check parameters
[0.646s] Level 1:colcon.colcon_core.package_discovery:discover_packages(recursive) check parameters
[0.646s] Level 1:colcon.colcon_core.package_discovery:discover_packages(ignore) check parameters
[0.646s] Level 1:colcon.colcon_core.package_discovery:discover_packages(path) check parameters
[0.646s] Level 1:colcon.colcon_core.package_discovery:discover_packages(colcon_meta) discover
[0.646s] Level 1:colcon.colcon_core.package_discovery:discover_packages(recursive) discover
[0.646s] INFO:colcon.colcon_core.package_discovery:Crawling recursively for packages in '/home/sdc/Desktop/mocap4ros2_ws/Archive'
[0.646s] Level 1:colcon.colcon_core.package_identification:_identify(.) by extensions ['ignore', 'ignore_ament_install']
[0.646s] Level 1:colcon.colcon_core.package_identification:_identify(.) by extension 'ignore'
[0.646s] Level 1:colcon.colcon_core.package_identification:_identify(.) by extension 'ignore_ament_install'
[0.646s] Level 1:colcon.colcon_core.package_identification:_identify(.) by extensions ['colcon_pkg']
[0.646s] Level 1:colcon.colcon_core.package_identification:_identify(.) by extension 'colcon_pkg'
[0.647s] Level 1:colcon.colcon_core.package_identification:_identify(.) by extensions ['colcon_meta']
[0.647s] Level 1:colcon.colcon_core.package_identification:_identify(.) by extension 'colcon_meta'
[0.647s] Level 1:colcon.colcon_core.package_identification:_identify(.) by extensions ['ros']
[0.647s] Level 1:colcon.colcon_core.package_identification:_identify(.) by extension 'ros'
[0.652s] Level 1:colcon.colcon_core.package_identification:_identify(.) by extensions ['cmake', 'python']
[0.652s] Level 1:colcon.colcon_core.package_identification:_identify(.) by extension 'cmake'
[0.652s] Level 1:colcon.colcon_core.package_identification:_identify(.) by extension 'python'
[0.652s] Level 1:colcon.colcon_core.package_identification:_identify(.) by extensions ['python_setup_py']
[0.652s] Level 1:colcon.colcon_core.package_identification:_identify(.) by extension 'python_setup_py'
[0.652s] Level 1:colcon.colcon_core.package_identification:_identify(build) by extensions ['ignore', 'ignore_ament_install']
[0.652s] Level 1:colcon.colcon_core.package_identification:_identify(build) by extension 'ignore'
[0.652s] Level 1:colcon.colcon_core.package_identification:_identify(build) ignored
[0.652s] Level 1:colcon.colcon_core.package_identification:_identify(custom_robot_msgs) by extensions ['ignore', 'ignore_ament_install']
[0.652s] Level 1:colcon.colcon_core.package_identification:_identify(custom_robot_msgs) by extension 'ignore'
[0.652s] Level 1:colcon.colcon_core.package_identification:_identify(custom_robot_msgs) by extension 'ignore_ament_install'
[0.653s] Level 1:colcon.colcon_core.package_identification:_identify(custom_robot_msgs) by extensions ['colcon_pkg']
[0.653s] Level 1:colcon.colcon_core.package_identification:_identify(custom_robot_msgs) by extension 'colcon_pkg'
[0.653s] Level 1:colcon.colcon_core.package_identification:_identify(custom_robot_msgs) by extensions ['colcon_meta']
[0.653s] Level 1:colcon.colcon_core.package_identification:_identify(custom_robot_msgs) by extension 'colcon_meta'
[0.653s] Level 1:colcon.colcon_core.package_identification:_identify(custom_robot_msgs) by extensions ['ros']
[0.653s] Level 1:colcon.colcon_core.package_identification:_identify(custom_robot_msgs) by extension 'ros'
[0.658s] DEBUG:colcon.colcon_core.package_identification:Package 'custom_robot_msgs' with type 'ros.ament_cmake' and name 'your_ros2_package'
[0.658s] Level 1:colcon.colcon_core.package_identification:_identify(install) by extensions ['ignore', 'ignore_ament_install']
[0.658s] Level 1:colcon.colcon_core.package_identification:_identify(install) by extension 'ignore'
[0.658s] Level 1:colcon.colcon_core.package_identification:_identify(install) ignored
[0.658s] Level 1:colcon.colcon_core.package_identification:_identify(log) by extensions ['ignore', 'ignore_ament_install']
[0.658s] Level 1:colcon.colcon_core.package_identification:_identify(log) by extension 'ignore'
[0.658s] Level 1:colcon.colcon_core.package_identification:_identify(log) ignored
[0.658s] Level 1:colcon.colcon_core.package_identification:_identify(pure_pursuit) by extensions ['ignore', 'ignore_ament_install']
[0.658s] Level 1:colcon.colcon_core.package_identification:_identify(pure_pursuit) by extension 'ignore'
[0.658s] Level 1:colcon.colcon_core.package_identification:_identify(pure_pursuit) by extension 'ignore_ament_install'
[0.658s] Level 1:colcon.colcon_core.package_identification:_identify(pure_pursuit) by extensions ['colcon_pkg']
[0.658s] Level 1:colcon.colcon_core.package_identification:_identify(pure_pursuit) by extension 'colcon_pkg'
[0.658s] Level 1:colcon.colcon_core.package_identification:_identify(pure_pursuit) by extensions ['colcon_meta']
[0.658s] Level 1:colcon.colcon_core.package_identification:_identify(pure_pursuit) by extension 'colcon_meta'
[0.658s] Level 1:colcon.colcon_core.package_identification:_identify(pure_pursuit) by extensions ['ros']
[0.658s] Level 1:colcon.colcon_core.package_identification:_identify(pure_pursuit) by extension 'ros'
[0.658s] DEBUG:colcon.colcon_core.package_identification:Package 'pure_pursuit' with type 'ros.ament_python' and name 'pure_pursuit'
[0.658s] Level 1:colcon.colcon_core.package_identification:_identify(target_pid_controller) by extensions ['ignore', 'ignore_ament_install']
[0.659s] Level 1:colcon.colcon_core.package_identification:_identify(target_pid_controller) by extension 'ignore'
[0.659s] Level 1:colcon.colcon_core.package_identification:_identify(target_pid_controller) by extension 'ignore_ament_install'
[0.659s] Level 1:colcon.colcon_core.package_identification:_identify(target_pid_controller) by extensions ['colcon_pkg']
[0.659s] Level 1:colcon.colcon_core.package_identification:_identify(target_pid_controller) by extension 'colcon_pkg'
[0.659s] Level 1:colcon.colcon_core.package_identification:_identify(target_pid_controller) by extensions ['colcon_meta']
[0.659s] Level 1:colcon.colcon_core.package_identification:_identify(target_pid_controller) by extension 'colcon_meta'
[0.659s] Level 1:colcon.colcon_core.package_identification:_identify(target_pid_controller) by extensions ['ros']
[0.659s] Level 1:colcon.colcon_core.package_identification:_identify(target_pid_controller) by extension 'ros'
[0.659s] DEBUG:colcon.colcon_core.package_identification:Failed to parse potential ROS package manifest in'target_pid_controller': Error(s) in package 'target_pid_controller/package.xml':
The manifest contains invalid XML:
XML or text declaration not at start of entity: line 3, column 0
[0.659s] Level 1:colcon.colcon_core.package_identification:_identify(target_pid_controller) by extensions ['cmake', 'python']
[0.659s] Level 1:colcon.colcon_core.package_identification:_identify(target_pid_controller) by extension 'cmake'
[0.659s] Level 1:colcon.colcon_core.package_identification:_identify(target_pid_controller) by extension 'python'
[0.659s] DEBUG:colcon.colcon_core.package_identification:Python package in 'target_pid_controller' passes arguments to the setup() function which requires a different identification extension than 'python'
[0.659s] Level 1:colcon.colcon_core.package_identification:_identify(target_pid_controller) by extensions ['python_setup_py']
[0.659s] Level 1:colcon.colcon_core.package_identification:_identify(target_pid_controller) by extension 'python_setup_py'
[0.809s] DEBUG:colcon.colcon_core.package_identification:Package 'target_pid_controller' with type 'python' and name 'target_pid_controller'
[0.809s] Level 1:colcon.colcon_core.package_discovery:discover_packages(recursive) using defaults
[0.809s] Level 1:colcon.colcon_core.package_discovery:discover_packages(ignore) discover
[0.809s] Level 1:colcon.colcon_core.package_discovery:discover_packages(ignore) using defaults
[0.809s] Level 1:colcon.colcon_core.package_discovery:discover_packages(path) discover
[0.809s] Level 1:colcon.colcon_core.package_discovery:discover_packages(path) using defaults
[0.855s] Level 1:colcon.colcon_core.package_discovery:discover_packages(prefix_path) check parameters
[0.855s] Level 1:colcon.colcon_core.package_discovery:discover_packages(prefix_path) discover
[0.871s] DEBUG:colcon.colcon_installed_package_information.package_discovery:Found 3 installed packages in /home/sdc/Desktop/mocap4ros2_ws/Archive/install
[0.878s] DEBUG:colcon.colcon_installed_package_information.package_discovery:Found 73 installed packages in /home/sdc/Desktop/mocap4ros2_ws/install
[0.886s] DEBUG:colcon.colcon_installed_package_information.package_discovery:Found 394 installed packages in /opt/ros/humble
[0.887s] Level 1:colcon.colcon_core.package_discovery:discover_packages(prefix_path) using defaults
[0.925s] Level 5:colcon.colcon_core.verb:set package 'pure_pursuit' build argument 'cmake_args' from command line to 'None'
[0.925s] Level 5:colcon.colcon_core.verb:set package 'pure_pursuit' build argument 'cmake_target' from command line to 'None'
[0.925s] Level 5:colcon.colcon_core.verb:set package 'pure_pursuit' build argument 'cmake_target_skip_unavailable' from command line to 'False'
[0.925s] Level 5:colcon.colcon_core.verb:set package 'pure_pursuit' build argument 'cmake_clean_cache' from command line to 'False'
[0.925s] Level 5:colcon.colcon_core.verb:set package 'pure_pursuit' build argument 'cmake_clean_first' from command line to 'False'
[0.925s] Level 5:colcon.colcon_core.verb:set package 'pure_pursuit' build argument 'cmake_force_configure' from command line to 'False'
[0.925s] Level 5:colcon.colcon_core.verb:set package 'pure_pursuit' build argument 'ament_cmake_args' from command line to 'None'
[0.925s] Level 5:colcon.colcon_core.verb:set package 'pure_pursuit' build argument 'catkin_cmake_args' from command line to 'None'
[0.925s] Level 5:colcon.colcon_core.verb:set package 'pure_pursuit' build argument 'catkin_skip_building_tests' from command line to 'False'
[0.925s] DEBUG:colcon.colcon_core.verb:Building package 'pure_pursuit' with the following arguments: {'ament_cmake_args': None, 'build_base': '/home/sdc/Desktop/mocap4ros2_ws/Archive/build/pure_pursuit', 'catkin_cmake_args': None, 'catkin_skip_building_tests': False, 'cmake_args': None, 'cmake_clean_cache': False, 'cmake_clean_first': False, 'cmake_force_configure': False, 'cmake_target': None, 'cmake_target_skip_unavailable': False, 'install_base': '/home/sdc/Desktop/mocap4ros2_ws/Archive/install/pure_pursuit', 'merge_install': False, 'path': '/home/sdc/Desktop/mocap4ros2_ws/Archive/pure_pursuit', 'symlink_install': False, 'test_result_base': None}
[0.932s] Level 5:colcon.colcon_core.verb:set package 'target_pid_controller' build argument 'cmake_args' from command line to 'None'
[0.932s] Level 5:colcon.colcon_core.verb:set package 'target_pid_controller' build argument 'cmake_target' from command line to 'None'
[0.932s] Level 5:colcon.colcon_core.verb:set package 'target_pid_controller' build argument 'cmake_target_skip_unavailable' from command line to 'False'
[0.932s] Level 5:colcon.colcon_core.verb:set package 'target_pid_controller' build argument 'cmake_clean_cache' from command line to 'False'
[0.932s] Level 5:colcon.colcon_core.verb:set package 'target_pid_controller' build argument 'cmake_clean_first' from command line to 'False'
[0.932s] Level 5:colcon.colcon_core.verb:set package 'target_pid_controller' build argument 'cmake_force_configure' from command line to 'False'
[0.932s] Level 5:colcon.colcon_core.verb:set package 'target_pid_controller' build argument 'ament_cmake_args' from command line to 'None'
[0.932s] Level 5:colcon.colcon_core.verb:set package 'target_pid_controller' build argument 'catkin_cmake_args' from command line to 'None'
[0.932s] Level 5:colcon.colcon_core.verb:set package 'target_pid_controller' build argument 'catkin_skip_building_tests' from command line to 'False'
[0.932s] DEBUG:colcon.colcon_core.verb:Building package 'target_pid_controller' with the following arguments: {'ament_cmake_args': None, 'build_base': '/home/sdc/Desktop/mocap4ros2_ws/Archive/build/target_pid_controller', 'catkin_cmake_args': None, 'catkin_skip_building_tests': False, 'cmake_args': None, 'cmake_clean_cache': False, 'cmake_clean_first': False, 'cmake_force_configure': False, 'cmake_target': None, 'cmake_target_skip_unavailable': False, 'install_base': '/home/sdc/Desktop/mocap4ros2_ws/Archive/install/target_pid_controller', 'merge_install': False, 'path': '/home/sdc/Desktop/mocap4ros2_ws/Archive/target_pid_controller', 'symlink_install': False, 'test_result_base': None}
[0.939s] Level 5:colcon.colcon_core.verb:set package 'your_ros2_package' build argument 'cmake_args' from command line to 'None'
[0.939s] Level 5:colcon.colcon_core.verb:set package 'your_ros2_package' build argument 'cmake_target' from command line to 'None'
[0.939s] Level 5:colcon.colcon_core.verb:set package 'your_ros2_package' build argument 'cmake_target_skip_unavailable' from command line to 'False'
[0.939s] Level 5:colcon.colcon_core.verb:set package 'your_ros2_package' build argument 'cmake_clean_cache' from command line to 'False'
[0.939s] Level 5:colcon.colcon_core.verb:set package 'your_ros2_package' build argument 'cmake_clean_first' from command line to 'False'
[0.939s] Level 5:colcon.colcon_core.verb:set package 'your_ros2_package' build argument 'cmake_force_configure' from command line to 'False'
[0.939s] Level 5:colcon.colcon_core.verb:set package 'your_ros2_package' build argument 'ament_cmake_args' from command line to 'None'
[0.939s] Level 5:colcon.colcon_core.verb:set package 'your_ros2_package' build argument 'catkin_cmake_args' from command line to 'None'
[0.939s] Level 5:colcon.colcon_core.verb:set package 'your_ros2_package' build argument 'catkin_skip_building_tests' from command line to 'False'
[0.939s] DEBUG:colcon.colcon_core.verb:Building package 'your_ros2_package' with the following arguments: {'ament_cmake_args': None, 'build_base': '/home/sdc/Desktop/mocap4ros2_ws/Archive/build/your_ros2_package', 'catkin_cmake_args': None, 'catkin_skip_building_tests': False, 'cmake_args': None, 'cmake_clean_cache': False, 'cmake_clean_first': False, 'cmake_force_configure': False, 'cmake_target': None, 'cmake_target_skip_unavailable': False, 'install_base': '/home/sdc/Desktop/mocap4ros2_ws/Archive/install/your_ros2_package', 'merge_install': False, 'path': '/home/sdc/Desktop/mocap4ros2_ws/Archive/custom_robot_msgs', 'symlink_install': False, 'test_result_base': None}
[0.946s] INFO:colcon.colcon_core.executor:Executing jobs using 'parallel' executor
[0.953s] DEBUG:colcon.colcon_parallel_executor.executor.parallel:run_until_complete
[0.953s] INFO:colcon.colcon_ros.task.ament_python.build:Building ROS package in '/home/sdc/Desktop/mocap4ros2_ws/Archive/pure_pursuit' with build type 'ament_python'
[0.953s] Level 1:colcon.colcon_core.shell:create_environment_hook('pure_pursuit', 'ament_prefix_path')
[0.962s] INFO:colcon.colcon_core.plugin_system:Skipping extension 'colcon_core.shell.bat': Not used on non-Windows systems
[0.962s] INFO:colcon.colcon_core.shell:Creating environment hook '/home/sdc/Desktop/mocap4ros2_ws/Archive/install/pure_pursuit/share/pure_pursuit/hook/ament_prefix_path.ps1'
[0.962s] INFO:colcon.colcon_core.shell:Creating environment descriptor '/home/sdc/Desktop/mocap4ros2_ws/Archive/install/pure_pursuit/share/pure_pursuit/hook/ament_prefix_path.dsv'
[0.962s] INFO:colcon.colcon_core.shell:Creating environment hook '/home/sdc/Desktop/mocap4ros2_ws/Archive/install/pure_pursuit/share/pure_pursuit/hook/ament_prefix_path.sh'
[0.969s] INFO:colcon.colcon_core.shell:Skip shell extension 'powershell' for command environment: Not usable outside of PowerShell
[0.969s] DEBUG:colcon.colcon_core.shell:Skip shell extension 'dsv' for command environment
[1.002s] INFO:colcon.colcon_core.task.python.build:Building Python package in '/home/sdc/Desktop/mocap4ros2_ws/Archive/target_pid_controller'
[1.009s] INFO:colcon.colcon_core.shell:Skip shell extension 'powershell' for command environment: Not usable outside of PowerShell
[1.009s] DEBUG:colcon.colcon_core.shell:Skip shell extension 'dsv' for command environment
[1.042s] INFO:colcon.colcon_ros.task.ament_cmake.build:Building ROS package in '/home/sdc/Desktop/mocap4ros2_ws/Archive/custom_robot_msgs' with build type 'ament_cmake'
[1.042s] INFO:colcon.colcon_cmake.task.cmake.build:Building CMake package in '/home/sdc/Desktop/mocap4ros2_ws/Archive/custom_robot_msgs'
[1.050s] INFO:colcon.colcon_core.shell:Skip shell extension 'powershell' for command environment: Not usable outside of PowerShell
[1.050s] DEBUG:colcon.colcon_core.shell:Skip shell extension 'dsv' for command environment
[1.236s] INFO:colcon.colcon_core.task.python.build:Building Python package in '/home/sdc/Desktop/mocap4ros2_ws/Archive/pure_pursuit'
[1.243s] INFO:colcon.colcon_core.shell:Skip shell extension 'powershell' for command environment: Not usable outside of PowerShell
[1.244s] DEBUG:colcon.colcon_core.shell:Skip shell extension 'dsv' for command environment
[1.432s] DEBUG:colcon.colcon_core.event_handler.log_command:Invoking command in '/home/sdc/Desktop/mocap4ros2_ws/Archive/build/your_ros2_package': CMAKE_PREFIX_PATH=${CMAKE_PREFIX_PATH}:/home/sdc/Desktop/mocap4ros2_ws/Archive/install/target_pid_controller:/home/sdc/Desktop/mocap4ros2_ws/Archive/install/pure_pursuit:/home/sdc/Desktop/mocap4ros2_ws/install/target_pid_controller:/home/sdc/Desktop/mocap4ros2_ws/install/pure_pursuit:/home/sdc/Desktop/mocap4ros2_ws/install/rqt_joint_trajectory_controller:/home/sdc/Desktop/mocap4ros2_ws/install/rqt_controller_manager:/home/sdc/Desktop/mocap4ros2_ws/install/ros2controlcli:/home/sdc/Desktop/mocap4ros2_ws/install/ros2_controllers_test_nodes:/home/sdc/Desktop/mocap4ros2_ws/install/mocap4r2cli:/home/sdc/Desktop/mocap4ros2_ws/install/learning_tf2_py:/opt/ros/humble /usr/bin/cmake /home/sdc/Desktop/mocap4ros2_ws/Archive/custom_robot_msgs -DCMAKE_INSTALL_PREFIX=/home/sdc/Desktop/mocap4ros2_ws/Archive/install/your_ros2_package
[1.718s] DEBUG:colcon.colcon_core.event_handler.log_command:Invoking command in '/home/sdc/Desktop/mocap4ros2_ws/Archive/target_pid_controller': PYTHONPATH=/home/sdc/Desktop/mocap4ros2_ws/Archive/build/target_pid_controller/prefix_override:/home/sdc/Desktop/mocap4ros2_ws/Archive/install/target_pid_controller/lib/python3.10/site-packages:${PYTHONPATH} /usr/bin/python3 setup.py egg_info --egg-base ../build/target_pid_controller build --build-base /home/sdc/Desktop/mocap4ros2_ws/Archive/build/target_pid_controller/build install --record /home/sdc/Desktop/mocap4ros2_ws/Archive/build/target_pid_controller/install.log --single-version-externally-managed
[1.719s] DEBUG:colcon.colcon_core.event_handler.log_command:Invoking command in '/home/sdc/Desktop/mocap4ros2_ws/Archive/pure_pursuit': PYTHONPATH=/home/sdc/Desktop/mocap4ros2_ws/Archive/build/pure_pursuit/prefix_override:/home/sdc/Desktop/mocap4ros2_ws/Archive/install/pure_pursuit/lib/python3.10/site-packages:${PYTHONPATH} /usr/bin/python3 setup.py egg_info --egg-base ../build/pure_pursuit build --build-base /home/sdc/Desktop/mocap4ros2_ws/Archive/build/pure_pursuit/build install --record /home/sdc/Desktop/mocap4ros2_ws/Archive/build/pure_pursuit/install.log --single-version-externally-managed
[1.910s] DEBUG:colcon.colcon_core.event_handler.log_command:Invoked command in '/home/sdc/Desktop/mocap4ros2_ws/Archive/target_pid_controller' returned '0': PYTHONPATH=/home/sdc/Desktop/mocap4ros2_ws/Archive/build/target_pid_controller/prefix_override:/home/sdc/Desktop/mocap4ros2_ws/Archive/install/target_pid_controller/lib/python3.10/site-packages:${PYTHONPATH} /usr/bin/python3 setup.py egg_info --egg-base ../build/target_pid_controller build --build-base /home/sdc/Desktop/mocap4ros2_ws/Archive/build/target_pid_controller/build install --record /home/sdc/Desktop/mocap4ros2_ws/Archive/build/target_pid_controller/install.log --single-version-externally-managed
[1.920s] Level 1:colcon.colcon_core.environment:checking '/home/sdc/Desktop/mocap4ros2_ws/Archive/install/target_pid_controller' for CMake module files
[1.920s] Level 1:colcon.colcon_core.environment:checking '/home/sdc/Desktop/mocap4ros2_ws/Archive/install/target_pid_controller' for CMake config files
[1.920s] Level 1:colcon.colcon_core.environment:checking '/home/sdc/Desktop/mocap4ros2_ws/Archive/install/target_pid_controller/lib'
[1.920s] Level 1:colcon.colcon_core.environment:checking '/home/sdc/Desktop/mocap4ros2_ws/Archive/install/target_pid_controller/bin'
[1.921s] Level 1:colcon.colcon_core.environment:checking '/home/sdc/Desktop/mocap4ros2_ws/Archive/install/target_pid_controller/lib/pkgconfig/target_pid_controller.pc'
[1.921s] Level 1:colcon.colcon_core.environment:checking '/home/sdc/Desktop/mocap4ros2_ws/Archive/install/target_pid_controller/lib/python3.10/site-packages'
[1.921s] Level 1:colcon.colcon_core.shell:create_environment_hook('target_pid_controller', 'pythonpath')
[1.928s] INFO:colcon.colcon_core.shell:Creating environment hook '/home/sdc/Desktop/mocap4ros2_ws/Archive/install/target_pid_controller/share/target_pid_controller/hook/pythonpath.ps1'
[1.929s] INFO:colcon.colcon_core.shell:Creating environment descriptor '/home/sdc/Desktop/mocap4ros2_ws/Archive/install/target_pid_controller/share/target_pid_controller/hook/pythonpath.dsv'
[1.929s] INFO:colcon.colcon_core.shell:Creating environment hook '/home/sdc/Desktop/mocap4ros2_ws/Archive/install/target_pid_controller/share/target_pid_controller/hook/pythonpath.sh'
[1.929s] Level 1:colcon.colcon_core.environment:checking '/home/sdc/Desktop/mocap4ros2_ws/Archive/install/target_pid_controller/bin'
[1.929s] Level 1:colcon.colcon_core.environment:create_environment_scripts_only(target_pid_controller)
[1.936s] INFO:colcon.colcon_core.shell:Creating package script '/home/sdc/Desktop/mocap4ros2_ws/Archive/install/target_pid_controller/share/target_pid_controller/package.ps1'
[1.937s] INFO:colcon.colcon_core.shell:Creating package descriptor '/home/sdc/Desktop/mocap4ros2_ws/Archive/install/target_pid_controller/share/target_pid_controller/package.dsv'
[1.937s] INFO:colcon.colcon_core.shell:Creating package script '/home/sdc/Desktop/mocap4ros2_ws/Archive/install/target_pid_controller/share/target_pid_controller/package.sh'
[1.937s] INFO:colcon.colcon_core.shell:Creating package script '/home/sdc/Desktop/mocap4ros2_ws/Archive/install/target_pid_controller/share/target_pid_controller/package.bash'
[1.938s] INFO:colcon.colcon_core.shell:Creating package script '/home/sdc/Desktop/mocap4ros2_ws/Archive/install/target_pid_controller/share/target_pid_controller/package.zsh'
[1.938s] Level 1:colcon.colcon_core.environment:create_file_with_runtime_dependencies(/home/sdc/Desktop/mocap4ros2_ws/Archive/install/target_pid_controller/share/colcon-core/packages/target_pid_controller)
[1.939s] DEBUG:colcon.colcon_core.event_handler.log_command:Invoked command in '/home/sdc/Desktop/mocap4ros2_ws/Archive/pure_pursuit' returned '0': PYTHONPATH=/home/sdc/Desktop/mocap4ros2_ws/Archive/build/pure_pursuit/prefix_override:/home/sdc/Desktop/mocap4ros2_ws/Archive/install/pure_pursuit/lib/python3.10/site-packages:${PYTHONPATH} /usr/bin/python3 setup.py egg_info --egg-base ../build/pure_pursuit build --build-base /home/sdc/Desktop/mocap4ros2_ws/Archive/build/pure_pursuit/build install --record /home/sdc/Desktop/mocap4ros2_ws/Archive/build/pure_pursuit/install.log --single-version-externally-managed
[1.946s] Level 1:colcon.colcon_core.environment:checking '/home/sdc/Desktop/mocap4ros2_ws/Archive/install/pure_pursuit' for CMake module files
[1.946s] Level 1:colcon.colcon_core.environment:checking '/home/sdc/Desktop/mocap4ros2_ws/Archive/install/pure_pursuit' for CMake config files
[1.947s] Level 1:colcon.colcon_core.environment:checking '/home/sdc/Desktop/mocap4ros2_ws/Archive/install/pure_pursuit/lib'
[1.947s] Level 1:colcon.colcon_core.environment:checking '/home/sdc/Desktop/mocap4ros2_ws/Archive/install/pure_pursuit/bin'
[1.947s] Level 1:colcon.colcon_core.environment:checking '/home/sdc/Desktop/mocap4ros2_ws/Archive/install/pure_pursuit/lib/pkgconfig/pure_pursuit.pc'
[1.947s] Level 1:colcon.colcon_core.environment:checking '/home/sdc/Desktop/mocap4ros2_ws/Archive/install/pure_pursuit/lib/python3.10/site-packages'
[1.947s] Level 1:colcon.colcon_core.shell:create_environment_hook('pure_pursuit', 'pythonpath')
[1.954s] INFO:colcon.colcon_core.shell:Creating environment hook '/home/sdc/Desktop/mocap4ros2_ws/Archive/install/pure_pursuit/share/pure_pursuit/hook/pythonpath.ps1'
[1.954s] INFO:colcon.colcon_core.shell:Creating environment descriptor '/home/sdc/Desktop/mocap4ros2_ws/Archive/install/pure_pursuit/share/pure_pursuit/hook/pythonpath.dsv'
[1.954s] INFO:colcon.colcon_core.shell:Creating environment hook '/home/sdc/Desktop/mocap4ros2_ws/Archive/install/pure_pursuit/share/pure_pursuit/hook/pythonpath.sh'
[1.955s] Level 1:colcon.colcon_core.environment:checking '/home/sdc/Desktop/mocap4ros2_ws/Archive/install/pure_pursuit/bin'
[1.955s] Level 1:colcon.colcon_core.environment:create_environment_scripts_only(pure_pursuit)
[1.962s] INFO:colcon.colcon_core.shell:Creating package script '/home/sdc/Desktop/mocap4ros2_ws/Archive/install/pure_pursuit/share/pure_pursuit/package.ps1'
[1.962s] INFO:colcon.colcon_core.shell:Creating package descriptor '/home/sdc/Desktop/mocap4ros2_ws/Archive/install/pure_pursuit/share/pure_pursuit/package.dsv'
[1.962s] INFO:colcon.colcon_core.shell:Creating package script '/home/sdc/Desktop/mocap4ros2_ws/Archive/install/pure_pursuit/share/pure_pursuit/package.sh'
[1.963s] INFO:colcon.colcon_core.shell:Creating package script '/home/sdc/Desktop/mocap4ros2_ws/Archive/install/pure_pursuit/share/pure_pursuit/package.bash'
[1.963s] INFO:colcon.colcon_core.shell:Creating package script '/home/sdc/Desktop/mocap4ros2_ws/Archive/install/pure_pursuit/share/pure_pursuit/package.zsh'
[1.963s] Level 1:colcon.colcon_core.environment:create_file_with_runtime_dependencies(/home/sdc/Desktop/mocap4ros2_ws/Archive/install/pure_pursuit/share/colcon-core/packages/pure_pursuit)
[2.616s] DEBUG:colcon.colcon_core.event_handler.log_command:Invoked command in '/home/sdc/Desktop/mocap4ros2_ws/Archive/build/your_ros2_package' returned '1': CMAKE_PREFIX_PATH=${CMAKE_PREFIX_PATH}:/home/sdc/Desktop/mocap4ros2_ws/Archive/install/target_pid_controller:/home/sdc/Desktop/mocap4ros2_ws/Archive/install/pure_pursuit:/home/sdc/Desktop/mocap4ros2_ws/install/target_pid_controller:/home/sdc/Desktop/mocap4ros2_ws/install/pure_pursuit:/home/sdc/Desktop/mocap4ros2_ws/install/rqt_joint_trajectory_controller:/home/sdc/Desktop/mocap4ros2_ws/install/rqt_controller_manager:/home/sdc/Desktop/mocap4ros2_ws/install/ros2controlcli:/home/sdc/Desktop/mocap4ros2_ws/install/ros2_controllers_test_nodes:/home/sdc/Desktop/mocap4ros2_ws/install/mocap4r2cli:/home/sdc/Desktop/mocap4ros2_ws/install/learning_tf2_py:/opt/ros/humble /usr/bin/cmake /home/sdc/Desktop/mocap4ros2_ws/Archive/custom_robot_msgs -DCMAKE_INSTALL_PREFIX=/home/sdc/Desktop/mocap4ros2_ws/Archive/install/your_ros2_package
[2.624s] Level 1:colcon.colcon_core.environment:create_environment_scripts_only(your_ros2_package)
[2.632s] Level 1:colcon.colcon_core.environment:checking '/home/sdc/Desktop/mocap4ros2_ws/Archive/install/your_ros2_package' for CMake module files
[2.632s] Level 1:colcon.colcon_core.environment:checking '/home/sdc/Desktop/mocap4ros2_ws/Archive/install/your_ros2_package' for CMake config files
[2.632s] Level 1:colcon.colcon_core.environment:checking '/home/sdc/Desktop/mocap4ros2_ws/Archive/install/your_ros2_package/bin'
[2.632s] Level 1:colcon.colcon_core.environment:checking '/home/sdc/Desktop/mocap4ros2_ws/Archive/install/your_ros2_package/lib/pkgconfig/your_ros2_package.pc'
[2.632s] Level 1:colcon.colcon_core.environment:checking '/home/sdc/Desktop/mocap4ros2_ws/Archive/install/your_ros2_package/lib/python3.10/site-packages'
[2.633s] Level 1:colcon.colcon_core.environment:checking '/home/sdc/Desktop/mocap4ros2_ws/Archive/install/your_ros2_package/bin'
[2.640s] INFO:colcon.colcon_core.shell:Creating package script '/home/sdc/Desktop/mocap4ros2_ws/Archive/install/your_ros2_package/share/your_ros2_package/package.ps1'
[2.640s] INFO:colcon.colcon_core.shell:Creating package descriptor '/home/sdc/Desktop/mocap4ros2_ws/Archive/install/your_ros2_package/share/your_ros2_package/package.dsv'
[2.640s] INFO:colcon.colcon_core.shell:Creating package script '/home/sdc/Desktop/mocap4ros2_ws/Archive/install/your_ros2_package/share/your_ros2_package/package.sh'
[2.640s] INFO:colcon.colcon_core.shell:Creating package script '/home/sdc/Desktop/mocap4ros2_ws/Archive/install/your_ros2_package/share/your_ros2_package/package.bash'
[2.640s] INFO:colcon.colcon_core.shell:Creating package script '/home/sdc/Desktop/mocap4ros2_ws/Archive/install/your_ros2_package/share/your_ros2_package/package.zsh'
[2.641s] Level 1:colcon.colcon_core.environment:create_file_with_runtime_dependencies(/home/sdc/Desktop/mocap4ros2_ws/Archive/install/your_ros2_package/share/colcon-core/packages/your_ros2_package)
[2.651s] DEBUG:colcon.colcon_parallel_executor.executor.parallel:closing loop
[2.651s] DEBUG:colcon.colcon_parallel_executor.executor.parallel:loop closed
[2.651s] DEBUG:colcon.colcon_parallel_executor.executor.parallel:run_until_complete finished with '1'
[2.651s] DEBUG:colcon.colcon_core.event_reactor:joining thread
[2.665s] INFO:colcon.colcon_core.plugin_system:Skipping extension 'colcon_notification.desktop_notification.terminal_notifier': Not used on non-Darwin systems
[2.665s] INFO:colcon.colcon_core.plugin_system:Skipping extension 'colcon_notification.desktop_notification.win32': Not used on non-Windows systems
[2.665s] INFO:colcon.colcon_notification.desktop_notification:Sending desktop notification using 'notify2'
[2.677s] DEBUG:colcon.colcon_core.event_reactor:joined thread
[2.688s] INFO:colcon.colcon_core.shell:Creating prefix script '/home/sdc/Desktop/mocap4ros2_ws/Archive/install/local_setup.ps1'
[2.689s] INFO:colcon.colcon_core.shell:Creating prefix util module '/home/sdc/Desktop/mocap4ros2_ws/Archive/install/_local_setup_util_ps1.py'
[2.689s] INFO:colcon.colcon_core.shell:Creating prefix chain script '/home/sdc/Desktop/mocap4ros2_ws/Archive/install/setup.ps1'
[2.698s] INFO:colcon.colcon_core.shell:Creating prefix script '/home/sdc/Desktop/mocap4ros2_ws/Archive/install/local_setup.sh'
[2.698s] INFO:colcon.colcon_core.shell:Creating prefix util module '/home/sdc/Desktop/mocap4ros2_ws/Archive/install/_local_setup_util_sh.py'
[2.699s] INFO:colcon.colcon_core.shell:Creating prefix chain script '/home/sdc/Desktop/mocap4ros2_ws/Archive/install/setup.sh'
[2.707s] INFO:colcon.colcon_core.shell:Creating prefix script '/home/sdc/Desktop/mocap4ros2_ws/Archive/install/local_setup.bash'
[2.707s] INFO:colcon.colcon_core.shell:Creating prefix chain script '/home/sdc/Desktop/mocap4ros2_ws/Archive/install/setup.bash'
[2.722s] INFO:colcon.colcon_core.shell:Creating prefix script '/home/sdc/Desktop/mocap4ros2_ws/Archive/install/local_setup.zsh'
[2.722s] INFO:colcon.colcon_core.shell:Creating prefix chain script '/home/sdc/Desktop/mocap4ros2_ws/Archive/install/setup.zsh'
