running egg_info
creating build/target_pid_controller/target_pid_controller.egg-info
writing build/target_pid_controller/target_pid_controller.egg-info/PKG-INFO
writing dependency_links to build/target_pid_controller/target_pid_controller.egg-info/dependency_links.txt
writing entry points to build/target_pid_controller/target_pid_controller.egg-info/entry_points.txt
writing requirements to build/target_pid_controller/target_pid_controller.egg-info/requires.txt
writing top-level names to build/target_pid_controller/target_pid_controller.egg-info/top_level.txt
writing manifest file 'build/target_pid_controller/target_pid_controller.egg-info/SOURCES.txt'
reading manifest file 'build/target_pid_controller/target_pid_controller.egg-info/SOURCES.txt'
writing manifest file 'build/target_pid_controller/target_pid_controller.egg-info/SOURCES.txt'
running build
running build_py
creating /home/sdc/Desktop/mocap4ros2_ws/Archive/target_pid_controller/build/target_pid_controller/build
creating /home/sdc/Desktop/mocap4ros2_ws/Archive/target_pid_controller/build/target_pid_controller/build/lib
creating /home/sdc/Desktop/mocap4ros2_ws/Archive/target_pid_controller/build/target_pid_controller/build/lib/target_pid_controller
copying target_pid_controller/__init__.py -> /home/sdc/Desktop/mocap4ros2_ws/Archive/target_pid_controller/build/target_pid_controller/build/lib/target_pid_controller
copying target_pid_controller/Command.py -> /home/sdc/Desktop/mocap4ros2_ws/Archive/target_pid_controller/build/target_pid_controller/build/lib/target_pid_controller
copying target_pid_controller/Thread.py -> /home/sdc/Desktop/mocap4ros2_ws/Archive/target_pid_controller/build/target_pid_controller/build/lib/target_pid_controller
copying target_pid_controller/Video.py -> /home/sdc/Desktop/mocap4ros2_ws/Archive/target_pid_controller/build/target_pid_controller/build/lib/target_pid_controller
copying target_pid_controller/pid_controller.py -> /home/sdc/Desktop/mocap4ros2_ws/Archive/target_pid_controller/build/target_pid_controller/build/lib/target_pid_controller
copying target_pid_controller/rigid_bodies.py -> /home/sdc/Desktop/mocap4ros2_ws/Archive/target_pid_controller/build/target_pid_controller/build/lib/target_pid_controller
copying target_pid_controller/pid_controller_node_sub.py -> /home/sdc/Desktop/mocap4ros2_ws/Archive/target_pid_controller/build/target_pid_controller/build/lib/target_pid_controller
copying target_pid_controller/params.py -> /home/sdc/Desktop/mocap4ros2_ws/Archive/target_pid_controller/build/target_pid_controller/build/lib/target_pid_controller
copying target_pid_controller/pid_controller_node.py -> /home/sdc/Desktop/mocap4ros2_ws/Archive/target_pid_controller/build/target_pid_controller/build/lib/target_pid_controller
copying target_pid_controller/tf_updater_node.py -> /home/sdc/Desktop/mocap4ros2_ws/Archive/target_pid_controller/build/target_pid_controller/build/lib/target_pid_controller
copying target_pid_controller/target_node.py -> /home/sdc/Desktop/mocap4ros2_ws/Archive/target_pid_controller/build/target_pid_controller/build/lib/target_pid_controller
running install
running install_lib
creating /home/sdc/Desktop/mocap4ros2_ws/Archive/target_pid_controller/install/target_pid_controller/lib/python3.10/site-packages/target_pid_controller
copying /home/sdc/Desktop/mocap4ros2_ws/Archive/target_pid_controller/build/target_pid_controller/build/lib/target_pid_controller/pid_controller.py -> /home/sdc/Desktop/mocap4ros2_ws/Archive/target_pid_controller/install/target_pid_controller/lib/python3.10/site-packages/target_pid_controller
copying /home/sdc/Desktop/mocap4ros2_ws/Archive/target_pid_controller/build/target_pid_controller/build/lib/target_pid_controller/__init__.py -> /home/sdc/Desktop/mocap4ros2_ws/Archive/target_pid_controller/install/target_pid_controller/lib/python3.10/site-packages/target_pid_controller
copying /home/sdc/Desktop/mocap4ros2_ws/Archive/target_pid_controller/build/target_pid_controller/build/lib/target_pid_controller/Thread.py -> /home/sdc/Desktop/mocap4ros2_ws/Archive/target_pid_controller/install/target_pid_controller/lib/python3.10/site-packages/target_pid_controller
copying /home/sdc/Desktop/mocap4ros2_ws/Archive/target_pid_controller/build/target_pid_controller/build/lib/target_pid_controller/rigid_bodies.py -> /home/sdc/Desktop/mocap4ros2_ws/Archive/target_pid_controller/install/target_pid_controller/lib/python3.10/site-packages/target_pid_controller
copying /home/sdc/Desktop/mocap4ros2_ws/Archive/target_pid_controller/build/target_pid_controller/build/lib/target_pid_controller/pid_controller_node_sub.py -> /home/sdc/Desktop/mocap4ros2_ws/Archive/target_pid_controller/install/target_pid_controller/lib/python3.10/site-packages/target_pid_controller
copying /home/sdc/Desktop/mocap4ros2_ws/Archive/target_pid_controller/build/target_pid_controller/build/lib/target_pid_controller/params.py -> /home/sdc/Desktop/mocap4ros2_ws/Archive/target_pid_controller/install/target_pid_controller/lib/python3.10/site-packages/target_pid_controller
copying /home/sdc/Desktop/mocap4ros2_ws/Archive/target_pid_controller/build/target_pid_controller/build/lib/target_pid_controller/pid_controller_node.py -> /home/sdc/Desktop/mocap4ros2_ws/Archive/target_pid_controller/install/target_pid_controller/lib/python3.10/site-packages/target_pid_controller
copying /home/sdc/Desktop/mocap4ros2_ws/Archive/target_pid_controller/build/target_pid_controller/build/lib/target_pid_controller/Command.py -> /home/sdc/Desktop/mocap4ros2_ws/Archive/target_pid_controller/install/target_pid_controller/lib/python3.10/site-packages/target_pid_controller
copying /home/sdc/Desktop/mocap4ros2_ws/Archive/target_pid_controller/build/target_pid_controller/build/lib/target_pid_controller/Video.py -> /home/sdc/Desktop/mocap4ros2_ws/Archive/target_pid_controller/install/target_pid_controller/lib/python3.10/site-packages/target_pid_controller
copying /home/sdc/Desktop/mocap4ros2_ws/Archive/target_pid_controller/build/target_pid_controller/build/lib/target_pid_controller/tf_updater_node.py -> /home/sdc/Desktop/mocap4ros2_ws/Archive/target_pid_controller/install/target_pid_controller/lib/python3.10/site-packages/target_pid_controller
copying /home/sdc/Desktop/mocap4ros2_ws/Archive/target_pid_controller/build/target_pid_controller/build/lib/target_pid_controller/target_node.py -> /home/sdc/Desktop/mocap4ros2_ws/Archive/target_pid_controller/install/target_pid_controller/lib/python3.10/site-packages/target_pid_controller
byte-compiling /home/sdc/Desktop/mocap4ros2_ws/Archive/target_pid_controller/install/target_pid_controller/lib/python3.10/site-packages/target_pid_controller/pid_controller.py to pid_controller.cpython-310.pyc
byte-compiling /home/sdc/Desktop/mocap4ros2_ws/Archive/target_pid_controller/install/target_pid_controller/lib/python3.10/site-packages/target_pid_controller/__init__.py to __init__.cpython-310.pyc
byte-compiling /home/sdc/Desktop/mocap4ros2_ws/Archive/target_pid_controller/install/target_pid_controller/lib/python3.10/site-packages/target_pid_controller/Thread.py to Thread.cpython-310.pyc
byte-compiling /home/sdc/Desktop/mocap4ros2_ws/Archive/target_pid_controller/install/target_pid_controller/lib/python3.10/site-packages/target_pid_controller/rigid_bodies.py to rigid_bodies.cpython-310.pyc
byte-compiling /home/sdc/Desktop/mocap4ros2_ws/Archive/target_pid_controller/install/target_pid_controller/lib/python3.10/site-packages/target_pid_controller/pid_controller_node_sub.py to pid_controller_node_sub.cpython-310.pyc
byte-compiling /home/sdc/Desktop/mocap4ros2_ws/Archive/target_pid_controller/install/target_pid_controller/lib/python3.10/site-packages/target_pid_controller/params.py to params.cpython-310.pyc
byte-compiling /home/sdc/Desktop/mocap4ros2_ws/Archive/target_pid_controller/install/target_pid_controller/lib/python3.10/site-packages/target_pid_controller/pid_controller_node.py to pid_controller_node.cpython-310.pyc
byte-compiling /home/sdc/Desktop/mocap4ros2_ws/Archive/target_pid_controller/install/target_pid_controller/lib/python3.10/site-packages/target_pid_controller/Command.py to Command.cpython-310.pyc
byte-compiling /home/sdc/Desktop/mocap4ros2_ws/Archive/target_pid_controller/install/target_pid_controller/lib/python3.10/site-packages/target_pid_controller/Video.py to Video.cpython-310.pyc
byte-compiling /home/sdc/Desktop/mocap4ros2_ws/Archive/target_pid_controller/install/target_pid_controller/lib/python3.10/site-packages/target_pid_controller/tf_updater_node.py to tf_updater_node.cpython-310.pyc
byte-compiling /home/sdc/Desktop/mocap4ros2_ws/Archive/target_pid_controller/install/target_pid_controller/lib/python3.10/site-packages/target_pid_controller/target_node.py to target_node.cpython-310.pyc
running install_data
creating /home/sdc/Desktop/mocap4ros2_ws/Archive/target_pid_controller/install/target_pid_controller/share
creating /home/sdc/Desktop/mocap4ros2_ws/Archive/target_pid_controller/install/target_pid_controller/share/ament_index
creating /home/sdc/Desktop/mocap4ros2_ws/Archive/target_pid_controller/install/target_pid_controller/share/ament_index/resource_index
creating /home/sdc/Desktop/mocap4ros2_ws/Archive/target_pid_controller/install/target_pid_controller/share/ament_index/resource_index/packages
copying resource/target_pid_controller -> /home/sdc/Desktop/mocap4ros2_ws/Archive/target_pid_controller/install/target_pid_controller/share/ament_index/resource_index/packages
creating /home/sdc/Desktop/mocap4ros2_ws/Archive/target_pid_controller/install/target_pid_controller/share/target_pid_controller
copying package.xml -> /home/sdc/Desktop/mocap4ros2_ws/Archive/target_pid_controller/install/target_pid_controller/share/target_pid_controller
creating /home/sdc/Desktop/mocap4ros2_ws/Archive/target_pid_controller/install/target_pid_controller/share/target_pid_controller/launch
copying launch/target_controller_sim_launch.py -> /home/sdc/Desktop/mocap4ros2_ws/Archive/target_pid_controller/install/target_pid_controller/share/target_pid_controller/launch
copying launch/target_controller_launch.py -> /home/sdc/Desktop/mocap4ros2_ws/Archive/target_pid_controller/install/target_pid_controller/share/target_pid_controller/launch
creating /home/sdc/Desktop/mocap4ros2_ws/Archive/target_pid_controller/install/target_pid_controller/share/target_pid_controller/config
copying config/target_pid_controller_params.yaml -> /home/sdc/Desktop/mocap4ros2_ws/Archive/target_pid_controller/install/target_pid_controller/share/target_pid_controller/config
copying config/target_pid_controller.yaml -> /home/sdc/Desktop/mocap4ros2_ws/Archive/target_pid_controller/install/target_pid_controller/share/target_pid_controller/config
creating /home/sdc/Desktop/mocap4ros2_ws/Archive/target_pid_controller/install/target_pid_controller/share/target_pid_controller/config/rviz
copying config/rviz/target_controller_rviz2.rviz -> /home/sdc/Desktop/mocap4ros2_ws/Archive/target_pid_controller/install/target_pid_controller/share/target_pid_controller/config/rviz
running install_egg_info
Copying build/target_pid_controller/target_pid_controller.egg-info to /home/sdc/Desktop/mocap4ros2_ws/Archive/target_pid_controller/install/target_pid_controller/lib/python3.10/site-packages/target_pid_controller-0.0.0-py3.10.egg-info
running install_scripts
Installing connection_node = target_pid_controller.pid_controller_node_sub:maintarget_setter script to /home/sdc/Desktop/mocap4ros2_ws/Archive/target_pid_controller/install/target_pid_controller/lib/target_pid_controller
Installing robot_controller script to /home/sdc/Desktop/mocap4ros2_ws/Archive/target_pid_controller/install/target_pid_controller/lib/target_pid_controller
Installing tf_broadcaster script to /home/sdc/Desktop/mocap4ros2_ws/Archive/target_pid_controller/install/target_pid_controller/lib/target_pid_controller
writing list of installed files to '/home/sdc/Desktop/mocap4ros2_ws/Archive/target_pid_controller/build/target_pid_controller/install.log'
