-- The C compiler identification is GNU 11.4.0
-- The CXX compiler identification is GNU 11.4.0
-- Detecting C compiler ABI info
-- Detecting C compiler ABI info - done
-- Check for working C compiler: /usr/bin/cc - skipped
-- Detecting C compile features
-- Detecting C compile features - done
-- Detecting CXX compiler ABI info
-- Detecting CXX compiler ABI info - done
-- Check for working CXX compiler: /usr/bin/c++ - skipped
-- Detecting CXX compile features
-- Detecting CXX compile features - done
-- Found ament_cmake: 1.3.9 (/opt/ros/humble/share/ament_cmake/cmake)
-- Found Python3: /usr/bin/python3 (found version "3.10.12") found components: Interpreter 
-- Found rosidl_default_generators: 1.2.0 (/opt/ros/humble/share/rosidl_default_generators/cmake)
-- Using all available rosidl_typesupport_c: rosidl_typesupport_fastrtps_c;rosidl_typesupport_introspection_c
-- Found rosidl_adapter: 3.1.5 (/opt/ros/humble/share/rosidl_adapter/cmake)
-- Using all available rosidl_typesupport_cpp: rosidl_typesupport_fastrtps_cpp;rosidl_typesupport_introspection_cpp
-- Found builtin_interfaces: 1.2.1 (/opt/ros/humble/share/builtin_interfaces/cmake)
-- Found std_msgs: 4.2.4 (/opt/ros/humble/share/std_msgs/cmake)
-- Found geometry_msgs: 4.2.4 (/opt/ros/humble/share/geometry_msgs/cmake)
-- Found ament_cmake_ros: 0.10.0 (/opt/ros/humble/share/ament_cmake_ros/cmake)
-- Using all available rosidl_typesupport_c: rosidl_typesupport_fastrtps_c;rosidl_typesupport_introspection_c
-- Using all available rosidl_typesupport_cpp: rosidl_typesupport_fastrtps_cpp;rosidl_typesupport_introspection_cpp
-- Found PythonInterp: /usr/bin/python3 (found suitable version "3.10.12", minimum required is "3.6") 
-- Found python_cmake_module: 0.10.0 (/opt/ros/humble/share/python_cmake_module/cmake)
-- Found PythonLibs: /usr/lib/x86_64-linux-gnu/libpython3.10.so (found suitable version "3.10.12", minimum required is "3.5") 
-- Using PYTHON_EXECUTABLE: /usr/bin/python3
-- Using PYTHON_INCLUDE_DIRS: /usr/include/python3.10
-- Using PYTHON_LIBRARIES: /usr/lib/x86_64-linux-gnu/libpython3.10.so
-- Found PythonExtra: .so  
-- Configuring done
-- Generating done
-- Build files have been written to: /home/sdc/Desktop/mocap4ros2_ws/Archive/build/mocap4r2_msgs
[  1%] [34m[1mGenerating C code for ROS interfaces[0m
[  2%] [34m[1mGenerating C++ code for ROS interfaces[0m
[  2%] Built target ament_cmake_python_copy_mocap4r2_msgs
running egg_info
creating mocap4r2_msgs.egg-info
writing mocap4r2_msgs.egg-info/PKG-INFO
writing dependency_links to mocap4r2_msgs.egg-info/dependency_links.txt
writing top-level names to mocap4r2_msgs.egg-info/top_level.txt
writing manifest file 'mocap4r2_msgs.egg-info/SOURCES.txt'
reading manifest file 'mocap4r2_msgs.egg-info/SOURCES.txt'
writing manifest file 'mocap4r2_msgs.egg-info/SOURCES.txt'
[  2%] Built target ament_cmake_python_build_mocap4r2_msgs_egg
[  2%] Built target mocap4r2_msgs__cpp
[  7%] [34m[1mGenerating C++ type support dispatch for ROS interfaces[0m
[  7%] [34m[1mGenerating C++ introspection for ROS interfaces[0m
[  7%] [34m[1mGenerating C++ type support for eProsima Fast-RTPS[0m
[  8%] [32mBuilding C object CMakeFiles/mocap4r2_msgs__rosidl_generator_c.dir/rosidl_generator_c/mocap4r2_msgs/msg/detail/imus_info__functions.c.o[0m
[  9%] [32mBuilding C object CMakeFiles/mocap4r2_msgs__rosidl_generator_c.dir/rosidl_generator_c/mocap4r2_msgs/msg/detail/marker__functions.c.o[0m
[ 12%] [32mBuilding C object CMakeFiles/mocap4r2_msgs__rosidl_generator_c.dir/rosidl_generator_c/mocap4r2_msgs/msg/detail/rigid_body__functions.c.o[0m
[ 12%] [32mBuilding C object CMakeFiles/mocap4r2_msgs__rosidl_generator_c.dir/rosidl_generator_c/mocap4r2_msgs/msg/detail/markers__functions.c.o[0m
[ 14%] [32mBuilding C object CMakeFiles/mocap4r2_msgs__rosidl_generator_c.dir/rosidl_generator_c/mocap4r2_msgs/msg/detail/rigid_bodies__functions.c.o[0m
[ 15%] [32mBuilding C object CMakeFiles/mocap4r2_msgs__rosidl_generator_c.dir/rosidl_generator_c/mocap4r2_msgs/srv/detail/create_rigid_body__functions.c.o[0m
[ 16%] [32m[1mLinking C shared library libmocap4r2_msgs__rosidl_generator_c.so[0m
[ 16%] Built target mocap4r2_msgs__rosidl_generator_c
[ 18%] [34m[1mGenerating C type support for eProsima Fast-RTPS[0m
[ 21%] [34m[1mGenerating C type support dispatch for ROS interfaces[0m
[ 21%] [34m[1mGenerating C introspection for ROS interfaces[0m
[ 22%] [32mBuilding CXX object CMakeFiles/mocap4r2_msgs__rosidl_typesupport_cpp.dir/rosidl_typesupport_cpp/mocap4r2_msgs/msg/marker__type_support.cpp.o[0m
[ 26%] [32mBuilding CXX object CMakeFiles/mocap4r2_msgs__rosidl_typesupport_cpp.dir/rosidl_typesupport_cpp/mocap4r2_msgs/msg/markers__type_support.cpp.o[0m
[ 26%] [32mBuilding CXX object CMakeFiles/mocap4r2_msgs__rosidl_typesupport_cpp.dir/rosidl_typesupport_cpp/mocap4r2_msgs/msg/rigid_body__type_support.cpp.o[0m
[ 26%] [32mBuilding CXX object CMakeFiles/mocap4r2_msgs__rosidl_typesupport_cpp.dir/rosidl_typesupport_cpp/mocap4r2_msgs/msg/imus_info__type_support.cpp.o[0m
[ 29%] [32mBuilding CXX object CMakeFiles/mocap4r2_msgs__rosidl_typesupport_cpp.dir/rosidl_typesupport_cpp/mocap4r2_msgs/srv/create_rigid_body__type_support.cpp.o[0m
[ 29%] [32mBuilding CXX object CMakeFiles/mocap4r2_msgs__rosidl_typesupport_cpp.dir/rosidl_typesupport_cpp/mocap4r2_msgs/msg/rigid_bodies__type_support.cpp.o[0m
[ 30%] [32mBuilding CXX object CMakeFiles/mocap4r2_msgs__rosidl_typesupport_introspection_cpp.dir/rosidl_typesupport_introspection_cpp/mocap4r2_msgs/msg/detail/markers__type_support.cpp.o[0m
[ 32%] [32mBuilding CXX object CMakeFiles/mocap4r2_msgs__rosidl_typesupport_introspection_cpp.dir/rosidl_typesupport_introspection_cpp/mocap4r2_msgs/msg/detail/imus_info__type_support.cpp.o[0m
[ 35%] [32mBuilding CXX object CMakeFiles/mocap4r2_msgs__rosidl_typesupport_introspection_cpp.dir/rosidl_typesupport_introspection_cpp/mocap4r2_msgs/msg/detail/marker__type_support.cpp.o[0m
[ 35%] [32mBuilding CXX object CMakeFiles/mocap4r2_msgs__rosidl_typesupport_introspection_cpp.dir/rosidl_typesupport_introspection_cpp/mocap4r2_msgs/msg/detail/rigid_body__type_support.cpp.o[0m
[ 36%] [32mBuilding CXX object CMakeFiles/mocap4r2_msgs__rosidl_typesupport_introspection_cpp.dir/rosidl_typesupport_introspection_cpp/mocap4r2_msgs/msg/detail/rigid_bodies__type_support.cpp.o[0m
[ 38%] [32mBuilding CXX object CMakeFiles/mocap4r2_msgs__rosidl_typesupport_introspection_cpp.dir/rosidl_typesupport_introspection_cpp/mocap4r2_msgs/srv/detail/create_rigid_body__type_support.cpp.o[0m
[ 39%] [32mBuilding CXX object CMakeFiles/mocap4r2_msgs__rosidl_typesupport_fastrtps_cpp.dir/rosidl_typesupport_fastrtps_cpp/mocap4r2_msgs/msg/detail/dds_fastrtps/marker__type_support.cpp.o[0m
[ 40%] [32mBuilding CXX object CMakeFiles/mocap4r2_msgs__rosidl_typesupport_fastrtps_cpp.dir/rosidl_typesupport_fastrtps_cpp/mocap4r2_msgs/msg/detail/dds_fastrtps/markers__type_support.cpp.o[0m
[ 42%] [32mBuilding CXX object CMakeFiles/mocap4r2_msgs__rosidl_typesupport_fastrtps_cpp.dir/rosidl_typesupport_fastrtps_cpp/mocap4r2_msgs/msg/detail/dds_fastrtps/imus_info__type_support.cpp.o[0m
[ 43%] [32mBuilding CXX object CMakeFiles/mocap4r2_msgs__rosidl_typesupport_fastrtps_cpp.dir/rosidl_typesupport_fastrtps_cpp/mocap4r2_msgs/msg/detail/dds_fastrtps/rigid_body__type_support.cpp.o[0m
[ 45%] [32mBuilding CXX object CMakeFiles/mocap4r2_msgs__rosidl_typesupport_c.dir/rosidl_typesupport_c/mocap4r2_msgs/msg/marker__type_support.cpp.o[0m
[ 46%] [32mBuilding CXX object CMakeFiles/mocap4r2_msgs__rosidl_typesupport_fastrtps_cpp.dir/rosidl_typesupport_fastrtps_cpp/mocap4r2_msgs/msg/detail/dds_fastrtps/rigid_bodies__type_support.cpp.o[0m
[ 47%] [32m[1mLinking CXX shared library libmocap4r2_msgs__rosidl_typesupport_cpp.so[0m
[ 49%] [32mBuilding CXX object CMakeFiles/mocap4r2_msgs__rosidl_typesupport_c.dir/rosidl_typesupport_c/mocap4r2_msgs/msg/markers__type_support.cpp.o[0m
[ 50%] [32mBuilding CXX object CMakeFiles/mocap4r2_msgs__rosidl_typesupport_c.dir/rosidl_typesupport_c/mocap4r2_msgs/msg/imus_info__type_support.cpp.o[0m
[ 52%] [32mBuilding CXX object CMakeFiles/mocap4r2_msgs__rosidl_typesupport_c.dir/rosidl_typesupport_c/mocap4r2_msgs/msg/rigid_body__type_support.cpp.o[0m
[ 53%] [32mBuilding CXX object CMakeFiles/mocap4r2_msgs__rosidl_typesupport_c.dir/rosidl_typesupport_c/mocap4r2_msgs/msg/rigid_bodies__type_support.cpp.o[0m
[ 54%] [32mBuilding CXX object CMakeFiles/mocap4r2_msgs__rosidl_typesupport_fastrtps_c.dir/rosidl_typesupport_fastrtps_c/mocap4r2_msgs/msg/detail/marker__type_support_c.cpp.o[0m
[ 54%] Built target mocap4r2_msgs__rosidl_typesupport_cpp
[ 56%] [32mBuilding CXX object CMakeFiles/mocap4r2_msgs__rosidl_typesupport_c.dir/rosidl_typesupport_c/mocap4r2_msgs/srv/create_rigid_body__type_support.cpp.o[0m
[ 57%] [32mBuilding CXX object CMakeFiles/mocap4r2_msgs__rosidl_typesupport_fastrtps_cpp.dir/rosidl_typesupport_fastrtps_cpp/mocap4r2_msgs/srv/detail/dds_fastrtps/create_rigid_body__type_support.cpp.o[0m
[ 59%] [32m[1mLinking CXX shared library libmocap4r2_msgs__rosidl_typesupport_c.so[0m
[ 60%] [32mBuilding CXX object CMakeFiles/mocap4r2_msgs__rosidl_typesupport_fastrtps_c.dir/rosidl_typesupport_fastrtps_c/mocap4r2_msgs/msg/detail/markers__type_support_c.cpp.o[0m
[ 61%] [32mBuilding CXX object CMakeFiles/mocap4r2_msgs__rosidl_typesupport_fastrtps_c.dir/rosidl_typesupport_fastrtps_c/mocap4r2_msgs/msg/detail/imus_info__type_support_c.cpp.o[0m
[ 63%] [32mBuilding C object CMakeFiles/mocap4r2_msgs__rosidl_typesupport_introspection_c.dir/rosidl_typesupport_introspection_c/mocap4r2_msgs/msg/detail/marker__type_support.c.o[0m
[ 63%] Built target mocap4r2_msgs__rosidl_typesupport_c
[ 64%] [32mBuilding CXX object CMakeFiles/mocap4r2_msgs__rosidl_typesupport_fastrtps_c.dir/rosidl_typesupport_fastrtps_c/mocap4r2_msgs/msg/detail/rigid_body__type_support_c.cpp.o[0m
[ 66%] [32mBuilding CXX object CMakeFiles/mocap4r2_msgs__rosidl_typesupport_fastrtps_c.dir/rosidl_typesupport_fastrtps_c/mocap4r2_msgs/msg/detail/rigid_bodies__type_support_c.cpp.o[0m
[ 67%] [32mBuilding CXX object CMakeFiles/mocap4r2_msgs__rosidl_typesupport_fastrtps_c.dir/rosidl_typesupport_fastrtps_c/mocap4r2_msgs/srv/detail/create_rigid_body__type_support_c.cpp.o[0m
[ 69%] [32mBuilding C object CMakeFiles/mocap4r2_msgs__rosidl_typesupport_introspection_c.dir/rosidl_typesupport_introspection_c/mocap4r2_msgs/msg/detail/markers__type_support.c.o[0m
[ 70%] [32mBuilding C object CMakeFiles/mocap4r2_msgs__rosidl_typesupport_introspection_c.dir/rosidl_typesupport_introspection_c/mocap4r2_msgs/msg/detail/imus_info__type_support.c.o[0m
[ 71%] [32mBuilding C object CMakeFiles/mocap4r2_msgs__rosidl_typesupport_introspection_c.dir/rosidl_typesupport_introspection_c/mocap4r2_msgs/msg/detail/rigid_body__type_support.c.o[0m
[ 73%] [32mBuilding C object CMakeFiles/mocap4r2_msgs__rosidl_typesupport_introspection_c.dir/rosidl_typesupport_introspection_c/mocap4r2_msgs/msg/detail/rigid_bodies__type_support.c.o[0m
[ 74%] [32mBuilding C object CMakeFiles/mocap4r2_msgs__rosidl_typesupport_introspection_c.dir/rosidl_typesupport_introspection_c/mocap4r2_msgs/srv/detail/create_rigid_body__type_support.c.o[0m
[ 76%] [32m[1mLinking CXX shared library libmocap4r2_msgs__rosidl_typesupport_introspection_cpp.so[0m
[ 77%] [32m[1mLinking C shared library libmocap4r2_msgs__rosidl_typesupport_introspection_c.so[0m
[ 77%] Built target mocap4r2_msgs__rosidl_typesupport_introspection_c
[ 77%] Built target mocap4r2_msgs__rosidl_typesupport_introspection_cpp
[ 78%] [32m[1mLinking CXX shared library libmocap4r2_msgs__rosidl_typesupport_fastrtps_c.so[0m
[ 80%] [32m[1mLinking CXX shared library libmocap4r2_msgs__rosidl_typesupport_fastrtps_cpp.so[0m
[ 80%] Built target mocap4r2_msgs__rosidl_typesupport_fastrtps_c
[ 80%] Built target mocap4r2_msgs__rosidl_typesupport_fastrtps_cpp
[ 80%] Built target mocap4r2_msgs
[ 81%] [34m[1mGenerating Python code for ROS interfaces[0m
[ 81%] Built target mocap4r2_msgs__py
[ 84%] [32mBuilding C object CMakeFiles/mocap4r2_msgs__rosidl_generator_py.dir/rosidl_generator_py/mocap4r2_msgs/msg/_marker_s.c.o[0m
[ 84%] [32mBuilding C object CMakeFiles/mocap4r2_msgs__rosidl_generator_py.dir/rosidl_generator_py/mocap4r2_msgs/msg/_markers_s.c.o[0m
[ 85%] [32mBuilding C object CMakeFiles/mocap4r2_msgs__rosidl_generator_py.dir/rosidl_generator_py/mocap4r2_msgs/msg/_imus_info_s.c.o[0m
[ 87%] [32mBuilding C object CMakeFiles/mocap4r2_msgs__rosidl_generator_py.dir/rosidl_generator_py/mocap4r2_msgs/msg/_rigid_bodies_s.c.o[0m
[ 88%] [32mBuilding C object CMakeFiles/mocap4r2_msgs__rosidl_generator_py.dir/rosidl_generator_py/mocap4r2_msgs/msg/_rigid_body_s.c.o[0m
[ 90%] [32mBuilding C object CMakeFiles/mocap4r2_msgs__rosidl_generator_py.dir/rosidl_generator_py/mocap4r2_msgs/srv/_create_rigid_body_s.c.o[0m
[ 91%] [32m[1mLinking C shared library rosidl_generator_py/mocap4r2_msgs/libmocap4r2_msgs__rosidl_generator_py.so[0m
[ 91%] Built target mocap4r2_msgs__rosidl_generator_py
[ 92%] [32mBuilding C object CMakeFiles/mocap4r2_msgs__rosidl_typesupport_c__pyext.dir/rosidl_generator_py/mocap4r2_msgs/_mocap4r2_msgs_s.ep.rosidl_typesupport_c.c.o[0m
[ 95%] [32mBuilding C object CMakeFiles/mocap4r2_msgs__rosidl_typesupport_introspection_c__pyext.dir/rosidl_generator_py/mocap4r2_msgs/_mocap4r2_msgs_s.ep.rosidl_typesupport_introspection_c.c.o[0m
[ 95%] [32mBuilding C object CMakeFiles/mocap4r2_msgs__rosidl_typesupport_fastrtps_c__pyext.dir/rosidl_generator_py/mocap4r2_msgs/_mocap4r2_msgs_s.ep.rosidl_typesupport_fastrtps_c.c.o[0m
[ 97%] [32m[1mLinking C shared library rosidl_generator_py/mocap4r2_msgs/mocap4r2_msgs_s__rosidl_typesupport_introspection_c.cpython-310-x86_64-linux-gnu.so[0m
[ 98%] [32m[1mLinking C shared library rosidl_generator_py/mocap4r2_msgs/mocap4r2_msgs_s__rosidl_typesupport_fastrtps_c.cpython-310-x86_64-linux-gnu.so[0m
[100%] [32m[1mLinking C shared library rosidl_generator_py/mocap4r2_msgs/mocap4r2_msgs_s__rosidl_typesupport_c.cpython-310-x86_64-linux-gnu.so[0m
[100%] Built target mocap4r2_msgs__rosidl_typesupport_introspection_c__pyext
[100%] Built target mocap4r2_msgs__rosidl_typesupport_fastrtps_c__pyext
[100%] Built target mocap4r2_msgs__rosidl_typesupport_c__pyext
-- Install configuration: ""
-- Installing: /home/sdc/Desktop/mocap4ros2_ws/Archive/install/mocap4r2_msgs/share/ament_index/resource_index/rosidl_interfaces/mocap4r2_msgs
-- Installing: /home/sdc/Desktop/mocap4ros2_ws/Archive/install/mocap4r2_msgs/include/mocap4r2_msgs/mocap4r2_msgs
-- Installing: /home/sdc/Desktop/mocap4ros2_ws/Archive/install/mocap4r2_msgs/include/mocap4r2_msgs/mocap4r2_msgs/msg
-- Installing: /home/sdc/Desktop/mocap4ros2_ws/Archive/install/mocap4r2_msgs/include/mocap4r2_msgs/mocap4r2_msgs/msg/marker.h
-- Installing: /home/sdc/Desktop/mocap4ros2_ws/Archive/install/mocap4r2_msgs/include/mocap4r2_msgs/mocap4r2_msgs/msg/detail
-- Installing: /home/sdc/Desktop/mocap4ros2_ws/Archive/install/mocap4r2_msgs/include/mocap4r2_msgs/mocap4r2_msgs/msg/detail/imus_info__struct.h
-- Installing: /home/sdc/Desktop/mocap4ros2_ws/Archive/install/mocap4r2_msgs/include/mocap4r2_msgs/mocap4r2_msgs/msg/detail/marker__functions.h
-- Installing: /home/sdc/Desktop/mocap4ros2_ws/Archive/install/mocap4r2_msgs/include/mocap4r2_msgs/mocap4r2_msgs/msg/detail/rigid_bodies__functions.h
-- Installing: /home/sdc/Desktop/mocap4ros2_ws/Archive/install/mocap4r2_msgs/include/mocap4r2_msgs/mocap4r2_msgs/msg/detail/markers__functions.c
-- Installing: /home/sdc/Desktop/mocap4ros2_ws/Archive/install/mocap4r2_msgs/include/mocap4r2_msgs/mocap4r2_msgs/msg/detail/marker__struct.h
-- Installing: /home/sdc/Desktop/mocap4ros2_ws/Archive/install/mocap4r2_msgs/include/mocap4r2_msgs/mocap4r2_msgs/msg/detail/markers__type_support.h
-- Installing: /home/sdc/Desktop/mocap4ros2_ws/Archive/install/mocap4r2_msgs/include/mocap4r2_msgs/mocap4r2_msgs/msg/detail/rigid_bodies__type_support.h
-- Installing: /home/sdc/Desktop/mocap4ros2_ws/Archive/install/mocap4r2_msgs/include/mocap4r2_msgs/mocap4r2_msgs/msg/detail/rigid_bodies__struct.h
-- Installing: /home/sdc/Desktop/mocap4ros2_ws/Archive/install/mocap4r2_msgs/include/mocap4r2_msgs/mocap4r2_msgs/msg/detail/rigid_body__functions.h
-- Installing: /home/sdc/Desktop/mocap4ros2_ws/Archive/install/mocap4r2_msgs/include/mocap4r2_msgs/mocap4r2_msgs/msg/detail/imus_info__type_support.h
-- Installing: /home/sdc/Desktop/mocap4ros2_ws/Archive/install/mocap4r2_msgs/include/mocap4r2_msgs/mocap4r2_msgs/msg/detail/marker__functions.c
-- Installing: /home/sdc/Desktop/mocap4ros2_ws/Archive/install/mocap4r2_msgs/include/mocap4r2_msgs/mocap4r2_msgs/msg/detail/markers__struct.h
-- Installing: /home/sdc/Desktop/mocap4ros2_ws/Archive/install/mocap4r2_msgs/include/mocap4r2_msgs/mocap4r2_msgs/msg/detail/rigid_body__type_support.h
-- Installing: /home/sdc/Desktop/mocap4ros2_ws/Archive/install/mocap4r2_msgs/include/mocap4r2_msgs/mocap4r2_msgs/msg/detail/rigid_bodies__functions.c
-- Installing: /home/sdc/Desktop/mocap4ros2_ws/Archive/install/mocap4r2_msgs/include/mocap4r2_msgs/mocap4r2_msgs/msg/detail/marker__type_support.h
-- Installing: /home/sdc/Desktop/mocap4ros2_ws/Archive/install/mocap4r2_msgs/include/mocap4r2_msgs/mocap4r2_msgs/msg/detail/markers__functions.h
-- Installing: /home/sdc/Desktop/mocap4ros2_ws/Archive/install/mocap4r2_msgs/include/mocap4r2_msgs/mocap4r2_msgs/msg/detail/rigid_body__struct.h
-- Installing: /home/sdc/Desktop/mocap4ros2_ws/Archive/install/mocap4r2_msgs/include/mocap4r2_msgs/mocap4r2_msgs/msg/detail/imus_info__functions.h
-- Installing: /home/sdc/Desktop/mocap4ros2_ws/Archive/install/mocap4r2_msgs/include/mocap4r2_msgs/mocap4r2_msgs/msg/detail/imus_info__functions.c
-- Installing: /home/sdc/Desktop/mocap4ros2_ws/Archive/install/mocap4r2_msgs/include/mocap4r2_msgs/mocap4r2_msgs/msg/detail/rigid_body__functions.c
-- Installing: /home/sdc/Desktop/mocap4ros2_ws/Archive/install/mocap4r2_msgs/include/mocap4r2_msgs/mocap4r2_msgs/msg/rigid_body.h
-- Installing: /home/sdc/Desktop/mocap4ros2_ws/Archive/install/mocap4r2_msgs/include/mocap4r2_msgs/mocap4r2_msgs/msg/imus_info.h
-- Installing: /home/sdc/Desktop/mocap4ros2_ws/Archive/install/mocap4r2_msgs/include/mocap4r2_msgs/mocap4r2_msgs/msg/markers.h
-- Installing: /home/sdc/Desktop/mocap4ros2_ws/Archive/install/mocap4r2_msgs/include/mocap4r2_msgs/mocap4r2_msgs/msg/rosidl_generator_c__visibility_control.h
-- Installing: /home/sdc/Desktop/mocap4ros2_ws/Archive/install/mocap4r2_msgs/include/mocap4r2_msgs/mocap4r2_msgs/msg/rigid_bodies.h
-- Installing: /home/sdc/Desktop/mocap4ros2_ws/Archive/install/mocap4r2_msgs/include/mocap4r2_msgs/mocap4r2_msgs/srv
-- Installing: /home/sdc/Desktop/mocap4ros2_ws/Archive/install/mocap4r2_msgs/include/mocap4r2_msgs/mocap4r2_msgs/srv/detail
-- Installing: /home/sdc/Desktop/mocap4ros2_ws/Archive/install/mocap4r2_msgs/include/mocap4r2_msgs/mocap4r2_msgs/srv/detail/create_rigid_body__functions.c
-- Installing: /home/sdc/Desktop/mocap4ros2_ws/Archive/install/mocap4r2_msgs/include/mocap4r2_msgs/mocap4r2_msgs/srv/detail/create_rigid_body__type_support.h
-- Installing: /home/sdc/Desktop/mocap4ros2_ws/Archive/install/mocap4r2_msgs/include/mocap4r2_msgs/mocap4r2_msgs/srv/detail/create_rigid_body__functions.h
-- Installing: /home/sdc/Desktop/mocap4ros2_ws/Archive/install/mocap4r2_msgs/include/mocap4r2_msgs/mocap4r2_msgs/srv/detail/create_rigid_body__struct.h
-- Installing: /home/sdc/Desktop/mocap4ros2_ws/Archive/install/mocap4r2_msgs/include/mocap4r2_msgs/mocap4r2_msgs/srv/create_rigid_body.h
-- Installing: /home/sdc/Desktop/mocap4ros2_ws/Archive/install/mocap4r2_msgs/share/mocap4r2_msgs/environment/library_path.sh
-- Installing: /home/sdc/Desktop/mocap4ros2_ws/Archive/install/mocap4r2_msgs/share/mocap4r2_msgs/environment/library_path.dsv
-- Installing: /home/sdc/Desktop/mocap4ros2_ws/Archive/install/mocap4r2_msgs/lib/libmocap4r2_msgs__rosidl_generator_c.so
-- Set runtime path of "/home/sdc/Desktop/mocap4ros2_ws/Archive/install/mocap4r2_msgs/lib/libmocap4r2_msgs__rosidl_generator_c.so" to ""
-- Up-to-date: /home/sdc/Desktop/mocap4ros2_ws/Archive/install/mocap4r2_msgs/include/mocap4r2_msgs/mocap4r2_msgs
-- Up-to-date: /home/sdc/Desktop/mocap4ros2_ws/Archive/install/mocap4r2_msgs/include/mocap4r2_msgs/mocap4r2_msgs/msg
-- Up-to-date: /home/sdc/Desktop/mocap4ros2_ws/Archive/install/mocap4r2_msgs/include/mocap4r2_msgs/mocap4r2_msgs/msg/detail
-- Installing: /home/sdc/Desktop/mocap4ros2_ws/Archive/install/mocap4r2_msgs/include/mocap4r2_msgs/mocap4r2_msgs/msg/detail/rigid_bodies__rosidl_typesupport_fastrtps_c.h
-- Installing: /home/sdc/Desktop/mocap4ros2_ws/Archive/install/mocap4r2_msgs/include/mocap4r2_msgs/mocap4r2_msgs/msg/detail/rigid_body__rosidl_typesupport_fastrtps_c.h
-- Installing: /home/sdc/Desktop/mocap4ros2_ws/Archive/install/mocap4r2_msgs/include/mocap4r2_msgs/mocap4r2_msgs/msg/detail/markers__rosidl_typesupport_fastrtps_c.h
-- Installing: /home/sdc/Desktop/mocap4ros2_ws/Archive/install/mocap4r2_msgs/include/mocap4r2_msgs/mocap4r2_msgs/msg/detail/imus_info__rosidl_typesupport_fastrtps_c.h
-- Installing: /home/sdc/Desktop/mocap4ros2_ws/Archive/install/mocap4r2_msgs/include/mocap4r2_msgs/mocap4r2_msgs/msg/detail/marker__rosidl_typesupport_fastrtps_c.h
-- Installing: /home/sdc/Desktop/mocap4ros2_ws/Archive/install/mocap4r2_msgs/include/mocap4r2_msgs/mocap4r2_msgs/msg/rosidl_typesupport_fastrtps_c__visibility_control.h
-- Up-to-date: /home/sdc/Desktop/mocap4ros2_ws/Archive/install/mocap4r2_msgs/include/mocap4r2_msgs/mocap4r2_msgs/srv
-- Up-to-date: /home/sdc/Desktop/mocap4ros2_ws/Archive/install/mocap4r2_msgs/include/mocap4r2_msgs/mocap4r2_msgs/srv/detail
-- Installing: /home/sdc/Desktop/mocap4ros2_ws/Archive/install/mocap4r2_msgs/include/mocap4r2_msgs/mocap4r2_msgs/srv/detail/create_rigid_body__rosidl_typesupport_fastrtps_c.h
-- Installing: /home/sdc/Desktop/mocap4ros2_ws/Archive/install/mocap4r2_msgs/lib/libmocap4r2_msgs__rosidl_typesupport_fastrtps_c.so
-- Set runtime path of "/home/sdc/Desktop/mocap4ros2_ws/Archive/install/mocap4r2_msgs/lib/libmocap4r2_msgs__rosidl_typesupport_fastrtps_c.so" to ""
-- Up-to-date: /home/sdc/Desktop/mocap4ros2_ws/Archive/install/mocap4r2_msgs/include/mocap4r2_msgs/mocap4r2_msgs
-- Up-to-date: /home/sdc/Desktop/mocap4ros2_ws/Archive/install/mocap4r2_msgs/include/mocap4r2_msgs/mocap4r2_msgs/msg
-- Installing: /home/sdc/Desktop/mocap4ros2_ws/Archive/install/mocap4r2_msgs/include/mocap4r2_msgs/mocap4r2_msgs/msg/rosidl_typesupport_introspection_c__visibility_control.h
-- Up-to-date: /home/sdc/Desktop/mocap4ros2_ws/Archive/install/mocap4r2_msgs/include/mocap4r2_msgs/mocap4r2_msgs/msg/detail
-- Installing: /home/sdc/Desktop/mocap4ros2_ws/Archive/install/mocap4r2_msgs/include/mocap4r2_msgs/mocap4r2_msgs/msg/detail/markers__type_support.c
-- Installing: /home/sdc/Desktop/mocap4ros2_ws/Archive/install/mocap4r2_msgs/include/mocap4r2_msgs/mocap4r2_msgs/msg/detail/imus_info__rosidl_typesupport_introspection_c.h
-- Installing: /home/sdc/Desktop/mocap4ros2_ws/Archive/install/mocap4r2_msgs/include/mocap4r2_msgs/mocap4r2_msgs/msg/detail/marker__type_support.c
-- Installing: /home/sdc/Desktop/mocap4ros2_ws/Archive/install/mocap4r2_msgs/include/mocap4r2_msgs/mocap4r2_msgs/msg/detail/rigid_body__rosidl_typesupport_introspection_c.h
-- Installing: /home/sdc/Desktop/mocap4ros2_ws/Archive/install/mocap4r2_msgs/include/mocap4r2_msgs/mocap4r2_msgs/msg/detail/rigid_body__type_support.c
-- Installing: /home/sdc/Desktop/mocap4ros2_ws/Archive/install/mocap4r2_msgs/include/mocap4r2_msgs/mocap4r2_msgs/msg/detail/marker__rosidl_typesupport_introspection_c.h
-- Installing: /home/sdc/Desktop/mocap4ros2_ws/Archive/install/mocap4r2_msgs/include/mocap4r2_msgs/mocap4r2_msgs/msg/detail/rigid_bodies__rosidl_typesupport_introspection_c.h
-- Installing: /home/sdc/Desktop/mocap4ros2_ws/Archive/install/mocap4r2_msgs/include/mocap4r2_msgs/mocap4r2_msgs/msg/detail/markers__rosidl_typesupport_introspection_c.h
-- Installing: /home/sdc/Desktop/mocap4ros2_ws/Archive/install/mocap4r2_msgs/include/mocap4r2_msgs/mocap4r2_msgs/msg/detail/imus_info__type_support.c
-- Installing: /home/sdc/Desktop/mocap4ros2_ws/Archive/install/mocap4r2_msgs/include/mocap4r2_msgs/mocap4r2_msgs/msg/detail/rigid_bodies__type_support.c
-- Up-to-date: /home/sdc/Desktop/mocap4ros2_ws/Archive/install/mocap4r2_msgs/include/mocap4r2_msgs/mocap4r2_msgs/srv
-- Up-to-date: /home/sdc/Desktop/mocap4ros2_ws/Archive/install/mocap4r2_msgs/include/mocap4r2_msgs/mocap4r2_msgs/srv/detail
-- Installing: /home/sdc/Desktop/mocap4ros2_ws/Archive/install/mocap4r2_msgs/include/mocap4r2_msgs/mocap4r2_msgs/srv/detail/create_rigid_body__rosidl_typesupport_introspection_c.h
-- Installing: /home/sdc/Desktop/mocap4ros2_ws/Archive/install/mocap4r2_msgs/include/mocap4r2_msgs/mocap4r2_msgs/srv/detail/create_rigid_body__type_support.c
-- Installing: /home/sdc/Desktop/mocap4ros2_ws/Archive/install/mocap4r2_msgs/lib/libmocap4r2_msgs__rosidl_typesupport_introspection_c.so
-- Set runtime path of "/home/sdc/Desktop/mocap4ros2_ws/Archive/install/mocap4r2_msgs/lib/libmocap4r2_msgs__rosidl_typesupport_introspection_c.so" to ""
-- Installing: /home/sdc/Desktop/mocap4ros2_ws/Archive/install/mocap4r2_msgs/lib/libmocap4r2_msgs__rosidl_typesupport_c.so
-- Set runtime path of "/home/sdc/Desktop/mocap4ros2_ws/Archive/install/mocap4r2_msgs/lib/libmocap4r2_msgs__rosidl_typesupport_c.so" to ""
-- Up-to-date: /home/sdc/Desktop/mocap4ros2_ws/Archive/install/mocap4r2_msgs/include/mocap4r2_msgs/mocap4r2_msgs
-- Up-to-date: /home/sdc/Desktop/mocap4ros2_ws/Archive/install/mocap4r2_msgs/include/mocap4r2_msgs/mocap4r2_msgs/msg
-- Installing: /home/sdc/Desktop/mocap4ros2_ws/Archive/install/mocap4r2_msgs/include/mocap4r2_msgs/mocap4r2_msgs/msg/imus_info.hpp
-- Up-to-date: /home/sdc/Desktop/mocap4ros2_ws/Archive/install/mocap4r2_msgs/include/mocap4r2_msgs/mocap4r2_msgs/msg/detail
-- Installing: /home/sdc/Desktop/mocap4ros2_ws/Archive/install/mocap4r2_msgs/include/mocap4r2_msgs/mocap4r2_msgs/msg/detail/markers__traits.hpp
-- Installing: /home/sdc/Desktop/mocap4ros2_ws/Archive/install/mocap4r2_msgs/include/mocap4r2_msgs/mocap4r2_msgs/msg/detail/rigid_body__struct.hpp
-- Installing: /home/sdc/Desktop/mocap4ros2_ws/Archive/install/mocap4r2_msgs/include/mocap4r2_msgs/mocap4r2_msgs/msg/detail/rigid_bodies__traits.hpp
-- Installing: /home/sdc/Desktop/mocap4ros2_ws/Archive/install/mocap4r2_msgs/include/mocap4r2_msgs/mocap4r2_msgs/msg/detail/rigid_bodies__struct.hpp
-- Installing: /home/sdc/Desktop/mocap4ros2_ws/Archive/install/mocap4r2_msgs/include/mocap4r2_msgs/mocap4r2_msgs/msg/detail/imus_info__builder.hpp
-- Installing: /home/sdc/Desktop/mocap4ros2_ws/Archive/install/mocap4r2_msgs/include/mocap4r2_msgs/mocap4r2_msgs/msg/detail/imus_info__traits.hpp
-- Installing: /home/sdc/Desktop/mocap4ros2_ws/Archive/install/mocap4r2_msgs/include/mocap4r2_msgs/mocap4r2_msgs/msg/detail/marker__traits.hpp
-- Installing: /home/sdc/Desktop/mocap4ros2_ws/Archive/install/mocap4r2_msgs/include/mocap4r2_msgs/mocap4r2_msgs/msg/detail/rigid_bodies__builder.hpp
-- Installing: /home/sdc/Desktop/mocap4ros2_ws/Archive/install/mocap4r2_msgs/include/mocap4r2_msgs/mocap4r2_msgs/msg/detail/markers__struct.hpp
-- Installing: /home/sdc/Desktop/mocap4ros2_ws/Archive/install/mocap4r2_msgs/include/mocap4r2_msgs/mocap4r2_msgs/msg/detail/marker__builder.hpp
-- Installing: /home/sdc/Desktop/mocap4ros2_ws/Archive/install/mocap4r2_msgs/include/mocap4r2_msgs/mocap4r2_msgs/msg/detail/rigid_body__builder.hpp
-- Installing: /home/sdc/Desktop/mocap4ros2_ws/Archive/install/mocap4r2_msgs/include/mocap4r2_msgs/mocap4r2_msgs/msg/detail/markers__builder.hpp
-- Installing: /home/sdc/Desktop/mocap4ros2_ws/Archive/install/mocap4r2_msgs/include/mocap4r2_msgs/mocap4r2_msgs/msg/detail/imus_info__struct.hpp
-- Installing: /home/sdc/Desktop/mocap4ros2_ws/Archive/install/mocap4r2_msgs/include/mocap4r2_msgs/mocap4r2_msgs/msg/detail/rigid_body__traits.hpp
-- Installing: /home/sdc/Desktop/mocap4ros2_ws/Archive/install/mocap4r2_msgs/include/mocap4r2_msgs/mocap4r2_msgs/msg/detail/marker__struct.hpp
-- Installing: /home/sdc/Desktop/mocap4ros2_ws/Archive/install/mocap4r2_msgs/include/mocap4r2_msgs/mocap4r2_msgs/msg/rigid_bodies.hpp
-- Installing: /home/sdc/Desktop/mocap4ros2_ws/Archive/install/mocap4r2_msgs/include/mocap4r2_msgs/mocap4r2_msgs/msg/markers.hpp
-- Installing: /home/sdc/Desktop/mocap4ros2_ws/Archive/install/mocap4r2_msgs/include/mocap4r2_msgs/mocap4r2_msgs/msg/marker.hpp
-- Installing: /home/sdc/Desktop/mocap4ros2_ws/Archive/install/mocap4r2_msgs/include/mocap4r2_msgs/mocap4r2_msgs/msg/rigid_body.hpp
-- Up-to-date: /home/sdc/Desktop/mocap4ros2_ws/Archive/install/mocap4r2_msgs/include/mocap4r2_msgs/mocap4r2_msgs/srv
-- Up-to-date: /home/sdc/Desktop/mocap4ros2_ws/Archive/install/mocap4r2_msgs/include/mocap4r2_msgs/mocap4r2_msgs/srv/detail
-- Installing: /home/sdc/Desktop/mocap4ros2_ws/Archive/install/mocap4r2_msgs/include/mocap4r2_msgs/mocap4r2_msgs/srv/detail/create_rigid_body__struct.hpp
-- Installing: /home/sdc/Desktop/mocap4ros2_ws/Archive/install/mocap4r2_msgs/include/mocap4r2_msgs/mocap4r2_msgs/srv/detail/create_rigid_body__builder.hpp
-- Installing: /home/sdc/Desktop/mocap4ros2_ws/Archive/install/mocap4r2_msgs/include/mocap4r2_msgs/mocap4r2_msgs/srv/detail/create_rigid_body__traits.hpp
-- Installing: /home/sdc/Desktop/mocap4ros2_ws/Archive/install/mocap4r2_msgs/include/mocap4r2_msgs/mocap4r2_msgs/srv/create_rigid_body.hpp
-- Up-to-date: /home/sdc/Desktop/mocap4ros2_ws/Archive/install/mocap4r2_msgs/include/mocap4r2_msgs/mocap4r2_msgs
-- Up-to-date: /home/sdc/Desktop/mocap4ros2_ws/Archive/install/mocap4r2_msgs/include/mocap4r2_msgs/mocap4r2_msgs/msg
-- Installing: /home/sdc/Desktop/mocap4ros2_ws/Archive/install/mocap4r2_msgs/include/mocap4r2_msgs/mocap4r2_msgs/msg/rosidl_typesupport_fastrtps_cpp__visibility_control.h
-- Up-to-date: /home/sdc/Desktop/mocap4ros2_ws/Archive/install/mocap4r2_msgs/include/mocap4r2_msgs/mocap4r2_msgs/msg/detail
-- Installing: /home/sdc/Desktop/mocap4ros2_ws/Archive/install/mocap4r2_msgs/include/mocap4r2_msgs/mocap4r2_msgs/msg/detail/dds_fastrtps
-- Installing: /home/sdc/Desktop/mocap4ros2_ws/Archive/install/mocap4r2_msgs/include/mocap4r2_msgs/mocap4r2_msgs/msg/detail/rigid_body__rosidl_typesupport_fastrtps_cpp.hpp
-- Installing: /home/sdc/Desktop/mocap4ros2_ws/Archive/install/mocap4r2_msgs/include/mocap4r2_msgs/mocap4r2_msgs/msg/detail/imus_info__rosidl_typesupport_fastrtps_cpp.hpp
-- Installing: /home/sdc/Desktop/mocap4ros2_ws/Archive/install/mocap4r2_msgs/include/mocap4r2_msgs/mocap4r2_msgs/msg/detail/markers__rosidl_typesupport_fastrtps_cpp.hpp
-- Installing: /home/sdc/Desktop/mocap4ros2_ws/Archive/install/mocap4r2_msgs/include/mocap4r2_msgs/mocap4r2_msgs/msg/detail/marker__rosidl_typesupport_fastrtps_cpp.hpp
-- Installing: /home/sdc/Desktop/mocap4ros2_ws/Archive/install/mocap4r2_msgs/include/mocap4r2_msgs/mocap4r2_msgs/msg/detail/rigid_bodies__rosidl_typesupport_fastrtps_cpp.hpp
-- Up-to-date: /home/sdc/Desktop/mocap4ros2_ws/Archive/install/mocap4r2_msgs/include/mocap4r2_msgs/mocap4r2_msgs/srv
-- Up-to-date: /home/sdc/Desktop/mocap4ros2_ws/Archive/install/mocap4r2_msgs/include/mocap4r2_msgs/mocap4r2_msgs/srv/detail
-- Installing: /home/sdc/Desktop/mocap4ros2_ws/Archive/install/mocap4r2_msgs/include/mocap4r2_msgs/mocap4r2_msgs/srv/detail/dds_fastrtps
-- Installing: /home/sdc/Desktop/mocap4ros2_ws/Archive/install/mocap4r2_msgs/include/mocap4r2_msgs/mocap4r2_msgs/srv/detail/create_rigid_body__rosidl_typesupport_fastrtps_cpp.hpp
-- Installing: /home/sdc/Desktop/mocap4ros2_ws/Archive/install/mocap4r2_msgs/lib/libmocap4r2_msgs__rosidl_typesupport_fastrtps_cpp.so
-- Set runtime path of "/home/sdc/Desktop/mocap4ros2_ws/Archive/install/mocap4r2_msgs/lib/libmocap4r2_msgs__rosidl_typesupport_fastrtps_cpp.so" to ""
-- Up-to-date: /home/sdc/Desktop/mocap4ros2_ws/Archive/install/mocap4r2_msgs/include/mocap4r2_msgs/mocap4r2_msgs
-- Up-to-date: /home/sdc/Desktop/mocap4ros2_ws/Archive/install/mocap4r2_msgs/include/mocap4r2_msgs/mocap4r2_msgs/msg
-- Up-to-date: /home/sdc/Desktop/mocap4ros2_ws/Archive/install/mocap4r2_msgs/include/mocap4r2_msgs/mocap4r2_msgs/msg/detail
-- Installing: /home/sdc/Desktop/mocap4ros2_ws/Archive/install/mocap4r2_msgs/include/mocap4r2_msgs/mocap4r2_msgs/msg/detail/markers__rosidl_typesupport_introspection_cpp.hpp
-- Installing: /home/sdc/Desktop/mocap4ros2_ws/Archive/install/mocap4r2_msgs/include/mocap4r2_msgs/mocap4r2_msgs/msg/detail/rigid_body__type_support.cpp
-- Installing: /home/sdc/Desktop/mocap4ros2_ws/Archive/install/mocap4r2_msgs/include/mocap4r2_msgs/mocap4r2_msgs/msg/detail/imus_info__type_support.cpp
-- Installing: /home/sdc/Desktop/mocap4ros2_ws/Archive/install/mocap4r2_msgs/include/mocap4r2_msgs/mocap4r2_msgs/msg/detail/marker__rosidl_typesupport_introspection_cpp.hpp
-- Installing: /home/sdc/Desktop/mocap4ros2_ws/Archive/install/mocap4r2_msgs/include/mocap4r2_msgs/mocap4r2_msgs/msg/detail/marker__type_support.cpp
-- Installing: /home/sdc/Desktop/mocap4ros2_ws/Archive/install/mocap4r2_msgs/include/mocap4r2_msgs/mocap4r2_msgs/msg/detail/markers__type_support.cpp
-- Installing: /home/sdc/Desktop/mocap4ros2_ws/Archive/install/mocap4r2_msgs/include/mocap4r2_msgs/mocap4r2_msgs/msg/detail/rigid_bodies__rosidl_typesupport_introspection_cpp.hpp
-- Installing: /home/sdc/Desktop/mocap4ros2_ws/Archive/install/mocap4r2_msgs/include/mocap4r2_msgs/mocap4r2_msgs/msg/detail/rigid_body__rosidl_typesupport_introspection_cpp.hpp
-- Installing: /home/sdc/Desktop/mocap4ros2_ws/Archive/install/mocap4r2_msgs/include/mocap4r2_msgs/mocap4r2_msgs/msg/detail/rigid_bodies__type_support.cpp
-- Installing: /home/sdc/Desktop/mocap4ros2_ws/Archive/install/mocap4r2_msgs/include/mocap4r2_msgs/mocap4r2_msgs/msg/detail/imus_info__rosidl_typesupport_introspection_cpp.hpp
-- Up-to-date: /home/sdc/Desktop/mocap4ros2_ws/Archive/install/mocap4r2_msgs/include/mocap4r2_msgs/mocap4r2_msgs/srv
-- Up-to-date: /home/sdc/Desktop/mocap4ros2_ws/Archive/install/mocap4r2_msgs/include/mocap4r2_msgs/mocap4r2_msgs/srv/detail
-- Installing: /home/sdc/Desktop/mocap4ros2_ws/Archive/install/mocap4r2_msgs/include/mocap4r2_msgs/mocap4r2_msgs/srv/detail/create_rigid_body__rosidl_typesupport_introspection_cpp.hpp
-- Installing: /home/sdc/Desktop/mocap4ros2_ws/Archive/install/mocap4r2_msgs/include/mocap4r2_msgs/mocap4r2_msgs/srv/detail/create_rigid_body__type_support.cpp
-- Installing: /home/sdc/Desktop/mocap4ros2_ws/Archive/install/mocap4r2_msgs/lib/libmocap4r2_msgs__rosidl_typesupport_introspection_cpp.so
-- Set runtime path of "/home/sdc/Desktop/mocap4ros2_ws/Archive/install/mocap4r2_msgs/lib/libmocap4r2_msgs__rosidl_typesupport_introspection_cpp.so" to ""
-- Installing: /home/sdc/Desktop/mocap4ros2_ws/Archive/install/mocap4r2_msgs/lib/libmocap4r2_msgs__rosidl_typesupport_cpp.so
-- Set runtime path of "/home/sdc/Desktop/mocap4ros2_ws/Archive/install/mocap4r2_msgs/lib/libmocap4r2_msgs__rosidl_typesupport_cpp.so" to ""
-- Installing: /home/sdc/Desktop/mocap4ros2_ws/Archive/install/mocap4r2_msgs/share/mocap4r2_msgs/environment/pythonpath.sh
-- Installing: /home/sdc/Desktop/mocap4ros2_ws/Archive/install/mocap4r2_msgs/share/mocap4r2_msgs/environment/pythonpath.dsv
-- Installing: /home/sdc/Desktop/mocap4ros2_ws/Archive/install/mocap4r2_msgs/local/lib/python3.10/dist-packages/mocap4r2_msgs-0.0.5-py3.10.egg-info
-- Installing: /home/sdc/Desktop/mocap4ros2_ws/Archive/install/mocap4r2_msgs/local/lib/python3.10/dist-packages/mocap4r2_msgs-0.0.5-py3.10.egg-info/top_level.txt
-- Installing: /home/sdc/Desktop/mocap4ros2_ws/Archive/install/mocap4r2_msgs/local/lib/python3.10/dist-packages/mocap4r2_msgs-0.0.5-py3.10.egg-info/dependency_links.txt
-- Installing: /home/sdc/Desktop/mocap4ros2_ws/Archive/install/mocap4r2_msgs/local/lib/python3.10/dist-packages/mocap4r2_msgs-0.0.5-py3.10.egg-info/SOURCES.txt
-- Installing: /home/sdc/Desktop/mocap4ros2_ws/Archive/install/mocap4r2_msgs/local/lib/python3.10/dist-packages/mocap4r2_msgs-0.0.5-py3.10.egg-info/PKG-INFO
-- Installing: /home/sdc/Desktop/mocap4ros2_ws/Archive/install/mocap4r2_msgs/local/lib/python3.10/dist-packages/mocap4r2_msgs
-- Installing: /home/sdc/Desktop/mocap4ros2_ws/Archive/install/mocap4r2_msgs/local/lib/python3.10/dist-packages/mocap4r2_msgs/msg
-- Installing: /home/sdc/Desktop/mocap4ros2_ws/Archive/install/mocap4r2_msgs/local/lib/python3.10/dist-packages/mocap4r2_msgs/msg/_imus_info_s.c
-- Installing: /home/sdc/Desktop/mocap4ros2_ws/Archive/install/mocap4r2_msgs/local/lib/python3.10/dist-packages/mocap4r2_msgs/msg/_rigid_bodies_s.c
-- Installing: /home/sdc/Desktop/mocap4ros2_ws/Archive/install/mocap4r2_msgs/local/lib/python3.10/dist-packages/mocap4r2_msgs/msg/__init__.py
-- Installing: /home/sdc/Desktop/mocap4ros2_ws/Archive/install/mocap4r2_msgs/local/lib/python3.10/dist-packages/mocap4r2_msgs/msg/_rigid_bodies.py
-- Installing: /home/sdc/Desktop/mocap4ros2_ws/Archive/install/mocap4r2_msgs/local/lib/python3.10/dist-packages/mocap4r2_msgs/msg/_rigid_body_s.c
-- Installing: /home/sdc/Desktop/mocap4ros2_ws/Archive/install/mocap4r2_msgs/local/lib/python3.10/dist-packages/mocap4r2_msgs/msg/_marker.py
-- Installing: /home/sdc/Desktop/mocap4ros2_ws/Archive/install/mocap4r2_msgs/local/lib/python3.10/dist-packages/mocap4r2_msgs/msg/_imus_info.py
-- Installing: /home/sdc/Desktop/mocap4ros2_ws/Archive/install/mocap4r2_msgs/local/lib/python3.10/dist-packages/mocap4r2_msgs/msg/_markers_s.c
-- Installing: /home/sdc/Desktop/mocap4ros2_ws/Archive/install/mocap4r2_msgs/local/lib/python3.10/dist-packages/mocap4r2_msgs/msg/_marker_s.c
-- Installing: /home/sdc/Desktop/mocap4ros2_ws/Archive/install/mocap4r2_msgs/local/lib/python3.10/dist-packages/mocap4r2_msgs/msg/_rigid_body.py
-- Installing: /home/sdc/Desktop/mocap4ros2_ws/Archive/install/mocap4r2_msgs/local/lib/python3.10/dist-packages/mocap4r2_msgs/msg/_markers.py
-- Installing: /home/sdc/Desktop/mocap4ros2_ws/Archive/install/mocap4r2_msgs/local/lib/python3.10/dist-packages/mocap4r2_msgs/__init__.py
-- Installing: /home/sdc/Desktop/mocap4ros2_ws/Archive/install/mocap4r2_msgs/local/lib/python3.10/dist-packages/mocap4r2_msgs/srv
-- Installing: /home/sdc/Desktop/mocap4ros2_ws/Archive/install/mocap4r2_msgs/local/lib/python3.10/dist-packages/mocap4r2_msgs/srv/__init__.py
-- Installing: /home/sdc/Desktop/mocap4ros2_ws/Archive/install/mocap4r2_msgs/local/lib/python3.10/dist-packages/mocap4r2_msgs/srv/_create_rigid_body.py
-- Installing: /home/sdc/Desktop/mocap4ros2_ws/Archive/install/mocap4r2_msgs/local/lib/python3.10/dist-packages/mocap4r2_msgs/srv/_create_rigid_body_s.c
-- Installing: /home/sdc/Desktop/mocap4ros2_ws/Archive/install/mocap4r2_msgs/local/lib/python3.10/dist-packages/mocap4r2_msgs/_mocap4r2_msgs_s.ep.rosidl_typesupport_fastrtps_c.c
-- Installing: /home/sdc/Desktop/mocap4ros2_ws/Archive/install/mocap4r2_msgs/local/lib/python3.10/dist-packages/mocap4r2_msgs/_mocap4r2_msgs_s.ep.rosidl_typesupport_introspection_c.c
-- Installing: /home/sdc/Desktop/mocap4ros2_ws/Archive/install/mocap4r2_msgs/local/lib/python3.10/dist-packages/mocap4r2_msgs/libmocap4r2_msgs__rosidl_generator_py.so
-- Installing: /home/sdc/Desktop/mocap4ros2_ws/Archive/install/mocap4r2_msgs/local/lib/python3.10/dist-packages/mocap4r2_msgs/_mocap4r2_msgs_s.ep.rosidl_typesupport_c.c
-- Installing: /home/sdc/Desktop/mocap4ros2_ws/Archive/install/mocap4r2_msgs/local/lib/python3.10/dist-packages/mocap4r2_msgs/mocap4r2_msgs_s__rosidl_typesupport_fastrtps_c.cpython-310-x86_64-linux-gnu.so
-- Installing: /home/sdc/Desktop/mocap4ros2_ws/Archive/install/mocap4r2_msgs/local/lib/python3.10/dist-packages/mocap4r2_msgs/mocap4r2_msgs_s__rosidl_typesupport_c.cpython-310-x86_64-linux-gnu.so
-- Installing: /home/sdc/Desktop/mocap4ros2_ws/Archive/install/mocap4r2_msgs/local/lib/python3.10/dist-packages/mocap4r2_msgs/mocap4r2_msgs_s__rosidl_typesupport_introspection_c.cpython-310-x86_64-linux-gnu.so
Listing '/home/sdc/Desktop/mocap4ros2_ws/Archive/install/mocap4r2_msgs/local/lib/python3.10/dist-packages/mocap4r2_msgs'...
Compiling '/home/sdc/Desktop/mocap4ros2_ws/Archive/install/mocap4r2_msgs/local/lib/python3.10/dist-packages/mocap4r2_msgs/__init__.py'...
Listing '/home/sdc/Desktop/mocap4ros2_ws/Archive/install/mocap4r2_msgs/local/lib/python3.10/dist-packages/mocap4r2_msgs/msg'...
Compiling '/home/sdc/Desktop/mocap4ros2_ws/Archive/install/mocap4r2_msgs/local/lib/python3.10/dist-packages/mocap4r2_msgs/msg/__init__.py'...
Compiling '/home/sdc/Desktop/mocap4ros2_ws/Archive/install/mocap4r2_msgs/local/lib/python3.10/dist-packages/mocap4r2_msgs/msg/_imus_info.py'...
Compiling '/home/sdc/Desktop/mocap4ros2_ws/Archive/install/mocap4r2_msgs/local/lib/python3.10/dist-packages/mocap4r2_msgs/msg/_marker.py'...
Compiling '/home/sdc/Desktop/mocap4ros2_ws/Archive/install/mocap4r2_msgs/local/lib/python3.10/dist-packages/mocap4r2_msgs/msg/_markers.py'...
Compiling '/home/sdc/Desktop/mocap4ros2_ws/Archive/install/mocap4r2_msgs/local/lib/python3.10/dist-packages/mocap4r2_msgs/msg/_rigid_bodies.py'...
Compiling '/home/sdc/Desktop/mocap4ros2_ws/Archive/install/mocap4r2_msgs/local/lib/python3.10/dist-packages/mocap4r2_msgs/msg/_rigid_body.py'...
Listing '/home/sdc/Desktop/mocap4ros2_ws/Archive/install/mocap4r2_msgs/local/lib/python3.10/dist-packages/mocap4r2_msgs/srv'...
Compiling '/home/sdc/Desktop/mocap4ros2_ws/Archive/install/mocap4r2_msgs/local/lib/python3.10/dist-packages/mocap4r2_msgs/srv/__init__.py'...
Compiling '/home/sdc/Desktop/mocap4ros2_ws/Archive/install/mocap4r2_msgs/local/lib/python3.10/dist-packages/mocap4r2_msgs/srv/_create_rigid_body.py'...
-- Installing: /home/sdc/Desktop/mocap4ros2_ws/Archive/install/mocap4r2_msgs/local/lib/python3.10/dist-packages/mocap4r2_msgs/mocap4r2_msgs_s__rosidl_typesupport_fastrtps_c.cpython-310-x86_64-linux-gnu.so
-- Set runtime path of "/home/sdc/Desktop/mocap4ros2_ws/Archive/install/mocap4r2_msgs/local/lib/python3.10/dist-packages/mocap4r2_msgs/mocap4r2_msgs_s__rosidl_typesupport_fastrtps_c.cpython-310-x86_64-linux-gnu.so" to ""
-- Installing: /home/sdc/Desktop/mocap4ros2_ws/Archive/install/mocap4r2_msgs/local/lib/python3.10/dist-packages/mocap4r2_msgs/mocap4r2_msgs_s__rosidl_typesupport_introspection_c.cpython-310-x86_64-linux-gnu.so
-- Set runtime path of "/home/sdc/Desktop/mocap4ros2_ws/Archive/install/mocap4r2_msgs/local/lib/python3.10/dist-packages/mocap4r2_msgs/mocap4r2_msgs_s__rosidl_typesupport_introspection_c.cpython-310-x86_64-linux-gnu.so" to ""
-- Installing: /home/sdc/Desktop/mocap4ros2_ws/Archive/install/mocap4r2_msgs/local/lib/python3.10/dist-packages/mocap4r2_msgs/mocap4r2_msgs_s__rosidl_typesupport_c.cpython-310-x86_64-linux-gnu.so
-- Set runtime path of "/home/sdc/Desktop/mocap4ros2_ws/Archive/install/mocap4r2_msgs/local/lib/python3.10/dist-packages/mocap4r2_msgs/mocap4r2_msgs_s__rosidl_typesupport_c.cpython-310-x86_64-linux-gnu.so" to ""
-- Installing: /home/sdc/Desktop/mocap4ros2_ws/Archive/install/mocap4r2_msgs/lib/libmocap4r2_msgs__rosidl_generator_py.so
-- Set runtime path of "/home/sdc/Desktop/mocap4ros2_ws/Archive/install/mocap4r2_msgs/lib/libmocap4r2_msgs__rosidl_generator_py.so" to ""
-- Installing: /home/sdc/Desktop/mocap4ros2_ws/Archive/install/mocap4r2_msgs/share/mocap4r2_msgs/msg/Marker.idl
-- Installing: /home/sdc/Desktop/mocap4ros2_ws/Archive/install/mocap4r2_msgs/share/mocap4r2_msgs/msg/Markers.idl
-- Installing: /home/sdc/Desktop/mocap4ros2_ws/Archive/install/mocap4r2_msgs/share/mocap4r2_msgs/msg/ImusInfo.idl
-- Installing: /home/sdc/Desktop/mocap4ros2_ws/Archive/install/mocap4r2_msgs/share/mocap4r2_msgs/msg/RigidBody.idl
-- Installing: /home/sdc/Desktop/mocap4ros2_ws/Archive/install/mocap4r2_msgs/share/mocap4r2_msgs/msg/RigidBodies.idl
-- Installing: /home/sdc/Desktop/mocap4ros2_ws/Archive/install/mocap4r2_msgs/share/mocap4r2_msgs/srv/CreateRigidBody.idl
-- Installing: /home/sdc/Desktop/mocap4ros2_ws/Archive/install/mocap4r2_msgs/share/mocap4r2_msgs/msg/Marker.msg
-- Installing: /home/sdc/Desktop/mocap4ros2_ws/Archive/install/mocap4r2_msgs/share/mocap4r2_msgs/msg/Markers.msg
-- Installing: /home/sdc/Desktop/mocap4ros2_ws/Archive/install/mocap4r2_msgs/share/mocap4r2_msgs/msg/ImusInfo.msg
-- Installing: /home/sdc/Desktop/mocap4ros2_ws/Archive/install/mocap4r2_msgs/share/mocap4r2_msgs/msg/RigidBody.msg
-- Installing: /home/sdc/Desktop/mocap4ros2_ws/Archive/install/mocap4r2_msgs/share/mocap4r2_msgs/msg/RigidBodies.msg
-- Installing: /home/sdc/Desktop/mocap4ros2_ws/Archive/install/mocap4r2_msgs/share/mocap4r2_msgs/srv/CreateRigidBody.srv
-- Installing: /home/sdc/Desktop/mocap4ros2_ws/Archive/install/mocap4r2_msgs/share/mocap4r2_msgs/srv/CreateRigidBody_Request.msg
-- Installing: /home/sdc/Desktop/mocap4ros2_ws/Archive/install/mocap4r2_msgs/share/mocap4r2_msgs/srv/CreateRigidBody_Response.msg
-- Installing: /home/sdc/Desktop/mocap4ros2_ws/Archive/install/mocap4r2_msgs/share/mocap4r2_msgs/mocap4r2_bridge_mapping_rule.yaml
-- Installing: /home/sdc/Desktop/mocap4ros2_ws/Archive/install/mocap4r2_msgs/share/ament_index/resource_index/package_run_dependencies/mocap4r2_msgs
-- Installing: /home/sdc/Desktop/mocap4ros2_ws/Archive/install/mocap4r2_msgs/share/ament_index/resource_index/parent_prefix_path/mocap4r2_msgs
-- Installing: /home/sdc/Desktop/mocap4ros2_ws/Archive/install/mocap4r2_msgs/share/mocap4r2_msgs/environment/ament_prefix_path.sh
-- Installing: /home/sdc/Desktop/mocap4ros2_ws/Archive/install/mocap4r2_msgs/share/mocap4r2_msgs/environment/ament_prefix_path.dsv
-- Installing: /home/sdc/Desktop/mocap4ros2_ws/Archive/install/mocap4r2_msgs/share/mocap4r2_msgs/environment/path.sh
-- Installing: /home/sdc/Desktop/mocap4ros2_ws/Archive/install/mocap4r2_msgs/share/mocap4r2_msgs/environment/path.dsv
-- Installing: /home/sdc/Desktop/mocap4ros2_ws/Archive/install/mocap4r2_msgs/share/mocap4r2_msgs/local_setup.bash
-- Installing: /home/sdc/Desktop/mocap4ros2_ws/Archive/install/mocap4r2_msgs/share/mocap4r2_msgs/local_setup.sh
-- Installing: /home/sdc/Desktop/mocap4ros2_ws/Archive/install/mocap4r2_msgs/share/mocap4r2_msgs/local_setup.zsh
-- Installing: /home/sdc/Desktop/mocap4ros2_ws/Archive/install/mocap4r2_msgs/share/mocap4r2_msgs/local_setup.dsv
-- Installing: /home/sdc/Desktop/mocap4ros2_ws/Archive/install/mocap4r2_msgs/share/mocap4r2_msgs/package.dsv
-- Installing: /home/sdc/Desktop/mocap4ros2_ws/Archive/install/mocap4r2_msgs/share/ament_index/resource_index/packages/mocap4r2_msgs
-- Installing: /home/sdc/Desktop/mocap4ros2_ws/Archive/install/mocap4r2_msgs/share/mocap4r2_msgs/cmake/export_mocap4r2_msgs__rosidl_generator_cExport.cmake
-- Installing: /home/sdc/Desktop/mocap4ros2_ws/Archive/install/mocap4r2_msgs/share/mocap4r2_msgs/cmake/export_mocap4r2_msgs__rosidl_generator_cExport-noconfig.cmake
-- Installing: /home/sdc/Desktop/mocap4ros2_ws/Archive/install/mocap4r2_msgs/share/mocap4r2_msgs/cmake/export_mocap4r2_msgs__rosidl_typesupport_fastrtps_cExport.cmake
-- Installing: /home/sdc/Desktop/mocap4ros2_ws/Archive/install/mocap4r2_msgs/share/mocap4r2_msgs/cmake/export_mocap4r2_msgs__rosidl_typesupport_fastrtps_cExport-noconfig.cmake
-- Installing: /home/sdc/Desktop/mocap4ros2_ws/Archive/install/mocap4r2_msgs/share/mocap4r2_msgs/cmake/mocap4r2_msgs__rosidl_typesupport_introspection_cExport.cmake
-- Installing: /home/sdc/Desktop/mocap4ros2_ws/Archive/install/mocap4r2_msgs/share/mocap4r2_msgs/cmake/mocap4r2_msgs__rosidl_typesupport_introspection_cExport-noconfig.cmake
-- Installing: /home/sdc/Desktop/mocap4ros2_ws/Archive/install/mocap4r2_msgs/share/mocap4r2_msgs/cmake/mocap4r2_msgs__rosidl_typesupport_cExport.cmake
-- Installing: /home/sdc/Desktop/mocap4ros2_ws/Archive/install/mocap4r2_msgs/share/mocap4r2_msgs/cmake/mocap4r2_msgs__rosidl_typesupport_cExport-noconfig.cmake
-- Installing: /home/sdc/Desktop/mocap4ros2_ws/Archive/install/mocap4r2_msgs/share/mocap4r2_msgs/cmake/export_mocap4r2_msgs__rosidl_generator_cppExport.cmake
-- Installing: /home/sdc/Desktop/mocap4ros2_ws/Archive/install/mocap4r2_msgs/share/mocap4r2_msgs/cmake/export_mocap4r2_msgs__rosidl_typesupport_fastrtps_cppExport.cmake
-- Installing: /home/sdc/Desktop/mocap4ros2_ws/Archive/install/mocap4r2_msgs/share/mocap4r2_msgs/cmake/export_mocap4r2_msgs__rosidl_typesupport_fastrtps_cppExport-noconfig.cmake
-- Installing: /home/sdc/Desktop/mocap4ros2_ws/Archive/install/mocap4r2_msgs/share/mocap4r2_msgs/cmake/mocap4r2_msgs__rosidl_typesupport_introspection_cppExport.cmake
-- Installing: /home/sdc/Desktop/mocap4ros2_ws/Archive/install/mocap4r2_msgs/share/mocap4r2_msgs/cmake/mocap4r2_msgs__rosidl_typesupport_introspection_cppExport-noconfig.cmake
-- Installing: /home/sdc/Desktop/mocap4ros2_ws/Archive/install/mocap4r2_msgs/share/mocap4r2_msgs/cmake/mocap4r2_msgs__rosidl_typesupport_cppExport.cmake
-- Installing: /home/sdc/Desktop/mocap4ros2_ws/Archive/install/mocap4r2_msgs/share/mocap4r2_msgs/cmake/mocap4r2_msgs__rosidl_typesupport_cppExport-noconfig.cmake
-- Installing: /home/sdc/Desktop/mocap4ros2_ws/Archive/install/mocap4r2_msgs/share/mocap4r2_msgs/cmake/export_mocap4r2_msgs__rosidl_generator_pyExport.cmake
-- Installing: /home/sdc/Desktop/mocap4ros2_ws/Archive/install/mocap4r2_msgs/share/mocap4r2_msgs/cmake/export_mocap4r2_msgs__rosidl_generator_pyExport-noconfig.cmake
-- Installing: /home/sdc/Desktop/mocap4ros2_ws/Archive/install/mocap4r2_msgs/share/mocap4r2_msgs/cmake/rosidl_cmake-extras.cmake
-- Installing: /home/sdc/Desktop/mocap4ros2_ws/Archive/install/mocap4r2_msgs/share/mocap4r2_msgs/cmake/ament_cmake_export_dependencies-extras.cmake
-- Installing: /home/sdc/Desktop/mocap4ros2_ws/Archive/install/mocap4r2_msgs/share/mocap4r2_msgs/cmake/ament_cmake_export_include_directories-extras.cmake
-- Installing: /home/sdc/Desktop/mocap4ros2_ws/Archive/install/mocap4r2_msgs/share/mocap4r2_msgs/cmake/ament_cmake_export_libraries-extras.cmake
-- Installing: /home/sdc/Desktop/mocap4ros2_ws/Archive/install/mocap4r2_msgs/share/mocap4r2_msgs/cmake/ament_cmake_export_targets-extras.cmake
-- Installing: /home/sdc/Desktop/mocap4ros2_ws/Archive/install/mocap4r2_msgs/share/mocap4r2_msgs/cmake/rosidl_cmake_export_typesupport_targets-extras.cmake
-- Installing: /home/sdc/Desktop/mocap4ros2_ws/Archive/install/mocap4r2_msgs/share/mocap4r2_msgs/cmake/rosidl_cmake_export_typesupport_libraries-extras.cmake
-- Installing: /home/sdc/Desktop/mocap4ros2_ws/Archive/install/mocap4r2_msgs/share/mocap4r2_msgs/cmake/mocap4r2_msgsConfig.cmake
-- Installing: /home/sdc/Desktop/mocap4ros2_ws/Archive/install/mocap4r2_msgs/share/mocap4r2_msgs/cmake/mocap4r2_msgsConfig-version.cmake
-- Installing: /home/sdc/Desktop/mocap4ros2_ws/Archive/install/mocap4r2_msgs/share/mocap4r2_msgs/package.xml
