[0.120s] Invoking command in '/home/sdc/Desktop/mocap4ros2_ws/Archive/build/mocap4r2_msgs': CMAKE_PREFIX_PATH=${CMAKE_PREFIX_PATH}:/home/sdc/Desktop/mocap4ros2_ws/Archive/install/target_pid_controller:/home/sdc/Desktop/mocap4ros2_ws/Archive/install/pure_pursuit:/opt/ros/humble /usr/bin/cmake /home/sdc/Desktop/mocap4ros2_ws/Archive/mocap4r2_msgs -DCMAKE_INSTALL_PREFIX=/home/sdc/Desktop/mocap4ros2_ws/Archive/install/mocap4r2_msgs
[0.324s] -- The C compiler identification is GNU 11.4.0
[0.324s] -- The CXX compiler identification is GNU 11.4.0
[0.324s] -- Detecting C compiler ABI info
[0.324s] -- Detecting C compiler ABI info - done
[0.324s] -- Check for working C compiler: /usr/bin/cc - skipped
[0.324s] -- Detecting C compile features
[0.324s] -- Detecting C compile features - done
[0.324s] -- Detecting CXX compiler ABI info
[0.324s] -- Detecting CXX compiler ABI info - done
[0.324s] -- Check for working CXX compiler: /usr/bin/c++ - skipped
[0.324s] -- Detecting CXX compile features
[0.324s] -- Detecting CXX compile features - done
[0.324s] -- Found ament_cmake: 1.3.9 (/opt/ros/humble/share/ament_cmake/cmake)
[0.374s] -- Found Python3: /usr/bin/python3 (found version "3.10.12") found components: Interpreter 
[0.421s] -- Found rosidl_default_generators: 1.2.0 (/opt/ros/humble/share/rosidl_default_generators/cmake)
[0.422s] -- Using all available rosidl_typesupport_c: rosidl_typesupport_fastrtps_c;rosidl_typesupport_introspection_c
[0.426s] -- Found rosidl_adapter: 3.1.5 (/opt/ros/humble/share/rosidl_adapter/cmake)
[0.448s] -- Using all available rosidl_typesupport_cpp: rosidl_typesupport_fastrtps_cpp;rosidl_typesupport_introspection_cpp
[0.466s] -- Found builtin_interfaces: 1.2.1 (/opt/ros/humble/share/builtin_interfaces/cmake)
[0.478s] -- Found std_msgs: 4.2.4 (/opt/ros/humble/share/std_msgs/cmake)
[0.498s] -- Found geometry_msgs: 4.2.4 (/opt/ros/humble/share/geometry_msgs/cmake)
[0.702s] -- Found ament_cmake_ros: 0.10.0 (/opt/ros/humble/share/ament_cmake_ros/cmake)
[0.850s] -- Using all available rosidl_typesupport_c: rosidl_typesupport_fastrtps_c;rosidl_typesupport_introspection_c
[1.059s] -- Using all available rosidl_typesupport_cpp: rosidl_typesupport_fastrtps_cpp;rosidl_typesupport_introspection_cpp
[1.077s] -- Found PythonInterp: /usr/bin/python3 (found suitable version "3.10.12", minimum required is "3.6") 
[1.078s] -- Found python_cmake_module: 0.10.0 (/opt/ros/humble/share/python_cmake_module/cmake)
[1.093s] -- Found PythonLibs: /usr/lib/x86_64-linux-gnu/libpython3.10.so (found suitable version "3.10.12", minimum required is "3.5") 
[1.093s] -- Using PYTHON_EXECUTABLE: /usr/bin/python3
[1.093s] -- Using PYTHON_INCLUDE_DIRS: /usr/include/python3.10
[1.093s] -- Using PYTHON_LIBRARIES: /usr/lib/x86_64-linux-gnu/libpython3.10.so
[1.105s] -- Found PythonExtra: .so  
[1.151s] -- Configuring done
[1.171s] -- Generating done
[1.172s] -- Build files have been written to: /home/sdc/Desktop/mocap4ros2_ws/Archive/build/mocap4r2_msgs
[1.176s] Invoked command in '/home/sdc/Desktop/mocap4ros2_ws/Archive/build/mocap4r2_msgs' returned '0': CMAKE_PREFIX_PATH=${CMAKE_PREFIX_PATH}:/home/sdc/Desktop/mocap4ros2_ws/Archive/install/target_pid_controller:/home/sdc/Desktop/mocap4ros2_ws/Archive/install/pure_pursuit:/opt/ros/humble /usr/bin/cmake /home/sdc/Desktop/mocap4ros2_ws/Archive/mocap4r2_msgs -DCMAKE_INSTALL_PREFIX=/home/sdc/Desktop/mocap4ros2_ws/Archive/install/mocap4r2_msgs
[1.177s] Invoking command in '/home/sdc/Desktop/mocap4ros2_ws/Archive/build/mocap4r2_msgs': CMAKE_PREFIX_PATH=${CMAKE_PREFIX_PATH}:/home/sdc/Desktop/mocap4ros2_ws/Archive/install/target_pid_controller:/home/sdc/Desktop/mocap4ros2_ws/Archive/install/pure_pursuit:/opt/ros/humble /usr/bin/cmake --build /home/sdc/Desktop/mocap4ros2_ws/Archive/build/mocap4r2_msgs -- -j16 -l16
[1.203s] [  1%] [34m[1mGenerating C code for ROS interfaces[0m
[1.204s] [  2%] [34m[1mGenerating C++ code for ROS interfaces[0m
[1.207s] [  2%] Built target ament_cmake_python_copy_mocap4r2_msgs
[1.354s] running egg_info
[1.354s] creating mocap4r2_msgs.egg-info
[1.354s] writing mocap4r2_msgs.egg-info/PKG-INFO
[1.354s] writing dependency_links to mocap4r2_msgs.egg-info/dependency_links.txt
[1.354s] writing top-level names to mocap4r2_msgs.egg-info/top_level.txt
[1.354s] writing manifest file 'mocap4r2_msgs.egg-info/SOURCES.txt'
[1.355s] reading manifest file 'mocap4r2_msgs.egg-info/SOURCES.txt'
[1.356s] writing manifest file 'mocap4r2_msgs.egg-info/SOURCES.txt'
[1.370s] [  2%] Built target ament_cmake_python_build_mocap4r2_msgs_egg
[1.452s] [  2%] Built target mocap4r2_msgs__cpp
[1.457s] [  7%] [34m[1mGenerating C++ type support dispatch for ROS interfaces[0m
[1.457s] [  7%] [34m[1mGenerating C++ introspection for ROS interfaces[0m
[1.458s] [  7%] [34m[1mGenerating C++ type support for eProsima Fast-RTPS[0m
[1.489s] [  8%] [32mBuilding C object CMakeFiles/mocap4r2_msgs__rosidl_generator_c.dir/rosidl_generator_c/mocap4r2_msgs/msg/detail/imus_info__functions.c.o[0m
[1.490s] [  9%] [32mBuilding C object CMakeFiles/mocap4r2_msgs__rosidl_generator_c.dir/rosidl_generator_c/mocap4r2_msgs/msg/detail/marker__functions.c.o[0m
[1.490s] [ 12%] [32mBuilding C object CMakeFiles/mocap4r2_msgs__rosidl_generator_c.dir/rosidl_generator_c/mocap4r2_msgs/msg/detail/rigid_body__functions.c.o[0m
[1.491s] [ 12%] [32mBuilding C object CMakeFiles/mocap4r2_msgs__rosidl_generator_c.dir/rosidl_generator_c/mocap4r2_msgs/msg/detail/markers__functions.c.o[0m
[1.491s] [ 14%] [32mBuilding C object CMakeFiles/mocap4r2_msgs__rosidl_generator_c.dir/rosidl_generator_c/mocap4r2_msgs/msg/detail/rigid_bodies__functions.c.o[0m
[1.492s] [ 15%] [32mBuilding C object CMakeFiles/mocap4r2_msgs__rosidl_generator_c.dir/rosidl_generator_c/mocap4r2_msgs/srv/detail/create_rigid_body__functions.c.o[0m
[1.537s] [ 16%] [32m[1mLinking C shared library libmocap4r2_msgs__rosidl_generator_c.so[0m
[1.558s] [ 16%] Built target mocap4r2_msgs__rosidl_generator_c
[1.563s] [ 18%] [34m[1mGenerating C type support for eProsima Fast-RTPS[0m
[1.566s] [ 21%] [34m[1mGenerating C type support dispatch for ROS interfaces[0m
[1.566s] [ 21%] [34m[1mGenerating C introspection for ROS interfaces[0m
[1.648s] [ 22%] [32mBuilding CXX object CMakeFiles/mocap4r2_msgs__rosidl_typesupport_cpp.dir/rosidl_typesupport_cpp/mocap4r2_msgs/msg/marker__type_support.cpp.o[0m
[1.650s] [ 26%] [32mBuilding CXX object CMakeFiles/mocap4r2_msgs__rosidl_typesupport_cpp.dir/rosidl_typesupport_cpp/mocap4r2_msgs/msg/markers__type_support.cpp.o[0m
[1.650s] [ 26%] [32mBuilding CXX object CMakeFiles/mocap4r2_msgs__rosidl_typesupport_cpp.dir/rosidl_typesupport_cpp/mocap4r2_msgs/msg/rigid_body__type_support.cpp.o[0m
[1.650s] [ 26%] [32mBuilding CXX object CMakeFiles/mocap4r2_msgs__rosidl_typesupport_cpp.dir/rosidl_typesupport_cpp/mocap4r2_msgs/msg/imus_info__type_support.cpp.o[0m
[1.650s] [ 29%] [32mBuilding CXX object CMakeFiles/mocap4r2_msgs__rosidl_typesupport_cpp.dir/rosidl_typesupport_cpp/mocap4r2_msgs/srv/create_rigid_body__type_support.cpp.o[0m
[1.650s] [ 29%] [32mBuilding CXX object CMakeFiles/mocap4r2_msgs__rosidl_typesupport_cpp.dir/rosidl_typesupport_cpp/mocap4r2_msgs/msg/rigid_bodies__type_support.cpp.o[0m
[1.686s] [ 30%] [32mBuilding CXX object CMakeFiles/mocap4r2_msgs__rosidl_typesupport_introspection_cpp.dir/rosidl_typesupport_introspection_cpp/mocap4r2_msgs/msg/detail/markers__type_support.cpp.o[0m
[1.687s] [ 32%] [32mBuilding CXX object CMakeFiles/mocap4r2_msgs__rosidl_typesupport_introspection_cpp.dir/rosidl_typesupport_introspection_cpp/mocap4r2_msgs/msg/detail/imus_info__type_support.cpp.o[0m
[1.687s] [ 35%] [32mBuilding CXX object CMakeFiles/mocap4r2_msgs__rosidl_typesupport_introspection_cpp.dir/rosidl_typesupport_introspection_cpp/mocap4r2_msgs/msg/detail/marker__type_support.cpp.o[0m
[1.688s] [ 35%] [32mBuilding CXX object CMakeFiles/mocap4r2_msgs__rosidl_typesupport_introspection_cpp.dir/rosidl_typesupport_introspection_cpp/mocap4r2_msgs/msg/detail/rigid_body__type_support.cpp.o[0m
[1.688s] [ 36%] [32mBuilding CXX object CMakeFiles/mocap4r2_msgs__rosidl_typesupport_introspection_cpp.dir/rosidl_typesupport_introspection_cpp/mocap4r2_msgs/msg/detail/rigid_bodies__type_support.cpp.o[0m
[1.694s] [ 38%] [32mBuilding CXX object CMakeFiles/mocap4r2_msgs__rosidl_typesupport_introspection_cpp.dir/rosidl_typesupport_introspection_cpp/mocap4r2_msgs/srv/detail/create_rigid_body__type_support.cpp.o[0m
[1.851s] [ 39%] [32mBuilding CXX object CMakeFiles/mocap4r2_msgs__rosidl_typesupport_fastrtps_cpp.dir/rosidl_typesupport_fastrtps_cpp/mocap4r2_msgs/msg/detail/dds_fastrtps/marker__type_support.cpp.o[0m
[1.871s] [ 40%] [32mBuilding CXX object CMakeFiles/mocap4r2_msgs__rosidl_typesupport_fastrtps_cpp.dir/rosidl_typesupport_fastrtps_cpp/mocap4r2_msgs/msg/detail/dds_fastrtps/markers__type_support.cpp.o[0m
[1.924s] [ 42%] [32mBuilding CXX object CMakeFiles/mocap4r2_msgs__rosidl_typesupport_fastrtps_cpp.dir/rosidl_typesupport_fastrtps_cpp/mocap4r2_msgs/msg/detail/dds_fastrtps/imus_info__type_support.cpp.o[0m
[1.936s] [ 43%] [32mBuilding CXX object CMakeFiles/mocap4r2_msgs__rosidl_typesupport_fastrtps_cpp.dir/rosidl_typesupport_fastrtps_cpp/mocap4r2_msgs/msg/detail/dds_fastrtps/rigid_body__type_support.cpp.o[0m
[1.939s] [ 45%] [32mBuilding CXX object CMakeFiles/mocap4r2_msgs__rosidl_typesupport_c.dir/rosidl_typesupport_c/mocap4r2_msgs/msg/marker__type_support.cpp.o[0m
[1.958s] [ 46%] [32mBuilding CXX object CMakeFiles/mocap4r2_msgs__rosidl_typesupport_fastrtps_cpp.dir/rosidl_typesupport_fastrtps_cpp/mocap4r2_msgs/msg/detail/dds_fastrtps/rigid_bodies__type_support.cpp.o[0m
[1.965s] [ 47%] [32m[1mLinking CXX shared library libmocap4r2_msgs__rosidl_typesupport_cpp.so[0m
[1.965s] [ 49%] [32mBuilding CXX object CMakeFiles/mocap4r2_msgs__rosidl_typesupport_c.dir/rosidl_typesupport_c/mocap4r2_msgs/msg/markers__type_support.cpp.o[0m
[1.980s] [ 50%] [32mBuilding CXX object CMakeFiles/mocap4r2_msgs__rosidl_typesupport_c.dir/rosidl_typesupport_c/mocap4r2_msgs/msg/imus_info__type_support.cpp.o[0m
[2.002s] [ 52%] [32mBuilding CXX object CMakeFiles/mocap4r2_msgs__rosidl_typesupport_c.dir/rosidl_typesupport_c/mocap4r2_msgs/msg/rigid_body__type_support.cpp.o[0m
[2.009s] [ 53%] [32mBuilding CXX object CMakeFiles/mocap4r2_msgs__rosidl_typesupport_c.dir/rosidl_typesupport_c/mocap4r2_msgs/msg/rigid_bodies__type_support.cpp.o[0m
[2.016s] [ 54%] [32mBuilding CXX object CMakeFiles/mocap4r2_msgs__rosidl_typesupport_fastrtps_c.dir/rosidl_typesupport_fastrtps_c/mocap4r2_msgs/msg/detail/marker__type_support_c.cpp.o[0m
[2.021s] [ 54%] Built target mocap4r2_msgs__rosidl_typesupport_cpp
[2.029s] [ 56%] [32mBuilding CXX object CMakeFiles/mocap4r2_msgs__rosidl_typesupport_c.dir/rosidl_typesupport_c/mocap4r2_msgs/srv/create_rigid_body__type_support.cpp.o[0m
[2.032s] [ 57%] [32mBuilding CXX object CMakeFiles/mocap4r2_msgs__rosidl_typesupport_fastrtps_cpp.dir/rosidl_typesupport_fastrtps_cpp/mocap4r2_msgs/srv/detail/dds_fastrtps/create_rigid_body__type_support.cpp.o[0m
[2.057s] [ 59%] [32m[1mLinking CXX shared library libmocap4r2_msgs__rosidl_typesupport_c.so[0m
[2.061s] [ 60%] [32mBuilding CXX object CMakeFiles/mocap4r2_msgs__rosidl_typesupport_fastrtps_c.dir/rosidl_typesupport_fastrtps_c/mocap4r2_msgs/msg/detail/markers__type_support_c.cpp.o[0m
[2.069s] [ 61%] [32mBuilding CXX object CMakeFiles/mocap4r2_msgs__rosidl_typesupport_fastrtps_c.dir/rosidl_typesupport_fastrtps_c/mocap4r2_msgs/msg/detail/imus_info__type_support_c.cpp.o[0m
[2.087s] [ 63%] [32mBuilding C object CMakeFiles/mocap4r2_msgs__rosidl_typesupport_introspection_c.dir/rosidl_typesupport_introspection_c/mocap4r2_msgs/msg/detail/marker__type_support.c.o[0m
[2.095s] [ 63%] Built target mocap4r2_msgs__rosidl_typesupport_c
[2.103s] [ 64%] [32mBuilding CXX object CMakeFiles/mocap4r2_msgs__rosidl_typesupport_fastrtps_c.dir/rosidl_typesupport_fastrtps_c/mocap4r2_msgs/msg/detail/rigid_body__type_support_c.cpp.o[0m
[2.109s] [ 66%] [32mBuilding CXX object CMakeFiles/mocap4r2_msgs__rosidl_typesupport_fastrtps_c.dir/rosidl_typesupport_fastrtps_c/mocap4r2_msgs/msg/detail/rigid_bodies__type_support_c.cpp.o[0m
[2.116s] [ 67%] [32mBuilding CXX object CMakeFiles/mocap4r2_msgs__rosidl_typesupport_fastrtps_c.dir/rosidl_typesupport_fastrtps_c/mocap4r2_msgs/srv/detail/create_rigid_body__type_support_c.cpp.o[0m
[2.117s] [ 69%] [32mBuilding C object CMakeFiles/mocap4r2_msgs__rosidl_typesupport_introspection_c.dir/rosidl_typesupport_introspection_c/mocap4r2_msgs/msg/detail/markers__type_support.c.o[0m
[2.117s] [ 70%] [32mBuilding C object CMakeFiles/mocap4r2_msgs__rosidl_typesupport_introspection_c.dir/rosidl_typesupport_introspection_c/mocap4r2_msgs/msg/detail/imus_info__type_support.c.o[0m
[2.145s] [ 71%] [32mBuilding C object CMakeFiles/mocap4r2_msgs__rosidl_typesupport_introspection_c.dir/rosidl_typesupport_introspection_c/mocap4r2_msgs/msg/detail/rigid_body__type_support.c.o[0m
[2.147s] [ 73%] [32mBuilding C object CMakeFiles/mocap4r2_msgs__rosidl_typesupport_introspection_c.dir/rosidl_typesupport_introspection_c/mocap4r2_msgs/msg/detail/rigid_bodies__type_support.c.o[0m
[2.149s] [ 74%] [32mBuilding C object CMakeFiles/mocap4r2_msgs__rosidl_typesupport_introspection_c.dir/rosidl_typesupport_introspection_c/mocap4r2_msgs/srv/detail/create_rigid_body__type_support.c.o[0m
[2.160s] [ 76%] [32m[1mLinking CXX shared library libmocap4r2_msgs__rosidl_typesupport_introspection_cpp.so[0m
[2.183s] [ 77%] [32m[1mLinking C shared library libmocap4r2_msgs__rosidl_typesupport_introspection_c.so[0m
[2.215s] [ 77%] Built target mocap4r2_msgs__rosidl_typesupport_introspection_c
[2.262s] [ 77%] Built target mocap4r2_msgs__rosidl_typesupport_introspection_cpp
[2.408s] [ 78%] [32m[1mLinking CXX shared library libmocap4r2_msgs__rosidl_typesupport_fastrtps_c.so[0m
[2.416s] [ 80%] [32m[1mLinking CXX shared library libmocap4r2_msgs__rosidl_typesupport_fastrtps_cpp.so[0m
[2.448s] [ 80%] Built target mocap4r2_msgs__rosidl_typesupport_fastrtps_c
[2.458s] [ 80%] Built target mocap4r2_msgs__rosidl_typesupport_fastrtps_cpp
[2.468s] [ 80%] Built target mocap4r2_msgs
[2.480s] [ 81%] [34m[1mGenerating Python code for ROS interfaces[0m
[2.840s] [ 81%] Built target mocap4r2_msgs__py
[2.850s] [ 84%] [32mBuilding C object CMakeFiles/mocap4r2_msgs__rosidl_generator_py.dir/rosidl_generator_py/mocap4r2_msgs/msg/_marker_s.c.o[0m
[2.851s] [ 84%] [32mBuilding C object CMakeFiles/mocap4r2_msgs__rosidl_generator_py.dir/rosidl_generator_py/mocap4r2_msgs/msg/_markers_s.c.o[0m
[2.851s] [ 85%] [32mBuilding C object CMakeFiles/mocap4r2_msgs__rosidl_generator_py.dir/rosidl_generator_py/mocap4r2_msgs/msg/_imus_info_s.c.o[0m
[2.851s] [ 87%] [32mBuilding C object CMakeFiles/mocap4r2_msgs__rosidl_generator_py.dir/rosidl_generator_py/mocap4r2_msgs/msg/_rigid_bodies_s.c.o[0m
[2.854s] [ 88%] [32mBuilding C object CMakeFiles/mocap4r2_msgs__rosidl_generator_py.dir/rosidl_generator_py/mocap4r2_msgs/msg/_rigid_body_s.c.o[0m
[2.854s] [ 90%] [32mBuilding C object CMakeFiles/mocap4r2_msgs__rosidl_generator_py.dir/rosidl_generator_py/mocap4r2_msgs/srv/_create_rigid_body_s.c.o[0m
[2.937s] [ 91%] [32m[1mLinking C shared library rosidl_generator_py/mocap4r2_msgs/libmocap4r2_msgs__rosidl_generator_py.so[0m
[2.967s] [ 91%] Built target mocap4r2_msgs__rosidl_generator_py
[2.982s] [ 92%] [32mBuilding C object CMakeFiles/mocap4r2_msgs__rosidl_typesupport_c__pyext.dir/rosidl_generator_py/mocap4r2_msgs/_mocap4r2_msgs_s.ep.rosidl_typesupport_c.c.o[0m
[2.982s] [ 95%] [32mBuilding C object CMakeFiles/mocap4r2_msgs__rosidl_typesupport_introspection_c__pyext.dir/rosidl_generator_py/mocap4r2_msgs/_mocap4r2_msgs_s.ep.rosidl_typesupport_introspection_c.c.o[0m
[2.982s] [ 95%] [32mBuilding C object CMakeFiles/mocap4r2_msgs__rosidl_typesupport_fastrtps_c__pyext.dir/rosidl_generator_py/mocap4r2_msgs/_mocap4r2_msgs_s.ep.rosidl_typesupport_fastrtps_c.c.o[0m
[3.042s] [ 97%] [32m[1mLinking C shared library rosidl_generator_py/mocap4r2_msgs/mocap4r2_msgs_s__rosidl_typesupport_introspection_c.cpython-310-x86_64-linux-gnu.so[0m
[3.043s] [ 98%] [32m[1mLinking C shared library rosidl_generator_py/mocap4r2_msgs/mocap4r2_msgs_s__rosidl_typesupport_fastrtps_c.cpython-310-x86_64-linux-gnu.so[0m
[3.043s] [100%] [32m[1mLinking C shared library rosidl_generator_py/mocap4r2_msgs/mocap4r2_msgs_s__rosidl_typesupport_c.cpython-310-x86_64-linux-gnu.so[0m
[3.064s] [100%] Built target mocap4r2_msgs__rosidl_typesupport_introspection_c__pyext
[3.064s] [100%] Built target mocap4r2_msgs__rosidl_typesupport_fastrtps_c__pyext
[3.064s] [100%] Built target mocap4r2_msgs__rosidl_typesupport_c__pyext
[3.071s] Invoked command in '/home/sdc/Desktop/mocap4ros2_ws/Archive/build/mocap4r2_msgs' returned '0': CMAKE_PREFIX_PATH=${CMAKE_PREFIX_PATH}:/home/sdc/Desktop/mocap4ros2_ws/Archive/install/target_pid_controller:/home/sdc/Desktop/mocap4ros2_ws/Archive/install/pure_pursuit:/opt/ros/humble /usr/bin/cmake --build /home/sdc/Desktop/mocap4ros2_ws/Archive/build/mocap4r2_msgs -- -j16 -l16
[3.149s] Invoking command in '/home/sdc/Desktop/mocap4ros2_ws/Archive/build/mocap4r2_msgs': CMAKE_PREFIX_PATH=${CMAKE_PREFIX_PATH}:/home/sdc/Desktop/mocap4ros2_ws/Archive/install/target_pid_controller:/home/sdc/Desktop/mocap4ros2_ws/Archive/install/pure_pursuit:/opt/ros/humble /usr/bin/cmake --install /home/sdc/Desktop/mocap4ros2_ws/Archive/build/mocap4r2_msgs
[3.154s] -- Install configuration: ""
[3.154s] -- Installing: /home/sdc/Desktop/mocap4ros2_ws/Archive/install/mocap4r2_msgs/share/ament_index/resource_index/rosidl_interfaces/mocap4r2_msgs
[3.154s] -- Installing: /home/sdc/Desktop/mocap4ros2_ws/Archive/install/mocap4r2_msgs/include/mocap4r2_msgs/mocap4r2_msgs
[3.154s] -- Installing: /home/sdc/Desktop/mocap4ros2_ws/Archive/install/mocap4r2_msgs/include/mocap4r2_msgs/mocap4r2_msgs/msg
[3.154s] -- Installing: /home/sdc/Desktop/mocap4ros2_ws/Archive/install/mocap4r2_msgs/include/mocap4r2_msgs/mocap4r2_msgs/msg/marker.h
[3.154s] -- Installing: /home/sdc/Desktop/mocap4ros2_ws/Archive/install/mocap4r2_msgs/include/mocap4r2_msgs/mocap4r2_msgs/msg/detail
[3.154s] -- Installing: /home/sdc/Desktop/mocap4ros2_ws/Archive/install/mocap4r2_msgs/include/mocap4r2_msgs/mocap4r2_msgs/msg/detail/imus_info__struct.h
[3.154s] -- Installing: /home/sdc/Desktop/mocap4ros2_ws/Archive/install/mocap4r2_msgs/include/mocap4r2_msgs/mocap4r2_msgs/msg/detail/marker__functions.h
[3.154s] -- Installing: /home/sdc/Desktop/mocap4ros2_ws/Archive/install/mocap4r2_msgs/include/mocap4r2_msgs/mocap4r2_msgs/msg/detail/rigid_bodies__functions.h
[3.154s] -- Installing: /home/sdc/Desktop/mocap4ros2_ws/Archive/install/mocap4r2_msgs/include/mocap4r2_msgs/mocap4r2_msgs/msg/detail/markers__functions.c
[3.154s] -- Installing: /home/sdc/Desktop/mocap4ros2_ws/Archive/install/mocap4r2_msgs/include/mocap4r2_msgs/mocap4r2_msgs/msg/detail/marker__struct.h
[3.155s] -- Installing: /home/sdc/Desktop/mocap4ros2_ws/Archive/install/mocap4r2_msgs/include/mocap4r2_msgs/mocap4r2_msgs/msg/detail/markers__type_support.h
[3.155s] -- Installing: /home/sdc/Desktop/mocap4ros2_ws/Archive/install/mocap4r2_msgs/include/mocap4r2_msgs/mocap4r2_msgs/msg/detail/rigid_bodies__type_support.h
[3.155s] -- Installing: /home/sdc/Desktop/mocap4ros2_ws/Archive/install/mocap4r2_msgs/include/mocap4r2_msgs/mocap4r2_msgs/msg/detail/rigid_bodies__struct.h
[3.155s] -- Installing: /home/sdc/Desktop/mocap4ros2_ws/Archive/install/mocap4r2_msgs/include/mocap4r2_msgs/mocap4r2_msgs/msg/detail/rigid_body__functions.h
[3.155s] -- Installing: /home/sdc/Desktop/mocap4ros2_ws/Archive/install/mocap4r2_msgs/include/mocap4r2_msgs/mocap4r2_msgs/msg/detail/imus_info__type_support.h
[3.155s] -- Installing: /home/sdc/Desktop/mocap4ros2_ws/Archive/install/mocap4r2_msgs/include/mocap4r2_msgs/mocap4r2_msgs/msg/detail/marker__functions.c
[3.155s] -- Installing: /home/sdc/Desktop/mocap4ros2_ws/Archive/install/mocap4r2_msgs/include/mocap4r2_msgs/mocap4r2_msgs/msg/detail/markers__struct.h
[3.155s] -- Installing: /home/sdc/Desktop/mocap4ros2_ws/Archive/install/mocap4r2_msgs/include/mocap4r2_msgs/mocap4r2_msgs/msg/detail/rigid_body__type_support.h
[3.155s] -- Installing: /home/sdc/Desktop/mocap4ros2_ws/Archive/install/mocap4r2_msgs/include/mocap4r2_msgs/mocap4r2_msgs/msg/detail/rigid_bodies__functions.c
[3.155s] -- Installing: /home/sdc/Desktop/mocap4ros2_ws/Archive/install/mocap4r2_msgs/include/mocap4r2_msgs/mocap4r2_msgs/msg/detail/marker__type_support.h
[3.155s] -- Installing: /home/sdc/Desktop/mocap4ros2_ws/Archive/install/mocap4r2_msgs/include/mocap4r2_msgs/mocap4r2_msgs/msg/detail/markers__functions.h
[3.155s] -- Installing: /home/sdc/Desktop/mocap4ros2_ws/Archive/install/mocap4r2_msgs/include/mocap4r2_msgs/mocap4r2_msgs/msg/detail/rigid_body__struct.h
[3.155s] -- Installing: /home/sdc/Desktop/mocap4ros2_ws/Archive/install/mocap4r2_msgs/include/mocap4r2_msgs/mocap4r2_msgs/msg/detail/imus_info__functions.h
[3.155s] -- Installing: /home/sdc/Desktop/mocap4ros2_ws/Archive/install/mocap4r2_msgs/include/mocap4r2_msgs/mocap4r2_msgs/msg/detail/imus_info__functions.c
[3.155s] -- Installing: /home/sdc/Desktop/mocap4ros2_ws/Archive/install/mocap4r2_msgs/include/mocap4r2_msgs/mocap4r2_msgs/msg/detail/rigid_body__functions.c
[3.155s] -- Installing: /home/sdc/Desktop/mocap4ros2_ws/Archive/install/mocap4r2_msgs/include/mocap4r2_msgs/mocap4r2_msgs/msg/rigid_body.h
[3.155s] -- Installing: /home/sdc/Desktop/mocap4ros2_ws/Archive/install/mocap4r2_msgs/include/mocap4r2_msgs/mocap4r2_msgs/msg/imus_info.h
[3.155s] -- Installing: /home/sdc/Desktop/mocap4ros2_ws/Archive/install/mocap4r2_msgs/include/mocap4r2_msgs/mocap4r2_msgs/msg/markers.h
[3.155s] -- Installing: /home/sdc/Desktop/mocap4ros2_ws/Archive/install/mocap4r2_msgs/include/mocap4r2_msgs/mocap4r2_msgs/msg/rosidl_generator_c__visibility_control.h
[3.155s] -- Installing: /home/sdc/Desktop/mocap4ros2_ws/Archive/install/mocap4r2_msgs/include/mocap4r2_msgs/mocap4r2_msgs/msg/rigid_bodies.h
[3.155s] -- Installing: /home/sdc/Desktop/mocap4ros2_ws/Archive/install/mocap4r2_msgs/include/mocap4r2_msgs/mocap4r2_msgs/srv
[3.155s] -- Installing: /home/sdc/Desktop/mocap4ros2_ws/Archive/install/mocap4r2_msgs/include/mocap4r2_msgs/mocap4r2_msgs/srv/detail
[3.155s] -- Installing: /home/sdc/Desktop/mocap4ros2_ws/Archive/install/mocap4r2_msgs/include/mocap4r2_msgs/mocap4r2_msgs/srv/detail/create_rigid_body__functions.c
[3.155s] -- Installing: /home/sdc/Desktop/mocap4ros2_ws/Archive/install/mocap4r2_msgs/include/mocap4r2_msgs/mocap4r2_msgs/srv/detail/create_rigid_body__type_support.h
[3.155s] -- Installing: /home/sdc/Desktop/mocap4ros2_ws/Archive/install/mocap4r2_msgs/include/mocap4r2_msgs/mocap4r2_msgs/srv/detail/create_rigid_body__functions.h
[3.156s] -- Installing: /home/sdc/Desktop/mocap4ros2_ws/Archive/install/mocap4r2_msgs/include/mocap4r2_msgs/mocap4r2_msgs/srv/detail/create_rigid_body__struct.h
[3.156s] -- Installing: /home/sdc/Desktop/mocap4ros2_ws/Archive/install/mocap4r2_msgs/include/mocap4r2_msgs/mocap4r2_msgs/srv/create_rigid_body.h
[3.156s] -- Installing: /home/sdc/Desktop/mocap4ros2_ws/Archive/install/mocap4r2_msgs/share/mocap4r2_msgs/environment/library_path.sh
[3.156s] -- Installing: /home/sdc/Desktop/mocap4ros2_ws/Archive/install/mocap4r2_msgs/share/mocap4r2_msgs/environment/library_path.dsv
[3.156s] -- Installing: /home/sdc/Desktop/mocap4ros2_ws/Archive/install/mocap4r2_msgs/lib/libmocap4r2_msgs__rosidl_generator_c.so
[3.156s] -- Set runtime path of "/home/sdc/Desktop/mocap4ros2_ws/Archive/install/mocap4r2_msgs/lib/libmocap4r2_msgs__rosidl_generator_c.so" to ""
[3.156s] -- Up-to-date: /home/sdc/Desktop/mocap4ros2_ws/Archive/install/mocap4r2_msgs/include/mocap4r2_msgs/mocap4r2_msgs
[3.156s] -- Up-to-date: /home/sdc/Desktop/mocap4ros2_ws/Archive/install/mocap4r2_msgs/include/mocap4r2_msgs/mocap4r2_msgs/msg
[3.156s] -- Up-to-date: /home/sdc/Desktop/mocap4ros2_ws/Archive/install/mocap4r2_msgs/include/mocap4r2_msgs/mocap4r2_msgs/msg/detail
[3.156s] -- Installing: /home/sdc/Desktop/mocap4ros2_ws/Archive/install/mocap4r2_msgs/include/mocap4r2_msgs/mocap4r2_msgs/msg/detail/rigid_bodies__rosidl_typesupport_fastrtps_c.h
[3.156s] -- Installing: /home/sdc/Desktop/mocap4ros2_ws/Archive/install/mocap4r2_msgs/include/mocap4r2_msgs/mocap4r2_msgs/msg/detail/rigid_body__rosidl_typesupport_fastrtps_c.h
[3.156s] -- Installing: /home/sdc/Desktop/mocap4ros2_ws/Archive/install/mocap4r2_msgs/include/mocap4r2_msgs/mocap4r2_msgs/msg/detail/markers__rosidl_typesupport_fastrtps_c.h
[3.156s] -- Installing: /home/sdc/Desktop/mocap4ros2_ws/Archive/install/mocap4r2_msgs/include/mocap4r2_msgs/mocap4r2_msgs/msg/detail/imus_info__rosidl_typesupport_fastrtps_c.h
[3.156s] -- Installing: /home/sdc/Desktop/mocap4ros2_ws/Archive/install/mocap4r2_msgs/include/mocap4r2_msgs/mocap4r2_msgs/msg/detail/marker__rosidl_typesupport_fastrtps_c.h
[3.156s] -- Installing: /home/sdc/Desktop/mocap4ros2_ws/Archive/install/mocap4r2_msgs/include/mocap4r2_msgs/mocap4r2_msgs/msg/rosidl_typesupport_fastrtps_c__visibility_control.h
[3.156s] -- Up-to-date: /home/sdc/Desktop/mocap4ros2_ws/Archive/install/mocap4r2_msgs/include/mocap4r2_msgs/mocap4r2_msgs/srv
[3.156s] -- Up-to-date: /home/sdc/Desktop/mocap4ros2_ws/Archive/install/mocap4r2_msgs/include/mocap4r2_msgs/mocap4r2_msgs/srv/detail
[3.156s] -- Installing: /home/sdc/Desktop/mocap4ros2_ws/Archive/install/mocap4r2_msgs/include/mocap4r2_msgs/mocap4r2_msgs/srv/detail/create_rigid_body__rosidl_typesupport_fastrtps_c.h
[3.156s] -- Installing: /home/sdc/Desktop/mocap4ros2_ws/Archive/install/mocap4r2_msgs/lib/libmocap4r2_msgs__rosidl_typesupport_fastrtps_c.so
[3.157s] -- Set runtime path of "/home/sdc/Desktop/mocap4ros2_ws/Archive/install/mocap4r2_msgs/lib/libmocap4r2_msgs__rosidl_typesupport_fastrtps_c.so" to ""
[3.157s] -- Up-to-date: /home/sdc/Desktop/mocap4ros2_ws/Archive/install/mocap4r2_msgs/include/mocap4r2_msgs/mocap4r2_msgs
[3.157s] -- Up-to-date: /home/sdc/Desktop/mocap4ros2_ws/Archive/install/mocap4r2_msgs/include/mocap4r2_msgs/mocap4r2_msgs/msg
[3.157s] -- Installing: /home/sdc/Desktop/mocap4ros2_ws/Archive/install/mocap4r2_msgs/include/mocap4r2_msgs/mocap4r2_msgs/msg/rosidl_typesupport_introspection_c__visibility_control.h
[3.157s] -- Up-to-date: /home/sdc/Desktop/mocap4ros2_ws/Archive/install/mocap4r2_msgs/include/mocap4r2_msgs/mocap4r2_msgs/msg/detail
[3.157s] -- Installing: /home/sdc/Desktop/mocap4ros2_ws/Archive/install/mocap4r2_msgs/include/mocap4r2_msgs/mocap4r2_msgs/msg/detail/markers__type_support.c
[3.157s] -- Installing: /home/sdc/Desktop/mocap4ros2_ws/Archive/install/mocap4r2_msgs/include/mocap4r2_msgs/mocap4r2_msgs/msg/detail/imus_info__rosidl_typesupport_introspection_c.h
[3.157s] -- Installing: /home/sdc/Desktop/mocap4ros2_ws/Archive/install/mocap4r2_msgs/include/mocap4r2_msgs/mocap4r2_msgs/msg/detail/marker__type_support.c
[3.157s] -- Installing: /home/sdc/Desktop/mocap4ros2_ws/Archive/install/mocap4r2_msgs/include/mocap4r2_msgs/mocap4r2_msgs/msg/detail/rigid_body__rosidl_typesupport_introspection_c.h
[3.157s] -- Installing: /home/sdc/Desktop/mocap4ros2_ws/Archive/install/mocap4r2_msgs/include/mocap4r2_msgs/mocap4r2_msgs/msg/detail/rigid_body__type_support.c
[3.157s] -- Installing: /home/sdc/Desktop/mocap4ros2_ws/Archive/install/mocap4r2_msgs/include/mocap4r2_msgs/mocap4r2_msgs/msg/detail/marker__rosidl_typesupport_introspection_c.h
[3.157s] -- Installing: /home/sdc/Desktop/mocap4ros2_ws/Archive/install/mocap4r2_msgs/include/mocap4r2_msgs/mocap4r2_msgs/msg/detail/rigid_bodies__rosidl_typesupport_introspection_c.h
[3.157s] -- Installing: /home/sdc/Desktop/mocap4ros2_ws/Archive/install/mocap4r2_msgs/include/mocap4r2_msgs/mocap4r2_msgs/msg/detail/markers__rosidl_typesupport_introspection_c.h
[3.157s] -- Installing: /home/sdc/Desktop/mocap4ros2_ws/Archive/install/mocap4r2_msgs/include/mocap4r2_msgs/mocap4r2_msgs/msg/detail/imus_info__type_support.c
[3.157s] -- Installing: /home/sdc/Desktop/mocap4ros2_ws/Archive/install/mocap4r2_msgs/include/mocap4r2_msgs/mocap4r2_msgs/msg/detail/rigid_bodies__type_support.c
[3.157s] -- Up-to-date: /home/sdc/Desktop/mocap4ros2_ws/Archive/install/mocap4r2_msgs/include/mocap4r2_msgs/mocap4r2_msgs/srv
[3.157s] -- Up-to-date: /home/sdc/Desktop/mocap4ros2_ws/Archive/install/mocap4r2_msgs/include/mocap4r2_msgs/mocap4r2_msgs/srv/detail
[3.157s] -- Installing: /home/sdc/Desktop/mocap4ros2_ws/Archive/install/mocap4r2_msgs/include/mocap4r2_msgs/mocap4r2_msgs/srv/detail/create_rigid_body__rosidl_typesupport_introspection_c.h
[3.157s] -- Installing: /home/sdc/Desktop/mocap4ros2_ws/Archive/install/mocap4r2_msgs/include/mocap4r2_msgs/mocap4r2_msgs/srv/detail/create_rigid_body__type_support.c
[3.158s] -- Installing: /home/sdc/Desktop/mocap4ros2_ws/Archive/install/mocap4r2_msgs/lib/libmocap4r2_msgs__rosidl_typesupport_introspection_c.so
[3.158s] -- Set runtime path of "/home/sdc/Desktop/mocap4ros2_ws/Archive/install/mocap4r2_msgs/lib/libmocap4r2_msgs__rosidl_typesupport_introspection_c.so" to ""
[3.158s] -- Installing: /home/sdc/Desktop/mocap4ros2_ws/Archive/install/mocap4r2_msgs/lib/libmocap4r2_msgs__rosidl_typesupport_c.so
[3.158s] -- Set runtime path of "/home/sdc/Desktop/mocap4ros2_ws/Archive/install/mocap4r2_msgs/lib/libmocap4r2_msgs__rosidl_typesupport_c.so" to ""
[3.158s] -- Up-to-date: /home/sdc/Desktop/mocap4ros2_ws/Archive/install/mocap4r2_msgs/include/mocap4r2_msgs/mocap4r2_msgs
[3.158s] -- Up-to-date: /home/sdc/Desktop/mocap4ros2_ws/Archive/install/mocap4r2_msgs/include/mocap4r2_msgs/mocap4r2_msgs/msg
[3.158s] -- Installing: /home/sdc/Desktop/mocap4ros2_ws/Archive/install/mocap4r2_msgs/include/mocap4r2_msgs/mocap4r2_msgs/msg/imus_info.hpp
[3.158s] -- Up-to-date: /home/sdc/Desktop/mocap4ros2_ws/Archive/install/mocap4r2_msgs/include/mocap4r2_msgs/mocap4r2_msgs/msg/detail
[3.158s] -- Installing: /home/sdc/Desktop/mocap4ros2_ws/Archive/install/mocap4r2_msgs/include/mocap4r2_msgs/mocap4r2_msgs/msg/detail/markers__traits.hpp
[3.158s] -- Installing: /home/sdc/Desktop/mocap4ros2_ws/Archive/install/mocap4r2_msgs/include/mocap4r2_msgs/mocap4r2_msgs/msg/detail/rigid_body__struct.hpp
[3.158s] -- Installing: /home/sdc/Desktop/mocap4ros2_ws/Archive/install/mocap4r2_msgs/include/mocap4r2_msgs/mocap4r2_msgs/msg/detail/rigid_bodies__traits.hpp
[3.158s] -- Installing: /home/sdc/Desktop/mocap4ros2_ws/Archive/install/mocap4r2_msgs/include/mocap4r2_msgs/mocap4r2_msgs/msg/detail/rigid_bodies__struct.hpp
[3.158s] -- Installing: /home/sdc/Desktop/mocap4ros2_ws/Archive/install/mocap4r2_msgs/include/mocap4r2_msgs/mocap4r2_msgs/msg/detail/imus_info__builder.hpp
[3.158s] -- Installing: /home/sdc/Desktop/mocap4ros2_ws/Archive/install/mocap4r2_msgs/include/mocap4r2_msgs/mocap4r2_msgs/msg/detail/imus_info__traits.hpp
[3.158s] -- Installing: /home/sdc/Desktop/mocap4ros2_ws/Archive/install/mocap4r2_msgs/include/mocap4r2_msgs/mocap4r2_msgs/msg/detail/marker__traits.hpp
[3.158s] -- Installing: /home/sdc/Desktop/mocap4ros2_ws/Archive/install/mocap4r2_msgs/include/mocap4r2_msgs/mocap4r2_msgs/msg/detail/rigid_bodies__builder.hpp
[3.158s] -- Installing: /home/sdc/Desktop/mocap4ros2_ws/Archive/install/mocap4r2_msgs/include/mocap4r2_msgs/mocap4r2_msgs/msg/detail/markers__struct.hpp
[3.158s] -- Installing: /home/sdc/Desktop/mocap4ros2_ws/Archive/install/mocap4r2_msgs/include/mocap4r2_msgs/mocap4r2_msgs/msg/detail/marker__builder.hpp
[3.158s] -- Installing: /home/sdc/Desktop/mocap4ros2_ws/Archive/install/mocap4r2_msgs/include/mocap4r2_msgs/mocap4r2_msgs/msg/detail/rigid_body__builder.hpp
[3.159s] -- Installing: /home/sdc/Desktop/mocap4ros2_ws/Archive/install/mocap4r2_msgs/include/mocap4r2_msgs/mocap4r2_msgs/msg/detail/markers__builder.hpp
[3.159s] -- Installing: /home/sdc/Desktop/mocap4ros2_ws/Archive/install/mocap4r2_msgs/include/mocap4r2_msgs/mocap4r2_msgs/msg/detail/imus_info__struct.hpp
[3.159s] -- Installing: /home/sdc/Desktop/mocap4ros2_ws/Archive/install/mocap4r2_msgs/include/mocap4r2_msgs/mocap4r2_msgs/msg/detail/rigid_body__traits.hpp
[3.159s] -- Installing: /home/sdc/Desktop/mocap4ros2_ws/Archive/install/mocap4r2_msgs/include/mocap4r2_msgs/mocap4r2_msgs/msg/detail/marker__struct.hpp
[3.159s] -- Installing: /home/sdc/Desktop/mocap4ros2_ws/Archive/install/mocap4r2_msgs/include/mocap4r2_msgs/mocap4r2_msgs/msg/rigid_bodies.hpp
[3.159s] -- Installing: /home/sdc/Desktop/mocap4ros2_ws/Archive/install/mocap4r2_msgs/include/mocap4r2_msgs/mocap4r2_msgs/msg/markers.hpp
[3.159s] -- Installing: /home/sdc/Desktop/mocap4ros2_ws/Archive/install/mocap4r2_msgs/include/mocap4r2_msgs/mocap4r2_msgs/msg/marker.hpp
[3.159s] -- Installing: /home/sdc/Desktop/mocap4ros2_ws/Archive/install/mocap4r2_msgs/include/mocap4r2_msgs/mocap4r2_msgs/msg/rigid_body.hpp
[3.159s] -- Up-to-date: /home/sdc/Desktop/mocap4ros2_ws/Archive/install/mocap4r2_msgs/include/mocap4r2_msgs/mocap4r2_msgs/srv
[3.159s] -- Up-to-date: /home/sdc/Desktop/mocap4ros2_ws/Archive/install/mocap4r2_msgs/include/mocap4r2_msgs/mocap4r2_msgs/srv/detail
[3.159s] -- Installing: /home/sdc/Desktop/mocap4ros2_ws/Archive/install/mocap4r2_msgs/include/mocap4r2_msgs/mocap4r2_msgs/srv/detail/create_rigid_body__struct.hpp
[3.159s] -- Installing: /home/sdc/Desktop/mocap4ros2_ws/Archive/install/mocap4r2_msgs/include/mocap4r2_msgs/mocap4r2_msgs/srv/detail/create_rigid_body__builder.hpp
[3.159s] -- Installing: /home/sdc/Desktop/mocap4ros2_ws/Archive/install/mocap4r2_msgs/include/mocap4r2_msgs/mocap4r2_msgs/srv/detail/create_rigid_body__traits.hpp
[3.159s] -- Installing: /home/sdc/Desktop/mocap4ros2_ws/Archive/install/mocap4r2_msgs/include/mocap4r2_msgs/mocap4r2_msgs/srv/create_rigid_body.hpp
[3.159s] -- Up-to-date: /home/sdc/Desktop/mocap4ros2_ws/Archive/install/mocap4r2_msgs/include/mocap4r2_msgs/mocap4r2_msgs
[3.159s] -- Up-to-date: /home/sdc/Desktop/mocap4ros2_ws/Archive/install/mocap4r2_msgs/include/mocap4r2_msgs/mocap4r2_msgs/msg
[3.159s] -- Installing: /home/sdc/Desktop/mocap4ros2_ws/Archive/install/mocap4r2_msgs/include/mocap4r2_msgs/mocap4r2_msgs/msg/rosidl_typesupport_fastrtps_cpp__visibility_control.h
[3.159s] -- Up-to-date: /home/sdc/Desktop/mocap4ros2_ws/Archive/install/mocap4r2_msgs/include/mocap4r2_msgs/mocap4r2_msgs/msg/detail
[3.159s] -- Installing: /home/sdc/Desktop/mocap4ros2_ws/Archive/install/mocap4r2_msgs/include/mocap4r2_msgs/mocap4r2_msgs/msg/detail/dds_fastrtps
[3.159s] -- Installing: /home/sdc/Desktop/mocap4ros2_ws/Archive/install/mocap4r2_msgs/include/mocap4r2_msgs/mocap4r2_msgs/msg/detail/rigid_body__rosidl_typesupport_fastrtps_cpp.hpp
[3.159s] -- Installing: /home/sdc/Desktop/mocap4ros2_ws/Archive/install/mocap4r2_msgs/include/mocap4r2_msgs/mocap4r2_msgs/msg/detail/imus_info__rosidl_typesupport_fastrtps_cpp.hpp
[3.159s] -- Installing: /home/sdc/Desktop/mocap4ros2_ws/Archive/install/mocap4r2_msgs/include/mocap4r2_msgs/mocap4r2_msgs/msg/detail/markers__rosidl_typesupport_fastrtps_cpp.hpp
[3.160s] -- Installing: /home/sdc/Desktop/mocap4ros2_ws/Archive/install/mocap4r2_msgs/include/mocap4r2_msgs/mocap4r2_msgs/msg/detail/marker__rosidl_typesupport_fastrtps_cpp.hpp
[3.160s] -- Installing: /home/sdc/Desktop/mocap4ros2_ws/Archive/install/mocap4r2_msgs/include/mocap4r2_msgs/mocap4r2_msgs/msg/detail/rigid_bodies__rosidl_typesupport_fastrtps_cpp.hpp
[3.160s] -- Up-to-date: /home/sdc/Desktop/mocap4ros2_ws/Archive/install/mocap4r2_msgs/include/mocap4r2_msgs/mocap4r2_msgs/srv
[3.160s] -- Up-to-date: /home/sdc/Desktop/mocap4ros2_ws/Archive/install/mocap4r2_msgs/include/mocap4r2_msgs/mocap4r2_msgs/srv/detail
[3.160s] -- Installing: /home/sdc/Desktop/mocap4ros2_ws/Archive/install/mocap4r2_msgs/include/mocap4r2_msgs/mocap4r2_msgs/srv/detail/dds_fastrtps
[3.160s] -- Installing: /home/sdc/Desktop/mocap4ros2_ws/Archive/install/mocap4r2_msgs/include/mocap4r2_msgs/mocap4r2_msgs/srv/detail/create_rigid_body__rosidl_typesupport_fastrtps_cpp.hpp
[3.160s] -- Installing: /home/sdc/Desktop/mocap4ros2_ws/Archive/install/mocap4r2_msgs/lib/libmocap4r2_msgs__rosidl_typesupport_fastrtps_cpp.so
[3.160s] -- Set runtime path of "/home/sdc/Desktop/mocap4ros2_ws/Archive/install/mocap4r2_msgs/lib/libmocap4r2_msgs__rosidl_typesupport_fastrtps_cpp.so" to ""
[3.160s] -- Up-to-date: /home/sdc/Desktop/mocap4ros2_ws/Archive/install/mocap4r2_msgs/include/mocap4r2_msgs/mocap4r2_msgs
[3.160s] -- Up-to-date: /home/sdc/Desktop/mocap4ros2_ws/Archive/install/mocap4r2_msgs/include/mocap4r2_msgs/mocap4r2_msgs/msg
[3.160s] -- Up-to-date: /home/sdc/Desktop/mocap4ros2_ws/Archive/install/mocap4r2_msgs/include/mocap4r2_msgs/mocap4r2_msgs/msg/detail
[3.160s] -- Installing: /home/sdc/Desktop/mocap4ros2_ws/Archive/install/mocap4r2_msgs/include/mocap4r2_msgs/mocap4r2_msgs/msg/detail/markers__rosidl_typesupport_introspection_cpp.hpp
[3.160s] -- Installing: /home/sdc/Desktop/mocap4ros2_ws/Archive/install/mocap4r2_msgs/include/mocap4r2_msgs/mocap4r2_msgs/msg/detail/rigid_body__type_support.cpp
[3.160s] -- Installing: /home/sdc/Desktop/mocap4ros2_ws/Archive/install/mocap4r2_msgs/include/mocap4r2_msgs/mocap4r2_msgs/msg/detail/imus_info__type_support.cpp
[3.160s] -- Installing: /home/sdc/Desktop/mocap4ros2_ws/Archive/install/mocap4r2_msgs/include/mocap4r2_msgs/mocap4r2_msgs/msg/detail/marker__rosidl_typesupport_introspection_cpp.hpp
[3.160s] -- Installing: /home/sdc/Desktop/mocap4ros2_ws/Archive/install/mocap4r2_msgs/include/mocap4r2_msgs/mocap4r2_msgs/msg/detail/marker__type_support.cpp
[3.160s] -- Installing: /home/sdc/Desktop/mocap4ros2_ws/Archive/install/mocap4r2_msgs/include/mocap4r2_msgs/mocap4r2_msgs/msg/detail/markers__type_support.cpp
[3.160s] -- Installing: /home/sdc/Desktop/mocap4ros2_ws/Archive/install/mocap4r2_msgs/include/mocap4r2_msgs/mocap4r2_msgs/msg/detail/rigid_bodies__rosidl_typesupport_introspection_cpp.hpp
[3.160s] -- Installing: /home/sdc/Desktop/mocap4ros2_ws/Archive/install/mocap4r2_msgs/include/mocap4r2_msgs/mocap4r2_msgs/msg/detail/rigid_body__rosidl_typesupport_introspection_cpp.hpp
[3.160s] -- Installing: /home/sdc/Desktop/mocap4ros2_ws/Archive/install/mocap4r2_msgs/include/mocap4r2_msgs/mocap4r2_msgs/msg/detail/rigid_bodies__type_support.cpp
[3.160s] -- Installing: /home/sdc/Desktop/mocap4ros2_ws/Archive/install/mocap4r2_msgs/include/mocap4r2_msgs/mocap4r2_msgs/msg/detail/imus_info__rosidl_typesupport_introspection_cpp.hpp
[3.160s] -- Up-to-date: /home/sdc/Desktop/mocap4ros2_ws/Archive/install/mocap4r2_msgs/include/mocap4r2_msgs/mocap4r2_msgs/srv
[3.161s] -- Up-to-date: /home/sdc/Desktop/mocap4ros2_ws/Archive/install/mocap4r2_msgs/include/mocap4r2_msgs/mocap4r2_msgs/srv/detail
[3.161s] -- Installing: /home/sdc/Desktop/mocap4ros2_ws/Archive/install/mocap4r2_msgs/include/mocap4r2_msgs/mocap4r2_msgs/srv/detail/create_rigid_body__rosidl_typesupport_introspection_cpp.hpp
[3.161s] -- Installing: /home/sdc/Desktop/mocap4ros2_ws/Archive/install/mocap4r2_msgs/include/mocap4r2_msgs/mocap4r2_msgs/srv/detail/create_rigid_body__type_support.cpp
[3.161s] -- Installing: /home/sdc/Desktop/mocap4ros2_ws/Archive/install/mocap4r2_msgs/lib/libmocap4r2_msgs__rosidl_typesupport_introspection_cpp.so
[3.161s] -- Set runtime path of "/home/sdc/Desktop/mocap4ros2_ws/Archive/install/mocap4r2_msgs/lib/libmocap4r2_msgs__rosidl_typesupport_introspection_cpp.so" to ""
[3.161s] -- Installing: /home/sdc/Desktop/mocap4ros2_ws/Archive/install/mocap4r2_msgs/lib/libmocap4r2_msgs__rosidl_typesupport_cpp.so
[3.161s] -- Set runtime path of "/home/sdc/Desktop/mocap4ros2_ws/Archive/install/mocap4r2_msgs/lib/libmocap4r2_msgs__rosidl_typesupport_cpp.so" to ""
[3.161s] -- Installing: /home/sdc/Desktop/mocap4ros2_ws/Archive/install/mocap4r2_msgs/share/mocap4r2_msgs/environment/pythonpath.sh
[3.161s] -- Installing: /home/sdc/Desktop/mocap4ros2_ws/Archive/install/mocap4r2_msgs/share/mocap4r2_msgs/environment/pythonpath.dsv
[3.161s] -- Installing: /home/sdc/Desktop/mocap4ros2_ws/Archive/install/mocap4r2_msgs/local/lib/python3.10/dist-packages/mocap4r2_msgs-0.0.5-py3.10.egg-info
[3.161s] -- Installing: /home/sdc/Desktop/mocap4ros2_ws/Archive/install/mocap4r2_msgs/local/lib/python3.10/dist-packages/mocap4r2_msgs-0.0.5-py3.10.egg-info/top_level.txt
[3.161s] -- Installing: /home/sdc/Desktop/mocap4ros2_ws/Archive/install/mocap4r2_msgs/local/lib/python3.10/dist-packages/mocap4r2_msgs-0.0.5-py3.10.egg-info/dependency_links.txt
[3.161s] -- Installing: /home/sdc/Desktop/mocap4ros2_ws/Archive/install/mocap4r2_msgs/local/lib/python3.10/dist-packages/mocap4r2_msgs-0.0.5-py3.10.egg-info/SOURCES.txt
[3.161s] -- Installing: /home/sdc/Desktop/mocap4ros2_ws/Archive/install/mocap4r2_msgs/local/lib/python3.10/dist-packages/mocap4r2_msgs-0.0.5-py3.10.egg-info/PKG-INFO
[3.161s] -- Installing: /home/sdc/Desktop/mocap4ros2_ws/Archive/install/mocap4r2_msgs/local/lib/python3.10/dist-packages/mocap4r2_msgs
[3.161s] -- Installing: /home/sdc/Desktop/mocap4ros2_ws/Archive/install/mocap4r2_msgs/local/lib/python3.10/dist-packages/mocap4r2_msgs/msg
[3.161s] -- Installing: /home/sdc/Desktop/mocap4ros2_ws/Archive/install/mocap4r2_msgs/local/lib/python3.10/dist-packages/mocap4r2_msgs/msg/_imus_info_s.c
[3.161s] -- Installing: /home/sdc/Desktop/mocap4ros2_ws/Archive/install/mocap4r2_msgs/local/lib/python3.10/dist-packages/mocap4r2_msgs/msg/_rigid_bodies_s.c
[3.161s] -- Installing: /home/sdc/Desktop/mocap4ros2_ws/Archive/install/mocap4r2_msgs/local/lib/python3.10/dist-packages/mocap4r2_msgs/msg/__init__.py
[3.161s] -- Installing: /home/sdc/Desktop/mocap4ros2_ws/Archive/install/mocap4r2_msgs/local/lib/python3.10/dist-packages/mocap4r2_msgs/msg/_rigid_bodies.py
[3.162s] -- Installing: /home/sdc/Desktop/mocap4ros2_ws/Archive/install/mocap4r2_msgs/local/lib/python3.10/dist-packages/mocap4r2_msgs/msg/_rigid_body_s.c
[3.162s] -- Installing: /home/sdc/Desktop/mocap4ros2_ws/Archive/install/mocap4r2_msgs/local/lib/python3.10/dist-packages/mocap4r2_msgs/msg/_marker.py
[3.162s] -- Installing: /home/sdc/Desktop/mocap4ros2_ws/Archive/install/mocap4r2_msgs/local/lib/python3.10/dist-packages/mocap4r2_msgs/msg/_imus_info.py
[3.162s] -- Installing: /home/sdc/Desktop/mocap4ros2_ws/Archive/install/mocap4r2_msgs/local/lib/python3.10/dist-packages/mocap4r2_msgs/msg/_markers_s.c
[3.162s] -- Installing: /home/sdc/Desktop/mocap4ros2_ws/Archive/install/mocap4r2_msgs/local/lib/python3.10/dist-packages/mocap4r2_msgs/msg/_marker_s.c
[3.162s] -- Installing: /home/sdc/Desktop/mocap4ros2_ws/Archive/install/mocap4r2_msgs/local/lib/python3.10/dist-packages/mocap4r2_msgs/msg/_rigid_body.py
[3.162s] -- Installing: /home/sdc/Desktop/mocap4ros2_ws/Archive/install/mocap4r2_msgs/local/lib/python3.10/dist-packages/mocap4r2_msgs/msg/_markers.py
[3.162s] -- Installing: /home/sdc/Desktop/mocap4ros2_ws/Archive/install/mocap4r2_msgs/local/lib/python3.10/dist-packages/mocap4r2_msgs/__init__.py
[3.162s] -- Installing: /home/sdc/Desktop/mocap4ros2_ws/Archive/install/mocap4r2_msgs/local/lib/python3.10/dist-packages/mocap4r2_msgs/srv
[3.162s] -- Installing: /home/sdc/Desktop/mocap4ros2_ws/Archive/install/mocap4r2_msgs/local/lib/python3.10/dist-packages/mocap4r2_msgs/srv/__init__.py
[3.162s] -- Installing: /home/sdc/Desktop/mocap4ros2_ws/Archive/install/mocap4r2_msgs/local/lib/python3.10/dist-packages/mocap4r2_msgs/srv/_create_rigid_body.py
[3.162s] -- Installing: /home/sdc/Desktop/mocap4ros2_ws/Archive/install/mocap4r2_msgs/local/lib/python3.10/dist-packages/mocap4r2_msgs/srv/_create_rigid_body_s.c
[3.162s] -- Installing: /home/sdc/Desktop/mocap4ros2_ws/Archive/install/mocap4r2_msgs/local/lib/python3.10/dist-packages/mocap4r2_msgs/_mocap4r2_msgs_s.ep.rosidl_typesupport_fastrtps_c.c
[3.162s] -- Installing: /home/sdc/Desktop/mocap4ros2_ws/Archive/install/mocap4r2_msgs/local/lib/python3.10/dist-packages/mocap4r2_msgs/_mocap4r2_msgs_s.ep.rosidl_typesupport_introspection_c.c
[3.162s] -- Installing: /home/sdc/Desktop/mocap4ros2_ws/Archive/install/mocap4r2_msgs/local/lib/python3.10/dist-packages/mocap4r2_msgs/libmocap4r2_msgs__rosidl_generator_py.so
[3.162s] -- Installing: /home/sdc/Desktop/mocap4ros2_ws/Archive/install/mocap4r2_msgs/local/lib/python3.10/dist-packages/mocap4r2_msgs/_mocap4r2_msgs_s.ep.rosidl_typesupport_c.c
[3.162s] -- Installing: /home/sdc/Desktop/mocap4ros2_ws/Archive/install/mocap4r2_msgs/local/lib/python3.10/dist-packages/mocap4r2_msgs/mocap4r2_msgs_s__rosidl_typesupport_fastrtps_c.cpython-310-x86_64-linux-gnu.so
[3.162s] -- Installing: /home/sdc/Desktop/mocap4ros2_ws/Archive/install/mocap4r2_msgs/local/lib/python3.10/dist-packages/mocap4r2_msgs/mocap4r2_msgs_s__rosidl_typesupport_c.cpython-310-x86_64-linux-gnu.so
[3.162s] -- Installing: /home/sdc/Desktop/mocap4ros2_ws/Archive/install/mocap4r2_msgs/local/lib/python3.10/dist-packages/mocap4r2_msgs/mocap4r2_msgs_s__rosidl_typesupport_introspection_c.cpython-310-x86_64-linux-gnu.so
[3.185s] Listing '/home/sdc/Desktop/mocap4ros2_ws/Archive/install/mocap4r2_msgs/local/lib/python3.10/dist-packages/mocap4r2_msgs'...
[3.185s] Compiling '/home/sdc/Desktop/mocap4ros2_ws/Archive/install/mocap4r2_msgs/local/lib/python3.10/dist-packages/mocap4r2_msgs/__init__.py'...
[3.185s] Listing '/home/sdc/Desktop/mocap4ros2_ws/Archive/install/mocap4r2_msgs/local/lib/python3.10/dist-packages/mocap4r2_msgs/msg'...
[3.185s] Compiling '/home/sdc/Desktop/mocap4ros2_ws/Archive/install/mocap4r2_msgs/local/lib/python3.10/dist-packages/mocap4r2_msgs/msg/__init__.py'...
[3.185s] Compiling '/home/sdc/Desktop/mocap4ros2_ws/Archive/install/mocap4r2_msgs/local/lib/python3.10/dist-packages/mocap4r2_msgs/msg/_imus_info.py'...
[3.185s] Compiling '/home/sdc/Desktop/mocap4ros2_ws/Archive/install/mocap4r2_msgs/local/lib/python3.10/dist-packages/mocap4r2_msgs/msg/_marker.py'...
[3.185s] Compiling '/home/sdc/Desktop/mocap4ros2_ws/Archive/install/mocap4r2_msgs/local/lib/python3.10/dist-packages/mocap4r2_msgs/msg/_markers.py'...
[3.185s] Compiling '/home/sdc/Desktop/mocap4ros2_ws/Archive/install/mocap4r2_msgs/local/lib/python3.10/dist-packages/mocap4r2_msgs/msg/_rigid_bodies.py'...
[3.185s] Compiling '/home/sdc/Desktop/mocap4ros2_ws/Archive/install/mocap4r2_msgs/local/lib/python3.10/dist-packages/mocap4r2_msgs/msg/_rigid_body.py'...
[3.185s] Listing '/home/sdc/Desktop/mocap4ros2_ws/Archive/install/mocap4r2_msgs/local/lib/python3.10/dist-packages/mocap4r2_msgs/srv'...
[3.185s] Compiling '/home/sdc/Desktop/mocap4ros2_ws/Archive/install/mocap4r2_msgs/local/lib/python3.10/dist-packages/mocap4r2_msgs/srv/__init__.py'...
[3.185s] Compiling '/home/sdc/Desktop/mocap4ros2_ws/Archive/install/mocap4r2_msgs/local/lib/python3.10/dist-packages/mocap4r2_msgs/srv/_create_rigid_body.py'...
[3.187s] -- Installing: /home/sdc/Desktop/mocap4ros2_ws/Archive/install/mocap4r2_msgs/local/lib/python3.10/dist-packages/mocap4r2_msgs/mocap4r2_msgs_s__rosidl_typesupport_fastrtps_c.cpython-310-x86_64-linux-gnu.so
[3.187s] -- Set runtime path of "/home/sdc/Desktop/mocap4ros2_ws/Archive/install/mocap4r2_msgs/local/lib/python3.10/dist-packages/mocap4r2_msgs/mocap4r2_msgs_s__rosidl_typesupport_fastrtps_c.cpython-310-x86_64-linux-gnu.so" to ""
[3.187s] -- Installing: /home/sdc/Desktop/mocap4ros2_ws/Archive/install/mocap4r2_msgs/local/lib/python3.10/dist-packages/mocap4r2_msgs/mocap4r2_msgs_s__rosidl_typesupport_introspection_c.cpython-310-x86_64-linux-gnu.so
[3.188s] -- Set runtime path of "/home/sdc/Desktop/mocap4ros2_ws/Archive/install/mocap4r2_msgs/local/lib/python3.10/dist-packages/mocap4r2_msgs/mocap4r2_msgs_s__rosidl_typesupport_introspection_c.cpython-310-x86_64-linux-gnu.so" to ""
[3.188s] -- Installing: /home/sdc/Desktop/mocap4ros2_ws/Archive/install/mocap4r2_msgs/local/lib/python3.10/dist-packages/mocap4r2_msgs/mocap4r2_msgs_s__rosidl_typesupport_c.cpython-310-x86_64-linux-gnu.so
[3.188s] -- Set runtime path of "/home/sdc/Desktop/mocap4ros2_ws/Archive/install/mocap4r2_msgs/local/lib/python3.10/dist-packages/mocap4r2_msgs/mocap4r2_msgs_s__rosidl_typesupport_c.cpython-310-x86_64-linux-gnu.so" to ""
[3.188s] -- Installing: /home/sdc/Desktop/mocap4ros2_ws/Archive/install/mocap4r2_msgs/lib/libmocap4r2_msgs__rosidl_generator_py.so
[3.188s] -- Set runtime path of "/home/sdc/Desktop/mocap4ros2_ws/Archive/install/mocap4r2_msgs/lib/libmocap4r2_msgs__rosidl_generator_py.so" to ""
[3.188s] -- Installing: /home/sdc/Desktop/mocap4ros2_ws/Archive/install/mocap4r2_msgs/share/mocap4r2_msgs/msg/Marker.idl
[3.188s] -- Installing: /home/sdc/Desktop/mocap4ros2_ws/Archive/install/mocap4r2_msgs/share/mocap4r2_msgs/msg/Markers.idl
[3.188s] -- Installing: /home/sdc/Desktop/mocap4ros2_ws/Archive/install/mocap4r2_msgs/share/mocap4r2_msgs/msg/ImusInfo.idl
[3.188s] -- Installing: /home/sdc/Desktop/mocap4ros2_ws/Archive/install/mocap4r2_msgs/share/mocap4r2_msgs/msg/RigidBody.idl
[3.188s] -- Installing: /home/sdc/Desktop/mocap4ros2_ws/Archive/install/mocap4r2_msgs/share/mocap4r2_msgs/msg/RigidBodies.idl
[3.188s] -- Installing: /home/sdc/Desktop/mocap4ros2_ws/Archive/install/mocap4r2_msgs/share/mocap4r2_msgs/srv/CreateRigidBody.idl
[3.188s] -- Installing: /home/sdc/Desktop/mocap4ros2_ws/Archive/install/mocap4r2_msgs/share/mocap4r2_msgs/msg/Marker.msg
[3.188s] -- Installing: /home/sdc/Desktop/mocap4ros2_ws/Archive/install/mocap4r2_msgs/share/mocap4r2_msgs/msg/Markers.msg
[3.188s] -- Installing: /home/sdc/Desktop/mocap4ros2_ws/Archive/install/mocap4r2_msgs/share/mocap4r2_msgs/msg/ImusInfo.msg
[3.188s] -- Installing: /home/sdc/Desktop/mocap4ros2_ws/Archive/install/mocap4r2_msgs/share/mocap4r2_msgs/msg/RigidBody.msg
[3.188s] -- Installing: /home/sdc/Desktop/mocap4ros2_ws/Archive/install/mocap4r2_msgs/share/mocap4r2_msgs/msg/RigidBodies.msg
[3.188s] -- Installing: /home/sdc/Desktop/mocap4ros2_ws/Archive/install/mocap4r2_msgs/share/mocap4r2_msgs/srv/CreateRigidBody.srv
[3.188s] -- Installing: /home/sdc/Desktop/mocap4ros2_ws/Archive/install/mocap4r2_msgs/share/mocap4r2_msgs/srv/CreateRigidBody_Request.msg
[3.188s] -- Installing: /home/sdc/Desktop/mocap4ros2_ws/Archive/install/mocap4r2_msgs/share/mocap4r2_msgs/srv/CreateRigidBody_Response.msg
[3.188s] -- Installing: /home/sdc/Desktop/mocap4ros2_ws/Archive/install/mocap4r2_msgs/share/mocap4r2_msgs/mocap4r2_bridge_mapping_rule.yaml
[3.188s] -- Installing: /home/sdc/Desktop/mocap4ros2_ws/Archive/install/mocap4r2_msgs/share/ament_index/resource_index/package_run_dependencies/mocap4r2_msgs
[3.189s] -- Installing: /home/sdc/Desktop/mocap4ros2_ws/Archive/install/mocap4r2_msgs/share/ament_index/resource_index/parent_prefix_path/mocap4r2_msgs
[3.189s] -- Installing: /home/sdc/Desktop/mocap4ros2_ws/Archive/install/mocap4r2_msgs/share/mocap4r2_msgs/environment/ament_prefix_path.sh
[3.189s] -- Installing: /home/sdc/Desktop/mocap4ros2_ws/Archive/install/mocap4r2_msgs/share/mocap4r2_msgs/environment/ament_prefix_path.dsv
[3.189s] -- Installing: /home/sdc/Desktop/mocap4ros2_ws/Archive/install/mocap4r2_msgs/share/mocap4r2_msgs/environment/path.sh
[3.189s] -- Installing: /home/sdc/Desktop/mocap4ros2_ws/Archive/install/mocap4r2_msgs/share/mocap4r2_msgs/environment/path.dsv
[3.189s] -- Installing: /home/sdc/Desktop/mocap4ros2_ws/Archive/install/mocap4r2_msgs/share/mocap4r2_msgs/local_setup.bash
[3.189s] -- Installing: /home/sdc/Desktop/mocap4ros2_ws/Archive/install/mocap4r2_msgs/share/mocap4r2_msgs/local_setup.sh
[3.189s] -- Installing: /home/sdc/Desktop/mocap4ros2_ws/Archive/install/mocap4r2_msgs/share/mocap4r2_msgs/local_setup.zsh
[3.189s] -- Installing: /home/sdc/Desktop/mocap4ros2_ws/Archive/install/mocap4r2_msgs/share/mocap4r2_msgs/local_setup.dsv
[3.189s] -- Installing: /home/sdc/Desktop/mocap4ros2_ws/Archive/install/mocap4r2_msgs/share/mocap4r2_msgs/package.dsv
[3.189s] -- Installing: /home/sdc/Desktop/mocap4ros2_ws/Archive/install/mocap4r2_msgs/share/ament_index/resource_index/packages/mocap4r2_msgs
[3.189s] -- Installing: /home/sdc/Desktop/mocap4ros2_ws/Archive/install/mocap4r2_msgs/share/mocap4r2_msgs/cmake/export_mocap4r2_msgs__rosidl_generator_cExport.cmake
[3.189s] -- Installing: /home/sdc/Desktop/mocap4ros2_ws/Archive/install/mocap4r2_msgs/share/mocap4r2_msgs/cmake/export_mocap4r2_msgs__rosidl_generator_cExport-noconfig.cmake
[3.189s] -- Installing: /home/sdc/Desktop/mocap4ros2_ws/Archive/install/mocap4r2_msgs/share/mocap4r2_msgs/cmake/export_mocap4r2_msgs__rosidl_typesupport_fastrtps_cExport.cmake
[3.189s] -- Installing: /home/sdc/Desktop/mocap4ros2_ws/Archive/install/mocap4r2_msgs/share/mocap4r2_msgs/cmake/export_mocap4r2_msgs__rosidl_typesupport_fastrtps_cExport-noconfig.cmake
[3.189s] -- Installing: /home/sdc/Desktop/mocap4ros2_ws/Archive/install/mocap4r2_msgs/share/mocap4r2_msgs/cmake/mocap4r2_msgs__rosidl_typesupport_introspection_cExport.cmake
[3.189s] -- Installing: /home/sdc/Desktop/mocap4ros2_ws/Archive/install/mocap4r2_msgs/share/mocap4r2_msgs/cmake/mocap4r2_msgs__rosidl_typesupport_introspection_cExport-noconfig.cmake
[3.189s] -- Installing: /home/sdc/Desktop/mocap4ros2_ws/Archive/install/mocap4r2_msgs/share/mocap4r2_msgs/cmake/mocap4r2_msgs__rosidl_typesupport_cExport.cmake
[3.189s] -- Installing: /home/sdc/Desktop/mocap4ros2_ws/Archive/install/mocap4r2_msgs/share/mocap4r2_msgs/cmake/mocap4r2_msgs__rosidl_typesupport_cExport-noconfig.cmake
[3.189s] -- Installing: /home/sdc/Desktop/mocap4ros2_ws/Archive/install/mocap4r2_msgs/share/mocap4r2_msgs/cmake/export_mocap4r2_msgs__rosidl_generator_cppExport.cmake
[3.189s] -- Installing: /home/sdc/Desktop/mocap4ros2_ws/Archive/install/mocap4r2_msgs/share/mocap4r2_msgs/cmake/export_mocap4r2_msgs__rosidl_typesupport_fastrtps_cppExport.cmake
[3.189s] -- Installing: /home/sdc/Desktop/mocap4ros2_ws/Archive/install/mocap4r2_msgs/share/mocap4r2_msgs/cmake/export_mocap4r2_msgs__rosidl_typesupport_fastrtps_cppExport-noconfig.cmake
[3.190s] -- Installing: /home/sdc/Desktop/mocap4ros2_ws/Archive/install/mocap4r2_msgs/share/mocap4r2_msgs/cmake/mocap4r2_msgs__rosidl_typesupport_introspection_cppExport.cmake
[3.190s] -- Installing: /home/sdc/Desktop/mocap4ros2_ws/Archive/install/mocap4r2_msgs/share/mocap4r2_msgs/cmake/mocap4r2_msgs__rosidl_typesupport_introspection_cppExport-noconfig.cmake
[3.190s] -- Installing: /home/sdc/Desktop/mocap4ros2_ws/Archive/install/mocap4r2_msgs/share/mocap4r2_msgs/cmake/mocap4r2_msgs__rosidl_typesupport_cppExport.cmake
[3.190s] -- Installing: /home/sdc/Desktop/mocap4ros2_ws/Archive/install/mocap4r2_msgs/share/mocap4r2_msgs/cmake/mocap4r2_msgs__rosidl_typesupport_cppExport-noconfig.cmake
[3.190s] -- Installing: /home/sdc/Desktop/mocap4ros2_ws/Archive/install/mocap4r2_msgs/share/mocap4r2_msgs/cmake/export_mocap4r2_msgs__rosidl_generator_pyExport.cmake
[3.190s] -- Installing: /home/sdc/Desktop/mocap4ros2_ws/Archive/install/mocap4r2_msgs/share/mocap4r2_msgs/cmake/export_mocap4r2_msgs__rosidl_generator_pyExport-noconfig.cmake
[3.190s] -- Installing: /home/sdc/Desktop/mocap4ros2_ws/Archive/install/mocap4r2_msgs/share/mocap4r2_msgs/cmake/rosidl_cmake-extras.cmake
[3.190s] -- Installing: /home/sdc/Desktop/mocap4ros2_ws/Archive/install/mocap4r2_msgs/share/mocap4r2_msgs/cmake/ament_cmake_export_dependencies-extras.cmake
[3.190s] -- Installing: /home/sdc/Desktop/mocap4ros2_ws/Archive/install/mocap4r2_msgs/share/mocap4r2_msgs/cmake/ament_cmake_export_include_directories-extras.cmake
[3.190s] -- Installing: /home/sdc/Desktop/mocap4ros2_ws/Archive/install/mocap4r2_msgs/share/mocap4r2_msgs/cmake/ament_cmake_export_libraries-extras.cmake
[3.190s] -- Installing: /home/sdc/Desktop/mocap4ros2_ws/Archive/install/mocap4r2_msgs/share/mocap4r2_msgs/cmake/ament_cmake_export_targets-extras.cmake
[3.190s] -- Installing: /home/sdc/Desktop/mocap4ros2_ws/Archive/install/mocap4r2_msgs/share/mocap4r2_msgs/cmake/rosidl_cmake_export_typesupport_targets-extras.cmake
[3.190s] -- Installing: /home/sdc/Desktop/mocap4ros2_ws/Archive/install/mocap4r2_msgs/share/mocap4r2_msgs/cmake/rosidl_cmake_export_typesupport_libraries-extras.cmake
[3.190s] -- Installing: /home/sdc/Desktop/mocap4ros2_ws/Archive/install/mocap4r2_msgs/share/mocap4r2_msgs/cmake/mocap4r2_msgsConfig.cmake
[3.190s] -- Installing: /home/sdc/Desktop/mocap4ros2_ws/Archive/install/mocap4r2_msgs/share/mocap4r2_msgs/cmake/mocap4r2_msgsConfig-version.cmake
[3.190s] -- Installing: /home/sdc/Desktop/mocap4ros2_ws/Archive/install/mocap4r2_msgs/share/mocap4r2_msgs/package.xml
[3.192s] Invoked command in '/home/sdc/Desktop/mocap4ros2_ws/Archive/build/mocap4r2_msgs' returned '0': CMAKE_PREFIX_PATH=${CMAKE_PREFIX_PATH}:/home/sdc/Desktop/mocap4ros2_ws/Archive/install/target_pid_controller:/home/sdc/Desktop/mocap4ros2_ws/Archive/install/pure_pursuit:/opt/ros/humble /usr/bin/cmake --install /home/sdc/Desktop/mocap4ros2_ws/Archive/build/mocap4r2_msgs
