-- Found ament_cmake: 1.3.9 (/opt/ros/humble/share/ament_cmake/cmake)
-- Found rosidl_default_generators: 1.2.0 (/opt/ros/humble/share/rosidl_default_generators/cmake)
-- Using all available rosidl_typesupport_c: rosidl_typesupport_fastrtps_c;rosidl_typesupport_introspection_c
-- Found rosidl_adapter: 3.1.5 (/opt/ros/humble/share/rosidl_adapter/cmake)
-- Using all available rosidl_typesupport_cpp: rosidl_typesupport_fastrtps_cpp;rosidl_typesupport_introspection_cpp
-- Found std_msgs: 4.2.4 (/opt/ros/humble/share/std_msgs/cmake)
-- Found geometry_msgs: 4.2.4 (/opt/ros/humble/share/geometry_msgs/cmake)
-- Found ament_cmake_ros: 0.10.0 (/opt/ros/humble/share/ament_cmake_ros/cmake)
-- Using all available rosidl_typesupport_c: rosidl_typesupport_fastrtps_c;rosidl_typesupport_introspection_c
-- Using all available rosidl_typesupport_cpp: rosidl_typesupport_fastrtps_cpp;rosidl_typesupport_introspection_cpp
-- Found python_cmake_module: 0.10.0 (/opt/ros/humble/share/python_cmake_module/cmake)
-- Using PYTHON_EXECUTABLE: /usr/bin/python3
-- Using PYTHON_INCLUDE_DIRS: /usr/include/python3.10
-- Using PYTHON_LIBRARIES: /usr/lib/x86_64-linux-gnu/libpython3.10.so
-- Found ament_lint_auto: 0.12.11 (/opt/ros/humble/share/ament_lint_auto/cmake)
-- Added test 'lint_cmake' to check CMake code style
-- Added test 'xmllint' to check XML markup files
-- Configuring done
-- Generating done
-- Build files have been written to: /home/sdc/Desktop/mocap4ros2_ws/Archive/build/custom_robot_msgs
[  2%] [34m[1mGenerating C code for ROS interfaces[0m
[  5%] [34m[1mGenerating C++ code for ROS interfaces[0m
[  5%] Built target ament_cmake_python_copy_custom_robot_msgs
running egg_info
writing custom_robot_msgs.egg-info/PKG-INFO
writing dependency_links to custom_robot_msgs.egg-info/dependency_links.txt
writing top-level names to custom_robot_msgs.egg-info/top_level.txt
reading manifest file 'custom_robot_msgs.egg-info/SOURCES.txt'
writing manifest file 'custom_robot_msgs.egg-info/SOURCES.txt'
[  5%] Built target ament_cmake_python_build_custom_robot_msgs_egg
[35m[1mConsolidate compiler generated dependencies of target custom_robot_msgs__rosidl_generator_c[0m
[  5%] Built target custom_robot_msgs__cpp
[  7%] [32mBuilding C object CMakeFiles/custom_robot_msgs__rosidl_generator_c.dir/rosidl_generator_c/custom_robot_msgs/msg/detail/robot_command_msgs__functions.c.o[0m
[ 10%] [32mBuilding C object CMakeFiles/custom_robot_msgs__rosidl_generator_c.dir/rosidl_generator_c/custom_robot_msgs/srv/detail/add_three_ints__functions.c.o[0m
[ 15%] [34m[1mGenerating C++ type support for eProsima Fast-RTPS[0m
[ 15%] [34m[1mGenerating C++ type support dispatch for ROS interfaces[0m
[ 17%] [34m[1mGenerating C++ introspection for ROS interfaces[0m
[35m[1mConsolidate compiler generated dependencies of target custom_robot_msgs__rosidl_typesupport_cpp[0m
[35m[1mConsolidate compiler generated dependencies of target custom_robot_msgs__rosidl_typesupport_introspection_cpp[0m
[ 23%] [32mBuilding CXX object CMakeFiles/custom_robot_msgs__rosidl_typesupport_cpp.dir/rosidl_typesupport_cpp/custom_robot_msgs/srv/add_three_ints__type_support.cpp.o[0m
[ 23%] [32mBuilding CXX object CMakeFiles/custom_robot_msgs__rosidl_typesupport_cpp.dir/rosidl_typesupport_cpp/custom_robot_msgs/msg/robot_command_msgs__type_support.cpp.o[0m
[35m[1mConsolidate compiler generated dependencies of target custom_robot_msgs__rosidl_typesupport_fastrtps_cpp[0m
[ 25%] [32mBuilding CXX object CMakeFiles/custom_robot_msgs__rosidl_typesupport_introspection_cpp.dir/rosidl_typesupport_introspection_cpp/custom_robot_msgs/msg/detail/robot_command_msgs__type_support.cpp.o[0m
[ 28%] [32mBuilding CXX object CMakeFiles/custom_robot_msgs__rosidl_typesupport_introspection_cpp.dir/rosidl_typesupport_introspection_cpp/custom_robot_msgs/srv/detail/add_three_ints__type_support.cpp.o[0m
[ 30%] [32mBuilding CXX object CMakeFiles/custom_robot_msgs__rosidl_typesupport_fastrtps_cpp.dir/rosidl_typesupport_fastrtps_cpp/custom_robot_msgs/msg/detail/dds_fastrtps/robot_command_msgs__type_support.cpp.o[0m
[ 33%] [32mBuilding CXX object CMakeFiles/custom_robot_msgs__rosidl_typesupport_fastrtps_cpp.dir/rosidl_typesupport_fastrtps_cpp/custom_robot_msgs/srv/detail/dds_fastrtps/add_three_ints__type_support.cpp.o[0m
