[0.130s] Invoking command in '/home/sdc/Desktop/mocap4ros2_ws/Archive/build/custom_robot_msgs': CMAKE_PREFIX_PATH=${CMAKE_PREFIX_PATH}:/home/sdc/Desktop/mocap4ros2_ws/Archive/install/target_pid_controller:/home/sdc/Desktop/mocap4ros2_ws/Archive/install/pure_pursuit:/home/sdc/Desktop/mocap4ros2_ws/install/target_pid_controller:/home/sdc/Desktop/mocap4ros2_ws/install/pure_pursuit:/home/sdc/Desktop/mocap4ros2_ws/install/rqt_joint_trajectory_controller:/home/sdc/Desktop/mocap4ros2_ws/install/rqt_controller_manager:/home/sdc/Desktop/mocap4ros2_ws/install/ros2controlcli:/home/sdc/Desktop/mocap4ros2_ws/install/ros2_controllers_test_nodes:/home/sdc/Desktop/mocap4ros2_ws/install/mocap4r2cli:/home/sdc/Desktop/mocap4ros2_ws/install/learning_tf2_py:/opt/ros/humble /usr/bin/cmake --build /home/sdc/Desktop/mocap4ros2_ws/Archive/build/custom_robot_msgs -- -j16 -l16
[0.326s] -- Found ament_cmake: 1.3.9 (/opt/ros/humble/share/ament_cmake/cmake)
[0.326s] -- Found rosidl_default_generators: 1.2.0 (/opt/ros/humble/share/rosidl_default_generators/cmake)
[0.326s] -- Using all available rosidl_typesupport_c: rosidl_typesupport_fastrtps_c;rosidl_typesupport_introspection_c
[0.326s] -- Found rosidl_adapter: 3.1.5 (/opt/ros/humble/share/rosidl_adapter/cmake)
[0.326s] -- Using all available rosidl_typesupport_cpp: rosidl_typesupport_fastrtps_cpp;rosidl_typesupport_introspection_cpp
[0.326s] -- Found std_msgs: 4.2.4 (/opt/ros/humble/share/std_msgs/cmake)
[0.326s] -- Found geometry_msgs: 4.2.4 (/opt/ros/humble/share/geometry_msgs/cmake)
[0.516s] -- Found ament_cmake_ros: 0.10.0 (/opt/ros/humble/share/ament_cmake_ros/cmake)
[0.693s] -- Using all available rosidl_typesupport_c: rosidl_typesupport_fastrtps_c;rosidl_typesupport_introspection_c
[0.918s] -- Using all available rosidl_typesupport_cpp: rosidl_typesupport_fastrtps_cpp;rosidl_typesupport_introspection_cpp
[0.936s] -- Found python_cmake_module: 0.10.0 (/opt/ros/humble/share/python_cmake_module/cmake)
[0.954s] -- Using PYTHON_EXECUTABLE: /usr/bin/python3
[0.954s] -- Using PYTHON_INCLUDE_DIRS: /usr/include/python3.10
[0.954s] -- Using PYTHON_LIBRARIES: /usr/lib/x86_64-linux-gnu/libpython3.10.so
[1.006s] -- Found ament_lint_auto: 0.12.11 (/opt/ros/humble/share/ament_lint_auto/cmake)
[1.009s] -- Added test 'lint_cmake' to check CMake code style
[1.009s] -- Added test 'xmllint' to check XML markup files
[1.010s] -- Configuring done
[1.027s] -- Generating done
[1.029s] -- Build files have been written to: /home/sdc/Desktop/mocap4ros2_ws/Archive/build/custom_robot_msgs
[1.049s] [  2%] [34m[1mGenerating C code for ROS interfaces[0m
[1.058s] [  5%] [34m[1mGenerating C++ code for ROS interfaces[0m
[1.065s] [  5%] Built target ament_cmake_python_copy_custom_robot_msgs
[1.236s] running egg_info
[1.236s] writing custom_robot_msgs.egg-info/PKG-INFO
[1.236s] writing dependency_links to custom_robot_msgs.egg-info/dependency_links.txt
[1.236s] writing top-level names to custom_robot_msgs.egg-info/top_level.txt
[1.238s] reading manifest file 'custom_robot_msgs.egg-info/SOURCES.txt'
[1.238s] writing manifest file 'custom_robot_msgs.egg-info/SOURCES.txt'
[1.259s] [  5%] Built target ament_cmake_python_build_custom_robot_msgs_egg
[1.261s] [35m[1mConsolidate compiler generated dependencies of target custom_robot_msgs__rosidl_generator_c[0m
[1.263s] [  5%] Built target custom_robot_msgs__cpp
[1.270s] [  7%] [32mBuilding C object CMakeFiles/custom_robot_msgs__rosidl_generator_c.dir/rosidl_generator_c/custom_robot_msgs/msg/detail/robot_command_msgs__functions.c.o[0m
[1.270s] [ 10%] [32mBuilding C object CMakeFiles/custom_robot_msgs__rosidl_generator_c.dir/rosidl_generator_c/custom_robot_msgs/srv/detail/add_three_ints__functions.c.o[0m
[1.272s] [ 15%] [34m[1mGenerating C++ type support for eProsima Fast-RTPS[0m
[1.272s] [ 15%] [34m[1mGenerating C++ type support dispatch for ROS interfaces[0m
[1.277s] [ 17%] [34m[1mGenerating C++ introspection for ROS interfaces[0m
[1.279s] In file included from [01m[K/home/sdc/Desktop/mocap4ros2_ws/Archive/build/custom_robot_msgs/rosidl_generator_c/custom_robot_msgs/msg/detail/robot_command_msgs__functions.h:19[m[K,
[1.279s]                  from [01m[K/home/sdc/Desktop/mocap4ros2_ws/Archive/build/custom_robot_msgs/rosidl_generator_c/custom_robot_msgs/msg/detail/robot_command_msgs__functions.c:4[m[K:
[1.279s] [01m[K/home/sdc/Desktop/mocap4ros2_ws/Archive/build/custom_robot_msgs/rosidl_generator_c/custom_robot_msgs/msg/detail/robot_command_msgs__struct.h:22:10:[m[K [01;31m[Kfatal error: [m[Kcustom_robot_msgs/msg/detail/header__struct.h: No such file or directory
[1.279s]    22 | #include [01;31m[K"custom_robot_msgs/msg/detail/header__struct.h"[m[K
[1.279s]       |          [01;31m[K^~~~~~~~~~~~~~~~~~~~~~~~~~~~~~~~~~~~~~~~~~~~~~~[m[K
[1.279s] compilation terminated.
[1.280s] gmake[2]: *** [CMakeFiles/custom_robot_msgs__rosidl_generator_c.dir/build.make:183: CMakeFiles/custom_robot_msgs__rosidl_generator_c.dir/rosidl_generator_c/custom_robot_msgs/msg/detail/robot_command_msgs__functions.c.o] Error 1
[1.280s] gmake[2]: *** Waiting for unfinished jobs....
[1.298s] gmake[1]: *** [CMakeFiles/Makefile2:213: CMakeFiles/custom_robot_msgs__rosidl_generator_c.dir/all] Error 2
[1.298s] gmake[1]: *** Waiting for unfinished jobs....
[1.445s] [35m[1mConsolidate compiler generated dependencies of target custom_robot_msgs__rosidl_typesupport_cpp[0m
[1.459s] [35m[1mConsolidate compiler generated dependencies of target custom_robot_msgs__rosidl_typesupport_introspection_cpp[0m
[1.460s] [ 23%] [32mBuilding CXX object CMakeFiles/custom_robot_msgs__rosidl_typesupport_cpp.dir/rosidl_typesupport_cpp/custom_robot_msgs/srv/add_three_ints__type_support.cpp.o[0m
[1.460s] [ 23%] [32mBuilding CXX object CMakeFiles/custom_robot_msgs__rosidl_typesupport_cpp.dir/rosidl_typesupport_cpp/custom_robot_msgs/msg/robot_command_msgs__type_support.cpp.o[0m
[1.465s] [35m[1mConsolidate compiler generated dependencies of target custom_robot_msgs__rosidl_typesupport_fastrtps_cpp[0m
[1.470s] [ 25%] [32mBuilding CXX object CMakeFiles/custom_robot_msgs__rosidl_typesupport_introspection_cpp.dir/rosidl_typesupport_introspection_cpp/custom_robot_msgs/msg/detail/robot_command_msgs__type_support.cpp.o[0m
[1.474s] [ 28%] [32mBuilding CXX object CMakeFiles/custom_robot_msgs__rosidl_typesupport_introspection_cpp.dir/rosidl_typesupport_introspection_cpp/custom_robot_msgs/srv/detail/add_three_ints__type_support.cpp.o[0m
[1.476s] [ 30%] [32mBuilding CXX object CMakeFiles/custom_robot_msgs__rosidl_typesupport_fastrtps_cpp.dir/rosidl_typesupport_fastrtps_cpp/custom_robot_msgs/msg/detail/dds_fastrtps/robot_command_msgs__type_support.cpp.o[0m
[1.479s] [ 33%] [32mBuilding CXX object CMakeFiles/custom_robot_msgs__rosidl_typesupport_fastrtps_cpp.dir/rosidl_typesupport_fastrtps_cpp/custom_robot_msgs/srv/detail/dds_fastrtps/add_three_ints__type_support.cpp.o[0m
[1.489s] In file included from [01m[K/home/sdc/Desktop/mocap4ros2_ws/Archive/build/custom_robot_msgs/rosidl_typesupport_cpp/custom_robot_msgs/msg/robot_command_msgs__type_support.cpp:7[m[K:
[1.489s] [01m[K/home/sdc/Desktop/mocap4ros2_ws/Archive/build/custom_robot_msgs/rosidl_generator_cpp/custom_robot_msgs/msg/detail/robot_command_msgs__struct.hpp:20:10:[m[K [01;31m[Kfatal error: [m[Kcustom_robot_msgs/msg/detail/header__struct.hpp: No such file or directory
[1.489s]    20 | #include [01;31m[K"custom_robot_msgs/msg/detail/header__struct.hpp"[m[K
[1.489s]       |          [01;31m[K^~~~~~~~~~~~~~~~~~~~~~~~~~~~~~~~~~~~~~~~~~~~~~~~~[m[K
[1.489s] compilation terminated.
[1.490s] gmake[2]: *** [CMakeFiles/custom_robot_msgs__rosidl_typesupport_cpp.dir/build.make:152: CMakeFiles/custom_robot_msgs__rosidl_typesupport_cpp.dir/rosidl_typesupport_cpp/custom_robot_msgs/msg/robot_command_msgs__type_support.cpp.o] Error 1
[1.491s] gmake[2]: *** Waiting for unfinished jobs....
[1.503s] In file included from [01m[K/home/sdc/Desktop/mocap4ros2_ws/Archive/build/custom_robot_msgs/rosidl_typesupport_introspection_cpp/custom_robot_msgs/msg/detail/robot_command_msgs__type_support.cpp:12[m[K:
[1.503s] [01m[K/home/sdc/Desktop/mocap4ros2_ws/Archive/build/custom_robot_msgs/rosidl_generator_cpp/custom_robot_msgs/msg/detail/robot_command_msgs__struct.hpp:20:10:[m[K [01;31m[Kfatal error: [m[Kcustom_robot_msgs/msg/detail/header__struct.hpp: No such file or directory
[1.504s]    20 | #include [01;31m[K"custom_robot_msgs/msg/detail/header__struct.hpp"[m[K
[1.504s]       |          [01;31m[K^~~~~~~~~~~~~~~~~~~~~~~~~~~~~~~~~~~~~~~~~~~~~~~~~[m[K
[1.504s] compilation terminated.
[1.505s] In file included from [01m[K/home/sdc/Desktop/mocap4ros2_ws/Archive/build/custom_robot_msgs/rosidl_typesupport_fastrtps_cpp/custom_robot_msgs/msg/detail/robot_command_msgs__rosidl_typesupport_fastrtps_cpp.hpp:11[m[K,
[1.505s]                  from [01m[K/home/sdc/Desktop/mocap4ros2_ws/Archive/build/custom_robot_msgs/rosidl_typesupport_fastrtps_cpp/custom_robot_msgs/msg/detail/dds_fastrtps/robot_command_msgs__type_support.cpp:4[m[K:
[1.505s] [01m[K/home/sdc/Desktop/mocap4ros2_ws/Archive/build/custom_robot_msgs/rosidl_generator_cpp/custom_robot_msgs/msg/detail/robot_command_msgs__struct.hpp:20:10:[m[K [01;31m[Kfatal error: [m[Kcustom_robot_msgs/msg/detail/header__struct.hpp: No such file or directory
[1.505s]    20 | #include [01;31m[K"custom_robot_msgs/msg/detail/header__struct.hpp"[m[K
[1.505s]       |          [01;31m[K^~~~~~~~~~~~~~~~~~~~~~~~~~~~~~~~~~~~~~~~~~~~~~~~~[m[K
[1.505s] compilation terminated.
[1.505s] gmake[2]: *** [CMakeFiles/custom_robot_msgs__rosidl_typesupport_introspection_cpp.dir/build.make:160: CMakeFiles/custom_robot_msgs__rosidl_typesupport_introspection_cpp.dir/rosidl_typesupport_introspection_cpp/custom_robot_msgs/msg/detail/robot_command_msgs__type_support.cpp.o] Error 1
[1.505s] gmake[2]: *** Waiting for unfinished jobs....
[1.506s] gmake[2]: *** [CMakeFiles/custom_robot_msgs__rosidl_typesupport_fastrtps_cpp.dir/build.make:160: CMakeFiles/custom_robot_msgs__rosidl_typesupport_fastrtps_cpp.dir/rosidl_typesupport_fastrtps_cpp/custom_robot_msgs/msg/detail/dds_fastrtps/robot_command_msgs__type_support.cpp.o] Error 1
[1.506s] gmake[2]: *** Waiting for unfinished jobs....
[1.591s] gmake[1]: *** [CMakeFiles/Makefile2:395: CMakeFiles/custom_robot_msgs__rosidl_typesupport_cpp.dir/all] Error 2
[1.660s] gmake[1]: *** [CMakeFiles/Makefile2:369: CMakeFiles/custom_robot_msgs__rosidl_typesupport_introspection_cpp.dir/all] Error 2
[1.676s] gmake[1]: *** [CMakeFiles/Makefile2:343: CMakeFiles/custom_robot_msgs__rosidl_typesupport_fastrtps_cpp.dir/all] Error 2
[1.677s] gmake: *** [Makefile:146: all] Error 2
[1.679s] Invoked command in '/home/sdc/Desktop/mocap4ros2_ws/Archive/build/custom_robot_msgs' returned '2': CMAKE_PREFIX_PATH=${CMAKE_PREFIX_PATH}:/home/sdc/Desktop/mocap4ros2_ws/Archive/install/target_pid_controller:/home/sdc/Desktop/mocap4ros2_ws/Archive/install/pure_pursuit:/home/sdc/Desktop/mocap4ros2_ws/install/target_pid_controller:/home/sdc/Desktop/mocap4ros2_ws/install/pure_pursuit:/home/sdc/Desktop/mocap4ros2_ws/install/rqt_joint_trajectory_controller:/home/sdc/Desktop/mocap4ros2_ws/install/rqt_controller_manager:/home/sdc/Desktop/mocap4ros2_ws/install/ros2controlcli:/home/sdc/Desktop/mocap4ros2_ws/install/ros2_controllers_test_nodes:/home/sdc/Desktop/mocap4ros2_ws/install/mocap4r2cli:/home/sdc/Desktop/mocap4ros2_ws/install/learning_tf2_py:/opt/ros/humble /usr/bin/cmake --build /home/sdc/Desktop/mocap4ros2_ws/Archive/build/custom_robot_msgs -- -j16 -l16
