[0.400s] Invoking command in '/home/sdc/Desktop/mocap4ros2_ws/Archive/target_pid_controller': PYTHONPATH=/home/sdc/Desktop/mocap4ros2_ws/Archive/target_pid_controller/build/target_pid_controller/prefix_override:/home/sdc/Desktop/mocap4ros2_ws/Archive/target_pid_controller/install/target_pid_controller/lib/python3.10/site-packages:${PYTHONPATH} /usr/bin/python3 setup.py egg_info --egg-base build/target_pid_controller build --build-base /home/sdc/Desktop/mocap4ros2_ws/Archive/target_pid_controller/build/target_pid_controller/build install --record /home/sdc/Desktop/mocap4ros2_ws/Archive/target_pid_controller/build/target_pid_controller/install.log --single-version-externally-managed
[0.527s] running egg_info
[0.528s] creating build/target_pid_controller/target_pid_controller.egg-info
[0.528s] writing build/target_pid_controller/target_pid_controller.egg-info/PKG-INFO
[0.528s] writing dependency_links to build/target_pid_controller/target_pid_controller.egg-info/dependency_links.txt
[0.528s] writing entry points to build/target_pid_controller/target_pid_controller.egg-info/entry_points.txt
[0.528s] writing requirements to build/target_pid_controller/target_pid_controller.egg-info/requires.txt
[0.528s] writing top-level names to build/target_pid_controller/target_pid_controller.egg-info/top_level.txt
[0.528s] writing manifest file 'build/target_pid_controller/target_pid_controller.egg-info/SOURCES.txt'
[0.529s] reading manifest file 'build/target_pid_controller/target_pid_controller.egg-info/SOURCES.txt'
[0.530s] writing manifest file 'build/target_pid_controller/target_pid_controller.egg-info/SOURCES.txt'
[0.530s] running build
[0.530s] running build_py
[0.530s] creating /home/sdc/Desktop/mocap4ros2_ws/Archive/target_pid_controller/build/target_pid_controller/build
[0.530s] creating /home/sdc/Desktop/mocap4ros2_ws/Archive/target_pid_controller/build/target_pid_controller/build/lib
[0.530s] creating /home/sdc/Desktop/mocap4ros2_ws/Archive/target_pid_controller/build/target_pid_controller/build/lib/target_pid_controller
[0.530s] copying target_pid_controller/__init__.py -> /home/sdc/Desktop/mocap4ros2_ws/Archive/target_pid_controller/build/target_pid_controller/build/lib/target_pid_controller
[0.530s] copying target_pid_controller/Command.py -> /home/sdc/Desktop/mocap4ros2_ws/Archive/target_pid_controller/build/target_pid_controller/build/lib/target_pid_controller
[0.530s] copying target_pid_controller/Thread.py -> /home/sdc/Desktop/mocap4ros2_ws/Archive/target_pid_controller/build/target_pid_controller/build/lib/target_pid_controller
[0.530s] copying target_pid_controller/Video.py -> /home/sdc/Desktop/mocap4ros2_ws/Archive/target_pid_controller/build/target_pid_controller/build/lib/target_pid_controller
[0.530s] copying target_pid_controller/pid_controller.py -> /home/sdc/Desktop/mocap4ros2_ws/Archive/target_pid_controller/build/target_pid_controller/build/lib/target_pid_controller
[0.530s] copying target_pid_controller/rigid_bodies.py -> /home/sdc/Desktop/mocap4ros2_ws/Archive/target_pid_controller/build/target_pid_controller/build/lib/target_pid_controller
[0.531s] copying target_pid_controller/pid_controller_node_sub.py -> /home/sdc/Desktop/mocap4ros2_ws/Archive/target_pid_controller/build/target_pid_controller/build/lib/target_pid_controller
[0.531s] copying target_pid_controller/params.py -> /home/sdc/Desktop/mocap4ros2_ws/Archive/target_pid_controller/build/target_pid_controller/build/lib/target_pid_controller
[0.531s] copying target_pid_controller/pid_controller_node.py -> /home/sdc/Desktop/mocap4ros2_ws/Archive/target_pid_controller/build/target_pid_controller/build/lib/target_pid_controller
[0.531s] copying target_pid_controller/tf_updater_node.py -> /home/sdc/Desktop/mocap4ros2_ws/Archive/target_pid_controller/build/target_pid_controller/build/lib/target_pid_controller
[0.531s] copying target_pid_controller/target_node.py -> /home/sdc/Desktop/mocap4ros2_ws/Archive/target_pid_controller/build/target_pid_controller/build/lib/target_pid_controller
[0.531s] running install
[0.531s] running install_lib
[0.531s] creating /home/sdc/Desktop/mocap4ros2_ws/Archive/target_pid_controller/install/target_pid_controller/lib/python3.10/site-packages/target_pid_controller
[0.531s] copying /home/sdc/Desktop/mocap4ros2_ws/Archive/target_pid_controller/build/target_pid_controller/build/lib/target_pid_controller/pid_controller.py -> /home/sdc/Desktop/mocap4ros2_ws/Archive/target_pid_controller/install/target_pid_controller/lib/python3.10/site-packages/target_pid_controller
[0.531s] copying /home/sdc/Desktop/mocap4ros2_ws/Archive/target_pid_controller/build/target_pid_controller/build/lib/target_pid_controller/__init__.py -> /home/sdc/Desktop/mocap4ros2_ws/Archive/target_pid_controller/install/target_pid_controller/lib/python3.10/site-packages/target_pid_controller
[0.531s] copying /home/sdc/Desktop/mocap4ros2_ws/Archive/target_pid_controller/build/target_pid_controller/build/lib/target_pid_controller/Thread.py -> /home/sdc/Desktop/mocap4ros2_ws/Archive/target_pid_controller/install/target_pid_controller/lib/python3.10/site-packages/target_pid_controller
[0.531s] copying /home/sdc/Desktop/mocap4ros2_ws/Archive/target_pid_controller/build/target_pid_controller/build/lib/target_pid_controller/rigid_bodies.py -> /home/sdc/Desktop/mocap4ros2_ws/Archive/target_pid_controller/install/target_pid_controller/lib/python3.10/site-packages/target_pid_controller
[0.531s] copying /home/sdc/Desktop/mocap4ros2_ws/Archive/target_pid_controller/build/target_pid_controller/build/lib/target_pid_controller/pid_controller_node_sub.py -> /home/sdc/Desktop/mocap4ros2_ws/Archive/target_pid_controller/install/target_pid_controller/lib/python3.10/site-packages/target_pid_controller
[0.531s] copying /home/sdc/Desktop/mocap4ros2_ws/Archive/target_pid_controller/build/target_pid_controller/build/lib/target_pid_controller/params.py -> /home/sdc/Desktop/mocap4ros2_ws/Archive/target_pid_controller/install/target_pid_controller/lib/python3.10/site-packages/target_pid_controller
[0.531s] copying /home/sdc/Desktop/mocap4ros2_ws/Archive/target_pid_controller/build/target_pid_controller/build/lib/target_pid_controller/pid_controller_node.py -> /home/sdc/Desktop/mocap4ros2_ws/Archive/target_pid_controller/install/target_pid_controller/lib/python3.10/site-packages/target_pid_controller
[0.531s] copying /home/sdc/Desktop/mocap4ros2_ws/Archive/target_pid_controller/build/target_pid_controller/build/lib/target_pid_controller/Command.py -> /home/sdc/Desktop/mocap4ros2_ws/Archive/target_pid_controller/install/target_pid_controller/lib/python3.10/site-packages/target_pid_controller
[0.531s] copying /home/sdc/Desktop/mocap4ros2_ws/Archive/target_pid_controller/build/target_pid_controller/build/lib/target_pid_controller/Video.py -> /home/sdc/Desktop/mocap4ros2_ws/Archive/target_pid_controller/install/target_pid_controller/lib/python3.10/site-packages/target_pid_controller
[0.532s] copying /home/sdc/Desktop/mocap4ros2_ws/Archive/target_pid_controller/build/target_pid_controller/build/lib/target_pid_controller/tf_updater_node.py -> /home/sdc/Desktop/mocap4ros2_ws/Archive/target_pid_controller/install/target_pid_controller/lib/python3.10/site-packages/target_pid_controller
[0.532s] copying /home/sdc/Desktop/mocap4ros2_ws/Archive/target_pid_controller/build/target_pid_controller/build/lib/target_pid_controller/target_node.py -> /home/sdc/Desktop/mocap4ros2_ws/Archive/target_pid_controller/install/target_pid_controller/lib/python3.10/site-packages/target_pid_controller
[0.532s] byte-compiling /home/sdc/Desktop/mocap4ros2_ws/Archive/target_pid_controller/install/target_pid_controller/lib/python3.10/site-packages/target_pid_controller/pid_controller.py to pid_controller.cpython-310.pyc
[0.532s] byte-compiling /home/sdc/Desktop/mocap4ros2_ws/Archive/target_pid_controller/install/target_pid_controller/lib/python3.10/site-packages/target_pid_controller/__init__.py to __init__.cpython-310.pyc
[0.532s] byte-compiling /home/sdc/Desktop/mocap4ros2_ws/Archive/target_pid_controller/install/target_pid_controller/lib/python3.10/site-packages/target_pid_controller/Thread.py to Thread.cpython-310.pyc
[0.532s] byte-compiling /home/sdc/Desktop/mocap4ros2_ws/Archive/target_pid_controller/install/target_pid_controller/lib/python3.10/site-packages/target_pid_controller/rigid_bodies.py to rigid_bodies.cpython-310.pyc
[0.532s] byte-compiling /home/sdc/Desktop/mocap4ros2_ws/Archive/target_pid_controller/install/target_pid_controller/lib/python3.10/site-packages/target_pid_controller/pid_controller_node_sub.py to pid_controller_node_sub.cpython-310.pyc
[0.533s] byte-compiling /home/sdc/Desktop/mocap4ros2_ws/Archive/target_pid_controller/install/target_pid_controller/lib/python3.10/site-packages/target_pid_controller/params.py to params.cpython-310.pyc
[0.533s] byte-compiling /home/sdc/Desktop/mocap4ros2_ws/Archive/target_pid_controller/install/target_pid_controller/lib/python3.10/site-packages/target_pid_controller/pid_controller_node.py to pid_controller_node.cpython-310.pyc
[0.534s] byte-compiling /home/sdc/Desktop/mocap4ros2_ws/Archive/target_pid_controller/install/target_pid_controller/lib/python3.10/site-packages/target_pid_controller/Command.py to Command.cpython-310.pyc
[0.534s] byte-compiling /home/sdc/Desktop/mocap4ros2_ws/Archive/target_pid_controller/install/target_pid_controller/lib/python3.10/site-packages/target_pid_controller/Video.py to Video.cpython-310.pyc
[0.534s] byte-compiling /home/sdc/Desktop/mocap4ros2_ws/Archive/target_pid_controller/install/target_pid_controller/lib/python3.10/site-packages/target_pid_controller/tf_updater_node.py to tf_updater_node.cpython-310.pyc
[0.535s] byte-compiling /home/sdc/Desktop/mocap4ros2_ws/Archive/target_pid_controller/install/target_pid_controller/lib/python3.10/site-packages/target_pid_controller/target_node.py to target_node.cpython-310.pyc
[0.535s] running install_data
[0.535s] creating /home/sdc/Desktop/mocap4ros2_ws/Archive/target_pid_controller/install/target_pid_controller/share
[0.535s] creating /home/sdc/Desktop/mocap4ros2_ws/Archive/target_pid_controller/install/target_pid_controller/share/ament_index
[0.535s] creating /home/sdc/Desktop/mocap4ros2_ws/Archive/target_pid_controller/install/target_pid_controller/share/ament_index/resource_index
[0.535s] creating /home/sdc/Desktop/mocap4ros2_ws/Archive/target_pid_controller/install/target_pid_controller/share/ament_index/resource_index/packages
[0.535s] copying resource/target_pid_controller -> /home/sdc/Desktop/mocap4ros2_ws/Archive/target_pid_controller/install/target_pid_controller/share/ament_index/resource_index/packages
[0.535s] creating /home/sdc/Desktop/mocap4ros2_ws/Archive/target_pid_controller/install/target_pid_controller/share/target_pid_controller
[0.536s] copying package.xml -> /home/sdc/Desktop/mocap4ros2_ws/Archive/target_pid_controller/install/target_pid_controller/share/target_pid_controller
[0.536s] creating /home/sdc/Desktop/mocap4ros2_ws/Archive/target_pid_controller/install/target_pid_controller/share/target_pid_controller/launch
[0.536s] copying launch/target_controller_sim_launch.py -> /home/sdc/Desktop/mocap4ros2_ws/Archive/target_pid_controller/install/target_pid_controller/share/target_pid_controller/launch
[0.536s] copying launch/target_controller_launch.py -> /home/sdc/Desktop/mocap4ros2_ws/Archive/target_pid_controller/install/target_pid_controller/share/target_pid_controller/launch
[0.536s] creating /home/sdc/Desktop/mocap4ros2_ws/Archive/target_pid_controller/install/target_pid_controller/share/target_pid_controller/config
[0.536s] copying config/target_pid_controller.yaml -> /home/sdc/Desktop/mocap4ros2_ws/Archive/target_pid_controller/install/target_pid_controller/share/target_pid_controller/config
[0.536s] creating /home/sdc/Desktop/mocap4ros2_ws/Archive/target_pid_controller/install/target_pid_controller/share/target_pid_controller/config/rviz
[0.536s] copying config/rviz/target_controller_rviz2.rviz -> /home/sdc/Desktop/mocap4ros2_ws/Archive/target_pid_controller/install/target_pid_controller/share/target_pid_controller/config/rviz
[0.536s] running install_egg_info
[0.536s] Copying build/target_pid_controller/target_pid_controller.egg-info to /home/sdc/Desktop/mocap4ros2_ws/Archive/target_pid_controller/install/target_pid_controller/lib/python3.10/site-packages/target_pid_controller-0.0.0-py3.10.egg-info
[0.537s] running install_scripts
[0.547s] Installing connection_node = target_pid_controller.pid_controller_node_sub:maintarget_setter script to /home/sdc/Desktop/mocap4ros2_ws/Archive/target_pid_controller/install/target_pid_controller/lib/target_pid_controller
[0.547s] Installing robot_controller script to /home/sdc/Desktop/mocap4ros2_ws/Archive/target_pid_controller/install/target_pid_controller/lib/target_pid_controller
[0.547s] Installing tf_broadcaster script to /home/sdc/Desktop/mocap4ros2_ws/Archive/target_pid_controller/install/target_pid_controller/lib/target_pid_controller
[0.547s] writing list of installed files to '/home/sdc/Desktop/mocap4ros2_ws/Archive/target_pid_controller/build/target_pid_controller/install.log'
[0.559s] Invoked command in '/home/sdc/Desktop/mocap4ros2_ws/Archive/target_pid_controller' returned '0': PYTHONPATH=/home/sdc/Desktop/mocap4ros2_ws/Archive/target_pid_controller/build/target_pid_controller/prefix_override:/home/sdc/Desktop/mocap4ros2_ws/Archive/target_pid_controller/install/target_pid_controller/lib/python3.10/site-packages:${PYTHONPATH} /usr/bin/python3 setup.py egg_info --egg-base build/target_pid_controller build --build-base /home/sdc/Desktop/mocap4ros2_ws/Archive/target_pid_controller/build/target_pid_controller/build install --record /home/sdc/Desktop/mocap4ros2_ws/Archive/target_pid_controller/build/target_pid_controller/install.log --single-version-externally-managed
