[0.133s] Invoking command in '/home/sdc/Desktop/mocap4ros2_ws/Archive/build/custom_robot_msgs': CMAKE_PREFIX_PATH=${CMAKE_PREFIX_PATH}:/home/sdc/Desktop/mocap4ros2_ws/Archive/install/target_pid_controller:/home/sdc/Desktop/mocap4ros2_ws/Archive/install/pure_pursuit:/home/sdc/Desktop/mocap4ros2_ws/install/target_pid_controller:/home/sdc/Desktop/mocap4ros2_ws/install/pure_pursuit:/home/sdc/Desktop/mocap4ros2_ws/install/rqt_joint_trajectory_controller:/home/sdc/Desktop/mocap4ros2_ws/install/rqt_controller_manager:/home/sdc/Desktop/mocap4ros2_ws/install/ros2controlcli:/home/sdc/Desktop/mocap4ros2_ws/install/ros2_controllers_test_nodes:/home/sdc/Desktop/mocap4ros2_ws/install/mocap4r2cli:/home/sdc/Desktop/mocap4ros2_ws/install/learning_tf2_py:/opt/ros/humble /usr/bin/cmake --build /home/sdc/Desktop/mocap4ros2_ws/Archive/build/custom_robot_msgs -- -j16 -l16
[0.337s] -- Found ament_cmake: 1.3.9 (/opt/ros/humble/share/ament_cmake/cmake)
[0.337s] -- Found rosidl_default_generators: 1.2.0 (/opt/ros/humble/share/rosidl_default_generators/cmake)
[0.337s] -- Using all available rosidl_typesupport_c: rosidl_typesupport_fastrtps_c;rosidl_typesupport_introspection_c
[0.337s] -- Found rosidl_adapter: 3.1.5 (/opt/ros/humble/share/rosidl_adapter/cmake)
[0.338s] -- Using all available rosidl_typesupport_cpp: rosidl_typesupport_fastrtps_cpp;rosidl_typesupport_introspection_cpp
[0.338s] -- Found std_msgs: 4.2.4 (/opt/ros/humble/share/std_msgs/cmake)
[0.338s] -- Found geometry_msgs: 4.2.4 (/opt/ros/humble/share/geometry_msgs/cmake)
[0.507s] -- Found ament_cmake_ros: 0.10.0 (/opt/ros/humble/share/ament_cmake_ros/cmake)
[0.675s] -- Using all available rosidl_typesupport_c: rosidl_typesupport_fastrtps_c;rosidl_typesupport_introspection_c
[0.901s] -- Using all available rosidl_typesupport_cpp: rosidl_typesupport_fastrtps_cpp;rosidl_typesupport_introspection_cpp
[0.918s] -- Found python_cmake_module: 0.10.0 (/opt/ros/humble/share/python_cmake_module/cmake)
[0.937s] -- Using PYTHON_EXECUTABLE: /usr/bin/python3
[0.937s] -- Using PYTHON_INCLUDE_DIRS: /usr/include/python3.10
[0.937s] -- Using PYTHON_LIBRARIES: /usr/lib/x86_64-linux-gnu/libpython3.10.so
[0.989s] -- Found ament_lint_auto: 0.12.11 (/opt/ros/humble/share/ament_lint_auto/cmake)
[0.993s] -- Added test 'lint_cmake' to check CMake code style
[0.993s] -- Added test 'xmllint' to check XML markup files
[0.994s] -- Configuring done
[1.011s] -- Generating done
[1.013s] -- Build files have been written to: /home/sdc/Desktop/mocap4ros2_ws/Archive/build/custom_robot_msgs
[1.033s] [  2%] [34m[1mGenerating C code for ROS interfaces[0m
[1.042s] [  5%] [34m[1mGenerating C++ code for ROS interfaces[0m
[1.050s] [  5%] Built target ament_cmake_python_copy_custom_robot_msgs
[1.228s] running egg_info
[1.228s] writing custom_robot_msgs.egg-info/PKG-INFO
[1.228s] writing dependency_links to custom_robot_msgs.egg-info/dependency_links.txt
[1.228s] writing top-level names to custom_robot_msgs.egg-info/top_level.txt
[1.231s] reading manifest file 'custom_robot_msgs.egg-info/SOURCES.txt'
[1.231s] [35m[1mConsolidate compiler generated dependencies of target custom_robot_msgs__rosidl_generator_c[0m
[1.231s] writing manifest file 'custom_robot_msgs.egg-info/SOURCES.txt'
[1.234s] [  5%] Built target custom_robot_msgs__cpp
[1.242s] [ 10%] [32mBuilding C object CMakeFiles/custom_robot_msgs__rosidl_generator_c.dir/rosidl_generator_c/custom_robot_msgs/msg/detail/robot_command_msgs__functions.c.o[0m
[1.242s] [ 10%] [32mBuilding C object CMakeFiles/custom_robot_msgs__rosidl_generator_c.dir/rosidl_generator_c/custom_robot_msgs/srv/detail/add_three_ints__functions.c.o[0m
[1.243s] [ 15%] [34m[1mGenerating C++ type support dispatch for ROS interfaces[0m
[1.243s] [ 15%] [34m[1mGenerating C++ type support for eProsima Fast-RTPS[0m
[1.247s] [ 17%] [34m[1mGenerating C++ introspection for ROS interfaces[0m
[1.254s] [ 17%] Built target ament_cmake_python_build_custom_robot_msgs_egg
[1.282s] [ 20%] [32m[1mLinking C shared library libcustom_robot_msgs__rosidl_generator_c.so[0m
[1.309s] [ 20%] Built target custom_robot_msgs__rosidl_generator_c
[1.319s] [ 23%] [34m[1mGenerating C type support for eProsima Fast-RTPS[0m
[1.323s] [ 28%] [34m[1mGenerating C introspection for ROS interfaces[0m
[1.323s] [ 28%] [34m[1mGenerating C type support dispatch for ROS interfaces[0m
[1.402s] [35m[1mConsolidate compiler generated dependencies of target custom_robot_msgs__rosidl_typesupport_cpp[0m
[1.413s] [ 30%] [32mBuilding CXX object CMakeFiles/custom_robot_msgs__rosidl_typesupport_cpp.dir/rosidl_typesupport_cpp/custom_robot_msgs/msg/robot_command_msgs__type_support.cpp.o[0m
[1.417s] [ 33%] [32mBuilding CXX object CMakeFiles/custom_robot_msgs__rosidl_typesupport_cpp.dir/rosidl_typesupport_cpp/custom_robot_msgs/srv/add_three_ints__type_support.cpp.o[0m
[1.430s] [35m[1mConsolidate compiler generated dependencies of target custom_robot_msgs__rosidl_typesupport_fastrtps_cpp[0m
[1.448s] [ 38%] [32mBuilding CXX object CMakeFiles/custom_robot_msgs__rosidl_typesupport_fastrtps_cpp.dir/rosidl_typesupport_fastrtps_cpp/custom_robot_msgs/msg/detail/dds_fastrtps/robot_command_msgs__type_support.cpp.o[0m
[1.448s] [ 38%] [32mBuilding CXX object CMakeFiles/custom_robot_msgs__rosidl_typesupport_fastrtps_cpp.dir/rosidl_typesupport_fastrtps_cpp/custom_robot_msgs/srv/detail/dds_fastrtps/add_three_ints__type_support.cpp.o[0m
[1.487s] [35m[1mConsolidate compiler generated dependencies of target custom_robot_msgs__rosidl_typesupport_introspection_cpp[0m
[1.493s] [35m[1mConsolidate compiler generated dependencies of target custom_robot_msgs__rosidl_typesupport_c[0m
[1.501s] [ 41%] [32mBuilding CXX object CMakeFiles/custom_robot_msgs__rosidl_typesupport_introspection_cpp.dir/rosidl_typesupport_introspection_cpp/custom_robot_msgs/msg/detail/robot_command_msgs__type_support.cpp.o[0m
[1.503s] [ 43%] [32mBuilding CXX object CMakeFiles/custom_robot_msgs__rosidl_typesupport_c.dir/rosidl_typesupport_c/custom_robot_msgs/msg/robot_command_msgs__type_support.cpp.o[0m
[1.505s] [ 46%] [32mBuilding CXX object CMakeFiles/custom_robot_msgs__rosidl_typesupport_introspection_cpp.dir/rosidl_typesupport_introspection_cpp/custom_robot_msgs/srv/detail/add_three_ints__type_support.cpp.o[0m
[1.508s] [ 48%] [32mBuilding CXX object CMakeFiles/custom_robot_msgs__rosidl_typesupport_c.dir/rosidl_typesupport_c/custom_robot_msgs/srv/add_three_ints__type_support.cpp.o[0m
[1.508s] [35m[1mConsolidate compiler generated dependencies of target custom_robot_msgs__rosidl_typesupport_fastrtps_c[0m
[1.524s] [ 51%] [32mBuilding CXX object CMakeFiles/custom_robot_msgs__rosidl_typesupport_fastrtps_c.dir/rosidl_typesupport_fastrtps_c/custom_robot_msgs/msg/detail/robot_command_msgs__type_support_c.cpp.o[0m
[1.528s] [ 53%] [32mBuilding CXX object CMakeFiles/custom_robot_msgs__rosidl_typesupport_fastrtps_c.dir/rosidl_typesupport_fastrtps_c/custom_robot_msgs/srv/detail/add_three_ints__type_support_c.cpp.o[0m
[1.545s] [ 56%] [32m[1mLinking CXX shared library libcustom_robot_msgs__rosidl_typesupport_c.so[0m
[1.571s] [ 58%] [32m[1mLinking CXX shared library libcustom_robot_msgs__rosidl_typesupport_cpp.so[0m
[1.595s] [ 58%] Built target custom_robot_msgs__rosidl_typesupport_c
[1.602s] [ 58%] Built target custom_robot_msgs__rosidl_typesupport_cpp
[1.633s] [35m[1mConsolidate compiler generated dependencies of target custom_robot_msgs__rosidl_typesupport_introspection_c[0m
[1.649s] [ 61%] [32mBuilding C object CMakeFiles/custom_robot_msgs__rosidl_typesupport_introspection_c.dir/rosidl_typesupport_introspection_c/custom_robot_msgs/srv/detail/add_three_ints__type_support.c.o[0m
[1.650s] [ 64%] [32mBuilding C object CMakeFiles/custom_robot_msgs__rosidl_typesupport_introspection_c.dir/rosidl_typesupport_introspection_c/custom_robot_msgs/msg/detail/robot_command_msgs__type_support.c.o[0m
[1.688s] [ 66%] [32m[1mLinking C shared library libcustom_robot_msgs__rosidl_typesupport_introspection_c.so[0m
[1.715s] [ 66%] Built target custom_robot_msgs__rosidl_typesupport_introspection_c
[1.743s] [ 69%] [32m[1mLinking CXX shared library libcustom_robot_msgs__rosidl_typesupport_fastrtps_c.so[0m
[1.786s] [ 71%] [32m[1mLinking CXX shared library libcustom_robot_msgs__rosidl_typesupport_fastrtps_cpp.so[0m
[1.793s] [ 71%] Built target custom_robot_msgs__rosidl_typesupport_fastrtps_c
[1.794s] [ 74%] [32m[1mLinking CXX shared library libcustom_robot_msgs__rosidl_typesupport_introspection_cpp.so[0m
[1.833s] [ 74%] Built target custom_robot_msgs__rosidl_typesupport_fastrtps_cpp
[1.833s] [ 74%] Built target custom_robot_msgs__rosidl_typesupport_introspection_cpp
[1.851s] [ 74%] Built target custom_robot_msgs
[1.879s] [ 76%] [34m[1mGenerating Python code for ROS interfaces[0m
[2.132s] [ 76%] Built target custom_robot_msgs__py
[2.142s] [35m[1mConsolidate compiler generated dependencies of target custom_robot_msgs__rosidl_generator_py[0m
[2.153s] [ 82%] [32mBuilding C object CMakeFiles/custom_robot_msgs__rosidl_generator_py.dir/rosidl_generator_py/custom_robot_msgs/srv/_add_three_ints_s.c.o[0m
[2.153s] [ 82%] [32mBuilding C object CMakeFiles/custom_robot_msgs__rosidl_generator_py.dir/rosidl_generator_py/custom_robot_msgs/msg/_robot_command_msgs_s.c.o[0m
[2.208s] [ 84%] [32m[1mLinking C shared library rosidl_generator_py/custom_robot_msgs/libcustom_robot_msgs__rosidl_generator_py.so[0m
[2.243s] [ 84%] Built target custom_robot_msgs__rosidl_generator_py
[2.256s] [35m[1mConsolidate compiler generated dependencies of target custom_robot_msgs__rosidl_typesupport_introspection_c__pyext[0m
[2.257s] [35m[1mConsolidate compiler generated dependencies of target custom_robot_msgs__rosidl_typesupport_fastrtps_c__pyext[0m
[2.257s] [35m[1mConsolidate compiler generated dependencies of target custom_robot_msgs__rosidl_typesupport_c__pyext[0m
[2.267s] [ 92%] [32mBuilding C object CMakeFiles/custom_robot_msgs__rosidl_typesupport_introspection_c__pyext.dir/rosidl_generator_py/custom_robot_msgs/_custom_robot_msgs_s.ep.rosidl_typesupport_introspection_c.c.o[0m
[2.267s] [ 92%] [32mBuilding C object CMakeFiles/custom_robot_msgs__rosidl_typesupport_c__pyext.dir/rosidl_generator_py/custom_robot_msgs/_custom_robot_msgs_s.ep.rosidl_typesupport_c.c.o[0m
[2.267s] [ 92%] [32mBuilding C object CMakeFiles/custom_robot_msgs__rosidl_typesupport_fastrtps_c__pyext.dir/rosidl_generator_py/custom_robot_msgs/_custom_robot_msgs_s.ep.rosidl_typesupport_fastrtps_c.c.o[0m
[2.326s] [100%] [32m[1mLinking C shared library rosidl_generator_py/custom_robot_msgs/custom_robot_msgs_s__rosidl_typesupport_fastrtps_c.cpython-310-x86_64-linux-gnu.so[0m
[2.326s] [100%] [32m[1mLinking C shared library rosidl_generator_py/custom_robot_msgs/custom_robot_msgs_s__rosidl_typesupport_introspection_c.cpython-310-x86_64-linux-gnu.so[0m
[2.326s] [100%] [32m[1mLinking C shared library rosidl_generator_py/custom_robot_msgs/custom_robot_msgs_s__rosidl_typesupport_c.cpython-310-x86_64-linux-gnu.so[0m
[2.355s] [100%] Built target custom_robot_msgs__rosidl_typesupport_c__pyext
[2.356s] [100%] Built target custom_robot_msgs__rosidl_typesupport_fastrtps_c__pyext
[2.356s] [100%] Built target custom_robot_msgs__rosidl_typesupport_introspection_c__pyext
[2.363s] Invoked command in '/home/sdc/Desktop/mocap4ros2_ws/Archive/build/custom_robot_msgs' returned '0': CMAKE_PREFIX_PATH=${CMAKE_PREFIX_PATH}:/home/sdc/Desktop/mocap4ros2_ws/Archive/install/target_pid_controller:/home/sdc/Desktop/mocap4ros2_ws/Archive/install/pure_pursuit:/home/sdc/Desktop/mocap4ros2_ws/install/target_pid_controller:/home/sdc/Desktop/mocap4ros2_ws/install/pure_pursuit:/home/sdc/Desktop/mocap4ros2_ws/install/rqt_joint_trajectory_controller:/home/sdc/Desktop/mocap4ros2_ws/install/rqt_controller_manager:/home/sdc/Desktop/mocap4ros2_ws/install/ros2controlcli:/home/sdc/Desktop/mocap4ros2_ws/install/ros2_controllers_test_nodes:/home/sdc/Desktop/mocap4ros2_ws/install/mocap4r2cli:/home/sdc/Desktop/mocap4ros2_ws/install/learning_tf2_py:/opt/ros/humble /usr/bin/cmake --build /home/sdc/Desktop/mocap4ros2_ws/Archive/build/custom_robot_msgs -- -j16 -l16
[2.469s] Invoking command in '/home/sdc/Desktop/mocap4ros2_ws/Archive/build/custom_robot_msgs': CMAKE_PREFIX_PATH=${CMAKE_PREFIX_PATH}:/home/sdc/Desktop/mocap4ros2_ws/Archive/install/target_pid_controller:/home/sdc/Desktop/mocap4ros2_ws/Archive/install/pure_pursuit:/home/sdc/Desktop/mocap4ros2_ws/install/target_pid_controller:/home/sdc/Desktop/mocap4ros2_ws/install/pure_pursuit:/home/sdc/Desktop/mocap4ros2_ws/install/rqt_joint_trajectory_controller:/home/sdc/Desktop/mocap4ros2_ws/install/rqt_controller_manager:/home/sdc/Desktop/mocap4ros2_ws/install/ros2controlcli:/home/sdc/Desktop/mocap4ros2_ws/install/ros2_controllers_test_nodes:/home/sdc/Desktop/mocap4ros2_ws/install/mocap4r2cli:/home/sdc/Desktop/mocap4ros2_ws/install/learning_tf2_py:/opt/ros/humble /usr/bin/cmake --install /home/sdc/Desktop/mocap4ros2_ws/Archive/build/custom_robot_msgs
[2.479s] -- Install configuration: ""
[2.479s] -- Up-to-date: /home/sdc/Desktop/mocap4ros2_ws/Archive/install/custom_robot_msgs/share/ament_index/resource_index/rosidl_interfaces/custom_robot_msgs
[2.479s] -- Up-to-date: /home/sdc/Desktop/mocap4ros2_ws/Archive/install/custom_robot_msgs/include/custom_robot_msgs/custom_robot_msgs
[2.479s] -- Up-to-date: /home/sdc/Desktop/mocap4ros2_ws/Archive/install/custom_robot_msgs/include/custom_robot_msgs/custom_robot_msgs/msg
[2.479s] -- Up-to-date: /home/sdc/Desktop/mocap4ros2_ws/Archive/install/custom_robot_msgs/include/custom_robot_msgs/custom_robot_msgs/msg/detail
[2.480s] -- Installing: /home/sdc/Desktop/mocap4ros2_ws/Archive/install/custom_robot_msgs/include/custom_robot_msgs/custom_robot_msgs/msg/detail/robot_command_msgs__struct.h
[2.480s] -- Up-to-date: /home/sdc/Desktop/mocap4ros2_ws/Archive/install/custom_robot_msgs/include/custom_robot_msgs/custom_robot_msgs/msg/detail/num__type_support.h
[2.480s] -- Up-to-date: /home/sdc/Desktop/mocap4ros2_ws/Archive/install/custom_robot_msgs/include/custom_robot_msgs/custom_robot_msgs/msg/detail/num__struct.h
[2.480s] -- Installing: /home/sdc/Desktop/mocap4ros2_ws/Archive/install/custom_robot_msgs/include/custom_robot_msgs/custom_robot_msgs/msg/detail/robot_command_msgs__type_support.h
[2.480s] -- Installing: /home/sdc/Desktop/mocap4ros2_ws/Archive/install/custom_robot_msgs/include/custom_robot_msgs/custom_robot_msgs/msg/detail/robot_command_msgs__functions.h
[2.480s] -- Up-to-date: /home/sdc/Desktop/mocap4ros2_ws/Archive/install/custom_robot_msgs/include/custom_robot_msgs/custom_robot_msgs/msg/detail/num__functions.c
[2.480s] -- Installing: /home/sdc/Desktop/mocap4ros2_ws/Archive/install/custom_robot_msgs/include/custom_robot_msgs/custom_robot_msgs/msg/detail/robot_command_msgs__functions.c
[2.480s] -- Up-to-date: /home/sdc/Desktop/mocap4ros2_ws/Archive/install/custom_robot_msgs/include/custom_robot_msgs/custom_robot_msgs/msg/detail/num__functions.h
[2.480s] -- Up-to-date: /home/sdc/Desktop/mocap4ros2_ws/Archive/install/custom_robot_msgs/include/custom_robot_msgs/custom_robot_msgs/msg/rosidl_generator_c__visibility_control.h
[2.480s] -- Up-to-date: /home/sdc/Desktop/mocap4ros2_ws/Archive/install/custom_robot_msgs/include/custom_robot_msgs/custom_robot_msgs/msg/num.h
[2.480s] -- Installing: /home/sdc/Desktop/mocap4ros2_ws/Archive/install/custom_robot_msgs/include/custom_robot_msgs/custom_robot_msgs/msg/robot_command_msgs.h
[2.480s] -- Up-to-date: /home/sdc/Desktop/mocap4ros2_ws/Archive/install/custom_robot_msgs/include/custom_robot_msgs/custom_robot_msgs/srv
[2.480s] -- Installing: /home/sdc/Desktop/mocap4ros2_ws/Archive/install/custom_robot_msgs/include/custom_robot_msgs/custom_robot_msgs/srv/add_three_ints.h
[2.480s] -- Up-to-date: /home/sdc/Desktop/mocap4ros2_ws/Archive/install/custom_robot_msgs/include/custom_robot_msgs/custom_robot_msgs/srv/detail
[2.480s] -- Installing: /home/sdc/Desktop/mocap4ros2_ws/Archive/install/custom_robot_msgs/include/custom_robot_msgs/custom_robot_msgs/srv/detail/add_three_ints__functions.c
[2.480s] -- Installing: /home/sdc/Desktop/mocap4ros2_ws/Archive/install/custom_robot_msgs/include/custom_robot_msgs/custom_robot_msgs/srv/detail/add_three_ints__struct.h
[2.481s] -- Installing: /home/sdc/Desktop/mocap4ros2_ws/Archive/install/custom_robot_msgs/include/custom_robot_msgs/custom_robot_msgs/srv/detail/add_three_ints__functions.h
[2.481s] -- Installing: /home/sdc/Desktop/mocap4ros2_ws/Archive/install/custom_robot_msgs/include/custom_robot_msgs/custom_robot_msgs/srv/detail/add_three_ints__type_support.h
[2.481s] -- Up-to-date: /home/sdc/Desktop/mocap4ros2_ws/Archive/install/custom_robot_msgs/share/custom_robot_msgs/environment/library_path.sh
[2.481s] -- Installing: /home/sdc/Desktop/mocap4ros2_ws/Archive/install/custom_robot_msgs/share/custom_robot_msgs/environment/library_path.dsv
[2.481s] -- Installing: /home/sdc/Desktop/mocap4ros2_ws/Archive/install/custom_robot_msgs/lib/libcustom_robot_msgs__rosidl_generator_c.so
[2.481s] -- Set runtime path of "/home/sdc/Desktop/mocap4ros2_ws/Archive/install/custom_robot_msgs/lib/libcustom_robot_msgs__rosidl_generator_c.so" to ""
[2.481s] -- Up-to-date: /home/sdc/Desktop/mocap4ros2_ws/Archive/install/custom_robot_msgs/include/custom_robot_msgs/custom_robot_msgs
[2.481s] -- Up-to-date: /home/sdc/Desktop/mocap4ros2_ws/Archive/install/custom_robot_msgs/include/custom_robot_msgs/custom_robot_msgs/msg
[2.481s] -- Up-to-date: /home/sdc/Desktop/mocap4ros2_ws/Archive/install/custom_robot_msgs/include/custom_robot_msgs/custom_robot_msgs/msg/detail
[2.481s] -- Installing: /home/sdc/Desktop/mocap4ros2_ws/Archive/install/custom_robot_msgs/include/custom_robot_msgs/custom_robot_msgs/msg/detail/robot_command_msgs__rosidl_typesupport_fastrtps_c.h
[2.481s] -- Up-to-date: /home/sdc/Desktop/mocap4ros2_ws/Archive/install/custom_robot_msgs/include/custom_robot_msgs/custom_robot_msgs/msg/detail/num__rosidl_typesupport_fastrtps_c.h
[2.481s] -- Up-to-date: /home/sdc/Desktop/mocap4ros2_ws/Archive/install/custom_robot_msgs/include/custom_robot_msgs/custom_robot_msgs/msg/rosidl_typesupport_fastrtps_c__visibility_control.h
[2.481s] -- Up-to-date: /home/sdc/Desktop/mocap4ros2_ws/Archive/install/custom_robot_msgs/include/custom_robot_msgs/custom_robot_msgs/srv
[2.481s] -- Up-to-date: /home/sdc/Desktop/mocap4ros2_ws/Archive/install/custom_robot_msgs/include/custom_robot_msgs/custom_robot_msgs/srv/detail
[2.481s] -- Installing: /home/sdc/Desktop/mocap4ros2_ws/Archive/install/custom_robot_msgs/include/custom_robot_msgs/custom_robot_msgs/srv/detail/add_three_ints__rosidl_typesupport_fastrtps_c.h
[2.481s] -- Installing: /home/sdc/Desktop/mocap4ros2_ws/Archive/install/custom_robot_msgs/lib/libcustom_robot_msgs__rosidl_typesupport_fastrtps_c.so
[2.482s] -- Set runtime path of "/home/sdc/Desktop/mocap4ros2_ws/Archive/install/custom_robot_msgs/lib/libcustom_robot_msgs__rosidl_typesupport_fastrtps_c.so" to ""
[2.482s] -- Up-to-date: /home/sdc/Desktop/mocap4ros2_ws/Archive/install/custom_robot_msgs/include/custom_robot_msgs/custom_robot_msgs
[2.482s] -- Up-to-date: /home/sdc/Desktop/mocap4ros2_ws/Archive/install/custom_robot_msgs/include/custom_robot_msgs/custom_robot_msgs/msg
[2.482s] -- Up-to-date: /home/sdc/Desktop/mocap4ros2_ws/Archive/install/custom_robot_msgs/include/custom_robot_msgs/custom_robot_msgs/msg/rosidl_typesupport_introspection_c__visibility_control.h
[2.482s] -- Up-to-date: /home/sdc/Desktop/mocap4ros2_ws/Archive/install/custom_robot_msgs/include/custom_robot_msgs/custom_robot_msgs/msg/detail
[2.482s] -- Up-to-date: /home/sdc/Desktop/mocap4ros2_ws/Archive/install/custom_robot_msgs/include/custom_robot_msgs/custom_robot_msgs/msg/detail/num__rosidl_typesupport_introspection_c.h
[2.482s] -- Installing: /home/sdc/Desktop/mocap4ros2_ws/Archive/install/custom_robot_msgs/include/custom_robot_msgs/custom_robot_msgs/msg/detail/robot_command_msgs__type_support.c
[2.482s] -- Up-to-date: /home/sdc/Desktop/mocap4ros2_ws/Archive/install/custom_robot_msgs/include/custom_robot_msgs/custom_robot_msgs/msg/detail/num__type_support.c
[2.482s] -- Installing: /home/sdc/Desktop/mocap4ros2_ws/Archive/install/custom_robot_msgs/include/custom_robot_msgs/custom_robot_msgs/msg/detail/robot_command_msgs__rosidl_typesupport_introspection_c.h
[2.482s] -- Up-to-date: /home/sdc/Desktop/mocap4ros2_ws/Archive/install/custom_robot_msgs/include/custom_robot_msgs/custom_robot_msgs/srv
[2.482s] -- Up-to-date: /home/sdc/Desktop/mocap4ros2_ws/Archive/install/custom_robot_msgs/include/custom_robot_msgs/custom_robot_msgs/srv/detail
[2.482s] -- Installing: /home/sdc/Desktop/mocap4ros2_ws/Archive/install/custom_robot_msgs/include/custom_robot_msgs/custom_robot_msgs/srv/detail/add_three_ints__type_support.c
[2.482s] -- Installing: /home/sdc/Desktop/mocap4ros2_ws/Archive/install/custom_robot_msgs/include/custom_robot_msgs/custom_robot_msgs/srv/detail/add_three_ints__rosidl_typesupport_introspection_c.h
[2.482s] -- Installing: /home/sdc/Desktop/mocap4ros2_ws/Archive/install/custom_robot_msgs/lib/libcustom_robot_msgs__rosidl_typesupport_introspection_c.so
[2.482s] -- Set runtime path of "/home/sdc/Desktop/mocap4ros2_ws/Archive/install/custom_robot_msgs/lib/libcustom_robot_msgs__rosidl_typesupport_introspection_c.so" to ""
[2.482s] -- Installing: /home/sdc/Desktop/mocap4ros2_ws/Archive/install/custom_robot_msgs/lib/libcustom_robot_msgs__rosidl_typesupport_c.so
[2.482s] -- Set runtime path of "/home/sdc/Desktop/mocap4ros2_ws/Archive/install/custom_robot_msgs/lib/libcustom_robot_msgs__rosidl_typesupport_c.so" to ""
[2.483s] -- Up-to-date: /home/sdc/Desktop/mocap4ros2_ws/Archive/install/custom_robot_msgs/include/custom_robot_msgs/custom_robot_msgs
[2.483s] -- Up-to-date: /home/sdc/Desktop/mocap4ros2_ws/Archive/install/custom_robot_msgs/include/custom_robot_msgs/custom_robot_msgs/msg
[2.483s] -- Up-to-date: /home/sdc/Desktop/mocap4ros2_ws/Archive/install/custom_robot_msgs/include/custom_robot_msgs/custom_robot_msgs/msg/detail
[2.483s] -- Up-to-date: /home/sdc/Desktop/mocap4ros2_ws/Archive/install/custom_robot_msgs/include/custom_robot_msgs/custom_robot_msgs/msg/detail/num__struct.hpp
[2.483s] -- Installing: /home/sdc/Desktop/mocap4ros2_ws/Archive/install/custom_robot_msgs/include/custom_robot_msgs/custom_robot_msgs/msg/detail/robot_command_msgs__builder.hpp
[2.483s] -- Installing: /home/sdc/Desktop/mocap4ros2_ws/Archive/install/custom_robot_msgs/include/custom_robot_msgs/custom_robot_msgs/msg/detail/robot_command_msgs__struct.hpp
[2.483s] -- Installing: /home/sdc/Desktop/mocap4ros2_ws/Archive/install/custom_robot_msgs/include/custom_robot_msgs/custom_robot_msgs/msg/detail/robot_command_msgs__traits.hpp
[2.483s] -- Up-to-date: /home/sdc/Desktop/mocap4ros2_ws/Archive/install/custom_robot_msgs/include/custom_robot_msgs/custom_robot_msgs/msg/detail/num__traits.hpp
[2.483s] -- Up-to-date: /home/sdc/Desktop/mocap4ros2_ws/Archive/install/custom_robot_msgs/include/custom_robot_msgs/custom_robot_msgs/msg/detail/num__builder.hpp
[2.483s] -- Up-to-date: /home/sdc/Desktop/mocap4ros2_ws/Archive/install/custom_robot_msgs/include/custom_robot_msgs/custom_robot_msgs/msg/num.hpp
[2.483s] -- Installing: /home/sdc/Desktop/mocap4ros2_ws/Archive/install/custom_robot_msgs/include/custom_robot_msgs/custom_robot_msgs/msg/robot_command_msgs.hpp
[2.483s] -- Up-to-date: /home/sdc/Desktop/mocap4ros2_ws/Archive/install/custom_robot_msgs/include/custom_robot_msgs/custom_robot_msgs/srv
[2.483s] -- Up-to-date: /home/sdc/Desktop/mocap4ros2_ws/Archive/install/custom_robot_msgs/include/custom_robot_msgs/custom_robot_msgs/srv/detail
[2.483s] -- Installing: /home/sdc/Desktop/mocap4ros2_ws/Archive/install/custom_robot_msgs/include/custom_robot_msgs/custom_robot_msgs/srv/detail/add_three_ints__traits.hpp
[2.483s] -- Installing: /home/sdc/Desktop/mocap4ros2_ws/Archive/install/custom_robot_msgs/include/custom_robot_msgs/custom_robot_msgs/srv/detail/add_three_ints__struct.hpp
[2.483s] -- Installing: /home/sdc/Desktop/mocap4ros2_ws/Archive/install/custom_robot_msgs/include/custom_robot_msgs/custom_robot_msgs/srv/detail/add_three_ints__builder.hpp
[2.483s] -- Installing: /home/sdc/Desktop/mocap4ros2_ws/Archive/install/custom_robot_msgs/include/custom_robot_msgs/custom_robot_msgs/srv/add_three_ints.hpp
[2.483s] -- Up-to-date: /home/sdc/Desktop/mocap4ros2_ws/Archive/install/custom_robot_msgs/include/custom_robot_msgs/custom_robot_msgs
[2.483s] -- Up-to-date: /home/sdc/Desktop/mocap4ros2_ws/Archive/install/custom_robot_msgs/include/custom_robot_msgs/custom_robot_msgs/msg
[2.483s] -- Up-to-date: /home/sdc/Desktop/mocap4ros2_ws/Archive/install/custom_robot_msgs/include/custom_robot_msgs/custom_robot_msgs/msg/rosidl_typesupport_fastrtps_cpp__visibility_control.h
[2.483s] -- Up-to-date: /home/sdc/Desktop/mocap4ros2_ws/Archive/install/custom_robot_msgs/include/custom_robot_msgs/custom_robot_msgs/msg/detail
[2.483s] -- Up-to-date: /home/sdc/Desktop/mocap4ros2_ws/Archive/install/custom_robot_msgs/include/custom_robot_msgs/custom_robot_msgs/msg/detail/dds_fastrtps
[2.483s] -- Installing: /home/sdc/Desktop/mocap4ros2_ws/Archive/install/custom_robot_msgs/include/custom_robot_msgs/custom_robot_msgs/msg/detail/robot_command_msgs__rosidl_typesupport_fastrtps_cpp.hpp
[2.484s] -- Up-to-date: /home/sdc/Desktop/mocap4ros2_ws/Archive/install/custom_robot_msgs/include/custom_robot_msgs/custom_robot_msgs/msg/detail/num__rosidl_typesupport_fastrtps_cpp.hpp
[2.484s] -- Up-to-date: /home/sdc/Desktop/mocap4ros2_ws/Archive/install/custom_robot_msgs/include/custom_robot_msgs/custom_robot_msgs/srv
[2.484s] -- Up-to-date: /home/sdc/Desktop/mocap4ros2_ws/Archive/install/custom_robot_msgs/include/custom_robot_msgs/custom_robot_msgs/srv/detail
[2.484s] -- Up-to-date: /home/sdc/Desktop/mocap4ros2_ws/Archive/install/custom_robot_msgs/include/custom_robot_msgs/custom_robot_msgs/srv/detail/dds_fastrtps
[2.484s] -- Installing: /home/sdc/Desktop/mocap4ros2_ws/Archive/install/custom_robot_msgs/include/custom_robot_msgs/custom_robot_msgs/srv/detail/add_three_ints__rosidl_typesupport_fastrtps_cpp.hpp
[2.484s] -- Installing: /home/sdc/Desktop/mocap4ros2_ws/Archive/install/custom_robot_msgs/lib/libcustom_robot_msgs__rosidl_typesupport_fastrtps_cpp.so
[2.484s] -- Set runtime path of "/home/sdc/Desktop/mocap4ros2_ws/Archive/install/custom_robot_msgs/lib/libcustom_robot_msgs__rosidl_typesupport_fastrtps_cpp.so" to ""
[2.484s] -- Up-to-date: /home/sdc/Desktop/mocap4ros2_ws/Archive/install/custom_robot_msgs/include/custom_robot_msgs/custom_robot_msgs
[2.484s] -- Up-to-date: /home/sdc/Desktop/mocap4ros2_ws/Archive/install/custom_robot_msgs/include/custom_robot_msgs/custom_robot_msgs/msg
[2.484s] -- Up-to-date: /home/sdc/Desktop/mocap4ros2_ws/Archive/install/custom_robot_msgs/include/custom_robot_msgs/custom_robot_msgs/msg/detail
[2.484s] -- Installing: /home/sdc/Desktop/mocap4ros2_ws/Archive/install/custom_robot_msgs/include/custom_robot_msgs/custom_robot_msgs/msg/detail/robot_command_msgs__type_support.cpp
[2.484s] -- Installing: /home/sdc/Desktop/mocap4ros2_ws/Archive/install/custom_robot_msgs/include/custom_robot_msgs/custom_robot_msgs/msg/detail/robot_command_msgs__rosidl_typesupport_introspection_cpp.hpp
[2.484s] -- Up-to-date: /home/sdc/Desktop/mocap4ros2_ws/Archive/install/custom_robot_msgs/include/custom_robot_msgs/custom_robot_msgs/msg/detail/num__type_support.cpp
[2.484s] -- Up-to-date: /home/sdc/Desktop/mocap4ros2_ws/Archive/install/custom_robot_msgs/include/custom_robot_msgs/custom_robot_msgs/msg/detail/num__rosidl_typesupport_introspection_cpp.hpp
[2.484s] -- Up-to-date: /home/sdc/Desktop/mocap4ros2_ws/Archive/install/custom_robot_msgs/include/custom_robot_msgs/custom_robot_msgs/srv
[2.484s] -- Up-to-date: /home/sdc/Desktop/mocap4ros2_ws/Archive/install/custom_robot_msgs/include/custom_robot_msgs/custom_robot_msgs/srv/detail
[2.484s] -- Installing: /home/sdc/Desktop/mocap4ros2_ws/Archive/install/custom_robot_msgs/include/custom_robot_msgs/custom_robot_msgs/srv/detail/add_three_ints__type_support.cpp
[2.484s] -- Installing: /home/sdc/Desktop/mocap4ros2_ws/Archive/install/custom_robot_msgs/include/custom_robot_msgs/custom_robot_msgs/srv/detail/add_three_ints__rosidl_typesupport_introspection_cpp.hpp
[2.484s] -- Installing: /home/sdc/Desktop/mocap4ros2_ws/Archive/install/custom_robot_msgs/lib/libcustom_robot_msgs__rosidl_typesupport_introspection_cpp.so
[2.484s] -- Set runtime path of "/home/sdc/Desktop/mocap4ros2_ws/Archive/install/custom_robot_msgs/lib/libcustom_robot_msgs__rosidl_typesupport_introspection_cpp.so" to ""
[2.485s] -- Installing: /home/sdc/Desktop/mocap4ros2_ws/Archive/install/custom_robot_msgs/lib/libcustom_robot_msgs__rosidl_typesupport_cpp.so
[2.485s] -- Set runtime path of "/home/sdc/Desktop/mocap4ros2_ws/Archive/install/custom_robot_msgs/lib/libcustom_robot_msgs__rosidl_typesupport_cpp.so" to ""
[2.485s] -- Up-to-date: /home/sdc/Desktop/mocap4ros2_ws/Archive/install/custom_robot_msgs/share/custom_robot_msgs/environment/pythonpath.sh
[2.485s] -- Installing: /home/sdc/Desktop/mocap4ros2_ws/Archive/install/custom_robot_msgs/share/custom_robot_msgs/environment/pythonpath.dsv
[2.485s] -- Up-to-date: /home/sdc/Desktop/mocap4ros2_ws/Archive/install/custom_robot_msgs/local/lib/python3.10/dist-packages/custom_robot_msgs-0.0.0-py3.10.egg-info
[2.485s] -- Installing: /home/sdc/Desktop/mocap4ros2_ws/Archive/install/custom_robot_msgs/local/lib/python3.10/dist-packages/custom_robot_msgs-0.0.0-py3.10.egg-info/top_level.txt
[2.485s] -- Installing: /home/sdc/Desktop/mocap4ros2_ws/Archive/install/custom_robot_msgs/local/lib/python3.10/dist-packages/custom_robot_msgs-0.0.0-py3.10.egg-info/dependency_links.txt
[2.485s] -- Installing: /home/sdc/Desktop/mocap4ros2_ws/Archive/install/custom_robot_msgs/local/lib/python3.10/dist-packages/custom_robot_msgs-0.0.0-py3.10.egg-info/SOURCES.txt
[2.485s] -- Installing: /home/sdc/Desktop/mocap4ros2_ws/Archive/install/custom_robot_msgs/local/lib/python3.10/dist-packages/custom_robot_msgs-0.0.0-py3.10.egg-info/PKG-INFO
[2.485s] -- Up-to-date: /home/sdc/Desktop/mocap4ros2_ws/Archive/install/custom_robot_msgs/local/lib/python3.10/dist-packages/custom_robot_msgs
[2.485s] -- Installing: /home/sdc/Desktop/mocap4ros2_ws/Archive/install/custom_robot_msgs/local/lib/python3.10/dist-packages/custom_robot_msgs/_custom_robot_msgs_s.ep.rosidl_typesupport_fastrtps_c.c
[2.485s] -- Up-to-date: /home/sdc/Desktop/mocap4ros2_ws/Archive/install/custom_robot_msgs/local/lib/python3.10/dist-packages/custom_robot_msgs/msg
[2.485s] -- Installing: /home/sdc/Desktop/mocap4ros2_ws/Archive/install/custom_robot_msgs/local/lib/python3.10/dist-packages/custom_robot_msgs/msg/__init__.py
[2.485s] -- Installing: /home/sdc/Desktop/mocap4ros2_ws/Archive/install/custom_robot_msgs/local/lib/python3.10/dist-packages/custom_robot_msgs/msg/_robot_command_msgs.py
[2.485s] -- Up-to-date: /home/sdc/Desktop/mocap4ros2_ws/Archive/install/custom_robot_msgs/local/lib/python3.10/dist-packages/custom_robot_msgs/msg/_num_s.c
[2.485s] -- Up-to-date: /home/sdc/Desktop/mocap4ros2_ws/Archive/install/custom_robot_msgs/local/lib/python3.10/dist-packages/custom_robot_msgs/msg/_num.py
[2.485s] -- Installing: /home/sdc/Desktop/mocap4ros2_ws/Archive/install/custom_robot_msgs/local/lib/python3.10/dist-packages/custom_robot_msgs/msg/_robot_command_msgs_s.c
[2.485s] -- Installing: /home/sdc/Desktop/mocap4ros2_ws/Archive/install/custom_robot_msgs/local/lib/python3.10/dist-packages/custom_robot_msgs/__init__.py
[2.485s] -- Installing: /home/sdc/Desktop/mocap4ros2_ws/Archive/install/custom_robot_msgs/local/lib/python3.10/dist-packages/custom_robot_msgs/custom_robot_msgs_s__rosidl_typesupport_introspection_c.cpython-310-x86_64-linux-gnu.so
[2.485s] -- Up-to-date: /home/sdc/Desktop/mocap4ros2_ws/Archive/install/custom_robot_msgs/local/lib/python3.10/dist-packages/custom_robot_msgs/srv
[2.485s] -- Installing: /home/sdc/Desktop/mocap4ros2_ws/Archive/install/custom_robot_msgs/local/lib/python3.10/dist-packages/custom_robot_msgs/srv/__init__.py
[2.485s] -- Installing: /home/sdc/Desktop/mocap4ros2_ws/Archive/install/custom_robot_msgs/local/lib/python3.10/dist-packages/custom_robot_msgs/srv/_add_three_ints_s.c
[2.486s] -- Installing: /home/sdc/Desktop/mocap4ros2_ws/Archive/install/custom_robot_msgs/local/lib/python3.10/dist-packages/custom_robot_msgs/srv/_add_three_ints.py
[2.486s] -- Installing: /home/sdc/Desktop/mocap4ros2_ws/Archive/install/custom_robot_msgs/local/lib/python3.10/dist-packages/custom_robot_msgs/custom_robot_msgs_s__rosidl_typesupport_fastrtps_c.cpython-310-x86_64-linux-gnu.so
[2.486s] -- Installing: /home/sdc/Desktop/mocap4ros2_ws/Archive/install/custom_robot_msgs/local/lib/python3.10/dist-packages/custom_robot_msgs/custom_robot_msgs_s__rosidl_typesupport_c.cpython-310-x86_64-linux-gnu.so
[2.486s] -- Installing: /home/sdc/Desktop/mocap4ros2_ws/Archive/install/custom_robot_msgs/local/lib/python3.10/dist-packages/custom_robot_msgs/_custom_robot_msgs_s.ep.rosidl_typesupport_c.c
[2.486s] -- Installing: /home/sdc/Desktop/mocap4ros2_ws/Archive/install/custom_robot_msgs/local/lib/python3.10/dist-packages/custom_robot_msgs/_custom_robot_msgs_s.ep.rosidl_typesupport_introspection_c.c
[2.486s] -- Installing: /home/sdc/Desktop/mocap4ros2_ws/Archive/install/custom_robot_msgs/local/lib/python3.10/dist-packages/custom_robot_msgs/libcustom_robot_msgs__rosidl_generator_py.so
[2.512s] Listing '/home/sdc/Desktop/mocap4ros2_ws/Archive/install/custom_robot_msgs/local/lib/python3.10/dist-packages/custom_robot_msgs'...
[2.512s] Compiling '/home/sdc/Desktop/mocap4ros2_ws/Archive/install/custom_robot_msgs/local/lib/python3.10/dist-packages/custom_robot_msgs/__init__.py'...
[2.512s] Listing '/home/sdc/Desktop/mocap4ros2_ws/Archive/install/custom_robot_msgs/local/lib/python3.10/dist-packages/custom_robot_msgs/msg'...
[2.512s] Compiling '/home/sdc/Desktop/mocap4ros2_ws/Archive/install/custom_robot_msgs/local/lib/python3.10/dist-packages/custom_robot_msgs/msg/__init__.py'...
[2.512s] Compiling '/home/sdc/Desktop/mocap4ros2_ws/Archive/install/custom_robot_msgs/local/lib/python3.10/dist-packages/custom_robot_msgs/msg/_robot_command_msgs.py'...
[2.512s] Listing '/home/sdc/Desktop/mocap4ros2_ws/Archive/install/custom_robot_msgs/local/lib/python3.10/dist-packages/custom_robot_msgs/srv'...
[2.512s] Compiling '/home/sdc/Desktop/mocap4ros2_ws/Archive/install/custom_robot_msgs/local/lib/python3.10/dist-packages/custom_robot_msgs/srv/__init__.py'...
[2.512s] Compiling '/home/sdc/Desktop/mocap4ros2_ws/Archive/install/custom_robot_msgs/local/lib/python3.10/dist-packages/custom_robot_msgs/srv/_add_three_ints.py'...
[2.515s] -- Installing: /home/sdc/Desktop/mocap4ros2_ws/Archive/install/custom_robot_msgs/local/lib/python3.10/dist-packages/custom_robot_msgs/custom_robot_msgs_s__rosidl_typesupport_fastrtps_c.cpython-310-x86_64-linux-gnu.so
[2.515s] -- Set runtime path of "/home/sdc/Desktop/mocap4ros2_ws/Archive/install/custom_robot_msgs/local/lib/python3.10/dist-packages/custom_robot_msgs/custom_robot_msgs_s__rosidl_typesupport_fastrtps_c.cpython-310-x86_64-linux-gnu.so" to ""
[2.515s] -- Installing: /home/sdc/Desktop/mocap4ros2_ws/Archive/install/custom_robot_msgs/local/lib/python3.10/dist-packages/custom_robot_msgs/custom_robot_msgs_s__rosidl_typesupport_introspection_c.cpython-310-x86_64-linux-gnu.so
[2.515s] -- Set runtime path of "/home/sdc/Desktop/mocap4ros2_ws/Archive/install/custom_robot_msgs/local/lib/python3.10/dist-packages/custom_robot_msgs/custom_robot_msgs_s__rosidl_typesupport_introspection_c.cpython-310-x86_64-linux-gnu.so" to ""
[2.515s] -- Installing: /home/sdc/Desktop/mocap4ros2_ws/Archive/install/custom_robot_msgs/local/lib/python3.10/dist-packages/custom_robot_msgs/custom_robot_msgs_s__rosidl_typesupport_c.cpython-310-x86_64-linux-gnu.so
[2.515s] -- Set runtime path of "/home/sdc/Desktop/mocap4ros2_ws/Archive/install/custom_robot_msgs/local/lib/python3.10/dist-packages/custom_robot_msgs/custom_robot_msgs_s__rosidl_typesupport_c.cpython-310-x86_64-linux-gnu.so" to ""
[2.515s] -- Installing: /home/sdc/Desktop/mocap4ros2_ws/Archive/install/custom_robot_msgs/lib/libcustom_robot_msgs__rosidl_generator_py.so
[2.515s] -- Set runtime path of "/home/sdc/Desktop/mocap4ros2_ws/Archive/install/custom_robot_msgs/lib/libcustom_robot_msgs__rosidl_generator_py.so" to ""
[2.515s] -- Installing: /home/sdc/Desktop/mocap4ros2_ws/Archive/install/custom_robot_msgs/share/custom_robot_msgs/msg/RobotCommandMsgs.idl
[2.515s] -- Up-to-date: /home/sdc/Desktop/mocap4ros2_ws/Archive/install/custom_robot_msgs/share/custom_robot_msgs/srv/AddThreeInts.idl
[2.515s] -- Installing: /home/sdc/Desktop/mocap4ros2_ws/Archive/install/custom_robot_msgs/share/custom_robot_msgs/msg/RobotCommandMsgs.msg
[2.516s] -- Up-to-date: /home/sdc/Desktop/mocap4ros2_ws/Archive/install/custom_robot_msgs/share/custom_robot_msgs/srv/AddThreeInts.srv
[2.516s] -- Up-to-date: /home/sdc/Desktop/mocap4ros2_ws/Archive/install/custom_robot_msgs/share/custom_robot_msgs/srv/AddThreeInts_Request.msg
[2.516s] -- Up-to-date: /home/sdc/Desktop/mocap4ros2_ws/Archive/install/custom_robot_msgs/share/custom_robot_msgs/srv/AddThreeInts_Response.msg
[2.516s] -- Up-to-date: /home/sdc/Desktop/mocap4ros2_ws/Archive/install/custom_robot_msgs/share/ament_index/resource_index/package_run_dependencies/custom_robot_msgs
[2.516s] -- Up-to-date: /home/sdc/Desktop/mocap4ros2_ws/Archive/install/custom_robot_msgs/share/ament_index/resource_index/parent_prefix_path/custom_robot_msgs
[2.516s] -- Up-to-date: /home/sdc/Desktop/mocap4ros2_ws/Archive/install/custom_robot_msgs/share/custom_robot_msgs/environment/ament_prefix_path.sh
[2.516s] -- Installing: /home/sdc/Desktop/mocap4ros2_ws/Archive/install/custom_robot_msgs/share/custom_robot_msgs/environment/ament_prefix_path.dsv
[2.516s] -- Up-to-date: /home/sdc/Desktop/mocap4ros2_ws/Archive/install/custom_robot_msgs/share/custom_robot_msgs/environment/path.sh
[2.516s] -- Installing: /home/sdc/Desktop/mocap4ros2_ws/Archive/install/custom_robot_msgs/share/custom_robot_msgs/environment/path.dsv
[2.516s] -- Up-to-date: /home/sdc/Desktop/mocap4ros2_ws/Archive/install/custom_robot_msgs/share/custom_robot_msgs/local_setup.bash
[2.516s] -- Up-to-date: /home/sdc/Desktop/mocap4ros2_ws/Archive/install/custom_robot_msgs/share/custom_robot_msgs/local_setup.sh
[2.516s] -- Up-to-date: /home/sdc/Desktop/mocap4ros2_ws/Archive/install/custom_robot_msgs/share/custom_robot_msgs/local_setup.zsh
[2.516s] -- Installing: /home/sdc/Desktop/mocap4ros2_ws/Archive/install/custom_robot_msgs/share/custom_robot_msgs/local_setup.dsv
[2.516s] -- Installing: /home/sdc/Desktop/mocap4ros2_ws/Archive/install/custom_robot_msgs/share/custom_robot_msgs/package.dsv
[2.516s] -- Up-to-date: /home/sdc/Desktop/mocap4ros2_ws/Archive/install/custom_robot_msgs/share/ament_index/resource_index/packages/custom_robot_msgs
[2.516s] -- Up-to-date: /home/sdc/Desktop/mocap4ros2_ws/Archive/install/custom_robot_msgs/share/custom_robot_msgs/cmake/export_custom_robot_msgs__rosidl_generator_cExport.cmake
[2.516s] -- Up-to-date: /home/sdc/Desktop/mocap4ros2_ws/Archive/install/custom_robot_msgs/share/custom_robot_msgs/cmake/export_custom_robot_msgs__rosidl_generator_cExport-noconfig.cmake
[2.516s] -- Up-to-date: /home/sdc/Desktop/mocap4ros2_ws/Archive/install/custom_robot_msgs/share/custom_robot_msgs/cmake/export_custom_robot_msgs__rosidl_typesupport_fastrtps_cExport.cmake
[2.516s] -- Up-to-date: /home/sdc/Desktop/mocap4ros2_ws/Archive/install/custom_robot_msgs/share/custom_robot_msgs/cmake/export_custom_robot_msgs__rosidl_typesupport_fastrtps_cExport-noconfig.cmake
[2.516s] -- Up-to-date: /home/sdc/Desktop/mocap4ros2_ws/Archive/install/custom_robot_msgs/share/custom_robot_msgs/cmake/custom_robot_msgs__rosidl_typesupport_introspection_cExport.cmake
[2.516s] -- Up-to-date: /home/sdc/Desktop/mocap4ros2_ws/Archive/install/custom_robot_msgs/share/custom_robot_msgs/cmake/custom_robot_msgs__rosidl_typesupport_introspection_cExport-noconfig.cmake
[2.516s] -- Up-to-date: /home/sdc/Desktop/mocap4ros2_ws/Archive/install/custom_robot_msgs/share/custom_robot_msgs/cmake/custom_robot_msgs__rosidl_typesupport_cExport.cmake
[2.516s] -- Up-to-date: /home/sdc/Desktop/mocap4ros2_ws/Archive/install/custom_robot_msgs/share/custom_robot_msgs/cmake/custom_robot_msgs__rosidl_typesupport_cExport-noconfig.cmake
[2.517s] -- Up-to-date: /home/sdc/Desktop/mocap4ros2_ws/Archive/install/custom_robot_msgs/share/custom_robot_msgs/cmake/export_custom_robot_msgs__rosidl_generator_cppExport.cmake
[2.517s] -- Up-to-date: /home/sdc/Desktop/mocap4ros2_ws/Archive/install/custom_robot_msgs/share/custom_robot_msgs/cmake/export_custom_robot_msgs__rosidl_typesupport_fastrtps_cppExport.cmake
[2.517s] -- Up-to-date: /home/sdc/Desktop/mocap4ros2_ws/Archive/install/custom_robot_msgs/share/custom_robot_msgs/cmake/export_custom_robot_msgs__rosidl_typesupport_fastrtps_cppExport-noconfig.cmake
[2.517s] -- Up-to-date: /home/sdc/Desktop/mocap4ros2_ws/Archive/install/custom_robot_msgs/share/custom_robot_msgs/cmake/custom_robot_msgs__rosidl_typesupport_introspection_cppExport.cmake
[2.517s] -- Up-to-date: /home/sdc/Desktop/mocap4ros2_ws/Archive/install/custom_robot_msgs/share/custom_robot_msgs/cmake/custom_robot_msgs__rosidl_typesupport_introspection_cppExport-noconfig.cmake
[2.517s] -- Up-to-date: /home/sdc/Desktop/mocap4ros2_ws/Archive/install/custom_robot_msgs/share/custom_robot_msgs/cmake/custom_robot_msgs__rosidl_typesupport_cppExport.cmake
[2.517s] -- Up-to-date: /home/sdc/Desktop/mocap4ros2_ws/Archive/install/custom_robot_msgs/share/custom_robot_msgs/cmake/custom_robot_msgs__rosidl_typesupport_cppExport-noconfig.cmake
[2.517s] -- Up-to-date: /home/sdc/Desktop/mocap4ros2_ws/Archive/install/custom_robot_msgs/share/custom_robot_msgs/cmake/export_custom_robot_msgs__rosidl_generator_pyExport.cmake
[2.517s] -- Up-to-date: /home/sdc/Desktop/mocap4ros2_ws/Archive/install/custom_robot_msgs/share/custom_robot_msgs/cmake/export_custom_robot_msgs__rosidl_generator_pyExport-noconfig.cmake
[2.517s] -- Up-to-date: /home/sdc/Desktop/mocap4ros2_ws/Archive/install/custom_robot_msgs/share/custom_robot_msgs/cmake/rosidl_cmake-extras.cmake
[2.517s] -- Up-to-date: /home/sdc/Desktop/mocap4ros2_ws/Archive/install/custom_robot_msgs/share/custom_robot_msgs/cmake/ament_cmake_export_dependencies-extras.cmake
[2.517s] -- Up-to-date: /home/sdc/Desktop/mocap4ros2_ws/Archive/install/custom_robot_msgs/share/custom_robot_msgs/cmake/ament_cmake_export_include_directories-extras.cmake
[2.517s] -- Up-to-date: /home/sdc/Desktop/mocap4ros2_ws/Archive/install/custom_robot_msgs/share/custom_robot_msgs/cmake/ament_cmake_export_libraries-extras.cmake
[2.517s] -- Up-to-date: /home/sdc/Desktop/mocap4ros2_ws/Archive/install/custom_robot_msgs/share/custom_robot_msgs/cmake/ament_cmake_export_targets-extras.cmake
[2.517s] -- Up-to-date: /home/sdc/Desktop/mocap4ros2_ws/Archive/install/custom_robot_msgs/share/custom_robot_msgs/cmake/rosidl_cmake_export_typesupport_targets-extras.cmake
[2.517s] -- Up-to-date: /home/sdc/Desktop/mocap4ros2_ws/Archive/install/custom_robot_msgs/share/custom_robot_msgs/cmake/rosidl_cmake_export_typesupport_libraries-extras.cmake
[2.517s] -- Up-to-date: /home/sdc/Desktop/mocap4ros2_ws/Archive/install/custom_robot_msgs/share/custom_robot_msgs/cmake/custom_robot_msgsConfig.cmake
[2.517s] -- Up-to-date: /home/sdc/Desktop/mocap4ros2_ws/Archive/install/custom_robot_msgs/share/custom_robot_msgs/cmake/custom_robot_msgsConfig-version.cmake
[2.517s] -- Up-to-date: /home/sdc/Desktop/mocap4ros2_ws/Archive/install/custom_robot_msgs/share/custom_robot_msgs/package.xml
[2.518s] Invoked command in '/home/sdc/Desktop/mocap4ros2_ws/Archive/build/custom_robot_msgs' returned '0': CMAKE_PREFIX_PATH=${CMAKE_PREFIX_PATH}:/home/sdc/Desktop/mocap4ros2_ws/Archive/install/target_pid_controller:/home/sdc/Desktop/mocap4ros2_ws/Archive/install/pure_pursuit:/home/sdc/Desktop/mocap4ros2_ws/install/target_pid_controller:/home/sdc/Desktop/mocap4ros2_ws/install/pure_pursuit:/home/sdc/Desktop/mocap4ros2_ws/install/rqt_joint_trajectory_controller:/home/sdc/Desktop/mocap4ros2_ws/install/rqt_controller_manager:/home/sdc/Desktop/mocap4ros2_ws/install/ros2controlcli:/home/sdc/Desktop/mocap4ros2_ws/install/ros2_controllers_test_nodes:/home/sdc/Desktop/mocap4ros2_ws/install/mocap4r2cli:/home/sdc/Desktop/mocap4ros2_ws/install/learning_tf2_py:/opt/ros/humble /usr/bin/cmake --install /home/sdc/Desktop/mocap4ros2_ws/Archive/build/custom_robot_msgs
