[0.090s] Invoking command in '/home/sdc/Desktop/mocap4ros2_ws/Archive/build/custom_robot_msgs': CMAKE_PREFIX_PATH=${CMAKE_PREFIX_PATH}:/home/sdc/Desktop/mocap4ros2_ws/Archive/install/target_pid_controller:/home/sdc/Desktop/mocap4ros2_ws/Archive/install/pure_pursuit:/home/sdc/Desktop/mocap4ros2_ws/install/target_pid_controller:/home/sdc/Desktop/mocap4ros2_ws/install/pure_pursuit:/home/sdc/Desktop/mocap4ros2_ws/install/rqt_joint_trajectory_controller:/home/sdc/Desktop/mocap4ros2_ws/install/rqt_controller_manager:/home/sdc/Desktop/mocap4ros2_ws/install/ros2controlcli:/home/sdc/Desktop/mocap4ros2_ws/install/ros2_controllers_test_nodes:/home/sdc/Desktop/mocap4ros2_ws/install/mocap4r2cli:/home/sdc/Desktop/mocap4ros2_ws/install/learning_tf2_py:/opt/ros/humble /usr/bin/cmake --build /home/sdc/Desktop/mocap4ros2_ws/Archive/build/custom_robot_msgs -- -j16 -l16
[0.110s] -- Found ament_cmake: 1.3.9 (/opt/ros/humble/share/ament_cmake/cmake)
[0.191s] -- Found rosidl_default_generators: 1.2.0 (/opt/ros/humble/share/rosidl_default_generators/cmake)
[0.198s] -- Using all available rosidl_typesupport_c: rosidl_typesupport_fastrtps_c;rosidl_typesupport_introspection_c
[0.199s] -- Found rosidl_adapter: 3.1.5 (/opt/ros/humble/share/rosidl_adapter/cmake)
[0.217s] -- Using all available rosidl_typesupport_cpp: rosidl_typesupport_fastrtps_cpp;rosidl_typesupport_introspection_cpp
[0.391s] -- Found ament_cmake_ros: 0.10.0 (/opt/ros/humble/share/ament_cmake_ros/cmake)
[0.513s] -- Using all available rosidl_typesupport_c: rosidl_typesupport_fastrtps_c;rosidl_typesupport_introspection_c
[0.673s] -- Using all available rosidl_typesupport_cpp: rosidl_typesupport_fastrtps_cpp;rosidl_typesupport_introspection_cpp
[0.689s] -- Found python_cmake_module: 0.10.0 (/opt/ros/humble/share/python_cmake_module/cmake)
[0.704s] -- Using PYTHON_EXECUTABLE: /usr/bin/python3
[0.704s] -- Using PYTHON_INCLUDE_DIRS: /usr/include/python3.10
[0.704s] -- Using PYTHON_LIBRARIES: /usr/lib/x86_64-linux-gnu/libpython3.10.so
[0.728s] -- Found std_msgs: 4.2.4 (/opt/ros/humble/share/std_msgs/cmake)
[0.760s] -- Found ament_lint_auto: 0.12.11 (/opt/ros/humble/share/ament_lint_auto/cmake)
[0.764s] -- Added test 'lint_cmake' to check CMake code style
[0.764s] -- Added test 'xmllint' to check XML markup files
[0.765s] -- Configuring done
[0.778s] -- Generating done
[0.779s] -- Build files have been written to: /home/sdc/Desktop/mocap4ros2_ws/Archive/build/custom_robot_msgs
[0.799s] [  2%] [34m[1mGenerating C code for ROS interfaces[0m
[0.808s] [  5%] [34m[1mGenerating C++ code for ROS interfaces[0m
[0.816s] [  5%] Built target ament_cmake_python_copy_custom_robot_msgs
[0.988s] [35m[1mConsolidate compiler generated dependencies of target custom_robot_msgs__rosidl_generator_c[0m
[0.988s] [  5%] Built target custom_robot_msgs__cpp
[0.990s] running egg_info
[0.991s] writing custom_robot_msgs.egg-info/PKG-INFO
[0.991s] writing dependency_links to custom_robot_msgs.egg-info/dependency_links.txt
[0.991s] writing top-level names to custom_robot_msgs.egg-info/top_level.txt
[0.992s] reading manifest file 'custom_robot_msgs.egg-info/SOURCES.txt'
[0.993s] writing manifest file 'custom_robot_msgs.egg-info/SOURCES.txt'
[0.997s] [  7%] [34m[1mGenerating C++ type support for eProsima Fast-RTPS[0m
[0.998s] [ 12%] [34m[1mGenerating C++ type support dispatch for ROS interfaces[0m
[0.998s] [ 12%] [32mBuilding C object CMakeFiles/custom_robot_msgs__rosidl_generator_c.dir/rosidl_generator_c/custom_robot_msgs/msg/detail/robot_command_msgs__functions.c.o[0m
[1.001s] [ 15%] [32mBuilding C object CMakeFiles/custom_robot_msgs__rosidl_generator_c.dir/rosidl_generator_c/custom_robot_msgs/srv/detail/add_three_ints__functions.c.o[0m
[1.003s] [ 17%] [34m[1mGenerating C++ introspection for ROS interfaces[0m
[1.011s] [ 17%] Built target ament_cmake_python_build_custom_robot_msgs_egg
[1.037s] [ 20%] [32m[1mLinking C shared library libcustom_robot_msgs__rosidl_generator_c.so[0m
[1.065s] [ 20%] Built target custom_robot_msgs__rosidl_generator_c
[1.074s] [ 23%] [34m[1mGenerating C type support for eProsima Fast-RTPS[0m
[1.078s] [ 28%] [34m[1mGenerating C introspection for ROS interfaces[0m
[1.078s] [ 28%] [34m[1mGenerating C type support dispatch for ROS interfaces[0m
[1.169s] [35m[1mConsolidate compiler generated dependencies of target custom_robot_msgs__rosidl_typesupport_cpp[0m
[1.171s] [35m[1mConsolidate compiler generated dependencies of target custom_robot_msgs__rosidl_typesupport_fastrtps_cpp[0m
[1.180s] [ 33%] [32mBuilding CXX object CMakeFiles/custom_robot_msgs__rosidl_typesupport_cpp.dir/rosidl_typesupport_cpp/custom_robot_msgs/msg/robot_command_msgs__type_support.cpp.o[0m
[1.180s] [ 33%] [32mBuilding CXX object CMakeFiles/custom_robot_msgs__rosidl_typesupport_cpp.dir/rosidl_typesupport_cpp/custom_robot_msgs/srv/add_three_ints__type_support.cpp.o[0m
[1.181s] [ 35%] [32mBuilding CXX object CMakeFiles/custom_robot_msgs__rosidl_typesupport_fastrtps_cpp.dir/rosidl_typesupport_fastrtps_cpp/custom_robot_msgs/msg/detail/dds_fastrtps/robot_command_msgs__type_support.cpp.o[0m
[1.184s] [35m[1mConsolidate compiler generated dependencies of target custom_robot_msgs__rosidl_typesupport_introspection_cpp[0m
[1.186s] [ 38%] [32mBuilding CXX object CMakeFiles/custom_robot_msgs__rosidl_typesupport_fastrtps_cpp.dir/rosidl_typesupport_fastrtps_cpp/custom_robot_msgs/srv/detail/dds_fastrtps/add_three_ints__type_support.cpp.o[0m
[1.201s] [ 41%] [32mBuilding CXX object CMakeFiles/custom_robot_msgs__rosidl_typesupport_introspection_cpp.dir/rosidl_typesupport_introspection_cpp/custom_robot_msgs/msg/detail/robot_command_msgs__type_support.cpp.o[0m
[1.201s] [ 43%] [32mBuilding CXX object CMakeFiles/custom_robot_msgs__rosidl_typesupport_introspection_cpp.dir/rosidl_typesupport_introspection_cpp/custom_robot_msgs/srv/detail/add_three_ints__type_support.cpp.o[0m
[1.253s] [35m[1mConsolidate compiler generated dependencies of target custom_robot_msgs__rosidl_typesupport_fastrtps_c[0m
[1.265s] [ 46%] [32mBuilding CXX object CMakeFiles/custom_robot_msgs__rosidl_typesupport_fastrtps_c.dir/rosidl_typesupport_fastrtps_c/custom_robot_msgs/msg/detail/robot_command_msgs__type_support_c.cpp.o[0m
[1.269s] [ 48%] [32mBuilding CXX object CMakeFiles/custom_robot_msgs__rosidl_typesupport_fastrtps_c.dir/rosidl_typesupport_fastrtps_c/custom_robot_msgs/srv/detail/add_three_ints__type_support_c.cpp.o[0m
[1.320s] [ 51%] [32m[1mLinking CXX shared library libcustom_robot_msgs__rosidl_typesupport_cpp.so[0m
[1.335s] [35m[1mConsolidate compiler generated dependencies of target custom_robot_msgs__rosidl_typesupport_c[0m
[1.351s] [ 53%] [32mBuilding CXX object CMakeFiles/custom_robot_msgs__rosidl_typesupport_c.dir/rosidl_typesupport_c/custom_robot_msgs/srv/add_three_ints__type_support.cpp.o[0m
[1.352s] [ 56%] [32mBuilding CXX object CMakeFiles/custom_robot_msgs__rosidl_typesupport_c.dir/rosidl_typesupport_c/custom_robot_msgs/msg/robot_command_msgs__type_support.cpp.o[0m
[1.356s] [ 56%] Built target custom_robot_msgs__rosidl_typesupport_cpp
[1.366s] [35m[1mConsolidate compiler generated dependencies of target custom_robot_msgs__rosidl_typesupport_introspection_c[0m
[1.378s] [ 58%] [32mBuilding C object CMakeFiles/custom_robot_msgs__rosidl_typesupport_introspection_c.dir/rosidl_typesupport_introspection_c/custom_robot_msgs/msg/detail/robot_command_msgs__type_support.c.o[0m
[1.382s] [ 61%] [32mBuilding C object CMakeFiles/custom_robot_msgs__rosidl_typesupport_introspection_c.dir/rosidl_typesupport_introspection_c/custom_robot_msgs/srv/detail/add_three_ints__type_support.c.o[0m
[1.386s] [ 64%] [32m[1mLinking CXX shared library libcustom_robot_msgs__rosidl_typesupport_c.so[0m
[1.407s] [ 66%] [32m[1mLinking C shared library libcustom_robot_msgs__rosidl_typesupport_introspection_c.so[0m
[1.421s] [ 66%] Built target custom_robot_msgs__rosidl_typesupport_c
[1.433s] [ 66%] Built target custom_robot_msgs__rosidl_typesupport_introspection_c
[1.473s] [ 69%] [32m[1mLinking CXX shared library libcustom_robot_msgs__rosidl_typesupport_fastrtps_c.so[0m
[1.508s] [ 71%] [32m[1mLinking CXX shared library libcustom_robot_msgs__rosidl_typesupport_introspection_cpp.so[0m
[1.513s] [ 74%] [32m[1mLinking CXX shared library libcustom_robot_msgs__rosidl_typesupport_fastrtps_cpp.so[0m
[1.522s] [ 74%] Built target custom_robot_msgs__rosidl_typesupport_fastrtps_c
[1.537s] [ 74%] Built target custom_robot_msgs__rosidl_typesupport_introspection_cpp
[1.560s] [ 74%] Built target custom_robot_msgs__rosidl_typesupport_fastrtps_cpp
[1.577s] [ 74%] Built target custom_robot_msgs
[1.600s] [ 76%] [34m[1mGenerating Python code for ROS interfaces[0m
[1.834s] [ 76%] Built target custom_robot_msgs__py
[1.844s] [35m[1mConsolidate compiler generated dependencies of target custom_robot_msgs__rosidl_generator_py[0m
[1.859s] [ 79%] [32mBuilding C object CMakeFiles/custom_robot_msgs__rosidl_generator_py.dir/rosidl_generator_py/custom_robot_msgs/msg/_robot_command_msgs_s.c.o[0m
[1.860s] [ 82%] [32mBuilding C object CMakeFiles/custom_robot_msgs__rosidl_generator_py.dir/rosidl_generator_py/custom_robot_msgs/srv/_add_three_ints_s.c.o[0m
[1.914s] [ 84%] [32m[1mLinking C shared library rosidl_generator_py/custom_robot_msgs/libcustom_robot_msgs__rosidl_generator_py.so[0m
[1.947s] [ 84%] Built target custom_robot_msgs__rosidl_generator_py
[1.957s] [35m[1mConsolidate compiler generated dependencies of target custom_robot_msgs__rosidl_typesupport_introspection_c__pyext[0m
[1.957s] [35m[1mConsolidate compiler generated dependencies of target custom_robot_msgs__rosidl_typesupport_fastrtps_c__pyext[0m
[1.957s] [35m[1mConsolidate compiler generated dependencies of target custom_robot_msgs__rosidl_typesupport_c__pyext[0m
[1.968s] [ 92%] [32mBuilding C object CMakeFiles/custom_robot_msgs__rosidl_typesupport_introspection_c__pyext.dir/rosidl_generator_py/custom_robot_msgs/_custom_robot_msgs_s.ep.rosidl_typesupport_introspection_c.c.o[0m
[1.968s] [ 92%] [32mBuilding C object CMakeFiles/custom_robot_msgs__rosidl_typesupport_fastrtps_c__pyext.dir/rosidl_generator_py/custom_robot_msgs/_custom_robot_msgs_s.ep.rosidl_typesupport_fastrtps_c.c.o[0m
[1.968s] [ 92%] [32mBuilding C object CMakeFiles/custom_robot_msgs__rosidl_typesupport_c__pyext.dir/rosidl_generator_py/custom_robot_msgs/_custom_robot_msgs_s.ep.rosidl_typesupport_c.c.o[0m
[2.024s] [100%] [32m[1mLinking C shared library rosidl_generator_py/custom_robot_msgs/custom_robot_msgs_s__rosidl_typesupport_fastrtps_c.cpython-310-x86_64-linux-gnu.so[0m
[2.024s] [100%] [32m[1mLinking C shared library rosidl_generator_py/custom_robot_msgs/custom_robot_msgs_s__rosidl_typesupport_introspection_c.cpython-310-x86_64-linux-gnu.so[0m
[2.024s] [100%] [32m[1mLinking C shared library rosidl_generator_py/custom_robot_msgs/custom_robot_msgs_s__rosidl_typesupport_c.cpython-310-x86_64-linux-gnu.so[0m
[2.049s] [100%] Built target custom_robot_msgs__rosidl_typesupport_introspection_c__pyext
[2.049s] [100%] Built target custom_robot_msgs__rosidl_typesupport_c__pyext
[2.049s] [100%] Built target custom_robot_msgs__rosidl_typesupport_fastrtps_c__pyext
[2.058s] Invoked command in '/home/sdc/Desktop/mocap4ros2_ws/Archive/build/custom_robot_msgs' returned '0': CMAKE_PREFIX_PATH=${CMAKE_PREFIX_PATH}:/home/sdc/Desktop/mocap4ros2_ws/Archive/install/target_pid_controller:/home/sdc/Desktop/mocap4ros2_ws/Archive/install/pure_pursuit:/home/sdc/Desktop/mocap4ros2_ws/install/target_pid_controller:/home/sdc/Desktop/mocap4ros2_ws/install/pure_pursuit:/home/sdc/Desktop/mocap4ros2_ws/install/rqt_joint_trajectory_controller:/home/sdc/Desktop/mocap4ros2_ws/install/rqt_controller_manager:/home/sdc/Desktop/mocap4ros2_ws/install/ros2controlcli:/home/sdc/Desktop/mocap4ros2_ws/install/ros2_controllers_test_nodes:/home/sdc/Desktop/mocap4ros2_ws/install/mocap4r2cli:/home/sdc/Desktop/mocap4ros2_ws/install/learning_tf2_py:/opt/ros/humble /usr/bin/cmake --build /home/sdc/Desktop/mocap4ros2_ws/Archive/build/custom_robot_msgs -- -j16 -l16
[2.147s] Invoking command in '/home/sdc/Desktop/mocap4ros2_ws/Archive/build/custom_robot_msgs': CMAKE_PREFIX_PATH=${CMAKE_PREFIX_PATH}:/home/sdc/Desktop/mocap4ros2_ws/Archive/install/target_pid_controller:/home/sdc/Desktop/mocap4ros2_ws/Archive/install/pure_pursuit:/home/sdc/Desktop/mocap4ros2_ws/install/target_pid_controller:/home/sdc/Desktop/mocap4ros2_ws/install/pure_pursuit:/home/sdc/Desktop/mocap4ros2_ws/install/rqt_joint_trajectory_controller:/home/sdc/Desktop/mocap4ros2_ws/install/rqt_controller_manager:/home/sdc/Desktop/mocap4ros2_ws/install/ros2controlcli:/home/sdc/Desktop/mocap4ros2_ws/install/ros2_controllers_test_nodes:/home/sdc/Desktop/mocap4ros2_ws/install/mocap4r2cli:/home/sdc/Desktop/mocap4ros2_ws/install/learning_tf2_py:/opt/ros/humble /usr/bin/cmake --install /home/sdc/Desktop/mocap4ros2_ws/Archive/build/custom_robot_msgs
[2.153s] -- Install configuration: ""
[2.153s] -- Up-to-date: /home/sdc/Desktop/mocap4ros2_ws/Archive/install/custom_robot_msgs/share/ament_index/resource_index/rosidl_interfaces/custom_robot_msgs
[2.153s] -- Up-to-date: /home/sdc/Desktop/mocap4ros2_ws/Archive/install/custom_robot_msgs/include/custom_robot_msgs/custom_robot_msgs
[2.154s] -- Up-to-date: /home/sdc/Desktop/mocap4ros2_ws/Archive/install/custom_robot_msgs/include/custom_robot_msgs/custom_robot_msgs/msg
[2.154s] -- Up-to-date: /home/sdc/Desktop/mocap4ros2_ws/Archive/install/custom_robot_msgs/include/custom_robot_msgs/custom_robot_msgs/msg/detail
[2.154s] -- Installing: /home/sdc/Desktop/mocap4ros2_ws/Archive/install/custom_robot_msgs/include/custom_robot_msgs/custom_robot_msgs/msg/detail/robot_command_msgs__struct.h
[2.154s] -- Up-to-date: /home/sdc/Desktop/mocap4ros2_ws/Archive/install/custom_robot_msgs/include/custom_robot_msgs/custom_robot_msgs/msg/detail/num__type_support.h
[2.154s] -- Up-to-date: /home/sdc/Desktop/mocap4ros2_ws/Archive/install/custom_robot_msgs/include/custom_robot_msgs/custom_robot_msgs/msg/detail/num__struct.h
[2.154s] -- Installing: /home/sdc/Desktop/mocap4ros2_ws/Archive/install/custom_robot_msgs/include/custom_robot_msgs/custom_robot_msgs/msg/detail/robot_command_msgs__type_support.h
[2.154s] -- Installing: /home/sdc/Desktop/mocap4ros2_ws/Archive/install/custom_robot_msgs/include/custom_robot_msgs/custom_robot_msgs/msg/detail/robot_command_msgs__functions.h
[2.154s] -- Up-to-date: /home/sdc/Desktop/mocap4ros2_ws/Archive/install/custom_robot_msgs/include/custom_robot_msgs/custom_robot_msgs/msg/detail/num__functions.c
[2.154s] -- Installing: /home/sdc/Desktop/mocap4ros2_ws/Archive/install/custom_robot_msgs/include/custom_robot_msgs/custom_robot_msgs/msg/detail/robot_command_msgs__functions.c
[2.154s] -- Up-to-date: /home/sdc/Desktop/mocap4ros2_ws/Archive/install/custom_robot_msgs/include/custom_robot_msgs/custom_robot_msgs/msg/detail/num__functions.h
[2.154s] -- Up-to-date: /home/sdc/Desktop/mocap4ros2_ws/Archive/install/custom_robot_msgs/include/custom_robot_msgs/custom_robot_msgs/msg/rosidl_generator_c__visibility_control.h
[2.154s] -- Up-to-date: /home/sdc/Desktop/mocap4ros2_ws/Archive/install/custom_robot_msgs/include/custom_robot_msgs/custom_robot_msgs/msg/num.h
[2.154s] -- Installing: /home/sdc/Desktop/mocap4ros2_ws/Archive/install/custom_robot_msgs/include/custom_robot_msgs/custom_robot_msgs/msg/robot_command_msgs.h
[2.154s] -- Up-to-date: /home/sdc/Desktop/mocap4ros2_ws/Archive/install/custom_robot_msgs/include/custom_robot_msgs/custom_robot_msgs/srv
[2.154s] -- Installing: /home/sdc/Desktop/mocap4ros2_ws/Archive/install/custom_robot_msgs/include/custom_robot_msgs/custom_robot_msgs/srv/add_three_ints.h
[2.155s] -- Up-to-date: /home/sdc/Desktop/mocap4ros2_ws/Archive/install/custom_robot_msgs/include/custom_robot_msgs/custom_robot_msgs/srv/detail
[2.155s] -- Installing: /home/sdc/Desktop/mocap4ros2_ws/Archive/install/custom_robot_msgs/include/custom_robot_msgs/custom_robot_msgs/srv/detail/add_three_ints__functions.c
[2.155s] -- Installing: /home/sdc/Desktop/mocap4ros2_ws/Archive/install/custom_robot_msgs/include/custom_robot_msgs/custom_robot_msgs/srv/detail/add_three_ints__struct.h
[2.155s] -- Installing: /home/sdc/Desktop/mocap4ros2_ws/Archive/install/custom_robot_msgs/include/custom_robot_msgs/custom_robot_msgs/srv/detail/add_three_ints__functions.h
[2.155s] -- Installing: /home/sdc/Desktop/mocap4ros2_ws/Archive/install/custom_robot_msgs/include/custom_robot_msgs/custom_robot_msgs/srv/detail/add_three_ints__type_support.h
[2.155s] -- Up-to-date: /home/sdc/Desktop/mocap4ros2_ws/Archive/install/custom_robot_msgs/share/custom_robot_msgs/environment/library_path.sh
[2.155s] -- Installing: /home/sdc/Desktop/mocap4ros2_ws/Archive/install/custom_robot_msgs/share/custom_robot_msgs/environment/library_path.dsv
[2.155s] -- Installing: /home/sdc/Desktop/mocap4ros2_ws/Archive/install/custom_robot_msgs/lib/libcustom_robot_msgs__rosidl_generator_c.so
[2.155s] -- Set runtime path of "/home/sdc/Desktop/mocap4ros2_ws/Archive/install/custom_robot_msgs/lib/libcustom_robot_msgs__rosidl_generator_c.so" to ""
[2.155s] -- Up-to-date: /home/sdc/Desktop/mocap4ros2_ws/Archive/install/custom_robot_msgs/include/custom_robot_msgs/custom_robot_msgs
[2.155s] -- Up-to-date: /home/sdc/Desktop/mocap4ros2_ws/Archive/install/custom_robot_msgs/include/custom_robot_msgs/custom_robot_msgs/msg
[2.155s] -- Up-to-date: /home/sdc/Desktop/mocap4ros2_ws/Archive/install/custom_robot_msgs/include/custom_robot_msgs/custom_robot_msgs/msg/detail
[2.155s] -- Installing: /home/sdc/Desktop/mocap4ros2_ws/Archive/install/custom_robot_msgs/include/custom_robot_msgs/custom_robot_msgs/msg/detail/robot_command_msgs__rosidl_typesupport_fastrtps_c.h
[2.155s] -- Up-to-date: /home/sdc/Desktop/mocap4ros2_ws/Archive/install/custom_robot_msgs/include/custom_robot_msgs/custom_robot_msgs/msg/detail/num__rosidl_typesupport_fastrtps_c.h
[2.156s] -- Up-to-date: /home/sdc/Desktop/mocap4ros2_ws/Archive/install/custom_robot_msgs/include/custom_robot_msgs/custom_robot_msgs/msg/rosidl_typesupport_fastrtps_c__visibility_control.h
[2.156s] -- Up-to-date: /home/sdc/Desktop/mocap4ros2_ws/Archive/install/custom_robot_msgs/include/custom_robot_msgs/custom_robot_msgs/srv
[2.156s] -- Up-to-date: /home/sdc/Desktop/mocap4ros2_ws/Archive/install/custom_robot_msgs/include/custom_robot_msgs/custom_robot_msgs/srv/detail
[2.156s] -- Installing: /home/sdc/Desktop/mocap4ros2_ws/Archive/install/custom_robot_msgs/include/custom_robot_msgs/custom_robot_msgs/srv/detail/add_three_ints__rosidl_typesupport_fastrtps_c.h
[2.156s] -- Installing: /home/sdc/Desktop/mocap4ros2_ws/Archive/install/custom_robot_msgs/lib/libcustom_robot_msgs__rosidl_typesupport_fastrtps_c.so
[2.156s] -- Set runtime path of "/home/sdc/Desktop/mocap4ros2_ws/Archive/install/custom_robot_msgs/lib/libcustom_robot_msgs__rosidl_typesupport_fastrtps_c.so" to ""
[2.156s] -- Up-to-date: /home/sdc/Desktop/mocap4ros2_ws/Archive/install/custom_robot_msgs/include/custom_robot_msgs/custom_robot_msgs
[2.156s] -- Up-to-date: /home/sdc/Desktop/mocap4ros2_ws/Archive/install/custom_robot_msgs/include/custom_robot_msgs/custom_robot_msgs/msg
[2.156s] -- Up-to-date: /home/sdc/Desktop/mocap4ros2_ws/Archive/install/custom_robot_msgs/include/custom_robot_msgs/custom_robot_msgs/msg/rosidl_typesupport_introspection_c__visibility_control.h
[2.156s] -- Up-to-date: /home/sdc/Desktop/mocap4ros2_ws/Archive/install/custom_robot_msgs/include/custom_robot_msgs/custom_robot_msgs/msg/detail
[2.156s] -- Up-to-date: /home/sdc/Desktop/mocap4ros2_ws/Archive/install/custom_robot_msgs/include/custom_robot_msgs/custom_robot_msgs/msg/detail/num__rosidl_typesupport_introspection_c.h
[2.156s] -- Installing: /home/sdc/Desktop/mocap4ros2_ws/Archive/install/custom_robot_msgs/include/custom_robot_msgs/custom_robot_msgs/msg/detail/robot_command_msgs__type_support.c
[2.156s] -- Up-to-date: /home/sdc/Desktop/mocap4ros2_ws/Archive/install/custom_robot_msgs/include/custom_robot_msgs/custom_robot_msgs/msg/detail/num__type_support.c
[2.156s] -- Installing: /home/sdc/Desktop/mocap4ros2_ws/Archive/install/custom_robot_msgs/include/custom_robot_msgs/custom_robot_msgs/msg/detail/robot_command_msgs__rosidl_typesupport_introspection_c.h
[2.156s] -- Up-to-date: /home/sdc/Desktop/mocap4ros2_ws/Archive/install/custom_robot_msgs/include/custom_robot_msgs/custom_robot_msgs/srv
[2.157s] -- Up-to-date: /home/sdc/Desktop/mocap4ros2_ws/Archive/install/custom_robot_msgs/include/custom_robot_msgs/custom_robot_msgs/srv/detail
[2.157s] -- Installing: /home/sdc/Desktop/mocap4ros2_ws/Archive/install/custom_robot_msgs/include/custom_robot_msgs/custom_robot_msgs/srv/detail/add_three_ints__type_support.c
[2.157s] -- Installing: /home/sdc/Desktop/mocap4ros2_ws/Archive/install/custom_robot_msgs/include/custom_robot_msgs/custom_robot_msgs/srv/detail/add_three_ints__rosidl_typesupport_introspection_c.h
[2.157s] -- Installing: /home/sdc/Desktop/mocap4ros2_ws/Archive/install/custom_robot_msgs/lib/libcustom_robot_msgs__rosidl_typesupport_introspection_c.so
[2.157s] -- Set runtime path of "/home/sdc/Desktop/mocap4ros2_ws/Archive/install/custom_robot_msgs/lib/libcustom_robot_msgs__rosidl_typesupport_introspection_c.so" to ""
[2.157s] -- Installing: /home/sdc/Desktop/mocap4ros2_ws/Archive/install/custom_robot_msgs/lib/libcustom_robot_msgs__rosidl_typesupport_c.so
[2.157s] -- Set runtime path of "/home/sdc/Desktop/mocap4ros2_ws/Archive/install/custom_robot_msgs/lib/libcustom_robot_msgs__rosidl_typesupport_c.so" to ""
[2.157s] -- Up-to-date: /home/sdc/Desktop/mocap4ros2_ws/Archive/install/custom_robot_msgs/include/custom_robot_msgs/custom_robot_msgs
[2.157s] -- Up-to-date: /home/sdc/Desktop/mocap4ros2_ws/Archive/install/custom_robot_msgs/include/custom_robot_msgs/custom_robot_msgs/msg
[2.157s] -- Up-to-date: /home/sdc/Desktop/mocap4ros2_ws/Archive/install/custom_robot_msgs/include/custom_robot_msgs/custom_robot_msgs/msg/detail
[2.157s] -- Up-to-date: /home/sdc/Desktop/mocap4ros2_ws/Archive/install/custom_robot_msgs/include/custom_robot_msgs/custom_robot_msgs/msg/detail/num__struct.hpp
[2.157s] -- Installing: /home/sdc/Desktop/mocap4ros2_ws/Archive/install/custom_robot_msgs/include/custom_robot_msgs/custom_robot_msgs/msg/detail/robot_command_msgs__builder.hpp
[2.157s] -- Installing: /home/sdc/Desktop/mocap4ros2_ws/Archive/install/custom_robot_msgs/include/custom_robot_msgs/custom_robot_msgs/msg/detail/robot_command_msgs__struct.hpp
[2.157s] -- Installing: /home/sdc/Desktop/mocap4ros2_ws/Archive/install/custom_robot_msgs/include/custom_robot_msgs/custom_robot_msgs/msg/detail/robot_command_msgs__traits.hpp
[2.157s] -- Up-to-date: /home/sdc/Desktop/mocap4ros2_ws/Archive/install/custom_robot_msgs/include/custom_robot_msgs/custom_robot_msgs/msg/detail/num__traits.hpp
[2.158s] -- Up-to-date: /home/sdc/Desktop/mocap4ros2_ws/Archive/install/custom_robot_msgs/include/custom_robot_msgs/custom_robot_msgs/msg/detail/num__builder.hpp
[2.158s] -- Up-to-date: /home/sdc/Desktop/mocap4ros2_ws/Archive/install/custom_robot_msgs/include/custom_robot_msgs/custom_robot_msgs/msg/num.hpp
[2.158s] -- Installing: /home/sdc/Desktop/mocap4ros2_ws/Archive/install/custom_robot_msgs/include/custom_robot_msgs/custom_robot_msgs/msg/robot_command_msgs.hpp
[2.158s] -- Up-to-date: /home/sdc/Desktop/mocap4ros2_ws/Archive/install/custom_robot_msgs/include/custom_robot_msgs/custom_robot_msgs/srv
[2.158s] -- Up-to-date: /home/sdc/Desktop/mocap4ros2_ws/Archive/install/custom_robot_msgs/include/custom_robot_msgs/custom_robot_msgs/srv/detail
[2.158s] -- Installing: /home/sdc/Desktop/mocap4ros2_ws/Archive/install/custom_robot_msgs/include/custom_robot_msgs/custom_robot_msgs/srv/detail/add_three_ints__traits.hpp
[2.158s] -- Installing: /home/sdc/Desktop/mocap4ros2_ws/Archive/install/custom_robot_msgs/include/custom_robot_msgs/custom_robot_msgs/srv/detail/add_three_ints__struct.hpp
[2.158s] -- Installing: /home/sdc/Desktop/mocap4ros2_ws/Archive/install/custom_robot_msgs/include/custom_robot_msgs/custom_robot_msgs/srv/detail/add_three_ints__builder.hpp
[2.158s] -- Installing: /home/sdc/Desktop/mocap4ros2_ws/Archive/install/custom_robot_msgs/include/custom_robot_msgs/custom_robot_msgs/srv/add_three_ints.hpp
[2.158s] -- Up-to-date: /home/sdc/Desktop/mocap4ros2_ws/Archive/install/custom_robot_msgs/include/custom_robot_msgs/custom_robot_msgs
[2.158s] -- Up-to-date: /home/sdc/Desktop/mocap4ros2_ws/Archive/install/custom_robot_msgs/include/custom_robot_msgs/custom_robot_msgs/msg
[2.158s] -- Up-to-date: /home/sdc/Desktop/mocap4ros2_ws/Archive/install/custom_robot_msgs/include/custom_robot_msgs/custom_robot_msgs/msg/rosidl_typesupport_fastrtps_cpp__visibility_control.h
[2.158s] -- Up-to-date: /home/sdc/Desktop/mocap4ros2_ws/Archive/install/custom_robot_msgs/include/custom_robot_msgs/custom_robot_msgs/msg/detail
[2.158s] -- Up-to-date: /home/sdc/Desktop/mocap4ros2_ws/Archive/install/custom_robot_msgs/include/custom_robot_msgs/custom_robot_msgs/msg/detail/dds_fastrtps
[2.158s] -- Installing: /home/sdc/Desktop/mocap4ros2_ws/Archive/install/custom_robot_msgs/include/custom_robot_msgs/custom_robot_msgs/msg/detail/robot_command_msgs__rosidl_typesupport_fastrtps_cpp.hpp
[2.158s] -- Up-to-date: /home/sdc/Desktop/mocap4ros2_ws/Archive/install/custom_robot_msgs/include/custom_robot_msgs/custom_robot_msgs/msg/detail/num__rosidl_typesupport_fastrtps_cpp.hpp
[2.158s] -- Up-to-date: /home/sdc/Desktop/mocap4ros2_ws/Archive/install/custom_robot_msgs/include/custom_robot_msgs/custom_robot_msgs/srv
[2.159s] -- Up-to-date: /home/sdc/Desktop/mocap4ros2_ws/Archive/install/custom_robot_msgs/include/custom_robot_msgs/custom_robot_msgs/srv/detail
[2.159s] -- Up-to-date: /home/sdc/Desktop/mocap4ros2_ws/Archive/install/custom_robot_msgs/include/custom_robot_msgs/custom_robot_msgs/srv/detail/dds_fastrtps
[2.159s] -- Installing: /home/sdc/Desktop/mocap4ros2_ws/Archive/install/custom_robot_msgs/include/custom_robot_msgs/custom_robot_msgs/srv/detail/add_three_ints__rosidl_typesupport_fastrtps_cpp.hpp
[2.159s] -- Installing: /home/sdc/Desktop/mocap4ros2_ws/Archive/install/custom_robot_msgs/lib/libcustom_robot_msgs__rosidl_typesupport_fastrtps_cpp.so
[2.159s] -- Set runtime path of "/home/sdc/Desktop/mocap4ros2_ws/Archive/install/custom_robot_msgs/lib/libcustom_robot_msgs__rosidl_typesupport_fastrtps_cpp.so" to ""
[2.159s] -- Up-to-date: /home/sdc/Desktop/mocap4ros2_ws/Archive/install/custom_robot_msgs/include/custom_robot_msgs/custom_robot_msgs
[2.159s] -- Up-to-date: /home/sdc/Desktop/mocap4ros2_ws/Archive/install/custom_robot_msgs/include/custom_robot_msgs/custom_robot_msgs/msg
[2.159s] -- Up-to-date: /home/sdc/Desktop/mocap4ros2_ws/Archive/install/custom_robot_msgs/include/custom_robot_msgs/custom_robot_msgs/msg/detail
[2.159s] -- Installing: /home/sdc/Desktop/mocap4ros2_ws/Archive/install/custom_robot_msgs/include/custom_robot_msgs/custom_robot_msgs/msg/detail/robot_command_msgs__type_support.cpp
[2.159s] -- Installing: /home/sdc/Desktop/mocap4ros2_ws/Archive/install/custom_robot_msgs/include/custom_robot_msgs/custom_robot_msgs/msg/detail/robot_command_msgs__rosidl_typesupport_introspection_cpp.hpp
[2.159s] -- Up-to-date: /home/sdc/Desktop/mocap4ros2_ws/Archive/install/custom_robot_msgs/include/custom_robot_msgs/custom_robot_msgs/msg/detail/num__type_support.cpp
[2.159s] -- Up-to-date: /home/sdc/Desktop/mocap4ros2_ws/Archive/install/custom_robot_msgs/include/custom_robot_msgs/custom_robot_msgs/msg/detail/num__rosidl_typesupport_introspection_cpp.hpp
[2.159s] -- Up-to-date: /home/sdc/Desktop/mocap4ros2_ws/Archive/install/custom_robot_msgs/include/custom_robot_msgs/custom_robot_msgs/srv
[2.159s] -- Up-to-date: /home/sdc/Desktop/mocap4ros2_ws/Archive/install/custom_robot_msgs/include/custom_robot_msgs/custom_robot_msgs/srv/detail
[2.159s] -- Installing: /home/sdc/Desktop/mocap4ros2_ws/Archive/install/custom_robot_msgs/include/custom_robot_msgs/custom_robot_msgs/srv/detail/add_three_ints__type_support.cpp
[2.159s] -- Installing: /home/sdc/Desktop/mocap4ros2_ws/Archive/install/custom_robot_msgs/include/custom_robot_msgs/custom_robot_msgs/srv/detail/add_three_ints__rosidl_typesupport_introspection_cpp.hpp
[2.159s] -- Installing: /home/sdc/Desktop/mocap4ros2_ws/Archive/install/custom_robot_msgs/lib/libcustom_robot_msgs__rosidl_typesupport_introspection_cpp.so
[2.159s] -- Set runtime path of "/home/sdc/Desktop/mocap4ros2_ws/Archive/install/custom_robot_msgs/lib/libcustom_robot_msgs__rosidl_typesupport_introspection_cpp.so" to ""
[2.160s] -- Installing: /home/sdc/Desktop/mocap4ros2_ws/Archive/install/custom_robot_msgs/lib/libcustom_robot_msgs__rosidl_typesupport_cpp.so
[2.160s] -- Set runtime path of "/home/sdc/Desktop/mocap4ros2_ws/Archive/install/custom_robot_msgs/lib/libcustom_robot_msgs__rosidl_typesupport_cpp.so" to ""
[2.160s] -- Up-to-date: /home/sdc/Desktop/mocap4ros2_ws/Archive/install/custom_robot_msgs/share/custom_robot_msgs/environment/pythonpath.sh
[2.160s] -- Installing: /home/sdc/Desktop/mocap4ros2_ws/Archive/install/custom_robot_msgs/share/custom_robot_msgs/environment/pythonpath.dsv
[2.160s] -- Up-to-date: /home/sdc/Desktop/mocap4ros2_ws/Archive/install/custom_robot_msgs/local/lib/python3.10/dist-packages/custom_robot_msgs-0.0.0-py3.10.egg-info
[2.160s] -- Installing: /home/sdc/Desktop/mocap4ros2_ws/Archive/install/custom_robot_msgs/local/lib/python3.10/dist-packages/custom_robot_msgs-0.0.0-py3.10.egg-info/top_level.txt
[2.160s] -- Installing: /home/sdc/Desktop/mocap4ros2_ws/Archive/install/custom_robot_msgs/local/lib/python3.10/dist-packages/custom_robot_msgs-0.0.0-py3.10.egg-info/dependency_links.txt
[2.160s] -- Installing: /home/sdc/Desktop/mocap4ros2_ws/Archive/install/custom_robot_msgs/local/lib/python3.10/dist-packages/custom_robot_msgs-0.0.0-py3.10.egg-info/SOURCES.txt
[2.160s] -- Installing: /home/sdc/Desktop/mocap4ros2_ws/Archive/install/custom_robot_msgs/local/lib/python3.10/dist-packages/custom_robot_msgs-0.0.0-py3.10.egg-info/PKG-INFO
[2.160s] -- Up-to-date: /home/sdc/Desktop/mocap4ros2_ws/Archive/install/custom_robot_msgs/local/lib/python3.10/dist-packages/custom_robot_msgs
[2.160s] -- Installing: /home/sdc/Desktop/mocap4ros2_ws/Archive/install/custom_robot_msgs/local/lib/python3.10/dist-packages/custom_robot_msgs/_custom_robot_msgs_s.ep.rosidl_typesupport_fastrtps_c.c
[2.160s] -- Up-to-date: /home/sdc/Desktop/mocap4ros2_ws/Archive/install/custom_robot_msgs/local/lib/python3.10/dist-packages/custom_robot_msgs/msg
[2.160s] -- Installing: /home/sdc/Desktop/mocap4ros2_ws/Archive/install/custom_robot_msgs/local/lib/python3.10/dist-packages/custom_robot_msgs/msg/__init__.py
[2.160s] -- Installing: /home/sdc/Desktop/mocap4ros2_ws/Archive/install/custom_robot_msgs/local/lib/python3.10/dist-packages/custom_robot_msgs/msg/_robot_command_msgs.py
[2.160s] -- Up-to-date: /home/sdc/Desktop/mocap4ros2_ws/Archive/install/custom_robot_msgs/local/lib/python3.10/dist-packages/custom_robot_msgs/msg/_num_s.c
[2.160s] -- Up-to-date: /home/sdc/Desktop/mocap4ros2_ws/Archive/install/custom_robot_msgs/local/lib/python3.10/dist-packages/custom_robot_msgs/msg/_num.py
[2.160s] -- Installing: /home/sdc/Desktop/mocap4ros2_ws/Archive/install/custom_robot_msgs/local/lib/python3.10/dist-packages/custom_robot_msgs/msg/_robot_command_msgs_s.c
[2.160s] -- Installing: /home/sdc/Desktop/mocap4ros2_ws/Archive/install/custom_robot_msgs/local/lib/python3.10/dist-packages/custom_robot_msgs/__init__.py
[2.161s] -- Installing: /home/sdc/Desktop/mocap4ros2_ws/Archive/install/custom_robot_msgs/local/lib/python3.10/dist-packages/custom_robot_msgs/custom_robot_msgs_s__rosidl_typesupport_introspection_c.cpython-310-x86_64-linux-gnu.so
[2.161s] -- Up-to-date: /home/sdc/Desktop/mocap4ros2_ws/Archive/install/custom_robot_msgs/local/lib/python3.10/dist-packages/custom_robot_msgs/srv
[2.161s] -- Installing: /home/sdc/Desktop/mocap4ros2_ws/Archive/install/custom_robot_msgs/local/lib/python3.10/dist-packages/custom_robot_msgs/srv/__init__.py
[2.161s] -- Installing: /home/sdc/Desktop/mocap4ros2_ws/Archive/install/custom_robot_msgs/local/lib/python3.10/dist-packages/custom_robot_msgs/srv/_add_three_ints_s.c
[2.161s] -- Installing: /home/sdc/Desktop/mocap4ros2_ws/Archive/install/custom_robot_msgs/local/lib/python3.10/dist-packages/custom_robot_msgs/srv/_add_three_ints.py
[2.161s] -- Installing: /home/sdc/Desktop/mocap4ros2_ws/Archive/install/custom_robot_msgs/local/lib/python3.10/dist-packages/custom_robot_msgs/custom_robot_msgs_s__rosidl_typesupport_fastrtps_c.cpython-310-x86_64-linux-gnu.so
[2.161s] -- Installing: /home/sdc/Desktop/mocap4ros2_ws/Archive/install/custom_robot_msgs/local/lib/python3.10/dist-packages/custom_robot_msgs/custom_robot_msgs_s__rosidl_typesupport_c.cpython-310-x86_64-linux-gnu.so
[2.161s] -- Installing: /home/sdc/Desktop/mocap4ros2_ws/Archive/install/custom_robot_msgs/local/lib/python3.10/dist-packages/custom_robot_msgs/_custom_robot_msgs_s.ep.rosidl_typesupport_c.c
[2.161s] -- Installing: /home/sdc/Desktop/mocap4ros2_ws/Archive/install/custom_robot_msgs/local/lib/python3.10/dist-packages/custom_robot_msgs/_custom_robot_msgs_s.ep.rosidl_typesupport_introspection_c.c
[2.161s] -- Installing: /home/sdc/Desktop/mocap4ros2_ws/Archive/install/custom_robot_msgs/local/lib/python3.10/dist-packages/custom_robot_msgs/libcustom_robot_msgs__rosidl_generator_py.so
[2.183s] Listing '/home/sdc/Desktop/mocap4ros2_ws/Archive/install/custom_robot_msgs/local/lib/python3.10/dist-packages/custom_robot_msgs'...
[2.183s] Compiling '/home/sdc/Desktop/mocap4ros2_ws/Archive/install/custom_robot_msgs/local/lib/python3.10/dist-packages/custom_robot_msgs/__init__.py'...
[2.183s] Listing '/home/sdc/Desktop/mocap4ros2_ws/Archive/install/custom_robot_msgs/local/lib/python3.10/dist-packages/custom_robot_msgs/msg'...
[2.183s] Compiling '/home/sdc/Desktop/mocap4ros2_ws/Archive/install/custom_robot_msgs/local/lib/python3.10/dist-packages/custom_robot_msgs/msg/__init__.py'...
[2.183s] Compiling '/home/sdc/Desktop/mocap4ros2_ws/Archive/install/custom_robot_msgs/local/lib/python3.10/dist-packages/custom_robot_msgs/msg/_robot_command_msgs.py'...
[2.183s] Listing '/home/sdc/Desktop/mocap4ros2_ws/Archive/install/custom_robot_msgs/local/lib/python3.10/dist-packages/custom_robot_msgs/srv'...
[2.183s] Compiling '/home/sdc/Desktop/mocap4ros2_ws/Archive/install/custom_robot_msgs/local/lib/python3.10/dist-packages/custom_robot_msgs/srv/__init__.py'...
[2.183s] Compiling '/home/sdc/Desktop/mocap4ros2_ws/Archive/install/custom_robot_msgs/local/lib/python3.10/dist-packages/custom_robot_msgs/srv/_add_three_ints.py'...
[2.185s] -- Installing: /home/sdc/Desktop/mocap4ros2_ws/Archive/install/custom_robot_msgs/local/lib/python3.10/dist-packages/custom_robot_msgs/custom_robot_msgs_s__rosidl_typesupport_fastrtps_c.cpython-310-x86_64-linux-gnu.so
[2.185s] -- Set runtime path of "/home/sdc/Desktop/mocap4ros2_ws/Archive/install/custom_robot_msgs/local/lib/python3.10/dist-packages/custom_robot_msgs/custom_robot_msgs_s__rosidl_typesupport_fastrtps_c.cpython-310-x86_64-linux-gnu.so" to ""
[2.185s] -- Installing: /home/sdc/Desktop/mocap4ros2_ws/Archive/install/custom_robot_msgs/local/lib/python3.10/dist-packages/custom_robot_msgs/custom_robot_msgs_s__rosidl_typesupport_introspection_c.cpython-310-x86_64-linux-gnu.so
[2.185s] -- Set runtime path of "/home/sdc/Desktop/mocap4ros2_ws/Archive/install/custom_robot_msgs/local/lib/python3.10/dist-packages/custom_robot_msgs/custom_robot_msgs_s__rosidl_typesupport_introspection_c.cpython-310-x86_64-linux-gnu.so" to ""
[2.186s] -- Installing: /home/sdc/Desktop/mocap4ros2_ws/Archive/install/custom_robot_msgs/local/lib/python3.10/dist-packages/custom_robot_msgs/custom_robot_msgs_s__rosidl_typesupport_c.cpython-310-x86_64-linux-gnu.so
[2.186s] -- Set runtime path of "/home/sdc/Desktop/mocap4ros2_ws/Archive/install/custom_robot_msgs/local/lib/python3.10/dist-packages/custom_robot_msgs/custom_robot_msgs_s__rosidl_typesupport_c.cpython-310-x86_64-linux-gnu.so" to ""
[2.186s] -- Installing: /home/sdc/Desktop/mocap4ros2_ws/Archive/install/custom_robot_msgs/lib/libcustom_robot_msgs__rosidl_generator_py.so
[2.186s] -- Set runtime path of "/home/sdc/Desktop/mocap4ros2_ws/Archive/install/custom_robot_msgs/lib/libcustom_robot_msgs__rosidl_generator_py.so" to ""
[2.186s] -- Installing: /home/sdc/Desktop/mocap4ros2_ws/Archive/install/custom_robot_msgs/share/custom_robot_msgs/msg/RobotCommandMsgs.idl
[2.186s] -- Up-to-date: /home/sdc/Desktop/mocap4ros2_ws/Archive/install/custom_robot_msgs/share/custom_robot_msgs/srv/AddThreeInts.idl
[2.186s] -- Installing: /home/sdc/Desktop/mocap4ros2_ws/Archive/install/custom_robot_msgs/share/custom_robot_msgs/msg/RobotCommandMsgs.msg
[2.186s] -- Up-to-date: /home/sdc/Desktop/mocap4ros2_ws/Archive/install/custom_robot_msgs/share/custom_robot_msgs/srv/AddThreeInts.srv
[2.186s] -- Up-to-date: /home/sdc/Desktop/mocap4ros2_ws/Archive/install/custom_robot_msgs/share/custom_robot_msgs/srv/AddThreeInts_Request.msg
[2.186s] -- Up-to-date: /home/sdc/Desktop/mocap4ros2_ws/Archive/install/custom_robot_msgs/share/custom_robot_msgs/srv/AddThreeInts_Response.msg
[2.186s] -- Up-to-date: /home/sdc/Desktop/mocap4ros2_ws/Archive/install/custom_robot_msgs/share/ament_index/resource_index/package_run_dependencies/custom_robot_msgs
[2.186s] -- Up-to-date: /home/sdc/Desktop/mocap4ros2_ws/Archive/install/custom_robot_msgs/share/ament_index/resource_index/parent_prefix_path/custom_robot_msgs
[2.187s] -- Up-to-date: /home/sdc/Desktop/mocap4ros2_ws/Archive/install/custom_robot_msgs/share/custom_robot_msgs/environment/ament_prefix_path.sh
[2.187s] -- Installing: /home/sdc/Desktop/mocap4ros2_ws/Archive/install/custom_robot_msgs/share/custom_robot_msgs/environment/ament_prefix_path.dsv
[2.187s] -- Up-to-date: /home/sdc/Desktop/mocap4ros2_ws/Archive/install/custom_robot_msgs/share/custom_robot_msgs/environment/path.sh
[2.187s] -- Installing: /home/sdc/Desktop/mocap4ros2_ws/Archive/install/custom_robot_msgs/share/custom_robot_msgs/environment/path.dsv
[2.187s] -- Up-to-date: /home/sdc/Desktop/mocap4ros2_ws/Archive/install/custom_robot_msgs/share/custom_robot_msgs/local_setup.bash
[2.187s] -- Up-to-date: /home/sdc/Desktop/mocap4ros2_ws/Archive/install/custom_robot_msgs/share/custom_robot_msgs/local_setup.sh
[2.187s] -- Up-to-date: /home/sdc/Desktop/mocap4ros2_ws/Archive/install/custom_robot_msgs/share/custom_robot_msgs/local_setup.zsh
[2.187s] -- Installing: /home/sdc/Desktop/mocap4ros2_ws/Archive/install/custom_robot_msgs/share/custom_robot_msgs/local_setup.dsv
[2.187s] -- Installing: /home/sdc/Desktop/mocap4ros2_ws/Archive/install/custom_robot_msgs/share/custom_robot_msgs/package.dsv
[2.187s] -- Up-to-date: /home/sdc/Desktop/mocap4ros2_ws/Archive/install/custom_robot_msgs/share/ament_index/resource_index/packages/custom_robot_msgs
[2.187s] -- Up-to-date: /home/sdc/Desktop/mocap4ros2_ws/Archive/install/custom_robot_msgs/share/custom_robot_msgs/cmake/export_custom_robot_msgs__rosidl_generator_cExport.cmake
[2.187s] -- Up-to-date: /home/sdc/Desktop/mocap4ros2_ws/Archive/install/custom_robot_msgs/share/custom_robot_msgs/cmake/export_custom_robot_msgs__rosidl_generator_cExport-noconfig.cmake
[2.187s] -- Up-to-date: /home/sdc/Desktop/mocap4ros2_ws/Archive/install/custom_robot_msgs/share/custom_robot_msgs/cmake/export_custom_robot_msgs__rosidl_typesupport_fastrtps_cExport.cmake
[2.187s] -- Up-to-date: /home/sdc/Desktop/mocap4ros2_ws/Archive/install/custom_robot_msgs/share/custom_robot_msgs/cmake/export_custom_robot_msgs__rosidl_typesupport_fastrtps_cExport-noconfig.cmake
[2.188s] -- Up-to-date: /home/sdc/Desktop/mocap4ros2_ws/Archive/install/custom_robot_msgs/share/custom_robot_msgs/cmake/custom_robot_msgs__rosidl_typesupport_introspection_cExport.cmake
[2.188s] -- Up-to-date: /home/sdc/Desktop/mocap4ros2_ws/Archive/install/custom_robot_msgs/share/custom_robot_msgs/cmake/custom_robot_msgs__rosidl_typesupport_introspection_cExport-noconfig.cmake
[2.188s] -- Up-to-date: /home/sdc/Desktop/mocap4ros2_ws/Archive/install/custom_robot_msgs/share/custom_robot_msgs/cmake/custom_robot_msgs__rosidl_typesupport_cExport.cmake
[2.188s] -- Up-to-date: /home/sdc/Desktop/mocap4ros2_ws/Archive/install/custom_robot_msgs/share/custom_robot_msgs/cmake/custom_robot_msgs__rosidl_typesupport_cExport-noconfig.cmake
[2.188s] -- Up-to-date: /home/sdc/Desktop/mocap4ros2_ws/Archive/install/custom_robot_msgs/share/custom_robot_msgs/cmake/export_custom_robot_msgs__rosidl_generator_cppExport.cmake
[2.188s] -- Up-to-date: /home/sdc/Desktop/mocap4ros2_ws/Archive/install/custom_robot_msgs/share/custom_robot_msgs/cmake/export_custom_robot_msgs__rosidl_typesupport_fastrtps_cppExport.cmake
[2.188s] -- Up-to-date: /home/sdc/Desktop/mocap4ros2_ws/Archive/install/custom_robot_msgs/share/custom_robot_msgs/cmake/export_custom_robot_msgs__rosidl_typesupport_fastrtps_cppExport-noconfig.cmake
[2.188s] -- Up-to-date: /home/sdc/Desktop/mocap4ros2_ws/Archive/install/custom_robot_msgs/share/custom_robot_msgs/cmake/custom_robot_msgs__rosidl_typesupport_introspection_cppExport.cmake
[2.188s] -- Up-to-date: /home/sdc/Desktop/mocap4ros2_ws/Archive/install/custom_robot_msgs/share/custom_robot_msgs/cmake/custom_robot_msgs__rosidl_typesupport_introspection_cppExport-noconfig.cmake
[2.188s] -- Up-to-date: /home/sdc/Desktop/mocap4ros2_ws/Archive/install/custom_robot_msgs/share/custom_robot_msgs/cmake/custom_robot_msgs__rosidl_typesupport_cppExport.cmake
[2.188s] -- Up-to-date: /home/sdc/Desktop/mocap4ros2_ws/Archive/install/custom_robot_msgs/share/custom_robot_msgs/cmake/custom_robot_msgs__rosidl_typesupport_cppExport-noconfig.cmake
[2.188s] -- Up-to-date: /home/sdc/Desktop/mocap4ros2_ws/Archive/install/custom_robot_msgs/share/custom_robot_msgs/cmake/export_custom_robot_msgs__rosidl_generator_pyExport.cmake
[2.188s] -- Up-to-date: /home/sdc/Desktop/mocap4ros2_ws/Archive/install/custom_robot_msgs/share/custom_robot_msgs/cmake/export_custom_robot_msgs__rosidl_generator_pyExport-noconfig.cmake
[2.188s] -- Up-to-date: /home/sdc/Desktop/mocap4ros2_ws/Archive/install/custom_robot_msgs/share/custom_robot_msgs/cmake/rosidl_cmake-extras.cmake
[2.189s] -- Up-to-date: /home/sdc/Desktop/mocap4ros2_ws/Archive/install/custom_robot_msgs/share/custom_robot_msgs/cmake/ament_cmake_export_include_directories-extras.cmake
[2.189s] -- Up-to-date: /home/sdc/Desktop/mocap4ros2_ws/Archive/install/custom_robot_msgs/share/custom_robot_msgs/cmake/ament_cmake_export_libraries-extras.cmake
[2.189s] -- Up-to-date: /home/sdc/Desktop/mocap4ros2_ws/Archive/install/custom_robot_msgs/share/custom_robot_msgs/cmake/ament_cmake_export_targets-extras.cmake
[2.189s] -- Up-to-date: /home/sdc/Desktop/mocap4ros2_ws/Archive/install/custom_robot_msgs/share/custom_robot_msgs/cmake/rosidl_cmake_export_typesupport_targets-extras.cmake
[2.189s] -- Up-to-date: /home/sdc/Desktop/mocap4ros2_ws/Archive/install/custom_robot_msgs/share/custom_robot_msgs/cmake/ament_cmake_export_dependencies-extras.cmake
[2.189s] -- Up-to-date: /home/sdc/Desktop/mocap4ros2_ws/Archive/install/custom_robot_msgs/share/custom_robot_msgs/cmake/rosidl_cmake_export_typesupport_libraries-extras.cmake
[2.189s] -- Up-to-date: /home/sdc/Desktop/mocap4ros2_ws/Archive/install/custom_robot_msgs/share/custom_robot_msgs/cmake/custom_robot_msgsConfig.cmake
[2.189s] -- Up-to-date: /home/sdc/Desktop/mocap4ros2_ws/Archive/install/custom_robot_msgs/share/custom_robot_msgs/cmake/custom_robot_msgsConfig-version.cmake
[2.189s] -- Up-to-date: /home/sdc/Desktop/mocap4ros2_ws/Archive/install/custom_robot_msgs/share/custom_robot_msgs/package.xml
[2.190s] Invoked command in '/home/sdc/Desktop/mocap4ros2_ws/Archive/build/custom_robot_msgs' returned '0': CMAKE_PREFIX_PATH=${CMAKE_PREFIX_PATH}:/home/sdc/Desktop/mocap4ros2_ws/Archive/install/target_pid_controller:/home/sdc/Desktop/mocap4ros2_ws/Archive/install/pure_pursuit:/home/sdc/Desktop/mocap4ros2_ws/install/target_pid_controller:/home/sdc/Desktop/mocap4ros2_ws/install/pure_pursuit:/home/sdc/Desktop/mocap4ros2_ws/install/rqt_joint_trajectory_controller:/home/sdc/Desktop/mocap4ros2_ws/install/rqt_controller_manager:/home/sdc/Desktop/mocap4ros2_ws/install/ros2controlcli:/home/sdc/Desktop/mocap4ros2_ws/install/ros2_controllers_test_nodes:/home/sdc/Desktop/mocap4ros2_ws/install/mocap4r2cli:/home/sdc/Desktop/mocap4ros2_ws/install/learning_tf2_py:/opt/ros/humble /usr/bin/cmake --install /home/sdc/Desktop/mocap4ros2_ws/Archive/build/custom_robot_msgs
