[0.660s] Invoking command in '/home/sdc/Desktop/mocap4ros2_ws/Archive/target_pid_controller': PYTHONPATH=/home/sdc/Desktop/mocap4ros2_ws/Archive/build/target_pid_controller/prefix_override:/home/sdc/Desktop/mocap4ros2_ws/Archive/install/target_pid_controller/lib/python3.10/site-packages:${PYTHONPATH} /usr/bin/python3 setup.py egg_info --egg-base ../build/target_pid_controller build --build-base /home/sdc/Desktop/mocap4ros2_ws/Archive/build/target_pid_controller/build install --record /home/sdc/Desktop/mocap4ros2_ws/Archive/build/target_pid_controller/install.log --single-version-externally-managed
[0.805s] running egg_info
[0.805s] creating ../build/target_pid_controller/target_pid_controller.egg-info
[0.805s] writing ../build/target_pid_controller/target_pid_controller.egg-info/PKG-INFO
[0.805s] writing dependency_links to ../build/target_pid_controller/target_pid_controller.egg-info/dependency_links.txt
[0.805s] writing entry points to ../build/target_pid_controller/target_pid_controller.egg-info/entry_points.txt
[0.806s] writing requirements to ../build/target_pid_controller/target_pid_controller.egg-info/requires.txt
[0.806s] writing top-level names to ../build/target_pid_controller/target_pid_controller.egg-info/top_level.txt
[0.806s] writing manifest file '../build/target_pid_controller/target_pid_controller.egg-info/SOURCES.txt'
[0.806s] reading manifest file '../build/target_pid_controller/target_pid_controller.egg-info/SOURCES.txt'
[0.806s] writing manifest file '../build/target_pid_controller/target_pid_controller.egg-info/SOURCES.txt'
[0.807s] running build
[0.807s] running build_py
[0.807s] creating /home/sdc/Desktop/mocap4ros2_ws/Archive/build/target_pid_controller/build
[0.807s] creating /home/sdc/Desktop/mocap4ros2_ws/Archive/build/target_pid_controller/build/lib
[0.807s] creating /home/sdc/Desktop/mocap4ros2_ws/Archive/build/target_pid_controller/build/lib/target_pid_controller
[0.807s] copying target_pid_controller/pid_controller.py -> /home/sdc/Desktop/mocap4ros2_ws/Archive/build/target_pid_controller/build/lib/target_pid_controller
[0.807s] copying target_pid_controller/__init__.py -> /home/sdc/Desktop/mocap4ros2_ws/Archive/build/target_pid_controller/build/lib/target_pid_controller
[0.807s] copying target_pid_controller/Thread.py -> /home/sdc/Desktop/mocap4ros2_ws/Archive/build/target_pid_controller/build/lib/target_pid_controller
[0.807s] copying target_pid_controller/pid_controller_node_sub.py -> /home/sdc/Desktop/mocap4ros2_ws/Archive/build/target_pid_controller/build/lib/target_pid_controller
[0.807s] copying target_pid_controller/pid_controller_node.py -> /home/sdc/Desktop/mocap4ros2_ws/Archive/build/target_pid_controller/build/lib/target_pid_controller
[0.807s] copying target_pid_controller/Command.py -> /home/sdc/Desktop/mocap4ros2_ws/Archive/build/target_pid_controller/build/lib/target_pid_controller
[0.807s] copying target_pid_controller/Video.py -> /home/sdc/Desktop/mocap4ros2_ws/Archive/build/target_pid_controller/build/lib/target_pid_controller
[0.808s] running install
[0.808s] running install_lib
[0.808s] creating /home/sdc/Desktop/mocap4ros2_ws/Archive/install/target_pid_controller/lib/python3.10/site-packages/target_pid_controller
[0.808s] copying /home/sdc/Desktop/mocap4ros2_ws/Archive/build/target_pid_controller/build/lib/target_pid_controller/pid_controller.py -> /home/sdc/Desktop/mocap4ros2_ws/Archive/install/target_pid_controller/lib/python3.10/site-packages/target_pid_controller
[0.808s] copying /home/sdc/Desktop/mocap4ros2_ws/Archive/build/target_pid_controller/build/lib/target_pid_controller/__init__.py -> /home/sdc/Desktop/mocap4ros2_ws/Archive/install/target_pid_controller/lib/python3.10/site-packages/target_pid_controller
[0.808s] copying /home/sdc/Desktop/mocap4ros2_ws/Archive/build/target_pid_controller/build/lib/target_pid_controller/Thread.py -> /home/sdc/Desktop/mocap4ros2_ws/Archive/install/target_pid_controller/lib/python3.10/site-packages/target_pid_controller
[0.808s] copying /home/sdc/Desktop/mocap4ros2_ws/Archive/build/target_pid_controller/build/lib/target_pid_controller/pid_controller_node_sub.py -> /home/sdc/Desktop/mocap4ros2_ws/Archive/install/target_pid_controller/lib/python3.10/site-packages/target_pid_controller
[0.808s] copying /home/sdc/Desktop/mocap4ros2_ws/Archive/build/target_pid_controller/build/lib/target_pid_controller/pid_controller_node.py -> /home/sdc/Desktop/mocap4ros2_ws/Archive/install/target_pid_controller/lib/python3.10/site-packages/target_pid_controller
[0.808s] copying /home/sdc/Desktop/mocap4ros2_ws/Archive/build/target_pid_controller/build/lib/target_pid_controller/Command.py -> /home/sdc/Desktop/mocap4ros2_ws/Archive/install/target_pid_controller/lib/python3.10/site-packages/target_pid_controller
[0.808s] copying /home/sdc/Desktop/mocap4ros2_ws/Archive/build/target_pid_controller/build/lib/target_pid_controller/Video.py -> /home/sdc/Desktop/mocap4ros2_ws/Archive/install/target_pid_controller/lib/python3.10/site-packages/target_pid_controller
[0.808s] byte-compiling /home/sdc/Desktop/mocap4ros2_ws/Archive/install/target_pid_controller/lib/python3.10/site-packages/target_pid_controller/pid_controller.py to pid_controller.cpython-310.pyc
[0.808s] byte-compiling /home/sdc/Desktop/mocap4ros2_ws/Archive/install/target_pid_controller/lib/python3.10/site-packages/target_pid_controller/__init__.py to __init__.cpython-310.pyc
[0.808s] byte-compiling /home/sdc/Desktop/mocap4ros2_ws/Archive/install/target_pid_controller/lib/python3.10/site-packages/target_pid_controller/Thread.py to Thread.cpython-310.pyc
[0.809s] byte-compiling /home/sdc/Desktop/mocap4ros2_ws/Archive/install/target_pid_controller/lib/python3.10/site-packages/target_pid_controller/pid_controller_node_sub.py to pid_controller_node_sub.cpython-310.pyc
[0.809s] byte-compiling /home/sdc/Desktop/mocap4ros2_ws/Archive/install/target_pid_controller/lib/python3.10/site-packages/target_pid_controller/pid_controller_node.py to pid_controller_node.cpython-310.pyc
[0.810s] byte-compiling /home/sdc/Desktop/mocap4ros2_ws/Archive/install/target_pid_controller/lib/python3.10/site-packages/target_pid_controller/Command.py to Command.cpython-310.pyc
[0.810s] byte-compiling /home/sdc/Desktop/mocap4ros2_ws/Archive/install/target_pid_controller/lib/python3.10/site-packages/target_pid_controller/Video.py to Video.cpython-310.pyc
[0.811s] running install_data
[0.811s] creating /home/sdc/Desktop/mocap4ros2_ws/Archive/install/target_pid_controller/share/ament_index
[0.811s] creating /home/sdc/Desktop/mocap4ros2_ws/Archive/install/target_pid_controller/share/ament_index/resource_index
[0.811s] creating /home/sdc/Desktop/mocap4ros2_ws/Archive/install/target_pid_controller/share/ament_index/resource_index/packages
[0.811s] copying resource/target_pid_controller -> /home/sdc/Desktop/mocap4ros2_ws/Archive/install/target_pid_controller/share/ament_index/resource_index/packages
[0.811s] copying package.xml -> /home/sdc/Desktop/mocap4ros2_ws/Archive/install/target_pid_controller/share/target_pid_controller
[0.811s] creating /home/sdc/Desktop/mocap4ros2_ws/Archive/install/target_pid_controller/share/target_pid_controller/launch
[0.811s] copying launch/target_controller_sim_launch.py -> /home/sdc/Desktop/mocap4ros2_ws/Archive/install/target_pid_controller/share/target_pid_controller/launch
[0.811s] copying launch/target_controller_launch.py -> /home/sdc/Desktop/mocap4ros2_ws/Archive/install/target_pid_controller/share/target_pid_controller/launch
[0.811s] creating /home/sdc/Desktop/mocap4ros2_ws/Archive/install/target_pid_controller/share/target_pid_controller/config
[0.811s] copying config/target_pid_controller.yaml -> /home/sdc/Desktop/mocap4ros2_ws/Archive/install/target_pid_controller/share/target_pid_controller/config
[0.811s] creating /home/sdc/Desktop/mocap4ros2_ws/Archive/install/target_pid_controller/share/target_pid_controller/config/rviz
[0.811s] copying config/rviz/target_controller_rviz2.rviz -> /home/sdc/Desktop/mocap4ros2_ws/Archive/install/target_pid_controller/share/target_pid_controller/config/rviz
[0.811s] running install_egg_info
[0.812s] Copying ../build/target_pid_controller/target_pid_controller.egg-info to /home/sdc/Desktop/mocap4ros2_ws/Archive/install/target_pid_controller/lib/python3.10/site-packages/target_pid_controller-0.0.0-py3.10.egg-info
[0.813s] running install_scripts
[0.824s] Installing target_controller script to /home/sdc/Desktop/mocap4ros2_ws/Archive/install/target_pid_controller/lib/target_pid_controller
[0.824s] Installing tf_broadcaster script to /home/sdc/Desktop/mocap4ros2_ws/Archive/install/target_pid_controller/lib/target_pid_controller
[0.824s] writing list of installed files to '/home/sdc/Desktop/mocap4ros2_ws/Archive/build/target_pid_controller/install.log'
[0.865s] Invoked command in '/home/sdc/Desktop/mocap4ros2_ws/Archive/target_pid_controller' returned '0': PYTHONPATH=/home/sdc/Desktop/mocap4ros2_ws/Archive/build/target_pid_controller/prefix_override:/home/sdc/Desktop/mocap4ros2_ws/Archive/install/target_pid_controller/lib/python3.10/site-packages:${PYTHONPATH} /usr/bin/python3 setup.py egg_info --egg-base ../build/target_pid_controller build --build-base /home/sdc/Desktop/mocap4ros2_ws/Archive/build/target_pid_controller/build install --record /home/sdc/Desktop/mocap4ros2_ws/Archive/build/target_pid_controller/install.log --single-version-externally-managed
