running egg_info
writing ../build/pure_pursuit/pure_pursuit.egg-info/PKG-INFO
writing dependency_links to ../build/pure_pursuit/pure_pursuit.egg-info/dependency_links.txt
writing entry points to ../build/pure_pursuit/pure_pursuit.egg-info/entry_points.txt
writing requirements to ../build/pure_pursuit/pure_pursuit.egg-info/requires.txt
writing top-level names to ../build/pure_pursuit/pure_pursuit.egg-info/top_level.txt
reading manifest file '../build/pure_pursuit/pure_pursuit.egg-info/SOURCES.txt'
writing manifest file '../build/pure_pursuit/pure_pursuit.egg-info/SOURCES.txt'
running build
running build_py
running install
running install_lib
running install_data
running install_egg_info
removing '/home/sdc/Desktop/mocap4ros2_ws/Archive/install/pure_pursuit/lib/python3.10/site-packages/pure_pursuit-0.0.0-py3.10.egg-info' (and everything under it)
Copying ../build/pure_pursuit/pure_pursuit.egg-info to /home/sdc/Desktop/mocap4ros2_ws/Archive/install/pure_pursuit/lib/python3.10/site-packages/pure_pursuit-0.0.0-py3.10.egg-info
running install_scripts
Installing path_tracker script to /home/sdc/Desktop/mocap4ros2_ws/Archive/install/pure_pursuit/lib/pure_pursuit
Installing testpath_pub script to /home/sdc/Desktop/mocap4ros2_ws/Archive/install/pure_pursuit/lib/pure_pursuit
Installing tf_broadcaster script to /home/sdc/Desktop/mocap4ros2_ws/Archive/install/pure_pursuit/lib/pure_pursuit
Installing variable_speed script to /home/sdc/Desktop/mocap4ros2_ws/Archive/install/pure_pursuit/lib/pure_pursuit
writing list of installed files to '/home/sdc/Desktop/mocap4ros2_ws/Archive/build/pure_pursuit/install.log'
