[0.430s] Invoking command in '/home/sdc/Desktop/mocap4ros2_ws/Archive/target_pid_controller': PYTHONPATH=/home/sdc/Desktop/mocap4ros2_ws/Archive/target_pid_controller/build/target_pid_controller/prefix_override:/home/sdc/Desktop/mocap4ros2_ws/Archive/target_pid_controller/install/target_pid_controller/lib/python3.10/site-packages:${PYTHONPATH} /usr/bin/python3 setup.py egg_info --egg-base build/target_pid_controller build --build-base /home/sdc/Desktop/mocap4ros2_ws/Archive/target_pid_controller/build/target_pid_controller/build install --record /home/sdc/Desktop/mocap4ros2_ws/Archive/target_pid_controller/build/target_pid_controller/install.log --single-version-externally-managed
[0.565s] running egg_info
[0.565s] writing build/target_pid_controller/target_pid_controller.egg-info/PKG-INFO
[0.566s] writing dependency_links to build/target_pid_controller/target_pid_controller.egg-info/dependency_links.txt
[0.566s] writing entry points to build/target_pid_controller/target_pid_controller.egg-info/entry_points.txt
[0.566s] writing requirements to build/target_pid_controller/target_pid_controller.egg-info/requires.txt
[0.566s] writing top-level names to build/target_pid_controller/target_pid_controller.egg-info/top_level.txt
[0.567s] reading manifest file 'build/target_pid_controller/target_pid_controller.egg-info/SOURCES.txt'
[0.567s] writing manifest file 'build/target_pid_controller/target_pid_controller.egg-info/SOURCES.txt'
[0.567s] running build
[0.567s] running build_py
[0.568s] running install
[0.568s] running install_lib
[0.569s] running install_data
[0.569s] running install_egg_info
[0.570s] removing '/home/sdc/Desktop/mocap4ros2_ws/Archive/target_pid_controller/install/target_pid_controller/lib/python3.10/site-packages/target_pid_controller-0.0.0-py3.10.egg-info' (and everything under it)
[0.570s] Copying build/target_pid_controller/target_pid_controller.egg-info to /home/sdc/Desktop/mocap4ros2_ws/Archive/target_pid_controller/install/target_pid_controller/lib/python3.10/site-packages/target_pid_controller-0.0.0-py3.10.egg-info
[0.570s] running install_scripts
[0.581s] Installing connection_node script to /home/sdc/Desktop/mocap4ros2_ws/Archive/target_pid_controller/install/target_pid_controller/lib/target_pid_controller
[0.581s] Installing robot_controller script to /home/sdc/Desktop/mocap4ros2_ws/Archive/target_pid_controller/install/target_pid_controller/lib/target_pid_controller
[0.581s] Installing target_setter script to /home/sdc/Desktop/mocap4ros2_ws/Archive/target_pid_controller/install/target_pid_controller/lib/target_pid_controller
[0.581s] Installing tf_broadcaster script to /home/sdc/Desktop/mocap4ros2_ws/Archive/target_pid_controller/install/target_pid_controller/lib/target_pid_controller
[0.581s] writing list of installed files to '/home/sdc/Desktop/mocap4ros2_ws/Archive/target_pid_controller/build/target_pid_controller/install.log'
[0.593s] Invoked command in '/home/sdc/Desktop/mocap4ros2_ws/Archive/target_pid_controller' returned '0': PYTHONPATH=/home/sdc/Desktop/mocap4ros2_ws/Archive/target_pid_controller/build/target_pid_controller/prefix_override:/home/sdc/Desktop/mocap4ros2_ws/Archive/target_pid_controller/install/target_pid_controller/lib/python3.10/site-packages:${PYTHONPATH} /usr/bin/python3 setup.py egg_info --egg-base build/target_pid_controller build --build-base /home/sdc/Desktop/mocap4ros2_ws/Archive/target_pid_controller/build/target_pid_controller/build install --record /home/sdc/Desktop/mocap4ros2_ws/Archive/target_pid_controller/build/target_pid_controller/install.log --single-version-externally-managed
