/home/sdc/Desktop/mocap4ros2_ws/Archive/install/pure_pursuit/lib/python3.10/site-packages/pure_pursuit/__init__.py
/home/sdc/Desktop/mocap4ros2_ws/Archive/install/pure_pursuit/lib/python3.10/site-packages/pure_pursuit/purepursuit_node.py
/home/sdc/Desktop/mocap4ros2_ws/Archive/install/pure_pursuit/lib/python3.10/site-packages/pure_pursuit/variable_speed_node.py
/home/sdc/Desktop/mocap4ros2_ws/Archive/install/pure_pursuit/lib/python3.10/site-packages/pure_pursuit/test_purepursuit_node.py
/home/sdc/Desktop/mocap4ros2_ws/Archive/install/pure_pursuit/lib/python3.10/site-packages/pure_pursuit/test_paths.py
/home/sdc/Desktop/mocap4ros2_ws/Archive/install/pure_pursuit/lib/python3.10/site-packages/pure_pursuit/purepursuit.py
/home/sdc/Desktop/mocap4ros2_ws/Archive/install/pure_pursuit/lib/python3.10/site-packages/pure_pursuit/tf_updater_node.py
/home/sdc/Desktop/mocap4ros2_ws/Archive/install/pure_pursuit/lib/python3.10/site-packages/pure_pursuit/__pycache__/__init__.cpython-310.pyc
/home/sdc/Desktop/mocap4ros2_ws/Archive/install/pure_pursuit/lib/python3.10/site-packages/pure_pursuit/__pycache__/purepursuit_node.cpython-310.pyc
/home/sdc/Desktop/mocap4ros2_ws/Archive/install/pure_pursuit/lib/python3.10/site-packages/pure_pursuit/__pycache__/variable_speed_node.cpython-310.pyc
/home/sdc/Desktop/mocap4ros2_ws/Archive/install/pure_pursuit/lib/python3.10/site-packages/pure_pursuit/__pycache__/test_purepursuit_node.cpython-310.pyc
/home/sdc/Desktop/mocap4ros2_ws/Archive/install/pure_pursuit/lib/python3.10/site-packages/pure_pursuit/__pycache__/test_paths.cpython-310.pyc
/home/sdc/Desktop/mocap4ros2_ws/Archive/install/pure_pursuit/lib/python3.10/site-packages/pure_pursuit/__pycache__/purepursuit.cpython-310.pyc
/home/sdc/Desktop/mocap4ros2_ws/Archive/install/pure_pursuit/lib/python3.10/site-packages/pure_pursuit/__pycache__/tf_updater_node.cpython-310.pyc
/home/sdc/Desktop/mocap4ros2_ws/Archive/install/pure_pursuit/share/ament_index/resource_index/packages/pure_pursuit
/home/sdc/Desktop/mocap4ros2_ws/Archive/install/pure_pursuit/share/pure_pursuit/package.xml
/home/sdc/Desktop/mocap4ros2_ws/Archive/install/pure_pursuit/share/pure_pursuit/launch/purepursuit_movement_launch.py
/home/sdc/Desktop/mocap4ros2_ws/Archive/install/pure_pursuit/share/pure_pursuit/launch/purepursuit_launch.py
/home/sdc/Desktop/mocap4ros2_ws/Archive/install/pure_pursuit/share/pure_pursuit/config/purepursuit.yaml
/home/sdc/Desktop/mocap4ros2_ws/Archive/install/pure_pursuit/share/pure_pursuit/config/purepursuit_carla.yaml
/home/sdc/Desktop/mocap4ros2_ws/Archive/install/pure_pursuit/share/pure_pursuit/config/rviz/rviz_config.rviz
/home/sdc/Desktop/mocap4ros2_ws/Archive/install/pure_pursuit/share/pure_pursuit/config/rviz/purepursuit_rviz2.rviz
/home/sdc/Desktop/mocap4ros2_ws/Archive/install/pure_pursuit/lib/python3.10/site-packages/pure_pursuit-0.0.0-py3.10.egg-info/top_level.txt
/home/sdc/Desktop/mocap4ros2_ws/Archive/install/pure_pursuit/lib/python3.10/site-packages/pure_pursuit-0.0.0-py3.10.egg-info/zip-safe
/home/sdc/Desktop/mocap4ros2_ws/Archive/install/pure_pursuit/lib/python3.10/site-packages/pure_pursuit-0.0.0-py3.10.egg-info/dependency_links.txt
/home/sdc/Desktop/mocap4ros2_ws/Archive/install/pure_pursuit/lib/python3.10/site-packages/pure_pursuit-0.0.0-py3.10.egg-info/SOURCES.txt
/home/sdc/Desktop/mocap4ros2_ws/Archive/install/pure_pursuit/lib/python3.10/site-packages/pure_pursuit-0.0.0-py3.10.egg-info/entry_points.txt
/home/sdc/Desktop/mocap4ros2_ws/Archive/install/pure_pursuit/lib/python3.10/site-packages/pure_pursuit-0.0.0-py3.10.egg-info/PKG-INFO
/home/sdc/Desktop/mocap4ros2_ws/Archive/install/pure_pursuit/lib/python3.10/site-packages/pure_pursuit-0.0.0-py3.10.egg-info/requires.txt
/home/sdc/Desktop/mocap4ros2_ws/Archive/install/pure_pursuit/lib/pure_pursuit/path_tracker
/home/sdc/Desktop/mocap4ros2_ws/Archive/install/pure_pursuit/lib/pure_pursuit/testpath_pub
/home/sdc/Desktop/mocap4ros2_ws/Archive/install/pure_pursuit/lib/pure_pursuit/tf_broadcaster
/home/sdc/Desktop/mocap4ros2_ws/Archive/install/pure_pursuit/lib/pure_pursuit/variable_speed
