[0.111s] Invoking command in '/home/sdc/Desktop/mocap4ros2_ws/Archive/build/mocap4r2_msgs': CMAKE_PREFIX_PATH=/opt/ros/humble /usr/bin/cmake --build /home/sdc/Desktop/mocap4ros2_ws/Archive/build/mocap4r2_msgs -- -j16 -l16
[0.387s] [  1%] Built target mocap4r2_msgs__cpp
[0.388s] [ 12%] Built target mocap4r2_msgs__rosidl_generator_c
[0.388s] [ 12%] Built target ament_cmake_python_copy_mocap4r2_msgs
[0.388s] [ 23%] Built target mocap4r2_msgs__rosidl_typesupport_introspection_cpp
[0.389s] [ 35%] Built target mocap4r2_msgs__rosidl_typesupport_cpp
[0.389s] [ 46%] Built target mocap4r2_msgs__rosidl_typesupport_fastrtps_cpp
[0.389s] [ 57%] Built target mocap4r2_msgs__rosidl_typesupport_c
[0.389s] [ 77%] Built target mocap4r2_msgs__rosidl_typesupport_fastrtps_c
[0.389s] [ 80%] Built target mocap4r2_msgs__rosidl_typesupport_introspection_c
[0.389s] [ 80%] Built target mocap4r2_msgs
[0.389s] [ 81%] Built target mocap4r2_msgs__py
[0.389s] [ 83%] [32mBuilding C object CMakeFiles/mocap4r2_msgs__rosidl_generator_py.dir/rosidl_generator_py/mocap4r2_msgs/msg/_rigid_bodies_s.c.o[0m
[0.389s] [ 84%] [32mBuilding C object CMakeFiles/mocap4r2_msgs__rosidl_generator_py.dir/rosidl_generator_py/mocap4r2_msgs/msg/_markers_s.c.o[0m
[0.389s] [ 85%] [32mBuilding C object CMakeFiles/mocap4r2_msgs__rosidl_generator_py.dir/rosidl_generator_py/mocap4r2_msgs/msg/_rigid_body_s.c.o[0m
[0.390s] [ 87%] [32mBuilding C object CMakeFiles/mocap4r2_msgs__rosidl_generator_py.dir/rosidl_generator_py/mocap4r2_msgs/srv/_create_rigid_body_s.c.o[0m
[0.390s] [ 88%] [32mBuilding C object CMakeFiles/mocap4r2_msgs__rosidl_generator_py.dir/rosidl_generator_py/mocap4r2_msgs/msg/_marker_s.c.o[0m
[0.390s] [ 90%] [32mBuilding C object CMakeFiles/mocap4r2_msgs__rosidl_generator_py.dir/rosidl_generator_py/mocap4r2_msgs/msg/_imus_info_s.c.o[0m
[0.390s] [ 91%] [32m[1mLinking C shared library rosidl_generator_py/mocap4r2_msgs/libmocap4r2_msgs__rosidl_generator_py.so[0m
[0.390s] running egg_info
[0.390s] writing mocap4r2_msgs.egg-info/PKG-INFO
[0.390s] writing dependency_links to mocap4r2_msgs.egg-info/dependency_links.txt
[0.390s] writing top-level names to mocap4r2_msgs.egg-info/top_level.txt
[0.390s] reading manifest file 'mocap4r2_msgs.egg-info/SOURCES.txt'
[0.390s] writing manifest file 'mocap4r2_msgs.egg-info/SOURCES.txt'
[0.390s] [ 91%] Built target mocap4r2_msgs__rosidl_generator_py
[0.390s] [ 91%] Built target ament_cmake_python_build_mocap4r2_msgs_egg
[0.390s] [ 92%] [32mBuilding C object CMakeFiles/mocap4r2_msgs__rosidl_typesupport_introspection_c__pyext.dir/rosidl_generator_py/mocap4r2_msgs/_mocap4r2_msgs_s.ep.rosidl_typesupport_introspection_c.c.o[0m
[0.390s] [ 94%] [32mBuilding C object CMakeFiles/mocap4r2_msgs__rosidl_typesupport_fastrtps_c__pyext.dir/rosidl_generator_py/mocap4r2_msgs/_mocap4r2_msgs_s.ep.rosidl_typesupport_fastrtps_c.c.o[0m
[0.390s] [ 95%] [32mBuilding C object CMakeFiles/mocap4r2_msgs__rosidl_typesupport_c__pyext.dir/rosidl_generator_py/mocap4r2_msgs/_mocap4r2_msgs_s.ep.rosidl_typesupport_c.c.o[0m
[0.455s] [ 97%] [32m[1mLinking C shared library rosidl_generator_py/mocap4r2_msgs/mocap4r2_msgs_s__rosidl_typesupport_introspection_c.cpython-310-x86_64-linux-gnu.so[0m
[0.467s] [ 98%] [32m[1mLinking C shared library rosidl_generator_py/mocap4r2_msgs/mocap4r2_msgs_s__rosidl_typesupport_c.cpython-310-x86_64-linux-gnu.so[0m
[0.478s] [100%] [32m[1mLinking C shared library rosidl_generator_py/mocap4r2_msgs/mocap4r2_msgs_s__rosidl_typesupport_fastrtps_c.cpython-310-x86_64-linux-gnu.so[0m
[0.487s] [100%] Built target mocap4r2_msgs__rosidl_typesupport_introspection_c__pyext
[0.493s] [100%] Built target mocap4r2_msgs__rosidl_typesupport_c__pyext
[0.502s] [100%] Built target mocap4r2_msgs__rosidl_typesupport_fastrtps_c__pyext
[0.572s] Invoked command in '/home/sdc/Desktop/mocap4ros2_ws/Archive/build/mocap4r2_msgs' returned '0': CMAKE_PREFIX_PATH=/opt/ros/humble /usr/bin/cmake --build /home/sdc/Desktop/mocap4ros2_ws/Archive/build/mocap4r2_msgs -- -j16 -l16
[0.650s] Invoking command in '/home/sdc/Desktop/mocap4ros2_ws/Archive/build/mocap4r2_msgs': CMAKE_PREFIX_PATH=/opt/ros/humble /usr/bin/cmake --install /home/sdc/Desktop/mocap4ros2_ws/Archive/build/mocap4r2_msgs
[0.662s] -- Install configuration: ""
[0.662s] -- Up-to-date: /home/sdc/Desktop/mocap4ros2_ws/Archive/install/mocap4r2_msgs/share/ament_index/resource_index/rosidl_interfaces/mocap4r2_msgs
[0.662s] -- Up-to-date: /home/sdc/Desktop/mocap4ros2_ws/Archive/install/mocap4r2_msgs/include/mocap4r2_msgs/mocap4r2_msgs
[0.662s] -- Up-to-date: /home/sdc/Desktop/mocap4ros2_ws/Archive/install/mocap4r2_msgs/include/mocap4r2_msgs/mocap4r2_msgs/msg
[0.662s] -- Up-to-date: /home/sdc/Desktop/mocap4ros2_ws/Archive/install/mocap4r2_msgs/include/mocap4r2_msgs/mocap4r2_msgs/msg/marker.h
[0.662s] -- Up-to-date: /home/sdc/Desktop/mocap4ros2_ws/Archive/install/mocap4r2_msgs/include/mocap4r2_msgs/mocap4r2_msgs/msg/detail
[0.662s] -- Up-to-date: /home/sdc/Desktop/mocap4ros2_ws/Archive/install/mocap4r2_msgs/include/mocap4r2_msgs/mocap4r2_msgs/msg/detail/imus_info__struct.h
[0.662s] -- Up-to-date: /home/sdc/Desktop/mocap4ros2_ws/Archive/install/mocap4r2_msgs/include/mocap4r2_msgs/mocap4r2_msgs/msg/detail/marker__functions.h
[0.662s] -- Up-to-date: /home/sdc/Desktop/mocap4ros2_ws/Archive/install/mocap4r2_msgs/include/mocap4r2_msgs/mocap4r2_msgs/msg/detail/rigid_bodies__functions.h
[0.662s] -- Up-to-date: /home/sdc/Desktop/mocap4ros2_ws/Archive/install/mocap4r2_msgs/include/mocap4r2_msgs/mocap4r2_msgs/msg/detail/markers__functions.c
[0.662s] -- Up-to-date: /home/sdc/Desktop/mocap4ros2_ws/Archive/install/mocap4r2_msgs/include/mocap4r2_msgs/mocap4r2_msgs/msg/detail/marker__struct.h
[0.663s] -- Up-to-date: /home/sdc/Desktop/mocap4ros2_ws/Archive/install/mocap4r2_msgs/include/mocap4r2_msgs/mocap4r2_msgs/msg/detail/markers__type_support.h
[0.663s] -- Up-to-date: /home/sdc/Desktop/mocap4ros2_ws/Archive/install/mocap4r2_msgs/include/mocap4r2_msgs/mocap4r2_msgs/msg/detail/rigid_bodies__type_support.h
[0.663s] -- Up-to-date: /home/sdc/Desktop/mocap4ros2_ws/Archive/install/mocap4r2_msgs/include/mocap4r2_msgs/mocap4r2_msgs/msg/detail/rigid_bodies__struct.h
[0.663s] -- Up-to-date: /home/sdc/Desktop/mocap4ros2_ws/Archive/install/mocap4r2_msgs/include/mocap4r2_msgs/mocap4r2_msgs/msg/detail/rigid_body__functions.h
[0.663s] -- Up-to-date: /home/sdc/Desktop/mocap4ros2_ws/Archive/install/mocap4r2_msgs/include/mocap4r2_msgs/mocap4r2_msgs/msg/detail/imus_info__type_support.h
[0.663s] -- Up-to-date: /home/sdc/Desktop/mocap4ros2_ws/Archive/install/mocap4r2_msgs/include/mocap4r2_msgs/mocap4r2_msgs/msg/detail/marker__functions.c
[0.663s] -- Up-to-date: /home/sdc/Desktop/mocap4ros2_ws/Archive/install/mocap4r2_msgs/include/mocap4r2_msgs/mocap4r2_msgs/msg/detail/markers__struct.h
[0.663s] -- Up-to-date: /home/sdc/Desktop/mocap4ros2_ws/Archive/install/mocap4r2_msgs/include/mocap4r2_msgs/mocap4r2_msgs/msg/detail/rigid_body__type_support.h
[0.663s] -- Up-to-date: /home/sdc/Desktop/mocap4ros2_ws/Archive/install/mocap4r2_msgs/include/mocap4r2_msgs/mocap4r2_msgs/msg/detail/rigid_bodies__functions.c
[0.663s] -- Up-to-date: /home/sdc/Desktop/mocap4ros2_ws/Archive/install/mocap4r2_msgs/include/mocap4r2_msgs/mocap4r2_msgs/msg/detail/marker__type_support.h
[0.663s] -- Up-to-date: /home/sdc/Desktop/mocap4ros2_ws/Archive/install/mocap4r2_msgs/include/mocap4r2_msgs/mocap4r2_msgs/msg/detail/markers__functions.h
[0.663s] -- Up-to-date: /home/sdc/Desktop/mocap4ros2_ws/Archive/install/mocap4r2_msgs/include/mocap4r2_msgs/mocap4r2_msgs/msg/detail/rigid_body__struct.h
[0.663s] -- Up-to-date: /home/sdc/Desktop/mocap4ros2_ws/Archive/install/mocap4r2_msgs/include/mocap4r2_msgs/mocap4r2_msgs/msg/detail/imus_info__functions.h
[0.663s] -- Up-to-date: /home/sdc/Desktop/mocap4ros2_ws/Archive/install/mocap4r2_msgs/include/mocap4r2_msgs/mocap4r2_msgs/msg/detail/imus_info__functions.c
[0.663s] -- Up-to-date: /home/sdc/Desktop/mocap4ros2_ws/Archive/install/mocap4r2_msgs/include/mocap4r2_msgs/mocap4r2_msgs/msg/detail/rigid_body__functions.c
[0.663s] -- Up-to-date: /home/sdc/Desktop/mocap4ros2_ws/Archive/install/mocap4r2_msgs/include/mocap4r2_msgs/mocap4r2_msgs/msg/rigid_body.h
[0.663s] -- Up-to-date: /home/sdc/Desktop/mocap4ros2_ws/Archive/install/mocap4r2_msgs/include/mocap4r2_msgs/mocap4r2_msgs/msg/imus_info.h
[0.663s] -- Up-to-date: /home/sdc/Desktop/mocap4ros2_ws/Archive/install/mocap4r2_msgs/include/mocap4r2_msgs/mocap4r2_msgs/msg/markers.h
[0.663s] -- Up-to-date: /home/sdc/Desktop/mocap4ros2_ws/Archive/install/mocap4r2_msgs/include/mocap4r2_msgs/mocap4r2_msgs/msg/rosidl_generator_c__visibility_control.h
[0.663s] -- Up-to-date: /home/sdc/Desktop/mocap4ros2_ws/Archive/install/mocap4r2_msgs/include/mocap4r2_msgs/mocap4r2_msgs/msg/rigid_bodies.h
[0.663s] -- Up-to-date: /home/sdc/Desktop/mocap4ros2_ws/Archive/install/mocap4r2_msgs/include/mocap4r2_msgs/mocap4r2_msgs/srv
[0.663s] -- Up-to-date: /home/sdc/Desktop/mocap4ros2_ws/Archive/install/mocap4r2_msgs/include/mocap4r2_msgs/mocap4r2_msgs/srv/detail
[0.663s] -- Up-to-date: /home/sdc/Desktop/mocap4ros2_ws/Archive/install/mocap4r2_msgs/include/mocap4r2_msgs/mocap4r2_msgs/srv/detail/create_rigid_body__functions.c
[0.663s] -- Up-to-date: /home/sdc/Desktop/mocap4ros2_ws/Archive/install/mocap4r2_msgs/include/mocap4r2_msgs/mocap4r2_msgs/srv/detail/create_rigid_body__type_support.h
[0.664s] -- Up-to-date: /home/sdc/Desktop/mocap4ros2_ws/Archive/install/mocap4r2_msgs/include/mocap4r2_msgs/mocap4r2_msgs/srv/detail/create_rigid_body__functions.h
[0.664s] -- Up-to-date: /home/sdc/Desktop/mocap4ros2_ws/Archive/install/mocap4r2_msgs/include/mocap4r2_msgs/mocap4r2_msgs/srv/detail/create_rigid_body__struct.h
[0.664s] -- Up-to-date: /home/sdc/Desktop/mocap4ros2_ws/Archive/install/mocap4r2_msgs/include/mocap4r2_msgs/mocap4r2_msgs/srv/create_rigid_body.h
[0.664s] -- Up-to-date: /home/sdc/Desktop/mocap4ros2_ws/Archive/install/mocap4r2_msgs/share/mocap4r2_msgs/environment/library_path.sh
[0.664s] -- Up-to-date: /home/sdc/Desktop/mocap4ros2_ws/Archive/install/mocap4r2_msgs/share/mocap4r2_msgs/environment/library_path.dsv
[0.664s] -- Up-to-date: /home/sdc/Desktop/mocap4ros2_ws/Archive/install/mocap4r2_msgs/lib/libmocap4r2_msgs__rosidl_generator_c.so
[0.664s] -- Up-to-date: /home/sdc/Desktop/mocap4ros2_ws/Archive/install/mocap4r2_msgs/include/mocap4r2_msgs/mocap4r2_msgs
[0.664s] -- Up-to-date: /home/sdc/Desktop/mocap4ros2_ws/Archive/install/mocap4r2_msgs/include/mocap4r2_msgs/mocap4r2_msgs/msg
[0.664s] -- Up-to-date: /home/sdc/Desktop/mocap4ros2_ws/Archive/install/mocap4r2_msgs/include/mocap4r2_msgs/mocap4r2_msgs/msg/detail
[0.664s] -- Up-to-date: /home/sdc/Desktop/mocap4ros2_ws/Archive/install/mocap4r2_msgs/include/mocap4r2_msgs/mocap4r2_msgs/msg/detail/rigid_bodies__rosidl_typesupport_fastrtps_c.h
[0.664s] -- Up-to-date: /home/sdc/Desktop/mocap4ros2_ws/Archive/install/mocap4r2_msgs/include/mocap4r2_msgs/mocap4r2_msgs/msg/detail/rigid_body__rosidl_typesupport_fastrtps_c.h
[0.664s] -- Up-to-date: /home/sdc/Desktop/mocap4ros2_ws/Archive/install/mocap4r2_msgs/include/mocap4r2_msgs/mocap4r2_msgs/msg/detail/markers__rosidl_typesupport_fastrtps_c.h
[0.664s] -- Up-to-date: /home/sdc/Desktop/mocap4ros2_ws/Archive/install/mocap4r2_msgs/include/mocap4r2_msgs/mocap4r2_msgs/msg/detail/imus_info__rosidl_typesupport_fastrtps_c.h
[0.664s] -- Up-to-date: /home/sdc/Desktop/mocap4ros2_ws/Archive/install/mocap4r2_msgs/include/mocap4r2_msgs/mocap4r2_msgs/msg/detail/marker__rosidl_typesupport_fastrtps_c.h
[0.664s] -- Up-to-date: /home/sdc/Desktop/mocap4ros2_ws/Archive/install/mocap4r2_msgs/include/mocap4r2_msgs/mocap4r2_msgs/msg/rosidl_typesupport_fastrtps_c__visibility_control.h
[0.664s] -- Up-to-date: /home/sdc/Desktop/mocap4ros2_ws/Archive/install/mocap4r2_msgs/include/mocap4r2_msgs/mocap4r2_msgs/srv
[0.664s] -- Up-to-date: /home/sdc/Desktop/mocap4ros2_ws/Archive/install/mocap4r2_msgs/include/mocap4r2_msgs/mocap4r2_msgs/srv/detail
[0.664s] -- Up-to-date: /home/sdc/Desktop/mocap4ros2_ws/Archive/install/mocap4r2_msgs/include/mocap4r2_msgs/mocap4r2_msgs/srv/detail/create_rigid_body__rosidl_typesupport_fastrtps_c.h
[0.664s] -- Up-to-date: /home/sdc/Desktop/mocap4ros2_ws/Archive/install/mocap4r2_msgs/lib/libmocap4r2_msgs__rosidl_typesupport_fastrtps_c.so
[0.664s] -- Up-to-date: /home/sdc/Desktop/mocap4ros2_ws/Archive/install/mocap4r2_msgs/include/mocap4r2_msgs/mocap4r2_msgs
[0.664s] -- Up-to-date: /home/sdc/Desktop/mocap4ros2_ws/Archive/install/mocap4r2_msgs/include/mocap4r2_msgs/mocap4r2_msgs/msg
[0.664s] -- Up-to-date: /home/sdc/Desktop/mocap4ros2_ws/Archive/install/mocap4r2_msgs/include/mocap4r2_msgs/mocap4r2_msgs/msg/rosidl_typesupport_introspection_c__visibility_control.h
[0.664s] -- Up-to-date: /home/sdc/Desktop/mocap4ros2_ws/Archive/install/mocap4r2_msgs/include/mocap4r2_msgs/mocap4r2_msgs/msg/detail
[0.664s] -- Up-to-date: /home/sdc/Desktop/mocap4ros2_ws/Archive/install/mocap4r2_msgs/include/mocap4r2_msgs/mocap4r2_msgs/msg/detail/markers__type_support.c
[0.664s] -- Up-to-date: /home/sdc/Desktop/mocap4ros2_ws/Archive/install/mocap4r2_msgs/include/mocap4r2_msgs/mocap4r2_msgs/msg/detail/imus_info__rosidl_typesupport_introspection_c.h
[0.664s] -- Up-to-date: /home/sdc/Desktop/mocap4ros2_ws/Archive/install/mocap4r2_msgs/include/mocap4r2_msgs/mocap4r2_msgs/msg/detail/marker__type_support.c
[0.664s] -- Up-to-date: /home/sdc/Desktop/mocap4ros2_ws/Archive/install/mocap4r2_msgs/include/mocap4r2_msgs/mocap4r2_msgs/msg/detail/rigid_body__rosidl_typesupport_introspection_c.h
[0.664s] -- Up-to-date: /home/sdc/Desktop/mocap4ros2_ws/Archive/install/mocap4r2_msgs/include/mocap4r2_msgs/mocap4r2_msgs/msg/detail/rigid_body__type_support.c
[0.664s] -- Up-to-date: /home/sdc/Desktop/mocap4ros2_ws/Archive/install/mocap4r2_msgs/include/mocap4r2_msgs/mocap4r2_msgs/msg/detail/marker__rosidl_typesupport_introspection_c.h
[0.664s] -- Up-to-date: /home/sdc/Desktop/mocap4ros2_ws/Archive/install/mocap4r2_msgs/include/mocap4r2_msgs/mocap4r2_msgs/msg/detail/rigid_bodies__rosidl_typesupport_introspection_c.h
[0.665s] -- Up-to-date: /home/sdc/Desktop/mocap4ros2_ws/Archive/install/mocap4r2_msgs/include/mocap4r2_msgs/mocap4r2_msgs/msg/detail/markers__rosidl_typesupport_introspection_c.h
[0.665s] -- Up-to-date: /home/sdc/Desktop/mocap4ros2_ws/Archive/install/mocap4r2_msgs/include/mocap4r2_msgs/mocap4r2_msgs/msg/detail/imus_info__type_support.c
[0.665s] -- Up-to-date: /home/sdc/Desktop/mocap4ros2_ws/Archive/install/mocap4r2_msgs/include/mocap4r2_msgs/mocap4r2_msgs/msg/detail/rigid_bodies__type_support.c
[0.665s] -- Up-to-date: /home/sdc/Desktop/mocap4ros2_ws/Archive/install/mocap4r2_msgs/include/mocap4r2_msgs/mocap4r2_msgs/srv
[0.665s] -- Up-to-date: /home/sdc/Desktop/mocap4ros2_ws/Archive/install/mocap4r2_msgs/include/mocap4r2_msgs/mocap4r2_msgs/srv/detail
[0.665s] -- Up-to-date: /home/sdc/Desktop/mocap4ros2_ws/Archive/install/mocap4r2_msgs/include/mocap4r2_msgs/mocap4r2_msgs/srv/detail/create_rigid_body__rosidl_typesupport_introspection_c.h
[0.665s] -- Up-to-date: /home/sdc/Desktop/mocap4ros2_ws/Archive/install/mocap4r2_msgs/include/mocap4r2_msgs/mocap4r2_msgs/srv/detail/create_rigid_body__type_support.c
[0.665s] -- Up-to-date: /home/sdc/Desktop/mocap4ros2_ws/Archive/install/mocap4r2_msgs/lib/libmocap4r2_msgs__rosidl_typesupport_introspection_c.so
[0.665s] -- Up-to-date: /home/sdc/Desktop/mocap4ros2_ws/Archive/install/mocap4r2_msgs/lib/libmocap4r2_msgs__rosidl_typesupport_c.so
[0.665s] -- Up-to-date: /home/sdc/Desktop/mocap4ros2_ws/Archive/install/mocap4r2_msgs/include/mocap4r2_msgs/mocap4r2_msgs
[0.665s] -- Up-to-date: /home/sdc/Desktop/mocap4ros2_ws/Archive/install/mocap4r2_msgs/include/mocap4r2_msgs/mocap4r2_msgs/msg
[0.665s] -- Up-to-date: /home/sdc/Desktop/mocap4ros2_ws/Archive/install/mocap4r2_msgs/include/mocap4r2_msgs/mocap4r2_msgs/msg/imus_info.hpp
[0.665s] -- Up-to-date: /home/sdc/Desktop/mocap4ros2_ws/Archive/install/mocap4r2_msgs/include/mocap4r2_msgs/mocap4r2_msgs/msg/detail
[0.665s] -- Up-to-date: /home/sdc/Desktop/mocap4ros2_ws/Archive/install/mocap4r2_msgs/include/mocap4r2_msgs/mocap4r2_msgs/msg/detail/markers__traits.hpp
[0.665s] -- Up-to-date: /home/sdc/Desktop/mocap4ros2_ws/Archive/install/mocap4r2_msgs/include/mocap4r2_msgs/mocap4r2_msgs/msg/detail/rigid_body__struct.hpp
[0.665s] -- Up-to-date: /home/sdc/Desktop/mocap4ros2_ws/Archive/install/mocap4r2_msgs/include/mocap4r2_msgs/mocap4r2_msgs/msg/detail/rigid_bodies__traits.hpp
[0.665s] -- Up-to-date: /home/sdc/Desktop/mocap4ros2_ws/Archive/install/mocap4r2_msgs/include/mocap4r2_msgs/mocap4r2_msgs/msg/detail/rigid_bodies__struct.hpp
[0.665s] -- Up-to-date: /home/sdc/Desktop/mocap4ros2_ws/Archive/install/mocap4r2_msgs/include/mocap4r2_msgs/mocap4r2_msgs/msg/detail/imus_info__builder.hpp
[0.665s] -- Up-to-date: /home/sdc/Desktop/mocap4ros2_ws/Archive/install/mocap4r2_msgs/include/mocap4r2_msgs/mocap4r2_msgs/msg/detail/imus_info__traits.hpp
[0.665s] -- Up-to-date: /home/sdc/Desktop/mocap4ros2_ws/Archive/install/mocap4r2_msgs/include/mocap4r2_msgs/mocap4r2_msgs/msg/detail/marker__traits.hpp
[0.665s] -- Up-to-date: /home/sdc/Desktop/mocap4ros2_ws/Archive/install/mocap4r2_msgs/include/mocap4r2_msgs/mocap4r2_msgs/msg/detail/rigid_bodies__builder.hpp
[0.666s] -- Up-to-date: /home/sdc/Desktop/mocap4ros2_ws/Archive/install/mocap4r2_msgs/include/mocap4r2_msgs/mocap4r2_msgs/msg/detail/markers__struct.hpp
[0.666s] -- Up-to-date: /home/sdc/Desktop/mocap4ros2_ws/Archive/install/mocap4r2_msgs/include/mocap4r2_msgs/mocap4r2_msgs/msg/detail/marker__builder.hpp
[0.666s] -- Up-to-date: /home/sdc/Desktop/mocap4ros2_ws/Archive/install/mocap4r2_msgs/include/mocap4r2_msgs/mocap4r2_msgs/msg/detail/rigid_body__builder.hpp
[0.672s] -- Up-to-date: /home/sdc/Desktop/mocap4ros2_ws/Archive/install/mocap4r2_msgs/include/mocap4r2_msgs/mocap4r2_msgs/msg/detail/markers__builder.hpp
[0.672s] -- Up-to-date: /home/sdc/Desktop/mocap4ros2_ws/Archive/install/mocap4r2_msgs/include/mocap4r2_msgs/mocap4r2_msgs/msg/detail/imus_info__struct.hpp
[0.672s] -- Up-to-date: /home/sdc/Desktop/mocap4ros2_ws/Archive/install/mocap4r2_msgs/include/mocap4r2_msgs/mocap4r2_msgs/msg/detail/rigid_body__traits.hpp
[0.673s] -- Up-to-date: /home/sdc/Desktop/mocap4ros2_ws/Archive/install/mocap4r2_msgs/include/mocap4r2_msgs/mocap4r2_msgs/msg/detail/marker__struct.hpp
[0.673s] -- Up-to-date: /home/sdc/Desktop/mocap4ros2_ws/Archive/install/mocap4r2_msgs/include/mocap4r2_msgs/mocap4r2_msgs/msg/rigid_bodies.hpp
[0.673s] -- Up-to-date: /home/sdc/Desktop/mocap4ros2_ws/Archive/install/mocap4r2_msgs/include/mocap4r2_msgs/mocap4r2_msgs/msg/markers.hpp
[0.673s] -- Up-to-date: /home/sdc/Desktop/mocap4ros2_ws/Archive/install/mocap4r2_msgs/include/mocap4r2_msgs/mocap4r2_msgs/msg/marker.hpp
[0.673s] -- Up-to-date: /home/sdc/Desktop/mocap4ros2_ws/Archive/install/mocap4r2_msgs/include/mocap4r2_msgs/mocap4r2_msgs/msg/rigid_body.hpp
[0.673s] -- Up-to-date: /home/sdc/Desktop/mocap4ros2_ws/Archive/install/mocap4r2_msgs/include/mocap4r2_msgs/mocap4r2_msgs/srv
[0.673s] -- Up-to-date: /home/sdc/Desktop/mocap4ros2_ws/Archive/install/mocap4r2_msgs/include/mocap4r2_msgs/mocap4r2_msgs/srv/detail
[0.674s] -- Up-to-date: /home/sdc/Desktop/mocap4ros2_ws/Archive/install/mocap4r2_msgs/include/mocap4r2_msgs/mocap4r2_msgs/srv/detail/create_rigid_body__struct.hpp
[0.674s] -- Up-to-date: /home/sdc/Desktop/mocap4ros2_ws/Archive/install/mocap4r2_msgs/include/mocap4r2_msgs/mocap4r2_msgs/srv/detail/create_rigid_body__builder.hpp
[0.674s] -- Up-to-date: /home/sdc/Desktop/mocap4ros2_ws/Archive/install/mocap4r2_msgs/include/mocap4r2_msgs/mocap4r2_msgs/srv/detail/create_rigid_body__traits.hpp
[0.674s] -- Up-to-date: /home/sdc/Desktop/mocap4ros2_ws/Archive/install/mocap4r2_msgs/include/mocap4r2_msgs/mocap4r2_msgs/srv/create_rigid_body.hpp
[0.674s] -- Up-to-date: /home/sdc/Desktop/mocap4ros2_ws/Archive/install/mocap4r2_msgs/include/mocap4r2_msgs/mocap4r2_msgs
[0.675s] -- Up-to-date: /home/sdc/Desktop/mocap4ros2_ws/Archive/install/mocap4r2_msgs/include/mocap4r2_msgs/mocap4r2_msgs/msg
[0.675s] -- Up-to-date: /home/sdc/Desktop/mocap4ros2_ws/Archive/install/mocap4r2_msgs/include/mocap4r2_msgs/mocap4r2_msgs/msg/rosidl_typesupport_fastrtps_cpp__visibility_control.h
[0.675s] -- Up-to-date: /home/sdc/Desktop/mocap4ros2_ws/Archive/install/mocap4r2_msgs/include/mocap4r2_msgs/mocap4r2_msgs/msg/detail
[0.675s] -- Up-to-date: /home/sdc/Desktop/mocap4ros2_ws/Archive/install/mocap4r2_msgs/include/mocap4r2_msgs/mocap4r2_msgs/msg/detail/dds_fastrtps
[0.675s] -- Up-to-date: /home/sdc/Desktop/mocap4ros2_ws/Archive/install/mocap4r2_msgs/include/mocap4r2_msgs/mocap4r2_msgs/msg/detail/rigid_body__rosidl_typesupport_fastrtps_cpp.hpp
[0.675s] -- Up-to-date: /home/sdc/Desktop/mocap4ros2_ws/Archive/install/mocap4r2_msgs/include/mocap4r2_msgs/mocap4r2_msgs/msg/detail/imus_info__rosidl_typesupport_fastrtps_cpp.hpp
[0.675s] -- Up-to-date: /home/sdc/Desktop/mocap4ros2_ws/Archive/install/mocap4r2_msgs/include/mocap4r2_msgs/mocap4r2_msgs/msg/detail/markers__rosidl_typesupport_fastrtps_cpp.hpp
[0.676s] -- Up-to-date: /home/sdc/Desktop/mocap4ros2_ws/Archive/install/mocap4r2_msgs/include/mocap4r2_msgs/mocap4r2_msgs/msg/detail/marker__rosidl_typesupport_fastrtps_cpp.hpp
[0.676s] -- Up-to-date: /home/sdc/Desktop/mocap4ros2_ws/Archive/install/mocap4r2_msgs/include/mocap4r2_msgs/mocap4r2_msgs/msg/detail/rigid_bodies__rosidl_typesupport_fastrtps_cpp.hpp
[0.676s] -- Up-to-date: /home/sdc/Desktop/mocap4ros2_ws/Archive/install/mocap4r2_msgs/include/mocap4r2_msgs/mocap4r2_msgs/srv
[0.677s] -- Up-to-date: /home/sdc/Desktop/mocap4ros2_ws/Archive/install/mocap4r2_msgs/include/mocap4r2_msgs/mocap4r2_msgs/srv/detail
[0.677s] -- Up-to-date: /home/sdc/Desktop/mocap4ros2_ws/Archive/install/mocap4r2_msgs/include/mocap4r2_msgs/mocap4r2_msgs/srv/detail/dds_fastrtps
[0.677s] -- Up-to-date: /home/sdc/Desktop/mocap4ros2_ws/Archive/install/mocap4r2_msgs/include/mocap4r2_msgs/mocap4r2_msgs/srv/detail/create_rigid_body__rosidl_typesupport_fastrtps_cpp.hpp
[0.678s] -- Up-to-date: /home/sdc/Desktop/mocap4ros2_ws/Archive/install/mocap4r2_msgs/lib/libmocap4r2_msgs__rosidl_typesupport_fastrtps_cpp.so
[0.678s] -- Up-to-date: /home/sdc/Desktop/mocap4ros2_ws/Archive/install/mocap4r2_msgs/include/mocap4r2_msgs/mocap4r2_msgs
[0.678s] -- Up-to-date: /home/sdc/Desktop/mocap4ros2_ws/Archive/install/mocap4r2_msgs/include/mocap4r2_msgs/mocap4r2_msgs/msg
[0.678s] -- Up-to-date: /home/sdc/Desktop/mocap4ros2_ws/Archive/install/mocap4r2_msgs/include/mocap4r2_msgs/mocap4r2_msgs/msg/detail
[0.679s] -- Up-to-date: /home/sdc/Desktop/mocap4ros2_ws/Archive/install/mocap4r2_msgs/include/mocap4r2_msgs/mocap4r2_msgs/msg/detail/markers__rosidl_typesupport_introspection_cpp.hpp
[0.679s] -- Up-to-date: /home/sdc/Desktop/mocap4ros2_ws/Archive/install/mocap4r2_msgs/include/mocap4r2_msgs/mocap4r2_msgs/msg/detail/rigid_body__type_support.cpp
[0.679s] -- Up-to-date: /home/sdc/Desktop/mocap4ros2_ws/Archive/install/mocap4r2_msgs/include/mocap4r2_msgs/mocap4r2_msgs/msg/detail/imus_info__type_support.cpp
[0.679s] -- Up-to-date: /home/sdc/Desktop/mocap4ros2_ws/Archive/install/mocap4r2_msgs/include/mocap4r2_msgs/mocap4r2_msgs/msg/detail/marker__rosidl_typesupport_introspection_cpp.hpp
[0.679s] -- Up-to-date: /home/sdc/Desktop/mocap4ros2_ws/Archive/install/mocap4r2_msgs/include/mocap4r2_msgs/mocap4r2_msgs/msg/detail/marker__type_support.cpp
[0.680s] -- Up-to-date: /home/sdc/Desktop/mocap4ros2_ws/Archive/install/mocap4r2_msgs/include/mocap4r2_msgs/mocap4r2_msgs/msg/detail/markers__type_support.cpp
[0.680s] -- Up-to-date: /home/sdc/Desktop/mocap4ros2_ws/Archive/install/mocap4r2_msgs/include/mocap4r2_msgs/mocap4r2_msgs/msg/detail/rigid_bodies__rosidl_typesupport_introspection_cpp.hpp
[0.680s] -- Up-to-date: /home/sdc/Desktop/mocap4ros2_ws/Archive/install/mocap4r2_msgs/include/mocap4r2_msgs/mocap4r2_msgs/msg/detail/rigid_body__rosidl_typesupport_introspection_cpp.hpp
[0.680s] -- Up-to-date: /home/sdc/Desktop/mocap4ros2_ws/Archive/install/mocap4r2_msgs/include/mocap4r2_msgs/mocap4r2_msgs/msg/detail/rigid_bodies__type_support.cpp
[0.680s] -- Up-to-date: /home/sdc/Desktop/mocap4ros2_ws/Archive/install/mocap4r2_msgs/include/mocap4r2_msgs/mocap4r2_msgs/msg/detail/imus_info__rosidl_typesupport_introspection_cpp.hpp
[0.680s] -- Up-to-date: /home/sdc/Desktop/mocap4ros2_ws/Archive/install/mocap4r2_msgs/include/mocap4r2_msgs/mocap4r2_msgs/srv
[0.680s] -- Up-to-date: /home/sdc/Desktop/mocap4ros2_ws/Archive/install/mocap4r2_msgs/include/mocap4r2_msgs/mocap4r2_msgs/srv/detail
[0.680s] -- Up-to-date: /home/sdc/Desktop/mocap4ros2_ws/Archive/install/mocap4r2_msgs/include/mocap4r2_msgs/mocap4r2_msgs/srv/detail/create_rigid_body__rosidl_typesupport_introspection_cpp.hpp
[0.681s] -- Up-to-date: /home/sdc/Desktop/mocap4ros2_ws/Archive/install/mocap4r2_msgs/include/mocap4r2_msgs/mocap4r2_msgs/srv/detail/create_rigid_body__type_support.cpp
[0.681s] -- Up-to-date: /home/sdc/Desktop/mocap4ros2_ws/Archive/install/mocap4r2_msgs/lib/libmocap4r2_msgs__rosidl_typesupport_introspection_cpp.so
[0.681s] -- Up-to-date: /home/sdc/Desktop/mocap4ros2_ws/Archive/install/mocap4r2_msgs/lib/libmocap4r2_msgs__rosidl_typesupport_cpp.so
[0.681s] -- Up-to-date: /home/sdc/Desktop/mocap4ros2_ws/Archive/install/mocap4r2_msgs/share/mocap4r2_msgs/environment/pythonpath.sh
[0.681s] -- Up-to-date: /home/sdc/Desktop/mocap4ros2_ws/Archive/install/mocap4r2_msgs/share/mocap4r2_msgs/environment/pythonpath.dsv
[0.681s] -- Up-to-date: /home/sdc/Desktop/mocap4ros2_ws/Archive/install/mocap4r2_msgs/local/lib/python3.10/dist-packages/mocap4r2_msgs-0.0.5-py3.10.egg-info
[0.682s] -- Installing: /home/sdc/Desktop/mocap4ros2_ws/Archive/install/mocap4r2_msgs/local/lib/python3.10/dist-packages/mocap4r2_msgs-0.0.5-py3.10.egg-info/top_level.txt
[0.682s] -- Installing: /home/sdc/Desktop/mocap4ros2_ws/Archive/install/mocap4r2_msgs/local/lib/python3.10/dist-packages/mocap4r2_msgs-0.0.5-py3.10.egg-info/dependency_links.txt
[0.682s] -- Installing: /home/sdc/Desktop/mocap4ros2_ws/Archive/install/mocap4r2_msgs/local/lib/python3.10/dist-packages/mocap4r2_msgs-0.0.5-py3.10.egg-info/SOURCES.txt
[0.682s] -- Installing: /home/sdc/Desktop/mocap4ros2_ws/Archive/install/mocap4r2_msgs/local/lib/python3.10/dist-packages/mocap4r2_msgs-0.0.5-py3.10.egg-info/PKG-INFO
[0.682s] -- Up-to-date: /home/sdc/Desktop/mocap4ros2_ws/Archive/install/mocap4r2_msgs/local/lib/python3.10/dist-packages/mocap4r2_msgs
[0.683s] -- Up-to-date: /home/sdc/Desktop/mocap4ros2_ws/Archive/install/mocap4r2_msgs/local/lib/python3.10/dist-packages/mocap4r2_msgs/msg
[0.683s] -- Up-to-date: /home/sdc/Desktop/mocap4ros2_ws/Archive/install/mocap4r2_msgs/local/lib/python3.10/dist-packages/mocap4r2_msgs/msg/_imus_info_s.c
[0.683s] -- Up-to-date: /home/sdc/Desktop/mocap4ros2_ws/Archive/install/mocap4r2_msgs/local/lib/python3.10/dist-packages/mocap4r2_msgs/msg/_rigid_bodies_s.c
[0.683s] -- Up-to-date: /home/sdc/Desktop/mocap4ros2_ws/Archive/install/mocap4r2_msgs/local/lib/python3.10/dist-packages/mocap4r2_msgs/msg/__init__.py
[0.683s] -- Up-to-date: /home/sdc/Desktop/mocap4ros2_ws/Archive/install/mocap4r2_msgs/local/lib/python3.10/dist-packages/mocap4r2_msgs/msg/_rigid_bodies.py
[0.683s] -- Up-to-date: /home/sdc/Desktop/mocap4ros2_ws/Archive/install/mocap4r2_msgs/local/lib/python3.10/dist-packages/mocap4r2_msgs/msg/_rigid_body_s.c
[0.683s] -- Up-to-date: /home/sdc/Desktop/mocap4ros2_ws/Archive/install/mocap4r2_msgs/local/lib/python3.10/dist-packages/mocap4r2_msgs/msg/_marker.py
[0.684s] -- Up-to-date: /home/sdc/Desktop/mocap4ros2_ws/Archive/install/mocap4r2_msgs/local/lib/python3.10/dist-packages/mocap4r2_msgs/msg/_imus_info.py
[0.684s] -- Up-to-date: /home/sdc/Desktop/mocap4ros2_ws/Archive/install/mocap4r2_msgs/local/lib/python3.10/dist-packages/mocap4r2_msgs/msg/_markers_s.c
[0.684s] -- Up-to-date: /home/sdc/Desktop/mocap4ros2_ws/Archive/install/mocap4r2_msgs/local/lib/python3.10/dist-packages/mocap4r2_msgs/msg/_marker_s.c
[0.684s] -- Up-to-date: /home/sdc/Desktop/mocap4ros2_ws/Archive/install/mocap4r2_msgs/local/lib/python3.10/dist-packages/mocap4r2_msgs/msg/_rigid_body.py
[0.684s] -- Up-to-date: /home/sdc/Desktop/mocap4ros2_ws/Archive/install/mocap4r2_msgs/local/lib/python3.10/dist-packages/mocap4r2_msgs/msg/_markers.py
[0.684s] -- Up-to-date: /home/sdc/Desktop/mocap4ros2_ws/Archive/install/mocap4r2_msgs/local/lib/python3.10/dist-packages/mocap4r2_msgs/__init__.py
[0.685s] -- Up-to-date: /home/sdc/Desktop/mocap4ros2_ws/Archive/install/mocap4r2_msgs/local/lib/python3.10/dist-packages/mocap4r2_msgs/srv
[0.685s] -- Up-to-date: /home/sdc/Desktop/mocap4ros2_ws/Archive/install/mocap4r2_msgs/local/lib/python3.10/dist-packages/mocap4r2_msgs/srv/__init__.py
[0.685s] -- Up-to-date: /home/sdc/Desktop/mocap4ros2_ws/Archive/install/mocap4r2_msgs/local/lib/python3.10/dist-packages/mocap4r2_msgs/srv/_create_rigid_body.py
[0.685s] -- Up-to-date: /home/sdc/Desktop/mocap4ros2_ws/Archive/install/mocap4r2_msgs/local/lib/python3.10/dist-packages/mocap4r2_msgs/srv/_create_rigid_body_s.c
[0.685s] -- Up-to-date: /home/sdc/Desktop/mocap4ros2_ws/Archive/install/mocap4r2_msgs/local/lib/python3.10/dist-packages/mocap4r2_msgs/_mocap4r2_msgs_s.ep.rosidl_typesupport_fastrtps_c.c
[0.686s] -- Up-to-date: /home/sdc/Desktop/mocap4ros2_ws/Archive/install/mocap4r2_msgs/local/lib/python3.10/dist-packages/mocap4r2_msgs/_mocap4r2_msgs_s.ep.rosidl_typesupport_introspection_c.c
[0.686s] -- Installing: /home/sdc/Desktop/mocap4ros2_ws/Archive/install/mocap4r2_msgs/local/lib/python3.10/dist-packages/mocap4r2_msgs/libmocap4r2_msgs__rosidl_generator_py.so
[0.686s] -- Up-to-date: /home/sdc/Desktop/mocap4ros2_ws/Archive/install/mocap4r2_msgs/local/lib/python3.10/dist-packages/mocap4r2_msgs/_mocap4r2_msgs_s.ep.rosidl_typesupport_c.c
[0.686s] -- Installing: /home/sdc/Desktop/mocap4ros2_ws/Archive/install/mocap4r2_msgs/local/lib/python3.10/dist-packages/mocap4r2_msgs/mocap4r2_msgs_s__rosidl_typesupport_fastrtps_c.cpython-310-x86_64-linux-gnu.so
[0.686s] -- Installing: /home/sdc/Desktop/mocap4ros2_ws/Archive/install/mocap4r2_msgs/local/lib/python3.10/dist-packages/mocap4r2_msgs/mocap4r2_msgs_s__rosidl_typesupport_c.cpython-310-x86_64-linux-gnu.so
[0.687s] -- Installing: /home/sdc/Desktop/mocap4ros2_ws/Archive/install/mocap4r2_msgs/local/lib/python3.10/dist-packages/mocap4r2_msgs/mocap4r2_msgs_s__rosidl_typesupport_introspection_c.cpython-310-x86_64-linux-gnu.so
[0.687s] Listing '/home/sdc/Desktop/mocap4ros2_ws/Archive/install/mocap4r2_msgs/local/lib/python3.10/dist-packages/mocap4r2_msgs'...
[0.688s] Listing '/home/sdc/Desktop/mocap4ros2_ws/Archive/install/mocap4r2_msgs/local/lib/python3.10/dist-packages/mocap4r2_msgs/msg'...
[0.688s] Listing '/home/sdc/Desktop/mocap4ros2_ws/Archive/install/mocap4r2_msgs/local/lib/python3.10/dist-packages/mocap4r2_msgs/srv'...
[0.688s] -- Installing: /home/sdc/Desktop/mocap4ros2_ws/Archive/install/mocap4r2_msgs/local/lib/python3.10/dist-packages/mocap4r2_msgs/mocap4r2_msgs_s__rosidl_typesupport_fastrtps_c.cpython-310-x86_64-linux-gnu.so
[0.688s] -- Set runtime path of "/home/sdc/Desktop/mocap4ros2_ws/Archive/install/mocap4r2_msgs/local/lib/python3.10/dist-packages/mocap4r2_msgs/mocap4r2_msgs_s__rosidl_typesupport_fastrtps_c.cpython-310-x86_64-linux-gnu.so" to ""
[0.688s] -- Installing: /home/sdc/Desktop/mocap4ros2_ws/Archive/install/mocap4r2_msgs/local/lib/python3.10/dist-packages/mocap4r2_msgs/mocap4r2_msgs_s__rosidl_typesupport_introspection_c.cpython-310-x86_64-linux-gnu.so
[0.689s] -- Set runtime path of "/home/sdc/Desktop/mocap4ros2_ws/Archive/install/mocap4r2_msgs/local/lib/python3.10/dist-packages/mocap4r2_msgs/mocap4r2_msgs_s__rosidl_typesupport_introspection_c.cpython-310-x86_64-linux-gnu.so" to ""
[0.689s] -- Installing: /home/sdc/Desktop/mocap4ros2_ws/Archive/install/mocap4r2_msgs/local/lib/python3.10/dist-packages/mocap4r2_msgs/mocap4r2_msgs_s__rosidl_typesupport_c.cpython-310-x86_64-linux-gnu.so
[0.689s] -- Set runtime path of "/home/sdc/Desktop/mocap4ros2_ws/Archive/install/mocap4r2_msgs/local/lib/python3.10/dist-packages/mocap4r2_msgs/mocap4r2_msgs_s__rosidl_typesupport_c.cpython-310-x86_64-linux-gnu.so" to ""
[0.689s] -- Installing: /home/sdc/Desktop/mocap4ros2_ws/Archive/install/mocap4r2_msgs/lib/libmocap4r2_msgs__rosidl_generator_py.so
[0.690s] -- Set runtime path of "/home/sdc/Desktop/mocap4ros2_ws/Archive/install/mocap4r2_msgs/lib/libmocap4r2_msgs__rosidl_generator_py.so" to ""
[0.690s] -- Up-to-date: /home/sdc/Desktop/mocap4ros2_ws/Archive/install/mocap4r2_msgs/share/mocap4r2_msgs/msg/Marker.idl
[0.690s] -- Up-to-date: /home/sdc/Desktop/mocap4ros2_ws/Archive/install/mocap4r2_msgs/share/mocap4r2_msgs/msg/Markers.idl
[0.690s] -- Up-to-date: /home/sdc/Desktop/mocap4ros2_ws/Archive/install/mocap4r2_msgs/share/mocap4r2_msgs/msg/ImusInfo.idl
[0.690s] -- Up-to-date: /home/sdc/Desktop/mocap4ros2_ws/Archive/install/mocap4r2_msgs/share/mocap4r2_msgs/msg/RigidBody.idl
[0.690s] -- Up-to-date: /home/sdc/Desktop/mocap4ros2_ws/Archive/install/mocap4r2_msgs/share/mocap4r2_msgs/msg/RigidBodies.idl
[0.690s] -- Up-to-date: /home/sdc/Desktop/mocap4ros2_ws/Archive/install/mocap4r2_msgs/share/mocap4r2_msgs/srv/CreateRigidBody.idl
[0.691s] -- Up-to-date: /home/sdc/Desktop/mocap4ros2_ws/Archive/install/mocap4r2_msgs/share/mocap4r2_msgs/msg/Marker.msg
[0.691s] -- Up-to-date: /home/sdc/Desktop/mocap4ros2_ws/Archive/install/mocap4r2_msgs/share/mocap4r2_msgs/msg/Markers.msg
[0.691s] -- Up-to-date: /home/sdc/Desktop/mocap4ros2_ws/Archive/install/mocap4r2_msgs/share/mocap4r2_msgs/msg/ImusInfo.msg
[0.691s] -- Up-to-date: /home/sdc/Desktop/mocap4ros2_ws/Archive/install/mocap4r2_msgs/share/mocap4r2_msgs/msg/RigidBody.msg
[0.691s] -- Up-to-date: /home/sdc/Desktop/mocap4ros2_ws/Archive/install/mocap4r2_msgs/share/mocap4r2_msgs/msg/RigidBodies.msg
[0.692s] -- Up-to-date: /home/sdc/Desktop/mocap4ros2_ws/Archive/install/mocap4r2_msgs/share/mocap4r2_msgs/srv/CreateRigidBody.srv
[0.692s] -- Up-to-date: /home/sdc/Desktop/mocap4ros2_ws/Archive/install/mocap4r2_msgs/share/mocap4r2_msgs/srv/CreateRigidBody_Request.msg
[0.692s] -- Up-to-date: /home/sdc/Desktop/mocap4ros2_ws/Archive/install/mocap4r2_msgs/share/mocap4r2_msgs/srv/CreateRigidBody_Response.msg
[0.692s] -- Up-to-date: /home/sdc/Desktop/mocap4ros2_ws/Archive/install/mocap4r2_msgs/share/mocap4r2_msgs/mocap4r2_bridge_mapping_rule.yaml
[0.692s] -- Up-to-date: /home/sdc/Desktop/mocap4ros2_ws/Archive/install/mocap4r2_msgs/share/ament_index/resource_index/package_run_dependencies/mocap4r2_msgs
[0.692s] -- Up-to-date: /home/sdc/Desktop/mocap4ros2_ws/Archive/install/mocap4r2_msgs/share/ament_index/resource_index/parent_prefix_path/mocap4r2_msgs
[0.693s] -- Up-to-date: /home/sdc/Desktop/mocap4ros2_ws/Archive/install/mocap4r2_msgs/share/mocap4r2_msgs/environment/ament_prefix_path.sh
[0.693s] -- Up-to-date: /home/sdc/Desktop/mocap4ros2_ws/Archive/install/mocap4r2_msgs/share/mocap4r2_msgs/environment/ament_prefix_path.dsv
[0.693s] -- Up-to-date: /home/sdc/Desktop/mocap4ros2_ws/Archive/install/mocap4r2_msgs/share/mocap4r2_msgs/environment/path.sh
[0.693s] -- Up-to-date: /home/sdc/Desktop/mocap4ros2_ws/Archive/install/mocap4r2_msgs/share/mocap4r2_msgs/environment/path.dsv
[0.693s] -- Up-to-date: /home/sdc/Desktop/mocap4ros2_ws/Archive/install/mocap4r2_msgs/share/mocap4r2_msgs/local_setup.bash
[0.693s] -- Up-to-date: /home/sdc/Desktop/mocap4ros2_ws/Archive/install/mocap4r2_msgs/share/mocap4r2_msgs/local_setup.sh
[0.693s] -- Up-to-date: /home/sdc/Desktop/mocap4ros2_ws/Archive/install/mocap4r2_msgs/share/mocap4r2_msgs/local_setup.zsh
[0.693s] -- Up-to-date: /home/sdc/Desktop/mocap4ros2_ws/Archive/install/mocap4r2_msgs/share/mocap4r2_msgs/local_setup.dsv
[0.693s] -- Installing: /home/sdc/Desktop/mocap4ros2_ws/Archive/install/mocap4r2_msgs/share/mocap4r2_msgs/package.dsv
[0.694s] -- Up-to-date: /home/sdc/Desktop/mocap4ros2_ws/Archive/install/mocap4r2_msgs/share/ament_index/resource_index/packages/mocap4r2_msgs
[0.694s] -- Up-to-date: /home/sdc/Desktop/mocap4ros2_ws/Archive/install/mocap4r2_msgs/share/mocap4r2_msgs/cmake/export_mocap4r2_msgs__rosidl_generator_cExport.cmake
[0.694s] -- Up-to-date: /home/sdc/Desktop/mocap4ros2_ws/Archive/install/mocap4r2_msgs/share/mocap4r2_msgs/cmake/export_mocap4r2_msgs__rosidl_generator_cExport-noconfig.cmake
[0.694s] -- Up-to-date: /home/sdc/Desktop/mocap4ros2_ws/Archive/install/mocap4r2_msgs/share/mocap4r2_msgs/cmake/export_mocap4r2_msgs__rosidl_typesupport_fastrtps_cExport.cmake
[0.694s] -- Up-to-date: /home/sdc/Desktop/mocap4ros2_ws/Archive/install/mocap4r2_msgs/share/mocap4r2_msgs/cmake/export_mocap4r2_msgs__rosidl_typesupport_fastrtps_cExport-noconfig.cmake
[0.694s] -- Up-to-date: /home/sdc/Desktop/mocap4ros2_ws/Archive/install/mocap4r2_msgs/share/mocap4r2_msgs/cmake/mocap4r2_msgs__rosidl_typesupport_introspection_cExport.cmake
[0.694s] -- Up-to-date: /home/sdc/Desktop/mocap4ros2_ws/Archive/install/mocap4r2_msgs/share/mocap4r2_msgs/cmake/mocap4r2_msgs__rosidl_typesupport_introspection_cExport-noconfig.cmake
[0.694s] -- Up-to-date: /home/sdc/Desktop/mocap4ros2_ws/Archive/install/mocap4r2_msgs/share/mocap4r2_msgs/cmake/mocap4r2_msgs__rosidl_typesupport_cExport.cmake
[0.695s] -- Up-to-date: /home/sdc/Desktop/mocap4ros2_ws/Archive/install/mocap4r2_msgs/share/mocap4r2_msgs/cmake/mocap4r2_msgs__rosidl_typesupport_cExport-noconfig.cmake
[0.695s] -- Up-to-date: /home/sdc/Desktop/mocap4ros2_ws/Archive/install/mocap4r2_msgs/share/mocap4r2_msgs/cmake/export_mocap4r2_msgs__rosidl_generator_cppExport.cmake
[0.695s] -- Up-to-date: /home/sdc/Desktop/mocap4ros2_ws/Archive/install/mocap4r2_msgs/share/mocap4r2_msgs/cmake/export_mocap4r2_msgs__rosidl_typesupport_fastrtps_cppExport.cmake
[0.695s] -- Up-to-date: /home/sdc/Desktop/mocap4ros2_ws/Archive/install/mocap4r2_msgs/share/mocap4r2_msgs/cmake/export_mocap4r2_msgs__rosidl_typesupport_fastrtps_cppExport-noconfig.cmake
[0.695s] -- Up-to-date: /home/sdc/Desktop/mocap4ros2_ws/Archive/install/mocap4r2_msgs/share/mocap4r2_msgs/cmake/mocap4r2_msgs__rosidl_typesupport_introspection_cppExport.cmake
[0.695s] -- Up-to-date: /home/sdc/Desktop/mocap4ros2_ws/Archive/install/mocap4r2_msgs/share/mocap4r2_msgs/cmake/mocap4r2_msgs__rosidl_typesupport_introspection_cppExport-noconfig.cmake
[0.695s] -- Up-to-date: /home/sdc/Desktop/mocap4ros2_ws/Archive/install/mocap4r2_msgs/share/mocap4r2_msgs/cmake/mocap4r2_msgs__rosidl_typesupport_cppExport.cmake
[0.696s] -- Up-to-date: /home/sdc/Desktop/mocap4ros2_ws/Archive/install/mocap4r2_msgs/share/mocap4r2_msgs/cmake/mocap4r2_msgs__rosidl_typesupport_cppExport-noconfig.cmake
[0.696s] -- Up-to-date: /home/sdc/Desktop/mocap4ros2_ws/Archive/install/mocap4r2_msgs/share/mocap4r2_msgs/cmake/export_mocap4r2_msgs__rosidl_generator_pyExport.cmake
[0.696s] -- Up-to-date: /home/sdc/Desktop/mocap4ros2_ws/Archive/install/mocap4r2_msgs/share/mocap4r2_msgs/cmake/export_mocap4r2_msgs__rosidl_generator_pyExport-noconfig.cmake
[0.696s] -- Up-to-date: /home/sdc/Desktop/mocap4ros2_ws/Archive/install/mocap4r2_msgs/share/mocap4r2_msgs/cmake/rosidl_cmake-extras.cmake
[0.696s] -- Up-to-date: /home/sdc/Desktop/mocap4ros2_ws/Archive/install/mocap4r2_msgs/share/mocap4r2_msgs/cmake/ament_cmake_export_dependencies-extras.cmake
[0.696s] -- Up-to-date: /home/sdc/Desktop/mocap4ros2_ws/Archive/install/mocap4r2_msgs/share/mocap4r2_msgs/cmake/ament_cmake_export_include_directories-extras.cmake
[0.696s] -- Up-to-date: /home/sdc/Desktop/mocap4ros2_ws/Archive/install/mocap4r2_msgs/share/mocap4r2_msgs/cmake/ament_cmake_export_libraries-extras.cmake
[0.697s] -- Up-to-date: /home/sdc/Desktop/mocap4ros2_ws/Archive/install/mocap4r2_msgs/share/mocap4r2_msgs/cmake/ament_cmake_export_targets-extras.cmake
[0.697s] -- Up-to-date: /home/sdc/Desktop/mocap4ros2_ws/Archive/install/mocap4r2_msgs/share/mocap4r2_msgs/cmake/rosidl_cmake_export_typesupport_targets-extras.cmake
[0.697s] -- Up-to-date: /home/sdc/Desktop/mocap4ros2_ws/Archive/install/mocap4r2_msgs/share/mocap4r2_msgs/cmake/rosidl_cmake_export_typesupport_libraries-extras.cmake
[0.697s] -- Up-to-date: /home/sdc/Desktop/mocap4ros2_ws/Archive/install/mocap4r2_msgs/share/mocap4r2_msgs/cmake/mocap4r2_msgsConfig.cmake
[0.697s] -- Up-to-date: /home/sdc/Desktop/mocap4ros2_ws/Archive/install/mocap4r2_msgs/share/mocap4r2_msgs/cmake/mocap4r2_msgsConfig-version.cmake
[0.697s] -- Up-to-date: /home/sdc/Desktop/mocap4ros2_ws/Archive/install/mocap4r2_msgs/share/mocap4r2_msgs/package.xml
[0.726s] Invoked command in '/home/sdc/Desktop/mocap4ros2_ws/Archive/build/mocap4r2_msgs' returned '0': CMAKE_PREFIX_PATH=/opt/ros/humble /usr/bin/cmake --install /home/sdc/Desktop/mocap4ros2_ws/Archive/build/mocap4r2_msgs
