[0.047s] Invoking command in '/home/sdc/Desktop/mocap4ros2_ws/Archive/build/custom_robot_msgs': CMAKE_PREFIX_PATH=${CMAKE_PREFIX_PATH}:/home/sdc/Desktop/mocap4ros2_ws/Archive/install/target_pid_controller:/home/sdc/Desktop/mocap4ros2_ws/Archive/install/pure_pursuit:/home/sdc/Desktop/mocap4ros2_ws/install/target_pid_controller:/home/sdc/Desktop/mocap4ros2_ws/install/pure_pursuit:/home/sdc/Desktop/mocap4ros2_ws/install/rqt_joint_trajectory_controller:/home/sdc/Desktop/mocap4ros2_ws/install/rqt_controller_manager:/home/sdc/Desktop/mocap4ros2_ws/install/ros2controlcli:/home/sdc/Desktop/mocap4ros2_ws/install/ros2_controllers_test_nodes:/home/sdc/Desktop/mocap4ros2_ws/install/mocap4r2cli:/home/sdc/Desktop/mocap4ros2_ws/install/learning_tf2_py:/opt/ros/humble /usr/bin/cmake --build /home/sdc/Desktop/mocap4ros2_ws/Archive/build/custom_robot_msgs -- -j16 -l16
[0.068s] -- Found ament_cmake: 1.3.9 (/opt/ros/humble/share/ament_cmake/cmake)
[0.154s] -- Found rosidl_default_generators: 1.2.0 (/opt/ros/humble/share/rosidl_default_generators/cmake)
[0.161s] -- Using all available rosidl_typesupport_c: rosidl_typesupport_fastrtps_c;rosidl_typesupport_introspection_c
[0.162s] -- Found rosidl_adapter: 3.1.5 (/opt/ros/humble/share/rosidl_adapter/cmake)
[0.181s] -- Using all available rosidl_typesupport_cpp: rosidl_typesupport_fastrtps_cpp;rosidl_typesupport_introspection_cpp
[0.277s] [31mCMake Error at /opt/ros/humble/share/rosidl_cmake/cmake/rosidl_generate_interfaces.cmake:213 (add_custom_target):
[0.277s]   add_custom_target called with invalid target name "msg/Num.msg".  Target
[0.277s]   names may not contain a slash.  Use ADD_CUSTOM_COMMAND to generate files.
[0.277s] Call Stack (most recent call first):
[0.277s]   CMakeLists.txt:16 (rosidl_generate_interfaces)
[0.277s] 
[0.277s] [0m
[0.277s] -- Found ament_lint_auto: 0.12.11 (/opt/ros/humble/share/ament_lint_auto/cmake)
[0.320s] -- Added test 'lint_cmake' to check CMake code style
[0.320s] -- Added test 'xmllint' to check XML markup files
[0.320s] -- Configuring incomplete, errors occurred!
[0.321s] See also "/home/sdc/Desktop/mocap4ros2_ws/Archive/build/custom_robot_msgs/CMakeFiles/CMakeOutput.log".
[0.324s] gmake: *** [Makefile:963: cmake_check_build_system] Error 1
[0.326s] Invoked command in '/home/sdc/Desktop/mocap4ros2_ws/Archive/build/custom_robot_msgs' returned '2': CMAKE_PREFIX_PATH=${CMAKE_PREFIX_PATH}:/home/sdc/Desktop/mocap4ros2_ws/Archive/install/target_pid_controller:/home/sdc/Desktop/mocap4ros2_ws/Archive/install/pure_pursuit:/home/sdc/Desktop/mocap4ros2_ws/install/target_pid_controller:/home/sdc/Desktop/mocap4ros2_ws/install/pure_pursuit:/home/sdc/Desktop/mocap4ros2_ws/install/rqt_joint_trajectory_controller:/home/sdc/Desktop/mocap4ros2_ws/install/rqt_controller_manager:/home/sdc/Desktop/mocap4ros2_ws/install/ros2controlcli:/home/sdc/Desktop/mocap4ros2_ws/install/ros2_controllers_test_nodes:/home/sdc/Desktop/mocap4ros2_ws/install/mocap4r2cli:/home/sdc/Desktop/mocap4ros2_ws/install/learning_tf2_py:/opt/ros/humble /usr/bin/cmake --build /home/sdc/Desktop/mocap4ros2_ws/Archive/build/custom_robot_msgs -- -j16 -l16
