[0.032s] Invoking command in '/home/sdc/Desktop/mocap4ros2_ws/Archive/target_pid_controller/target_pid_controller/build/mocap4r2_msgs': CMAKE_PREFIX_PATH=/opt/ros/humble /usr/bin/cmake /home/sdc/Desktop/mocap4ros2_ws/Archive/target_pid_controller/target_pid_controller/mocap4r2_msgs -DCMAKE_INSTALL_PREFIX=/home/sdc/Desktop/mocap4ros2_ws/Archive/target_pid_controller/target_pid_controller/install/mocap4r2_msgs
[0.061s] -- The C compiler identification is GNU 11.4.0
[0.097s] -- The CXX compiler identification is GNU 11.4.0
[0.101s] -- Detecting C compiler ABI info
[0.140s] -- Detecting C compiler ABI info - done
[0.145s] -- Check for working C compiler: /usr/bin/cc - skipped
[0.145s] -- Detecting C compile features
[0.145s] -- Detecting C compile features - done
[0.147s] -- Detecting CXX compiler ABI info
[0.187s] -- Detecting CXX compiler ABI info - done
[0.191s] -- Check for working CXX compiler: /usr/bin/c++ - skipped
[0.191s] -- Detecting CXX compile features
[0.191s] -- Detecting CXX compile features - done
[0.193s] -- Found ament_cmake: 1.3.9 (/opt/ros/humble/share/ament_cmake/cmake)
[0.290s] -- Found Python3: /usr/bin/python3 (found version "3.10.12") found components: Interpreter 
[0.335s] -- Found rosidl_default_generators: 1.2.0 (/opt/ros/humble/share/rosidl_default_generators/cmake)
[0.336s] -- Using all available rosidl_typesupport_c: rosidl_typesupport_fastrtps_c;rosidl_typesupport_introspection_c
[0.340s] -- Found rosidl_adapter: 3.1.5 (/opt/ros/humble/share/rosidl_adapter/cmake)
[0.360s] -- Using all available rosidl_typesupport_cpp: rosidl_typesupport_fastrtps_cpp;rosidl_typesupport_introspection_cpp
[0.377s] -- Found builtin_interfaces: 1.2.1 (/opt/ros/humble/share/builtin_interfaces/cmake)
[0.388s] -- Found std_msgs: 4.2.4 (/opt/ros/humble/share/std_msgs/cmake)
[0.405s] -- Found geometry_msgs: 4.2.4 (/opt/ros/humble/share/geometry_msgs/cmake)
[0.594s] -- Found ament_cmake_ros: 0.10.0 (/opt/ros/humble/share/ament_cmake_ros/cmake)
[0.733s] -- Using all available rosidl_typesupport_c: rosidl_typesupport_fastrtps_c;rosidl_typesupport_introspection_c
[0.928s] -- Using all available rosidl_typesupport_cpp: rosidl_typesupport_fastrtps_cpp;rosidl_typesupport_introspection_cpp
[0.944s] -- Found PythonInterp: /usr/bin/python3 (found suitable version "3.10.12", minimum required is "3.6") 
[0.944s] -- Found python_cmake_module: 0.10.0 (/opt/ros/humble/share/python_cmake_module/cmake)
[0.958s] -- Found PythonLibs: /usr/lib/x86_64-linux-gnu/libpython3.10.so (found suitable version "3.10.12", minimum required is "3.5") 
[0.958s] -- Using PYTHON_EXECUTABLE: /usr/bin/python3
[0.958s] -- Using PYTHON_INCLUDE_DIRS: /usr/include/python3.10
[0.958s] -- Using PYTHON_LIBRARIES: /usr/lib/x86_64-linux-gnu/libpython3.10.so
[0.970s] -- Found PythonExtra: .so  
[1.002s] -- Configuring done
[1.022s] -- Generating done
[1.023s] -- Build files have been written to: /home/sdc/Desktop/mocap4ros2_ws/Archive/target_pid_controller/target_pid_controller/build/mocap4r2_msgs
[1.027s] Invoked command in '/home/sdc/Desktop/mocap4ros2_ws/Archive/target_pid_controller/target_pid_controller/build/mocap4r2_msgs' returned '0': CMAKE_PREFIX_PATH=/opt/ros/humble /usr/bin/cmake /home/sdc/Desktop/mocap4ros2_ws/Archive/target_pid_controller/target_pid_controller/mocap4r2_msgs -DCMAKE_INSTALL_PREFIX=/home/sdc/Desktop/mocap4ros2_ws/Archive/target_pid_controller/target_pid_controller/install/mocap4r2_msgs
[1.028s] Invoking command in '/home/sdc/Desktop/mocap4ros2_ws/Archive/target_pid_controller/target_pid_controller/build/mocap4r2_msgs': CMAKE_PREFIX_PATH=/opt/ros/humble /usr/bin/cmake --build /home/sdc/Desktop/mocap4ros2_ws/Archive/target_pid_controller/target_pid_controller/build/mocap4r2_msgs -- -j16 -l16
[1.049s] [  1%] [34m[1mGenerating C code for ROS interfaces[0m
[1.054s] [  2%] [34m[1mGenerating C++ code for ROS interfaces[0m
[1.058s] [  2%] Built target ament_cmake_python_copy_mocap4r2_msgs
[1.201s] running egg_info
[1.201s] creating mocap4r2_msgs.egg-info
[1.201s] writing mocap4r2_msgs.egg-info/PKG-INFO
[1.202s] writing dependency_links to mocap4r2_msgs.egg-info/dependency_links.txt
[1.202s] writing top-level names to mocap4r2_msgs.egg-info/top_level.txt
[1.202s] writing manifest file 'mocap4r2_msgs.egg-info/SOURCES.txt'
[1.202s] reading manifest file 'mocap4r2_msgs.egg-info/SOURCES.txt'
[1.203s] writing manifest file 'mocap4r2_msgs.egg-info/SOURCES.txt'
[1.217s] [  2%] Built target ament_cmake_python_build_mocap4r2_msgs_egg
[1.305s] [  2%] Built target mocap4r2_msgs__cpp
[1.315s] [  4%] [34m[1mGenerating C++ type support for eProsima Fast-RTPS[0m
[1.315s] [  5%] [34m[1mGenerating C++ type support dispatch for ROS interfaces[0m
[1.315s] [  7%] [34m[1mGenerating C++ introspection for ROS interfaces[0m
[1.332s] [  9%] [32mBuilding C object CMakeFiles/mocap4r2_msgs__rosidl_generator_c.dir/rosidl_generator_c/mocap4r2_msgs/msg/detail/marker__functions.c.o[0m
[1.332s] [  9%] [32mBuilding C object CMakeFiles/mocap4r2_msgs__rosidl_generator_c.dir/rosidl_generator_c/mocap4r2_msgs/msg/detail/markers__functions.c.o[0m
[1.333s] [ 11%] [32mBuilding C object CMakeFiles/mocap4r2_msgs__rosidl_generator_c.dir/rosidl_generator_c/mocap4r2_msgs/msg/detail/rigid_bodies__functions.c.o[0m
[1.334s] [ 12%] [32mBuilding C object CMakeFiles/mocap4r2_msgs__rosidl_generator_c.dir/rosidl_generator_c/mocap4r2_msgs/msg/detail/imus_info__functions.c.o[0m
[1.334s] [ 14%] [32mBuilding C object CMakeFiles/mocap4r2_msgs__rosidl_generator_c.dir/rosidl_generator_c/mocap4r2_msgs/msg/detail/rigid_body__functions.c.o[0m
[1.334s] [ 15%] [32mBuilding C object CMakeFiles/mocap4r2_msgs__rosidl_generator_c.dir/rosidl_generator_c/mocap4r2_msgs/srv/detail/create_rigid_body__functions.c.o[0m
[1.374s] [ 16%] [32m[1mLinking C shared library libmocap4r2_msgs__rosidl_generator_c.so[0m
[1.396s] [ 16%] Built target mocap4r2_msgs__rosidl_generator_c
[1.402s] [ 18%] [34m[1mGenerating C type support for eProsima Fast-RTPS[0m
[1.405s] [ 21%] [34m[1mGenerating C introspection for ROS interfaces[0m
[1.405s] [ 21%] [34m[1mGenerating C type support dispatch for ROS interfaces[0m
[1.575s] [ 22%] [32mBuilding CXX object CMakeFiles/mocap4r2_msgs__rosidl_typesupport_introspection_cpp.dir/rosidl_typesupport_introspection_cpp/mocap4r2_msgs/msg/detail/marker__type_support.cpp.o[0m
[1.575s] [ 23%] [32mBuilding CXX object CMakeFiles/mocap4r2_msgs__rosidl_typesupport_introspection_cpp.dir/rosidl_typesupport_introspection_cpp/mocap4r2_msgs/msg/detail/markers__type_support.cpp.o[0m
[1.575s] [ 25%] [32mBuilding CXX object CMakeFiles/mocap4r2_msgs__rosidl_typesupport_introspection_cpp.dir/rosidl_typesupport_introspection_cpp/mocap4r2_msgs/msg/detail/rigid_bodies__type_support.cpp.o[0m
[1.577s] [ 28%] [32mBuilding CXX object CMakeFiles/mocap4r2_msgs__rosidl_typesupport_introspection_cpp.dir/rosidl_typesupport_introspection_cpp/mocap4r2_msgs/msg/detail/imus_info__type_support.cpp.o[0m
[1.577s] [ 28%] [32mBuilding CXX object CMakeFiles/mocap4r2_msgs__rosidl_typesupport_introspection_cpp.dir/rosidl_typesupport_introspection_cpp/mocap4r2_msgs/msg/detail/rigid_body__type_support.cpp.o[0m
[1.578s] [ 29%] [32mBuilding CXX object CMakeFiles/mocap4r2_msgs__rosidl_typesupport_introspection_cpp.dir/rosidl_typesupport_introspection_cpp/mocap4r2_msgs/srv/detail/create_rigid_body__type_support.cpp.o[0m
[1.587s] [ 30%] [32mBuilding CXX object CMakeFiles/mocap4r2_msgs__rosidl_typesupport_fastrtps_cpp.dir/rosidl_typesupport_fastrtps_cpp/mocap4r2_msgs/msg/detail/dds_fastrtps/markers__type_support.cpp.o[0m
[1.588s] [ 33%] [32mBuilding CXX object CMakeFiles/mocap4r2_msgs__rosidl_typesupport_fastrtps_cpp.dir/rosidl_typesupport_fastrtps_cpp/mocap4r2_msgs/msg/detail/dds_fastrtps/marker__type_support.cpp.o[0m
[1.588s] [ 33%] [32mBuilding CXX object CMakeFiles/mocap4r2_msgs__rosidl_typesupport_fastrtps_cpp.dir/rosidl_typesupport_fastrtps_cpp/mocap4r2_msgs/srv/detail/dds_fastrtps/create_rigid_body__type_support.cpp.o[0m
[1.589s] [ 35%] [32mBuilding CXX object CMakeFiles/mocap4r2_msgs__rosidl_typesupport_fastrtps_cpp.dir/rosidl_typesupport_fastrtps_cpp/mocap4r2_msgs/msg/detail/dds_fastrtps/imus_info__type_support.cpp.o[0m
[1.595s] [ 36%] [32mBuilding CXX object CMakeFiles/mocap4r2_msgs__rosidl_typesupport_fastrtps_cpp.dir/rosidl_typesupport_fastrtps_cpp/mocap4r2_msgs/msg/detail/dds_fastrtps/rigid_bodies__type_support.cpp.o[0m
[1.601s] [ 38%] [32mBuilding CXX object CMakeFiles/mocap4r2_msgs__rosidl_typesupport_fastrtps_cpp.dir/rosidl_typesupport_fastrtps_cpp/mocap4r2_msgs/msg/detail/dds_fastrtps/rigid_body__type_support.cpp.o[0m
[1.721s] [ 39%] [32mBuilding CXX object CMakeFiles/mocap4r2_msgs__rosidl_typesupport_cpp.dir/rosidl_typesupport_cpp/mocap4r2_msgs/msg/marker__type_support.cpp.o[0m
[1.752s] [ 40%] [32mBuilding CXX object CMakeFiles/mocap4r2_msgs__rosidl_typesupport_c.dir/rosidl_typesupport_c/mocap4r2_msgs/msg/marker__type_support.cpp.o[0m
[1.809s] [ 42%] [32mBuilding CXX object CMakeFiles/mocap4r2_msgs__rosidl_typesupport_c.dir/rosidl_typesupport_c/mocap4r2_msgs/msg/markers__type_support.cpp.o[0m
[1.841s] [ 43%] [32mBuilding CXX object CMakeFiles/mocap4r2_msgs__rosidl_typesupport_fastrtps_c.dir/rosidl_typesupport_fastrtps_c/mocap4r2_msgs/msg/detail/marker__type_support_c.cpp.o[0m
[1.849s] [ 45%] [32mBuilding CXX object CMakeFiles/mocap4r2_msgs__rosidl_typesupport_c.dir/rosidl_typesupport_c/mocap4r2_msgs/msg/imus_info__type_support.cpp.o[0m
[1.902s] [ 46%] [32mBuilding CXX object CMakeFiles/mocap4r2_msgs__rosidl_typesupport_c.dir/rosidl_typesupport_c/mocap4r2_msgs/msg/rigid_body__type_support.cpp.o[0m
[1.928s] [ 47%] [32mBuilding CXX object CMakeFiles/mocap4r2_msgs__rosidl_typesupport_c.dir/rosidl_typesupport_c/mocap4r2_msgs/msg/rigid_bodies__type_support.cpp.o[0m
[1.938s] [ 49%] [32mBuilding C object CMakeFiles/mocap4r2_msgs__rosidl_typesupport_introspection_c.dir/rosidl_typesupport_introspection_c/mocap4r2_msgs/msg/detail/marker__type_support.c.o[0m
[1.939s] [ 50%] [32mBuilding CXX object CMakeFiles/mocap4r2_msgs__rosidl_typesupport_c.dir/rosidl_typesupport_c/mocap4r2_msgs/srv/create_rigid_body__type_support.cpp.o[0m
[1.942s] [ 52%] [32mBuilding CXX object CMakeFiles/mocap4r2_msgs__rosidl_typesupport_cpp.dir/rosidl_typesupport_cpp/mocap4r2_msgs/msg/markers__type_support.cpp.o[0m
[1.956s] [ 53%] [32mBuilding CXX object CMakeFiles/mocap4r2_msgs__rosidl_typesupport_cpp.dir/rosidl_typesupport_cpp/mocap4r2_msgs/msg/imus_info__type_support.cpp.o[0m
[1.970s] [ 56%] [32m[1mLinking CXX shared library libmocap4r2_msgs__rosidl_typesupport_c.so[0m
[1.970s] [ 56%] [32mBuilding C object CMakeFiles/mocap4r2_msgs__rosidl_typesupport_introspection_c.dir/rosidl_typesupport_introspection_c/mocap4r2_msgs/msg/detail/markers__type_support.c.o[0m
[1.981s] [ 57%] [32mBuilding C object CMakeFiles/mocap4r2_msgs__rosidl_typesupport_introspection_c.dir/rosidl_typesupport_introspection_c/mocap4r2_msgs/msg/detail/imus_info__type_support.c.o[0m
[1.985s] [ 59%] [32mBuilding C object CMakeFiles/mocap4r2_msgs__rosidl_typesupport_introspection_c.dir/rosidl_typesupport_introspection_c/mocap4r2_msgs/msg/detail/rigid_body__type_support.c.o[0m
[2.001s] [ 60%] [32mBuilding C object CMakeFiles/mocap4r2_msgs__rosidl_typesupport_introspection_c.dir/rosidl_typesupport_introspection_c/mocap4r2_msgs/msg/detail/rigid_bodies__type_support.c.o[0m
[2.005s] [ 61%] [32mBuilding C object CMakeFiles/mocap4r2_msgs__rosidl_typesupport_introspection_c.dir/rosidl_typesupport_introspection_c/mocap4r2_msgs/srv/detail/create_rigid_body__type_support.c.o[0m
[2.009s] [ 61%] Built target mocap4r2_msgs__rosidl_typesupport_c
[2.014s] [ 63%] [32mBuilding CXX object CMakeFiles/mocap4r2_msgs__rosidl_typesupport_cpp.dir/rosidl_typesupport_cpp/mocap4r2_msgs/msg/rigid_body__type_support.cpp.o[0m
[2.014s] [ 64%] [32mBuilding CXX object CMakeFiles/mocap4r2_msgs__rosidl_typesupport_cpp.dir/rosidl_typesupport_cpp/mocap4r2_msgs/msg/rigid_bodies__type_support.cpp.o[0m
[2.017s] [ 66%] [32mBuilding CXX object CMakeFiles/mocap4r2_msgs__rosidl_typesupport_cpp.dir/rosidl_typesupport_cpp/mocap4r2_msgs/srv/create_rigid_body__type_support.cpp.o[0m
[2.017s] [ 67%] [32mBuilding CXX object CMakeFiles/mocap4r2_msgs__rosidl_typesupport_fastrtps_c.dir/rosidl_typesupport_fastrtps_c/mocap4r2_msgs/msg/detail/markers__type_support_c.cpp.o[0m
[2.035s] [ 69%] [32mBuilding CXX object CMakeFiles/mocap4r2_msgs__rosidl_typesupport_fastrtps_c.dir/rosidl_typesupport_fastrtps_c/mocap4r2_msgs/msg/detail/imus_info__type_support_c.cpp.o[0m
[2.039s] [ 70%] [32mBuilding CXX object CMakeFiles/mocap4r2_msgs__rosidl_typesupport_fastrtps_c.dir/rosidl_typesupport_fastrtps_c/mocap4r2_msgs/msg/detail/rigid_body__type_support_c.cpp.o[0m
[2.047s] [ 71%] [32m[1mLinking C shared library libmocap4r2_msgs__rosidl_typesupport_introspection_c.so[0m
[2.057s] [ 73%] [32mBuilding CXX object CMakeFiles/mocap4r2_msgs__rosidl_typesupport_fastrtps_c.dir/rosidl_typesupport_fastrtps_c/mocap4r2_msgs/msg/detail/rigid_bodies__type_support_c.cpp.o[0m
[2.067s] [ 76%] [32mBuilding CXX object CMakeFiles/mocap4r2_msgs__rosidl_typesupport_fastrtps_c.dir/rosidl_typesupport_fastrtps_c/mocap4r2_msgs/srv/detail/create_rigid_body__type_support_c.cpp.o[0m
[2.068s] [ 76%] [32m[1mLinking CXX shared library libmocap4r2_msgs__rosidl_typesupport_introspection_cpp.so[0m
[2.093s] [ 76%] Built target mocap4r2_msgs__rosidl_typesupport_introspection_c
[2.124s] [ 77%] [32m[1mLinking CXX shared library libmocap4r2_msgs__rosidl_typesupport_fastrtps_cpp.so[0m
[2.160s] [ 77%] Built target mocap4r2_msgs__rosidl_typesupport_introspection_cpp
[2.197s] [ 77%] Built target mocap4r2_msgs__rosidl_typesupport_fastrtps_cpp
[2.286s] [ 78%] [32m[1mLinking CXX shared library libmocap4r2_msgs__rosidl_typesupport_cpp.so[0m
[2.308s] [ 78%] Built target mocap4r2_msgs__rosidl_typesupport_cpp
[2.329s] [ 80%] [32m[1mLinking CXX shared library libmocap4r2_msgs__rosidl_typesupport_fastrtps_c.so[0m
[2.367s] [ 80%] Built target mocap4r2_msgs__rosidl_typesupport_fastrtps_c
[2.377s] [ 80%] Built target mocap4r2_msgs
[2.393s] [ 81%] [34m[1mGenerating Python code for ROS interfaces[0m
[2.758s] [ 81%] Built target mocap4r2_msgs__py
[2.768s] [ 85%] [32mBuilding C object CMakeFiles/mocap4r2_msgs__rosidl_generator_py.dir/rosidl_generator_py/mocap4r2_msgs/msg/_marker_s.c.o[0m
[2.768s] [ 85%] [32mBuilding C object CMakeFiles/mocap4r2_msgs__rosidl_generator_py.dir/rosidl_generator_py/mocap4r2_msgs/msg/_markers_s.c.o[0m
[2.768s] [ 85%] [32mBuilding C object CMakeFiles/mocap4r2_msgs__rosidl_generator_py.dir/rosidl_generator_py/mocap4r2_msgs/msg/_imus_info_s.c.o[0m
[2.768s] [ 87%] [32mBuilding C object CMakeFiles/mocap4r2_msgs__rosidl_generator_py.dir/rosidl_generator_py/mocap4r2_msgs/srv/_create_rigid_body_s.c.o[0m
[2.770s] [ 88%] [32mBuilding C object CMakeFiles/mocap4r2_msgs__rosidl_generator_py.dir/rosidl_generator_py/mocap4r2_msgs/msg/_rigid_body_s.c.o[0m
[2.771s] [ 90%] [32mBuilding C object CMakeFiles/mocap4r2_msgs__rosidl_generator_py.dir/rosidl_generator_py/mocap4r2_msgs/msg/_rigid_bodies_s.c.o[0m
[2.840s] [ 91%] [32m[1mLinking C shared library rosidl_generator_py/mocap4r2_msgs/libmocap4r2_msgs__rosidl_generator_py.so[0m
[2.863s] [ 91%] Built target mocap4r2_msgs__rosidl_generator_py
[2.873s] [ 94%] [32mBuilding C object CMakeFiles/mocap4r2_msgs__rosidl_typesupport_fastrtps_c__pyext.dir/rosidl_generator_py/mocap4r2_msgs/_mocap4r2_msgs_s.ep.rosidl_typesupport_fastrtps_c.c.o[0m
[2.873s] [ 94%] [32mBuilding C object CMakeFiles/mocap4r2_msgs__rosidl_typesupport_introspection_c__pyext.dir/rosidl_generator_py/mocap4r2_msgs/_mocap4r2_msgs_s.ep.rosidl_typesupport_introspection_c.c.o[0m
[2.873s] [ 95%] [32mBuilding C object CMakeFiles/mocap4r2_msgs__rosidl_typesupport_c__pyext.dir/rosidl_generator_py/mocap4r2_msgs/_mocap4r2_msgs_s.ep.rosidl_typesupport_c.c.o[0m
[2.934s] [100%] [32m[1mLinking C shared library rosidl_generator_py/mocap4r2_msgs/mocap4r2_msgs_s__rosidl_typesupport_c.cpython-310-x86_64-linux-gnu.so[0m
[2.934s] [100%] [32m[1mLinking C shared library rosidl_generator_py/mocap4r2_msgs/mocap4r2_msgs_s__rosidl_typesupport_fastrtps_c.cpython-310-x86_64-linux-gnu.so[0m
[2.934s] [100%] [32m[1mLinking C shared library rosidl_generator_py/mocap4r2_msgs/mocap4r2_msgs_s__rosidl_typesupport_introspection_c.cpython-310-x86_64-linux-gnu.so[0m
[2.957s] [100%] Built target mocap4r2_msgs__rosidl_typesupport_introspection_c__pyext
[2.957s] [100%] Built target mocap4r2_msgs__rosidl_typesupport_c__pyext
[2.957s] [100%] Built target mocap4r2_msgs__rosidl_typesupport_fastrtps_c__pyext
[2.963s] Invoked command in '/home/sdc/Desktop/mocap4ros2_ws/Archive/target_pid_controller/target_pid_controller/build/mocap4r2_msgs' returned '0': CMAKE_PREFIX_PATH=/opt/ros/humble /usr/bin/cmake --build /home/sdc/Desktop/mocap4ros2_ws/Archive/target_pid_controller/target_pid_controller/build/mocap4r2_msgs -- -j16 -l16
[3.031s] Invoking command in '/home/sdc/Desktop/mocap4ros2_ws/Archive/target_pid_controller/target_pid_controller/build/mocap4r2_msgs': CMAKE_PREFIX_PATH=/opt/ros/humble /usr/bin/cmake --install /home/sdc/Desktop/mocap4ros2_ws/Archive/target_pid_controller/target_pid_controller/build/mocap4r2_msgs
[3.038s] -- Install configuration: ""
[3.038s] -- Installing: /home/sdc/Desktop/mocap4ros2_ws/Archive/target_pid_controller/target_pid_controller/install/mocap4r2_msgs/share/ament_index/resource_index/rosidl_interfaces/mocap4r2_msgs
[3.038s] -- Installing: /home/sdc/Desktop/mocap4ros2_ws/Archive/target_pid_controller/target_pid_controller/install/mocap4r2_msgs/include/mocap4r2_msgs/mocap4r2_msgs
[3.038s] -- Installing: /home/sdc/Desktop/mocap4ros2_ws/Archive/target_pid_controller/target_pid_controller/install/mocap4r2_msgs/include/mocap4r2_msgs/mocap4r2_msgs/msg
[3.038s] -- Installing: /home/sdc/Desktop/mocap4ros2_ws/Archive/target_pid_controller/target_pid_controller/install/mocap4r2_msgs/include/mocap4r2_msgs/mocap4r2_msgs/msg/marker.h
[3.038s] -- Installing: /home/sdc/Desktop/mocap4ros2_ws/Archive/target_pid_controller/target_pid_controller/install/mocap4r2_msgs/include/mocap4r2_msgs/mocap4r2_msgs/msg/detail
[3.038s] -- Installing: /home/sdc/Desktop/mocap4ros2_ws/Archive/target_pid_controller/target_pid_controller/install/mocap4r2_msgs/include/mocap4r2_msgs/mocap4r2_msgs/msg/detail/imus_info__struct.h
[3.039s] -- Installing: /home/sdc/Desktop/mocap4ros2_ws/Archive/target_pid_controller/target_pid_controller/install/mocap4r2_msgs/include/mocap4r2_msgs/mocap4r2_msgs/msg/detail/marker__functions.h
[3.039s] -- Installing: /home/sdc/Desktop/mocap4ros2_ws/Archive/target_pid_controller/target_pid_controller/install/mocap4r2_msgs/include/mocap4r2_msgs/mocap4r2_msgs/msg/detail/rigid_bodies__functions.h
[3.039s] -- Installing: /home/sdc/Desktop/mocap4ros2_ws/Archive/target_pid_controller/target_pid_controller/install/mocap4r2_msgs/include/mocap4r2_msgs/mocap4r2_msgs/msg/detail/markers__functions.c
[3.039s] -- Installing: /home/sdc/Desktop/mocap4ros2_ws/Archive/target_pid_controller/target_pid_controller/install/mocap4r2_msgs/include/mocap4r2_msgs/mocap4r2_msgs/msg/detail/marker__struct.h
[3.039s] -- Installing: /home/sdc/Desktop/mocap4ros2_ws/Archive/target_pid_controller/target_pid_controller/install/mocap4r2_msgs/include/mocap4r2_msgs/mocap4r2_msgs/msg/detail/markers__type_support.h
[3.039s] -- Installing: /home/sdc/Desktop/mocap4ros2_ws/Archive/target_pid_controller/target_pid_controller/install/mocap4r2_msgs/include/mocap4r2_msgs/mocap4r2_msgs/msg/detail/rigid_bodies__type_support.h
[3.039s] -- Installing: /home/sdc/Desktop/mocap4ros2_ws/Archive/target_pid_controller/target_pid_controller/install/mocap4r2_msgs/include/mocap4r2_msgs/mocap4r2_msgs/msg/detail/rigid_bodies__struct.h
[3.040s] -- Installing: /home/sdc/Desktop/mocap4ros2_ws/Archive/target_pid_controller/target_pid_controller/install/mocap4r2_msgs/include/mocap4r2_msgs/mocap4r2_msgs/msg/detail/rigid_body__functions.h
[3.040s] -- Installing: /home/sdc/Desktop/mocap4ros2_ws/Archive/target_pid_controller/target_pid_controller/install/mocap4r2_msgs/include/mocap4r2_msgs/mocap4r2_msgs/msg/detail/imus_info__type_support.h
[3.040s] -- Installing: /home/sdc/Desktop/mocap4ros2_ws/Archive/target_pid_controller/target_pid_controller/install/mocap4r2_msgs/include/mocap4r2_msgs/mocap4r2_msgs/msg/detail/marker__functions.c
[3.040s] -- Installing: /home/sdc/Desktop/mocap4ros2_ws/Archive/target_pid_controller/target_pid_controller/install/mocap4r2_msgs/include/mocap4r2_msgs/mocap4r2_msgs/msg/detail/markers__struct.h
[3.040s] -- Installing: /home/sdc/Desktop/mocap4ros2_ws/Archive/target_pid_controller/target_pid_controller/install/mocap4r2_msgs/include/mocap4r2_msgs/mocap4r2_msgs/msg/detail/rigid_body__type_support.h
[3.040s] -- Installing: /home/sdc/Desktop/mocap4ros2_ws/Archive/target_pid_controller/target_pid_controller/install/mocap4r2_msgs/include/mocap4r2_msgs/mocap4r2_msgs/msg/detail/rigid_bodies__functions.c
[3.040s] -- Installing: /home/sdc/Desktop/mocap4ros2_ws/Archive/target_pid_controller/target_pid_controller/install/mocap4r2_msgs/include/mocap4r2_msgs/mocap4r2_msgs/msg/detail/marker__type_support.h
[3.040s] -- Installing: /home/sdc/Desktop/mocap4ros2_ws/Archive/target_pid_controller/target_pid_controller/install/mocap4r2_msgs/include/mocap4r2_msgs/mocap4r2_msgs/msg/detail/markers__functions.h
[3.040s] -- Installing: /home/sdc/Desktop/mocap4ros2_ws/Archive/target_pid_controller/target_pid_controller/install/mocap4r2_msgs/include/mocap4r2_msgs/mocap4r2_msgs/msg/detail/rigid_body__struct.h
[3.040s] -- Installing: /home/sdc/Desktop/mocap4ros2_ws/Archive/target_pid_controller/target_pid_controller/install/mocap4r2_msgs/include/mocap4r2_msgs/mocap4r2_msgs/msg/detail/imus_info__functions.h
[3.040s] -- Installing: /home/sdc/Desktop/mocap4ros2_ws/Archive/target_pid_controller/target_pid_controller/install/mocap4r2_msgs/include/mocap4r2_msgs/mocap4r2_msgs/msg/detail/imus_info__functions.c
[3.040s] -- Installing: /home/sdc/Desktop/mocap4ros2_ws/Archive/target_pid_controller/target_pid_controller/install/mocap4r2_msgs/include/mocap4r2_msgs/mocap4r2_msgs/msg/detail/rigid_body__functions.c
[3.040s] -- Installing: /home/sdc/Desktop/mocap4ros2_ws/Archive/target_pid_controller/target_pid_controller/install/mocap4r2_msgs/include/mocap4r2_msgs/mocap4r2_msgs/msg/rigid_body.h
[3.040s] -- Installing: /home/sdc/Desktop/mocap4ros2_ws/Archive/target_pid_controller/target_pid_controller/install/mocap4r2_msgs/include/mocap4r2_msgs/mocap4r2_msgs/msg/imus_info.h
[3.040s] -- Installing: /home/sdc/Desktop/mocap4ros2_ws/Archive/target_pid_controller/target_pid_controller/install/mocap4r2_msgs/include/mocap4r2_msgs/mocap4r2_msgs/msg/markers.h
[3.040s] -- Installing: /home/sdc/Desktop/mocap4ros2_ws/Archive/target_pid_controller/target_pid_controller/install/mocap4r2_msgs/include/mocap4r2_msgs/mocap4r2_msgs/msg/rosidl_generator_c__visibility_control.h
[3.040s] -- Installing: /home/sdc/Desktop/mocap4ros2_ws/Archive/target_pid_controller/target_pid_controller/install/mocap4r2_msgs/include/mocap4r2_msgs/mocap4r2_msgs/msg/rigid_bodies.h
[3.040s] -- Installing: /home/sdc/Desktop/mocap4ros2_ws/Archive/target_pid_controller/target_pid_controller/install/mocap4r2_msgs/include/mocap4r2_msgs/mocap4r2_msgs/srv
[3.040s] -- Installing: /home/sdc/Desktop/mocap4ros2_ws/Archive/target_pid_controller/target_pid_controller/install/mocap4r2_msgs/include/mocap4r2_msgs/mocap4r2_msgs/srv/detail
[3.040s] -- Installing: /home/sdc/Desktop/mocap4ros2_ws/Archive/target_pid_controller/target_pid_controller/install/mocap4r2_msgs/include/mocap4r2_msgs/mocap4r2_msgs/srv/detail/create_rigid_body__functions.c
[3.041s] -- Installing: /home/sdc/Desktop/mocap4ros2_ws/Archive/target_pid_controller/target_pid_controller/install/mocap4r2_msgs/include/mocap4r2_msgs/mocap4r2_msgs/srv/detail/create_rigid_body__type_support.h
[3.041s] -- Installing: /home/sdc/Desktop/mocap4ros2_ws/Archive/target_pid_controller/target_pid_controller/install/mocap4r2_msgs/include/mocap4r2_msgs/mocap4r2_msgs/srv/detail/create_rigid_body__functions.h
[3.041s] -- Installing: /home/sdc/Desktop/mocap4ros2_ws/Archive/target_pid_controller/target_pid_controller/install/mocap4r2_msgs/include/mocap4r2_msgs/mocap4r2_msgs/srv/detail/create_rigid_body__struct.h
[3.041s] -- Installing: /home/sdc/Desktop/mocap4ros2_ws/Archive/target_pid_controller/target_pid_controller/install/mocap4r2_msgs/include/mocap4r2_msgs/mocap4r2_msgs/srv/create_rigid_body.h
[3.041s] -- Installing: /home/sdc/Desktop/mocap4ros2_ws/Archive/target_pid_controller/target_pid_controller/install/mocap4r2_msgs/share/mocap4r2_msgs/environment/library_path.sh
[3.041s] -- Installing: /home/sdc/Desktop/mocap4ros2_ws/Archive/target_pid_controller/target_pid_controller/install/mocap4r2_msgs/share/mocap4r2_msgs/environment/library_path.dsv
[3.041s] -- Installing: /home/sdc/Desktop/mocap4ros2_ws/Archive/target_pid_controller/target_pid_controller/install/mocap4r2_msgs/lib/libmocap4r2_msgs__rosidl_generator_c.so
[3.041s] -- Set runtime path of "/home/sdc/Desktop/mocap4ros2_ws/Archive/target_pid_controller/target_pid_controller/install/mocap4r2_msgs/lib/libmocap4r2_msgs__rosidl_generator_c.so" to ""
[3.041s] -- Up-to-date: /home/sdc/Desktop/mocap4ros2_ws/Archive/target_pid_controller/target_pid_controller/install/mocap4r2_msgs/include/mocap4r2_msgs/mocap4r2_msgs
[3.041s] -- Up-to-date: /home/sdc/Desktop/mocap4ros2_ws/Archive/target_pid_controller/target_pid_controller/install/mocap4r2_msgs/include/mocap4r2_msgs/mocap4r2_msgs/msg
[3.041s] -- Up-to-date: /home/sdc/Desktop/mocap4ros2_ws/Archive/target_pid_controller/target_pid_controller/install/mocap4r2_msgs/include/mocap4r2_msgs/mocap4r2_msgs/msg/detail
[3.041s] -- Installing: /home/sdc/Desktop/mocap4ros2_ws/Archive/target_pid_controller/target_pid_controller/install/mocap4r2_msgs/include/mocap4r2_msgs/mocap4r2_msgs/msg/detail/rigid_bodies__rosidl_typesupport_fastrtps_c.h
[3.041s] -- Installing: /home/sdc/Desktop/mocap4ros2_ws/Archive/target_pid_controller/target_pid_controller/install/mocap4r2_msgs/include/mocap4r2_msgs/mocap4r2_msgs/msg/detail/rigid_body__rosidl_typesupport_fastrtps_c.h
[3.041s] -- Installing: /home/sdc/Desktop/mocap4ros2_ws/Archive/target_pid_controller/target_pid_controller/install/mocap4r2_msgs/include/mocap4r2_msgs/mocap4r2_msgs/msg/detail/markers__rosidl_typesupport_fastrtps_c.h
[3.041s] -- Installing: /home/sdc/Desktop/mocap4ros2_ws/Archive/target_pid_controller/target_pid_controller/install/mocap4r2_msgs/include/mocap4r2_msgs/mocap4r2_msgs/msg/detail/imus_info__rosidl_typesupport_fastrtps_c.h
[3.041s] -- Installing: /home/sdc/Desktop/mocap4ros2_ws/Archive/target_pid_controller/target_pid_controller/install/mocap4r2_msgs/include/mocap4r2_msgs/mocap4r2_msgs/msg/detail/marker__rosidl_typesupport_fastrtps_c.h
[3.041s] -- Installing: /home/sdc/Desktop/mocap4ros2_ws/Archive/target_pid_controller/target_pid_controller/install/mocap4r2_msgs/include/mocap4r2_msgs/mocap4r2_msgs/msg/rosidl_typesupport_fastrtps_c__visibility_control.h
[3.041s] -- Up-to-date: /home/sdc/Desktop/mocap4ros2_ws/Archive/target_pid_controller/target_pid_controller/install/mocap4r2_msgs/include/mocap4r2_msgs/mocap4r2_msgs/srv
[3.041s] -- Up-to-date: /home/sdc/Desktop/mocap4ros2_ws/Archive/target_pid_controller/target_pid_controller/install/mocap4r2_msgs/include/mocap4r2_msgs/mocap4r2_msgs/srv/detail
[3.041s] -- Installing: /home/sdc/Desktop/mocap4ros2_ws/Archive/target_pid_controller/target_pid_controller/install/mocap4r2_msgs/include/mocap4r2_msgs/mocap4r2_msgs/srv/detail/create_rigid_body__rosidl_typesupport_fastrtps_c.h
[3.041s] -- Installing: /home/sdc/Desktop/mocap4ros2_ws/Archive/target_pid_controller/target_pid_controller/install/mocap4r2_msgs/lib/libmocap4r2_msgs__rosidl_typesupport_fastrtps_c.so
[3.041s] -- Set runtime path of "/home/sdc/Desktop/mocap4ros2_ws/Archive/target_pid_controller/target_pid_controller/install/mocap4r2_msgs/lib/libmocap4r2_msgs__rosidl_typesupport_fastrtps_c.so" to ""
[3.041s] -- Up-to-date: /home/sdc/Desktop/mocap4ros2_ws/Archive/target_pid_controller/target_pid_controller/install/mocap4r2_msgs/include/mocap4r2_msgs/mocap4r2_msgs
[3.041s] -- Up-to-date: /home/sdc/Desktop/mocap4ros2_ws/Archive/target_pid_controller/target_pid_controller/install/mocap4r2_msgs/include/mocap4r2_msgs/mocap4r2_msgs/msg
[3.041s] -- Installing: /home/sdc/Desktop/mocap4ros2_ws/Archive/target_pid_controller/target_pid_controller/install/mocap4r2_msgs/include/mocap4r2_msgs/mocap4r2_msgs/msg/rosidl_typesupport_introspection_c__visibility_control.h
[3.042s] -- Up-to-date: /home/sdc/Desktop/mocap4ros2_ws/Archive/target_pid_controller/target_pid_controller/install/mocap4r2_msgs/include/mocap4r2_msgs/mocap4r2_msgs/msg/detail
[3.042s] -- Installing: /home/sdc/Desktop/mocap4ros2_ws/Archive/target_pid_controller/target_pid_controller/install/mocap4r2_msgs/include/mocap4r2_msgs/mocap4r2_msgs/msg/detail/markers__type_support.c
[3.042s] -- Installing: /home/sdc/Desktop/mocap4ros2_ws/Archive/target_pid_controller/target_pid_controller/install/mocap4r2_msgs/include/mocap4r2_msgs/mocap4r2_msgs/msg/detail/imus_info__rosidl_typesupport_introspection_c.h
[3.042s] -- Installing: /home/sdc/Desktop/mocap4ros2_ws/Archive/target_pid_controller/target_pid_controller/install/mocap4r2_msgs/include/mocap4r2_msgs/mocap4r2_msgs/msg/detail/marker__type_support.c
[3.042s] -- Installing: /home/sdc/Desktop/mocap4ros2_ws/Archive/target_pid_controller/target_pid_controller/install/mocap4r2_msgs/include/mocap4r2_msgs/mocap4r2_msgs/msg/detail/rigid_body__rosidl_typesupport_introspection_c.h
[3.042s] -- Installing: /home/sdc/Desktop/mocap4ros2_ws/Archive/target_pid_controller/target_pid_controller/install/mocap4r2_msgs/include/mocap4r2_msgs/mocap4r2_msgs/msg/detail/rigid_body__type_support.c
[3.042s] -- Installing: /home/sdc/Desktop/mocap4ros2_ws/Archive/target_pid_controller/target_pid_controller/install/mocap4r2_msgs/include/mocap4r2_msgs/mocap4r2_msgs/msg/detail/marker__rosidl_typesupport_introspection_c.h
[3.042s] -- Installing: /home/sdc/Desktop/mocap4ros2_ws/Archive/target_pid_controller/target_pid_controller/install/mocap4r2_msgs/include/mocap4r2_msgs/mocap4r2_msgs/msg/detail/rigid_bodies__rosidl_typesupport_introspection_c.h
[3.042s] -- Installing: /home/sdc/Desktop/mocap4ros2_ws/Archive/target_pid_controller/target_pid_controller/install/mocap4r2_msgs/include/mocap4r2_msgs/mocap4r2_msgs/msg/detail/markers__rosidl_typesupport_introspection_c.h
[3.042s] -- Installing: /home/sdc/Desktop/mocap4ros2_ws/Archive/target_pid_controller/target_pid_controller/install/mocap4r2_msgs/include/mocap4r2_msgs/mocap4r2_msgs/msg/detail/imus_info__type_support.c
[3.042s] -- Installing: /home/sdc/Desktop/mocap4ros2_ws/Archive/target_pid_controller/target_pid_controller/install/mocap4r2_msgs/include/mocap4r2_msgs/mocap4r2_msgs/msg/detail/rigid_bodies__type_support.c
[3.042s] -- Up-to-date: /home/sdc/Desktop/mocap4ros2_ws/Archive/target_pid_controller/target_pid_controller/install/mocap4r2_msgs/include/mocap4r2_msgs/mocap4r2_msgs/srv
[3.042s] -- Up-to-date: /home/sdc/Desktop/mocap4ros2_ws/Archive/target_pid_controller/target_pid_controller/install/mocap4r2_msgs/include/mocap4r2_msgs/mocap4r2_msgs/srv/detail
[3.042s] -- Installing: /home/sdc/Desktop/mocap4ros2_ws/Archive/target_pid_controller/target_pid_controller/install/mocap4r2_msgs/include/mocap4r2_msgs/mocap4r2_msgs/srv/detail/create_rigid_body__rosidl_typesupport_introspection_c.h
[3.042s] -- Installing: /home/sdc/Desktop/mocap4ros2_ws/Archive/target_pid_controller/target_pid_controller/install/mocap4r2_msgs/include/mocap4r2_msgs/mocap4r2_msgs/srv/detail/create_rigid_body__type_support.c
[3.042s] -- Installing: /home/sdc/Desktop/mocap4ros2_ws/Archive/target_pid_controller/target_pid_controller/install/mocap4r2_msgs/lib/libmocap4r2_msgs__rosidl_typesupport_introspection_c.so
[3.042s] -- Set runtime path of "/home/sdc/Desktop/mocap4ros2_ws/Archive/target_pid_controller/target_pid_controller/install/mocap4r2_msgs/lib/libmocap4r2_msgs__rosidl_typesupport_introspection_c.so" to ""
[3.042s] -- Installing: /home/sdc/Desktop/mocap4ros2_ws/Archive/target_pid_controller/target_pid_controller/install/mocap4r2_msgs/lib/libmocap4r2_msgs__rosidl_typesupport_c.so
[3.042s] -- Set runtime path of "/home/sdc/Desktop/mocap4ros2_ws/Archive/target_pid_controller/target_pid_controller/install/mocap4r2_msgs/lib/libmocap4r2_msgs__rosidl_typesupport_c.so" to ""
[3.042s] -- Up-to-date: /home/sdc/Desktop/mocap4ros2_ws/Archive/target_pid_controller/target_pid_controller/install/mocap4r2_msgs/include/mocap4r2_msgs/mocap4r2_msgs
[3.042s] -- Up-to-date: /home/sdc/Desktop/mocap4ros2_ws/Archive/target_pid_controller/target_pid_controller/install/mocap4r2_msgs/include/mocap4r2_msgs/mocap4r2_msgs/msg
[3.042s] -- Installing: /home/sdc/Desktop/mocap4ros2_ws/Archive/target_pid_controller/target_pid_controller/install/mocap4r2_msgs/include/mocap4r2_msgs/mocap4r2_msgs/msg/imus_info.hpp
[3.042s] -- Up-to-date: /home/sdc/Desktop/mocap4ros2_ws/Archive/target_pid_controller/target_pid_controller/install/mocap4r2_msgs/include/mocap4r2_msgs/mocap4r2_msgs/msg/detail
[3.042s] -- Installing: /home/sdc/Desktop/mocap4ros2_ws/Archive/target_pid_controller/target_pid_controller/install/mocap4r2_msgs/include/mocap4r2_msgs/mocap4r2_msgs/msg/detail/markers__traits.hpp
[3.042s] -- Installing: /home/sdc/Desktop/mocap4ros2_ws/Archive/target_pid_controller/target_pid_controller/install/mocap4r2_msgs/include/mocap4r2_msgs/mocap4r2_msgs/msg/detail/rigid_body__struct.hpp
[3.043s] -- Installing: /home/sdc/Desktop/mocap4ros2_ws/Archive/target_pid_controller/target_pid_controller/install/mocap4r2_msgs/include/mocap4r2_msgs/mocap4r2_msgs/msg/detail/rigid_bodies__traits.hpp
[3.043s] -- Installing: /home/sdc/Desktop/mocap4ros2_ws/Archive/target_pid_controller/target_pid_controller/install/mocap4r2_msgs/include/mocap4r2_msgs/mocap4r2_msgs/msg/detail/rigid_bodies__struct.hpp
[3.043s] -- Installing: /home/sdc/Desktop/mocap4ros2_ws/Archive/target_pid_controller/target_pid_controller/install/mocap4r2_msgs/include/mocap4r2_msgs/mocap4r2_msgs/msg/detail/imus_info__builder.hpp
[3.043s] -- Installing: /home/sdc/Desktop/mocap4ros2_ws/Archive/target_pid_controller/target_pid_controller/install/mocap4r2_msgs/include/mocap4r2_msgs/mocap4r2_msgs/msg/detail/imus_info__traits.hpp
[3.043s] -- Installing: /home/sdc/Desktop/mocap4ros2_ws/Archive/target_pid_controller/target_pid_controller/install/mocap4r2_msgs/include/mocap4r2_msgs/mocap4r2_msgs/msg/detail/marker__traits.hpp
[3.043s] -- Installing: /home/sdc/Desktop/mocap4ros2_ws/Archive/target_pid_controller/target_pid_controller/install/mocap4r2_msgs/include/mocap4r2_msgs/mocap4r2_msgs/msg/detail/rigid_bodies__builder.hpp
[3.043s] -- Installing: /home/sdc/Desktop/mocap4ros2_ws/Archive/target_pid_controller/target_pid_controller/install/mocap4r2_msgs/include/mocap4r2_msgs/mocap4r2_msgs/msg/detail/markers__struct.hpp
[3.043s] -- Installing: /home/sdc/Desktop/mocap4ros2_ws/Archive/target_pid_controller/target_pid_controller/install/mocap4r2_msgs/include/mocap4r2_msgs/mocap4r2_msgs/msg/detail/marker__builder.hpp
[3.043s] -- Installing: /home/sdc/Desktop/mocap4ros2_ws/Archive/target_pid_controller/target_pid_controller/install/mocap4r2_msgs/include/mocap4r2_msgs/mocap4r2_msgs/msg/detail/rigid_body__builder.hpp
[3.043s] -- Installing: /home/sdc/Desktop/mocap4ros2_ws/Archive/target_pid_controller/target_pid_controller/install/mocap4r2_msgs/include/mocap4r2_msgs/mocap4r2_msgs/msg/detail/markers__builder.hpp
[3.043s] -- Installing: /home/sdc/Desktop/mocap4ros2_ws/Archive/target_pid_controller/target_pid_controller/install/mocap4r2_msgs/include/mocap4r2_msgs/mocap4r2_msgs/msg/detail/imus_info__struct.hpp
[3.043s] -- Installing: /home/sdc/Desktop/mocap4ros2_ws/Archive/target_pid_controller/target_pid_controller/install/mocap4r2_msgs/include/mocap4r2_msgs/mocap4r2_msgs/msg/detail/rigid_body__traits.hpp
[3.043s] -- Installing: /home/sdc/Desktop/mocap4ros2_ws/Archive/target_pid_controller/target_pid_controller/install/mocap4r2_msgs/include/mocap4r2_msgs/mocap4r2_msgs/msg/detail/marker__struct.hpp
[3.043s] -- Installing: /home/sdc/Desktop/mocap4ros2_ws/Archive/target_pid_controller/target_pid_controller/install/mocap4r2_msgs/include/mocap4r2_msgs/mocap4r2_msgs/msg/rigid_bodies.hpp
[3.043s] -- Installing: /home/sdc/Desktop/mocap4ros2_ws/Archive/target_pid_controller/target_pid_controller/install/mocap4r2_msgs/include/mocap4r2_msgs/mocap4r2_msgs/msg/markers.hpp
[3.043s] -- Installing: /home/sdc/Desktop/mocap4ros2_ws/Archive/target_pid_controller/target_pid_controller/install/mocap4r2_msgs/include/mocap4r2_msgs/mocap4r2_msgs/msg/marker.hpp
[3.043s] -- Installing: /home/sdc/Desktop/mocap4ros2_ws/Archive/target_pid_controller/target_pid_controller/install/mocap4r2_msgs/include/mocap4r2_msgs/mocap4r2_msgs/msg/rigid_body.hpp
[3.043s] -- Up-to-date: /home/sdc/Desktop/mocap4ros2_ws/Archive/target_pid_controller/target_pid_controller/install/mocap4r2_msgs/include/mocap4r2_msgs/mocap4r2_msgs/srv
[3.043s] -- Up-to-date: /home/sdc/Desktop/mocap4ros2_ws/Archive/target_pid_controller/target_pid_controller/install/mocap4r2_msgs/include/mocap4r2_msgs/mocap4r2_msgs/srv/detail
[3.043s] -- Installing: /home/sdc/Desktop/mocap4ros2_ws/Archive/target_pid_controller/target_pid_controller/install/mocap4r2_msgs/include/mocap4r2_msgs/mocap4r2_msgs/srv/detail/create_rigid_body__struct.hpp
[3.043s] -- Installing: /home/sdc/Desktop/mocap4ros2_ws/Archive/target_pid_controller/target_pid_controller/install/mocap4r2_msgs/include/mocap4r2_msgs/mocap4r2_msgs/srv/detail/create_rigid_body__builder.hpp
[3.043s] -- Installing: /home/sdc/Desktop/mocap4ros2_ws/Archive/target_pid_controller/target_pid_controller/install/mocap4r2_msgs/include/mocap4r2_msgs/mocap4r2_msgs/srv/detail/create_rigid_body__traits.hpp
[3.043s] -- Installing: /home/sdc/Desktop/mocap4ros2_ws/Archive/target_pid_controller/target_pid_controller/install/mocap4r2_msgs/include/mocap4r2_msgs/mocap4r2_msgs/srv/create_rigid_body.hpp
[3.043s] -- Up-to-date: /home/sdc/Desktop/mocap4ros2_ws/Archive/target_pid_controller/target_pid_controller/install/mocap4r2_msgs/include/mocap4r2_msgs/mocap4r2_msgs
[3.043s] -- Up-to-date: /home/sdc/Desktop/mocap4ros2_ws/Archive/target_pid_controller/target_pid_controller/install/mocap4r2_msgs/include/mocap4r2_msgs/mocap4r2_msgs/msg
[3.043s] -- Installing: /home/sdc/Desktop/mocap4ros2_ws/Archive/target_pid_controller/target_pid_controller/install/mocap4r2_msgs/include/mocap4r2_msgs/mocap4r2_msgs/msg/rosidl_typesupport_fastrtps_cpp__visibility_control.h
[3.044s] -- Up-to-date: /home/sdc/Desktop/mocap4ros2_ws/Archive/target_pid_controller/target_pid_controller/install/mocap4r2_msgs/include/mocap4r2_msgs/mocap4r2_msgs/msg/detail
[3.044s] -- Installing: /home/sdc/Desktop/mocap4ros2_ws/Archive/target_pid_controller/target_pid_controller/install/mocap4r2_msgs/include/mocap4r2_msgs/mocap4r2_msgs/msg/detail/dds_fastrtps
[3.044s] -- Installing: /home/sdc/Desktop/mocap4ros2_ws/Archive/target_pid_controller/target_pid_controller/install/mocap4r2_msgs/include/mocap4r2_msgs/mocap4r2_msgs/msg/detail/rigid_body__rosidl_typesupport_fastrtps_cpp.hpp
[3.044s] -- Installing: /home/sdc/Desktop/mocap4ros2_ws/Archive/target_pid_controller/target_pid_controller/install/mocap4r2_msgs/include/mocap4r2_msgs/mocap4r2_msgs/msg/detail/imus_info__rosidl_typesupport_fastrtps_cpp.hpp
[3.044s] -- Installing: /home/sdc/Desktop/mocap4ros2_ws/Archive/target_pid_controller/target_pid_controller/install/mocap4r2_msgs/include/mocap4r2_msgs/mocap4r2_msgs/msg/detail/markers__rosidl_typesupport_fastrtps_cpp.hpp
[3.044s] -- Installing: /home/sdc/Desktop/mocap4ros2_ws/Archive/target_pid_controller/target_pid_controller/install/mocap4r2_msgs/include/mocap4r2_msgs/mocap4r2_msgs/msg/detail/marker__rosidl_typesupport_fastrtps_cpp.hpp
[3.044s] -- Installing: /home/sdc/Desktop/mocap4ros2_ws/Archive/target_pid_controller/target_pid_controller/install/mocap4r2_msgs/include/mocap4r2_msgs/mocap4r2_msgs/msg/detail/rigid_bodies__rosidl_typesupport_fastrtps_cpp.hpp
[3.044s] -- Up-to-date: /home/sdc/Desktop/mocap4ros2_ws/Archive/target_pid_controller/target_pid_controller/install/mocap4r2_msgs/include/mocap4r2_msgs/mocap4r2_msgs/srv
[3.044s] -- Up-to-date: /home/sdc/Desktop/mocap4ros2_ws/Archive/target_pid_controller/target_pid_controller/install/mocap4r2_msgs/include/mocap4r2_msgs/mocap4r2_msgs/srv/detail
[3.044s] -- Installing: /home/sdc/Desktop/mocap4ros2_ws/Archive/target_pid_controller/target_pid_controller/install/mocap4r2_msgs/include/mocap4r2_msgs/mocap4r2_msgs/srv/detail/dds_fastrtps
[3.044s] -- Installing: /home/sdc/Desktop/mocap4ros2_ws/Archive/target_pid_controller/target_pid_controller/install/mocap4r2_msgs/include/mocap4r2_msgs/mocap4r2_msgs/srv/detail/create_rigid_body__rosidl_typesupport_fastrtps_cpp.hpp
[3.044s] -- Installing: /home/sdc/Desktop/mocap4ros2_ws/Archive/target_pid_controller/target_pid_controller/install/mocap4r2_msgs/lib/libmocap4r2_msgs__rosidl_typesupport_fastrtps_cpp.so
[3.044s] -- Set runtime path of "/home/sdc/Desktop/mocap4ros2_ws/Archive/target_pid_controller/target_pid_controller/install/mocap4r2_msgs/lib/libmocap4r2_msgs__rosidl_typesupport_fastrtps_cpp.so" to ""
[3.044s] -- Up-to-date: /home/sdc/Desktop/mocap4ros2_ws/Archive/target_pid_controller/target_pid_controller/install/mocap4r2_msgs/include/mocap4r2_msgs/mocap4r2_msgs
[3.044s] -- Up-to-date: /home/sdc/Desktop/mocap4ros2_ws/Archive/target_pid_controller/target_pid_controller/install/mocap4r2_msgs/include/mocap4r2_msgs/mocap4r2_msgs/msg
[3.044s] -- Up-to-date: /home/sdc/Desktop/mocap4ros2_ws/Archive/target_pid_controller/target_pid_controller/install/mocap4r2_msgs/include/mocap4r2_msgs/mocap4r2_msgs/msg/detail
[3.045s] -- Installing: /home/sdc/Desktop/mocap4ros2_ws/Archive/target_pid_controller/target_pid_controller/install/mocap4r2_msgs/include/mocap4r2_msgs/mocap4r2_msgs/msg/detail/markers__rosidl_typesupport_introspection_cpp.hpp
[3.045s] -- Installing: /home/sdc/Desktop/mocap4ros2_ws/Archive/target_pid_controller/target_pid_controller/install/mocap4r2_msgs/include/mocap4r2_msgs/mocap4r2_msgs/msg/detail/rigid_body__type_support.cpp
[3.045s] -- Installing: /home/sdc/Desktop/mocap4ros2_ws/Archive/target_pid_controller/target_pid_controller/install/mocap4r2_msgs/include/mocap4r2_msgs/mocap4r2_msgs/msg/detail/imus_info__type_support.cpp
[3.045s] -- Installing: /home/sdc/Desktop/mocap4ros2_ws/Archive/target_pid_controller/target_pid_controller/install/mocap4r2_msgs/include/mocap4r2_msgs/mocap4r2_msgs/msg/detail/marker__rosidl_typesupport_introspection_cpp.hpp
[3.045s] -- Installing: /home/sdc/Desktop/mocap4ros2_ws/Archive/target_pid_controller/target_pid_controller/install/mocap4r2_msgs/include/mocap4r2_msgs/mocap4r2_msgs/msg/detail/marker__type_support.cpp
[3.045s] -- Installing: /home/sdc/Desktop/mocap4ros2_ws/Archive/target_pid_controller/target_pid_controller/install/mocap4r2_msgs/include/mocap4r2_msgs/mocap4r2_msgs/msg/detail/markers__type_support.cpp
[3.045s] -- Installing: /home/sdc/Desktop/mocap4ros2_ws/Archive/target_pid_controller/target_pid_controller/install/mocap4r2_msgs/include/mocap4r2_msgs/mocap4r2_msgs/msg/detail/rigid_bodies__rosidl_typesupport_introspection_cpp.hpp
[3.045s] -- Installing: /home/sdc/Desktop/mocap4ros2_ws/Archive/target_pid_controller/target_pid_controller/install/mocap4r2_msgs/include/mocap4r2_msgs/mocap4r2_msgs/msg/detail/rigid_body__rosidl_typesupport_introspection_cpp.hpp
[3.045s] -- Installing: /home/sdc/Desktop/mocap4ros2_ws/Archive/target_pid_controller/target_pid_controller/install/mocap4r2_msgs/include/mocap4r2_msgs/mocap4r2_msgs/msg/detail/rigid_bodies__type_support.cpp
[3.045s] -- Installing: /home/sdc/Desktop/mocap4ros2_ws/Archive/target_pid_controller/target_pid_controller/install/mocap4r2_msgs/include/mocap4r2_msgs/mocap4r2_msgs/msg/detail/imus_info__rosidl_typesupport_introspection_cpp.hpp
[3.045s] -- Up-to-date: /home/sdc/Desktop/mocap4ros2_ws/Archive/target_pid_controller/target_pid_controller/install/mocap4r2_msgs/include/mocap4r2_msgs/mocap4r2_msgs/srv
[3.045s] -- Up-to-date: /home/sdc/Desktop/mocap4ros2_ws/Archive/target_pid_controller/target_pid_controller/install/mocap4r2_msgs/include/mocap4r2_msgs/mocap4r2_msgs/srv/detail
[3.045s] -- Installing: /home/sdc/Desktop/mocap4ros2_ws/Archive/target_pid_controller/target_pid_controller/install/mocap4r2_msgs/include/mocap4r2_msgs/mocap4r2_msgs/srv/detail/create_rigid_body__rosidl_typesupport_introspection_cpp.hpp
[3.045s] -- Installing: /home/sdc/Desktop/mocap4ros2_ws/Archive/target_pid_controller/target_pid_controller/install/mocap4r2_msgs/include/mocap4r2_msgs/mocap4r2_msgs/srv/detail/create_rigid_body__type_support.cpp
[3.045s] -- Installing: /home/sdc/Desktop/mocap4ros2_ws/Archive/target_pid_controller/target_pid_controller/install/mocap4r2_msgs/lib/libmocap4r2_msgs__rosidl_typesupport_introspection_cpp.so
[3.045s] -- Set runtime path of "/home/sdc/Desktop/mocap4ros2_ws/Archive/target_pid_controller/target_pid_controller/install/mocap4r2_msgs/lib/libmocap4r2_msgs__rosidl_typesupport_introspection_cpp.so" to ""
[3.045s] -- Installing: /home/sdc/Desktop/mocap4ros2_ws/Archive/target_pid_controller/target_pid_controller/install/mocap4r2_msgs/lib/libmocap4r2_msgs__rosidl_typesupport_cpp.so
[3.045s] -- Set runtime path of "/home/sdc/Desktop/mocap4ros2_ws/Archive/target_pid_controller/target_pid_controller/install/mocap4r2_msgs/lib/libmocap4r2_msgs__rosidl_typesupport_cpp.so" to ""
[3.045s] -- Installing: /home/sdc/Desktop/mocap4ros2_ws/Archive/target_pid_controller/target_pid_controller/install/mocap4r2_msgs/share/mocap4r2_msgs/environment/pythonpath.sh
[3.045s] -- Installing: /home/sdc/Desktop/mocap4ros2_ws/Archive/target_pid_controller/target_pid_controller/install/mocap4r2_msgs/share/mocap4r2_msgs/environment/pythonpath.dsv
[3.045s] -- Installing: /home/sdc/Desktop/mocap4ros2_ws/Archive/target_pid_controller/target_pid_controller/install/mocap4r2_msgs/local/lib/python3.10/dist-packages/mocap4r2_msgs-0.0.5-py3.10.egg-info
[3.046s] -- Installing: /home/sdc/Desktop/mocap4ros2_ws/Archive/target_pid_controller/target_pid_controller/install/mocap4r2_msgs/local/lib/python3.10/dist-packages/mocap4r2_msgs-0.0.5-py3.10.egg-info/top_level.txt
[3.046s] -- Installing: /home/sdc/Desktop/mocap4ros2_ws/Archive/target_pid_controller/target_pid_controller/install/mocap4r2_msgs/local/lib/python3.10/dist-packages/mocap4r2_msgs-0.0.5-py3.10.egg-info/dependency_links.txt
[3.046s] -- Installing: /home/sdc/Desktop/mocap4ros2_ws/Archive/target_pid_controller/target_pid_controller/install/mocap4r2_msgs/local/lib/python3.10/dist-packages/mocap4r2_msgs-0.0.5-py3.10.egg-info/SOURCES.txt
[3.046s] -- Installing: /home/sdc/Desktop/mocap4ros2_ws/Archive/target_pid_controller/target_pid_controller/install/mocap4r2_msgs/local/lib/python3.10/dist-packages/mocap4r2_msgs-0.0.5-py3.10.egg-info/PKG-INFO
[3.046s] -- Installing: /home/sdc/Desktop/mocap4ros2_ws/Archive/target_pid_controller/target_pid_controller/install/mocap4r2_msgs/local/lib/python3.10/dist-packages/mocap4r2_msgs
[3.046s] -- Installing: /home/sdc/Desktop/mocap4ros2_ws/Archive/target_pid_controller/target_pid_controller/install/mocap4r2_msgs/local/lib/python3.10/dist-packages/mocap4r2_msgs/msg
[3.046s] -- Installing: /home/sdc/Desktop/mocap4ros2_ws/Archive/target_pid_controller/target_pid_controller/install/mocap4r2_msgs/local/lib/python3.10/dist-packages/mocap4r2_msgs/msg/_imus_info_s.c
[3.046s] -- Installing: /home/sdc/Desktop/mocap4ros2_ws/Archive/target_pid_controller/target_pid_controller/install/mocap4r2_msgs/local/lib/python3.10/dist-packages/mocap4r2_msgs/msg/_rigid_bodies_s.c
[3.046s] -- Installing: /home/sdc/Desktop/mocap4ros2_ws/Archive/target_pid_controller/target_pid_controller/install/mocap4r2_msgs/local/lib/python3.10/dist-packages/mocap4r2_msgs/msg/__init__.py
[3.046s] -- Installing: /home/sdc/Desktop/mocap4ros2_ws/Archive/target_pid_controller/target_pid_controller/install/mocap4r2_msgs/local/lib/python3.10/dist-packages/mocap4r2_msgs/msg/_rigid_bodies.py
[3.046s] -- Installing: /home/sdc/Desktop/mocap4ros2_ws/Archive/target_pid_controller/target_pid_controller/install/mocap4r2_msgs/local/lib/python3.10/dist-packages/mocap4r2_msgs/msg/_rigid_body_s.c
[3.046s] -- Installing: /home/sdc/Desktop/mocap4ros2_ws/Archive/target_pid_controller/target_pid_controller/install/mocap4r2_msgs/local/lib/python3.10/dist-packages/mocap4r2_msgs/msg/_marker.py
[3.046s] -- Installing: /home/sdc/Desktop/mocap4ros2_ws/Archive/target_pid_controller/target_pid_controller/install/mocap4r2_msgs/local/lib/python3.10/dist-packages/mocap4r2_msgs/msg/_imus_info.py
[3.046s] -- Installing: /home/sdc/Desktop/mocap4ros2_ws/Archive/target_pid_controller/target_pid_controller/install/mocap4r2_msgs/local/lib/python3.10/dist-packages/mocap4r2_msgs/msg/_markers_s.c
[3.046s] -- Installing: /home/sdc/Desktop/mocap4ros2_ws/Archive/target_pid_controller/target_pid_controller/install/mocap4r2_msgs/local/lib/python3.10/dist-packages/mocap4r2_msgs/msg/_marker_s.c
[3.046s] -- Installing: /home/sdc/Desktop/mocap4ros2_ws/Archive/target_pid_controller/target_pid_controller/install/mocap4r2_msgs/local/lib/python3.10/dist-packages/mocap4r2_msgs/msg/_rigid_body.py
[3.046s] -- Installing: /home/sdc/Desktop/mocap4ros2_ws/Archive/target_pid_controller/target_pid_controller/install/mocap4r2_msgs/local/lib/python3.10/dist-packages/mocap4r2_msgs/msg/_markers.py
[3.046s] -- Installing: /home/sdc/Desktop/mocap4ros2_ws/Archive/target_pid_controller/target_pid_controller/install/mocap4r2_msgs/local/lib/python3.10/dist-packages/mocap4r2_msgs/__init__.py
[3.046s] -- Installing: /home/sdc/Desktop/mocap4ros2_ws/Archive/target_pid_controller/target_pid_controller/install/mocap4r2_msgs/local/lib/python3.10/dist-packages/mocap4r2_msgs/srv
[3.046s] -- Installing: /home/sdc/Desktop/mocap4ros2_ws/Archive/target_pid_controller/target_pid_controller/install/mocap4r2_msgs/local/lib/python3.10/dist-packages/mocap4r2_msgs/srv/__init__.py
[3.046s] -- Installing: /home/sdc/Desktop/mocap4ros2_ws/Archive/target_pid_controller/target_pid_controller/install/mocap4r2_msgs/local/lib/python3.10/dist-packages/mocap4r2_msgs/srv/_create_rigid_body.py
[3.046s] -- Installing: /home/sdc/Desktop/mocap4ros2_ws/Archive/target_pid_controller/target_pid_controller/install/mocap4r2_msgs/local/lib/python3.10/dist-packages/mocap4r2_msgs/srv/_create_rigid_body_s.c
[3.046s] -- Installing: /home/sdc/Desktop/mocap4ros2_ws/Archive/target_pid_controller/target_pid_controller/install/mocap4r2_msgs/local/lib/python3.10/dist-packages/mocap4r2_msgs/_mocap4r2_msgs_s.ep.rosidl_typesupport_fastrtps_c.c
[3.046s] -- Installing: /home/sdc/Desktop/mocap4ros2_ws/Archive/target_pid_controller/target_pid_controller/install/mocap4r2_msgs/local/lib/python3.10/dist-packages/mocap4r2_msgs/_mocap4r2_msgs_s.ep.rosidl_typesupport_introspection_c.c
[3.046s] -- Installing: /home/sdc/Desktop/mocap4ros2_ws/Archive/target_pid_controller/target_pid_controller/install/mocap4r2_msgs/local/lib/python3.10/dist-packages/mocap4r2_msgs/libmocap4r2_msgs__rosidl_generator_py.so
[3.047s] -- Installing: /home/sdc/Desktop/mocap4ros2_ws/Archive/target_pid_controller/target_pid_controller/install/mocap4r2_msgs/local/lib/python3.10/dist-packages/mocap4r2_msgs/_mocap4r2_msgs_s.ep.rosidl_typesupport_c.c
[3.047s] -- Installing: /home/sdc/Desktop/mocap4ros2_ws/Archive/target_pid_controller/target_pid_controller/install/mocap4r2_msgs/local/lib/python3.10/dist-packages/mocap4r2_msgs/mocap4r2_msgs_s__rosidl_typesupport_fastrtps_c.cpython-310-x86_64-linux-gnu.so
[3.047s] -- Installing: /home/sdc/Desktop/mocap4ros2_ws/Archive/target_pid_controller/target_pid_controller/install/mocap4r2_msgs/local/lib/python3.10/dist-packages/mocap4r2_msgs/mocap4r2_msgs_s__rosidl_typesupport_c.cpython-310-x86_64-linux-gnu.so
[3.047s] -- Installing: /home/sdc/Desktop/mocap4ros2_ws/Archive/target_pid_controller/target_pid_controller/install/mocap4r2_msgs/local/lib/python3.10/dist-packages/mocap4r2_msgs/mocap4r2_msgs_s__rosidl_typesupport_introspection_c.cpython-310-x86_64-linux-gnu.so
[3.068s] Listing '/home/sdc/Desktop/mocap4ros2_ws/Archive/target_pid_controller/target_pid_controller/install/mocap4r2_msgs/local/lib/python3.10/dist-packages/mocap4r2_msgs'...
[3.068s] Compiling '/home/sdc/Desktop/mocap4ros2_ws/Archive/target_pid_controller/target_pid_controller/install/mocap4r2_msgs/local/lib/python3.10/dist-packages/mocap4r2_msgs/__init__.py'...
[3.068s] Listing '/home/sdc/Desktop/mocap4ros2_ws/Archive/target_pid_controller/target_pid_controller/install/mocap4r2_msgs/local/lib/python3.10/dist-packages/mocap4r2_msgs/msg'...
[3.068s] Compiling '/home/sdc/Desktop/mocap4ros2_ws/Archive/target_pid_controller/target_pid_controller/install/mocap4r2_msgs/local/lib/python3.10/dist-packages/mocap4r2_msgs/msg/__init__.py'...
[3.068s] Compiling '/home/sdc/Desktop/mocap4ros2_ws/Archive/target_pid_controller/target_pid_controller/install/mocap4r2_msgs/local/lib/python3.10/dist-packages/mocap4r2_msgs/msg/_imus_info.py'...
[3.068s] Compiling '/home/sdc/Desktop/mocap4ros2_ws/Archive/target_pid_controller/target_pid_controller/install/mocap4r2_msgs/local/lib/python3.10/dist-packages/mocap4r2_msgs/msg/_marker.py'...
[3.068s] Compiling '/home/sdc/Desktop/mocap4ros2_ws/Archive/target_pid_controller/target_pid_controller/install/mocap4r2_msgs/local/lib/python3.10/dist-packages/mocap4r2_msgs/msg/_markers.py'...
[3.068s] Compiling '/home/sdc/Desktop/mocap4ros2_ws/Archive/target_pid_controller/target_pid_controller/install/mocap4r2_msgs/local/lib/python3.10/dist-packages/mocap4r2_msgs/msg/_rigid_bodies.py'...
[3.068s] Compiling '/home/sdc/Desktop/mocap4ros2_ws/Archive/target_pid_controller/target_pid_controller/install/mocap4r2_msgs/local/lib/python3.10/dist-packages/mocap4r2_msgs/msg/_rigid_body.py'...
[3.068s] Listing '/home/sdc/Desktop/mocap4ros2_ws/Archive/target_pid_controller/target_pid_controller/install/mocap4r2_msgs/local/lib/python3.10/dist-packages/mocap4r2_msgs/srv'...
[3.068s] Compiling '/home/sdc/Desktop/mocap4ros2_ws/Archive/target_pid_controller/target_pid_controller/install/mocap4r2_msgs/local/lib/python3.10/dist-packages/mocap4r2_msgs/srv/__init__.py'...
[3.068s] Compiling '/home/sdc/Desktop/mocap4ros2_ws/Archive/target_pid_controller/target_pid_controller/install/mocap4r2_msgs/local/lib/python3.10/dist-packages/mocap4r2_msgs/srv/_create_rigid_body.py'...
[3.070s] -- Installing: /home/sdc/Desktop/mocap4ros2_ws/Archive/target_pid_controller/target_pid_controller/install/mocap4r2_msgs/local/lib/python3.10/dist-packages/mocap4r2_msgs/mocap4r2_msgs_s__rosidl_typesupport_fastrtps_c.cpython-310-x86_64-linux-gnu.so
[3.070s] -- Set runtime path of "/home/sdc/Desktop/mocap4ros2_ws/Archive/target_pid_controller/target_pid_controller/install/mocap4r2_msgs/local/lib/python3.10/dist-packages/mocap4r2_msgs/mocap4r2_msgs_s__rosidl_typesupport_fastrtps_c.cpython-310-x86_64-linux-gnu.so" to ""
[3.070s] -- Installing: /home/sdc/Desktop/mocap4ros2_ws/Archive/target_pid_controller/target_pid_controller/install/mocap4r2_msgs/local/lib/python3.10/dist-packages/mocap4r2_msgs/mocap4r2_msgs_s__rosidl_typesupport_introspection_c.cpython-310-x86_64-linux-gnu.so
[3.070s] -- Set runtime path of "/home/sdc/Desktop/mocap4ros2_ws/Archive/target_pid_controller/target_pid_controller/install/mocap4r2_msgs/local/lib/python3.10/dist-packages/mocap4r2_msgs/mocap4r2_msgs_s__rosidl_typesupport_introspection_c.cpython-310-x86_64-linux-gnu.so" to ""
[3.071s] -- Installing: /home/sdc/Desktop/mocap4ros2_ws/Archive/target_pid_controller/target_pid_controller/install/mocap4r2_msgs/local/lib/python3.10/dist-packages/mocap4r2_msgs/mocap4r2_msgs_s__rosidl_typesupport_c.cpython-310-x86_64-linux-gnu.so
[3.071s] -- Set runtime path of "/home/sdc/Desktop/mocap4ros2_ws/Archive/target_pid_controller/target_pid_controller/install/mocap4r2_msgs/local/lib/python3.10/dist-packages/mocap4r2_msgs/mocap4r2_msgs_s__rosidl_typesupport_c.cpython-310-x86_64-linux-gnu.so" to ""
[3.071s] -- Installing: /home/sdc/Desktop/mocap4ros2_ws/Archive/target_pid_controller/target_pid_controller/install/mocap4r2_msgs/lib/libmocap4r2_msgs__rosidl_generator_py.so
[3.071s] -- Set runtime path of "/home/sdc/Desktop/mocap4ros2_ws/Archive/target_pid_controller/target_pid_controller/install/mocap4r2_msgs/lib/libmocap4r2_msgs__rosidl_generator_py.so" to ""
[3.071s] -- Installing: /home/sdc/Desktop/mocap4ros2_ws/Archive/target_pid_controller/target_pid_controller/install/mocap4r2_msgs/share/mocap4r2_msgs/msg/Marker.idl
[3.071s] -- Installing: /home/sdc/Desktop/mocap4ros2_ws/Archive/target_pid_controller/target_pid_controller/install/mocap4r2_msgs/share/mocap4r2_msgs/msg/Markers.idl
[3.071s] -- Installing: /home/sdc/Desktop/mocap4ros2_ws/Archive/target_pid_controller/target_pid_controller/install/mocap4r2_msgs/share/mocap4r2_msgs/msg/ImusInfo.idl
[3.071s] -- Installing: /home/sdc/Desktop/mocap4ros2_ws/Archive/target_pid_controller/target_pid_controller/install/mocap4r2_msgs/share/mocap4r2_msgs/msg/RigidBody.idl
[3.071s] -- Installing: /home/sdc/Desktop/mocap4ros2_ws/Archive/target_pid_controller/target_pid_controller/install/mocap4r2_msgs/share/mocap4r2_msgs/msg/RigidBodies.idl
[3.071s] -- Installing: /home/sdc/Desktop/mocap4ros2_ws/Archive/target_pid_controller/target_pid_controller/install/mocap4r2_msgs/share/mocap4r2_msgs/srv/CreateRigidBody.idl
[3.071s] -- Installing: /home/sdc/Desktop/mocap4ros2_ws/Archive/target_pid_controller/target_pid_controller/install/mocap4r2_msgs/share/mocap4r2_msgs/msg/Marker.msg
[3.071s] -- Installing: /home/sdc/Desktop/mocap4ros2_ws/Archive/target_pid_controller/target_pid_controller/install/mocap4r2_msgs/share/mocap4r2_msgs/msg/Markers.msg
[3.071s] -- Installing: /home/sdc/Desktop/mocap4ros2_ws/Archive/target_pid_controller/target_pid_controller/install/mocap4r2_msgs/share/mocap4r2_msgs/msg/ImusInfo.msg
[3.071s] -- Installing: /home/sdc/Desktop/mocap4ros2_ws/Archive/target_pid_controller/target_pid_controller/install/mocap4r2_msgs/share/mocap4r2_msgs/msg/RigidBody.msg
[3.071s] -- Installing: /home/sdc/Desktop/mocap4ros2_ws/Archive/target_pid_controller/target_pid_controller/install/mocap4r2_msgs/share/mocap4r2_msgs/msg/RigidBodies.msg
[3.071s] -- Installing: /home/sdc/Desktop/mocap4ros2_ws/Archive/target_pid_controller/target_pid_controller/install/mocap4r2_msgs/share/mocap4r2_msgs/srv/CreateRigidBody.srv
[3.071s] -- Installing: /home/sdc/Desktop/mocap4ros2_ws/Archive/target_pid_controller/target_pid_controller/install/mocap4r2_msgs/share/mocap4r2_msgs/srv/CreateRigidBody_Request.msg
[3.071s] -- Installing: /home/sdc/Desktop/mocap4ros2_ws/Archive/target_pid_controller/target_pid_controller/install/mocap4r2_msgs/share/mocap4r2_msgs/srv/CreateRigidBody_Response.msg
[3.072s] -- Installing: /home/sdc/Desktop/mocap4ros2_ws/Archive/target_pid_controller/target_pid_controller/install/mocap4r2_msgs/share/mocap4r2_msgs/mocap4r2_bridge_mapping_rule.yaml
[3.072s] -- Installing: /home/sdc/Desktop/mocap4ros2_ws/Archive/target_pid_controller/target_pid_controller/install/mocap4r2_msgs/share/ament_index/resource_index/package_run_dependencies/mocap4r2_msgs
[3.072s] -- Installing: /home/sdc/Desktop/mocap4ros2_ws/Archive/target_pid_controller/target_pid_controller/install/mocap4r2_msgs/share/ament_index/resource_index/parent_prefix_path/mocap4r2_msgs
[3.072s] -- Installing: /home/sdc/Desktop/mocap4ros2_ws/Archive/target_pid_controller/target_pid_controller/install/mocap4r2_msgs/share/mocap4r2_msgs/environment/ament_prefix_path.sh
[3.072s] -- Installing: /home/sdc/Desktop/mocap4ros2_ws/Archive/target_pid_controller/target_pid_controller/install/mocap4r2_msgs/share/mocap4r2_msgs/environment/ament_prefix_path.dsv
[3.072s] -- Installing: /home/sdc/Desktop/mocap4ros2_ws/Archive/target_pid_controller/target_pid_controller/install/mocap4r2_msgs/share/mocap4r2_msgs/environment/path.sh
[3.072s] -- Installing: /home/sdc/Desktop/mocap4ros2_ws/Archive/target_pid_controller/target_pid_controller/install/mocap4r2_msgs/share/mocap4r2_msgs/environment/path.dsv
[3.072s] -- Installing: /home/sdc/Desktop/mocap4ros2_ws/Archive/target_pid_controller/target_pid_controller/install/mocap4r2_msgs/share/mocap4r2_msgs/local_setup.bash
[3.072s] -- Installing: /home/sdc/Desktop/mocap4ros2_ws/Archive/target_pid_controller/target_pid_controller/install/mocap4r2_msgs/share/mocap4r2_msgs/local_setup.sh
[3.072s] -- Installing: /home/sdc/Desktop/mocap4ros2_ws/Archive/target_pid_controller/target_pid_controller/install/mocap4r2_msgs/share/mocap4r2_msgs/local_setup.zsh
[3.072s] -- Installing: /home/sdc/Desktop/mocap4ros2_ws/Archive/target_pid_controller/target_pid_controller/install/mocap4r2_msgs/share/mocap4r2_msgs/local_setup.dsv
[3.072s] -- Installing: /home/sdc/Desktop/mocap4ros2_ws/Archive/target_pid_controller/target_pid_controller/install/mocap4r2_msgs/share/mocap4r2_msgs/package.dsv
[3.072s] -- Installing: /home/sdc/Desktop/mocap4ros2_ws/Archive/target_pid_controller/target_pid_controller/install/mocap4r2_msgs/share/ament_index/resource_index/packages/mocap4r2_msgs
[3.072s] -- Installing: /home/sdc/Desktop/mocap4ros2_ws/Archive/target_pid_controller/target_pid_controller/install/mocap4r2_msgs/share/mocap4r2_msgs/cmake/export_mocap4r2_msgs__rosidl_generator_cExport.cmake
[3.072s] -- Installing: /home/sdc/Desktop/mocap4ros2_ws/Archive/target_pid_controller/target_pid_controller/install/mocap4r2_msgs/share/mocap4r2_msgs/cmake/export_mocap4r2_msgs__rosidl_generator_cExport-noconfig.cmake
[3.072s] -- Installing: /home/sdc/Desktop/mocap4ros2_ws/Archive/target_pid_controller/target_pid_controller/install/mocap4r2_msgs/share/mocap4r2_msgs/cmake/export_mocap4r2_msgs__rosidl_typesupport_fastrtps_cExport.cmake
[3.072s] -- Installing: /home/sdc/Desktop/mocap4ros2_ws/Archive/target_pid_controller/target_pid_controller/install/mocap4r2_msgs/share/mocap4r2_msgs/cmake/export_mocap4r2_msgs__rosidl_typesupport_fastrtps_cExport-noconfig.cmake
[3.072s] -- Installing: /home/sdc/Desktop/mocap4ros2_ws/Archive/target_pid_controller/target_pid_controller/install/mocap4r2_msgs/share/mocap4r2_msgs/cmake/mocap4r2_msgs__rosidl_typesupport_introspection_cExport.cmake
[3.072s] -- Installing: /home/sdc/Desktop/mocap4ros2_ws/Archive/target_pid_controller/target_pid_controller/install/mocap4r2_msgs/share/mocap4r2_msgs/cmake/mocap4r2_msgs__rosidl_typesupport_introspection_cExport-noconfig.cmake
[3.073s] -- Installing: /home/sdc/Desktop/mocap4ros2_ws/Archive/target_pid_controller/target_pid_controller/install/mocap4r2_msgs/share/mocap4r2_msgs/cmake/mocap4r2_msgs__rosidl_typesupport_cExport.cmake
[3.073s] -- Installing: /home/sdc/Desktop/mocap4ros2_ws/Archive/target_pid_controller/target_pid_controller/install/mocap4r2_msgs/share/mocap4r2_msgs/cmake/mocap4r2_msgs__rosidl_typesupport_cExport-noconfig.cmake
[3.073s] -- Installing: /home/sdc/Desktop/mocap4ros2_ws/Archive/target_pid_controller/target_pid_controller/install/mocap4r2_msgs/share/mocap4r2_msgs/cmake/export_mocap4r2_msgs__rosidl_generator_cppExport.cmake
[3.073s] -- Installing: /home/sdc/Desktop/mocap4ros2_ws/Archive/target_pid_controller/target_pid_controller/install/mocap4r2_msgs/share/mocap4r2_msgs/cmake/export_mocap4r2_msgs__rosidl_typesupport_fastrtps_cppExport.cmake
[3.073s] -- Installing: /home/sdc/Desktop/mocap4ros2_ws/Archive/target_pid_controller/target_pid_controller/install/mocap4r2_msgs/share/mocap4r2_msgs/cmake/export_mocap4r2_msgs__rosidl_typesupport_fastrtps_cppExport-noconfig.cmake
[3.073s] -- Installing: /home/sdc/Desktop/mocap4ros2_ws/Archive/target_pid_controller/target_pid_controller/install/mocap4r2_msgs/share/mocap4r2_msgs/cmake/mocap4r2_msgs__rosidl_typesupport_introspection_cppExport.cmake
[3.073s] -- Installing: /home/sdc/Desktop/mocap4ros2_ws/Archive/target_pid_controller/target_pid_controller/install/mocap4r2_msgs/share/mocap4r2_msgs/cmake/mocap4r2_msgs__rosidl_typesupport_introspection_cppExport-noconfig.cmake
[3.073s] -- Installing: /home/sdc/Desktop/mocap4ros2_ws/Archive/target_pid_controller/target_pid_controller/install/mocap4r2_msgs/share/mocap4r2_msgs/cmake/mocap4r2_msgs__rosidl_typesupport_cppExport.cmake
[3.073s] -- Installing: /home/sdc/Desktop/mocap4ros2_ws/Archive/target_pid_controller/target_pid_controller/install/mocap4r2_msgs/share/mocap4r2_msgs/cmake/mocap4r2_msgs__rosidl_typesupport_cppExport-noconfig.cmake
[3.073s] -- Installing: /home/sdc/Desktop/mocap4ros2_ws/Archive/target_pid_controller/target_pid_controller/install/mocap4r2_msgs/share/mocap4r2_msgs/cmake/export_mocap4r2_msgs__rosidl_generator_pyExport.cmake
[3.073s] -- Installing: /home/sdc/Desktop/mocap4ros2_ws/Archive/target_pid_controller/target_pid_controller/install/mocap4r2_msgs/share/mocap4r2_msgs/cmake/export_mocap4r2_msgs__rosidl_generator_pyExport-noconfig.cmake
[3.073s] -- Installing: /home/sdc/Desktop/mocap4ros2_ws/Archive/target_pid_controller/target_pid_controller/install/mocap4r2_msgs/share/mocap4r2_msgs/cmake/rosidl_cmake-extras.cmake
[3.073s] -- Installing: /home/sdc/Desktop/mocap4ros2_ws/Archive/target_pid_controller/target_pid_controller/install/mocap4r2_msgs/share/mocap4r2_msgs/cmake/ament_cmake_export_dependencies-extras.cmake
[3.073s] -- Installing: /home/sdc/Desktop/mocap4ros2_ws/Archive/target_pid_controller/target_pid_controller/install/mocap4r2_msgs/share/mocap4r2_msgs/cmake/ament_cmake_export_include_directories-extras.cmake
[3.073s] -- Installing: /home/sdc/Desktop/mocap4ros2_ws/Archive/target_pid_controller/target_pid_controller/install/mocap4r2_msgs/share/mocap4r2_msgs/cmake/ament_cmake_export_libraries-extras.cmake
[3.073s] -- Installing: /home/sdc/Desktop/mocap4ros2_ws/Archive/target_pid_controller/target_pid_controller/install/mocap4r2_msgs/share/mocap4r2_msgs/cmake/ament_cmake_export_targets-extras.cmake
[3.073s] -- Installing: /home/sdc/Desktop/mocap4ros2_ws/Archive/target_pid_controller/target_pid_controller/install/mocap4r2_msgs/share/mocap4r2_msgs/cmake/rosidl_cmake_export_typesupport_targets-extras.cmake
[3.073s] -- Installing: /home/sdc/Desktop/mocap4ros2_ws/Archive/target_pid_controller/target_pid_controller/install/mocap4r2_msgs/share/mocap4r2_msgs/cmake/rosidl_cmake_export_typesupport_libraries-extras.cmake
[3.073s] -- Installing: /home/sdc/Desktop/mocap4ros2_ws/Archive/target_pid_controller/target_pid_controller/install/mocap4r2_msgs/share/mocap4r2_msgs/cmake/mocap4r2_msgsConfig.cmake
[3.073s] -- Installing: /home/sdc/Desktop/mocap4ros2_ws/Archive/target_pid_controller/target_pid_controller/install/mocap4r2_msgs/share/mocap4r2_msgs/cmake/mocap4r2_msgsConfig-version.cmake
[3.074s] -- Installing: /home/sdc/Desktop/mocap4ros2_ws/Archive/target_pid_controller/target_pid_controller/install/mocap4r2_msgs/share/mocap4r2_msgs/package.xml
[3.075s] Invoked command in '/home/sdc/Desktop/mocap4ros2_ws/Archive/target_pid_controller/target_pid_controller/build/mocap4r2_msgs' returned '0': CMAKE_PREFIX_PATH=/opt/ros/humble /usr/bin/cmake --install /home/sdc/Desktop/mocap4ros2_ws/Archive/target_pid_controller/target_pid_controller/build/mocap4r2_msgs
