[0.839s] Invoking command in '/home/sdc/Desktop/mocap4ros2_ws/Archive/target_pid_controller': PYTHONPATH=/home/sdc/Desktop/mocap4ros2_ws/Archive/build/target_pid_controller/prefix_override:/home/sdc/Desktop/mocap4ros2_ws/Archive/install/target_pid_controller/lib/python3.10/site-packages:${PYTHONPATH} /usr/bin/python3 setup.py egg_info --egg-base ../build/target_pid_controller build --build-base /home/sdc/Desktop/mocap4ros2_ws/Archive/build/target_pid_controller/build install --record /home/sdc/Desktop/mocap4ros2_ws/Archive/build/target_pid_controller/install.log --single-version-externally-managed
[1.003s] running egg_info
[1.004s] writing ../build/target_pid_controller/target_pid_controller.egg-info/PKG-INFO
[1.005s] writing dependency_links to ../build/target_pid_controller/target_pid_controller.egg-info/dependency_links.txt
[1.005s] writing entry points to ../build/target_pid_controller/target_pid_controller.egg-info/entry_points.txt
[1.006s] writing requirements to ../build/target_pid_controller/target_pid_controller.egg-info/requires.txt
[1.006s] writing top-level names to ../build/target_pid_controller/target_pid_controller.egg-info/top_level.txt
[1.006s] reading manifest file '../build/target_pid_controller/target_pid_controller.egg-info/SOURCES.txt'
[1.007s] writing manifest file '../build/target_pid_controller/target_pid_controller.egg-info/SOURCES.txt'
[1.007s] running build
[1.008s] running build_py
[1.009s] running install
[1.009s] running install_lib
[1.010s] running install_data
[1.011s] running install_egg_info
[1.012s] removing '/home/sdc/Desktop/mocap4ros2_ws/Archive/install/target_pid_controller/lib/python3.10/site-packages/target_pid_controller-0.0.0-py3.10.egg-info' (and everything under it)
[1.012s] Copying ../build/target_pid_controller/target_pid_controller.egg-info to /home/sdc/Desktop/mocap4ros2_ws/Archive/install/target_pid_controller/lib/python3.10/site-packages/target_pid_controller-0.0.0-py3.10.egg-info
[1.012s] running install_scripts
[1.019s] Installing connection_node script to /home/sdc/Desktop/mocap4ros2_ws/Archive/install/target_pid_controller/lib/target_pid_controller
[1.019s] Installing robot_controller script to /home/sdc/Desktop/mocap4ros2_ws/Archive/install/target_pid_controller/lib/target_pid_controller
[1.019s] Installing target_setter script to /home/sdc/Desktop/mocap4ros2_ws/Archive/install/target_pid_controller/lib/target_pid_controller
[1.019s] Installing tf_broadcaster script to /home/sdc/Desktop/mocap4ros2_ws/Archive/install/target_pid_controller/lib/target_pid_controller
[1.020s] writing list of installed files to '/home/sdc/Desktop/mocap4ros2_ws/Archive/build/target_pid_controller/install.log'
[1.061s] Invoked command in '/home/sdc/Desktop/mocap4ros2_ws/Archive/target_pid_controller' returned '0': PYTHONPATH=/home/sdc/Desktop/mocap4ros2_ws/Archive/build/target_pid_controller/prefix_override:/home/sdc/Desktop/mocap4ros2_ws/Archive/install/target_pid_controller/lib/python3.10/site-packages:${PYTHONPATH} /usr/bin/python3 setup.py egg_info --egg-base ../build/target_pid_controller build --build-base /home/sdc/Desktop/mocap4ros2_ws/Archive/build/target_pid_controller/build install --record /home/sdc/Desktop/mocap4ros2_ws/Archive/build/target_pid_controller/install.log --single-version-externally-managed
