[0.445s] Invoking command in '/home/sdc/Desktop/mocap4ros2_ws/Archive/target_pid_controller': PYTHONPATH=/home/sdc/Desktop/mocap4ros2_ws/Archive/target_pid_controller/build/target_pid_controller/prefix_override:/home/sdc/Desktop/mocap4ros2_ws/Archive/target_pid_controller/install/target_pid_controller/lib/python3.10/site-packages:${PYTHONPATH} /usr/bin/python3 setup.py egg_info --egg-base build/target_pid_controller build --build-base /home/sdc/Desktop/mocap4ros2_ws/Archive/target_pid_controller/build/target_pid_controller/build install --record /home/sdc/Desktop/mocap4ros2_ws/Archive/target_pid_controller/build/target_pid_controller/install.log --single-version-externally-managed
[0.584s] running egg_info
[0.585s] writing build/target_pid_controller/target_pid_controller.egg-info/PKG-INFO
[0.585s] writing dependency_links to build/target_pid_controller/target_pid_controller.egg-info/dependency_links.txt
[0.585s] writing entry points to build/target_pid_controller/target_pid_controller.egg-info/entry_points.txt
[0.585s] writing requirements to build/target_pid_controller/target_pid_controller.egg-info/requires.txt
[0.585s] writing top-level names to build/target_pid_controller/target_pid_controller.egg-info/top_level.txt
[0.586s] reading manifest file 'build/target_pid_controller/target_pid_controller.egg-info/SOURCES.txt'
[0.586s] writing manifest file 'build/target_pid_controller/target_pid_controller.egg-info/SOURCES.txt'
[0.586s] running build
[0.586s] running build_py
[0.587s] running install
[0.587s] running install_lib
[0.588s] running install_data
[0.588s] running install_egg_info
[0.589s] removing '/home/sdc/Desktop/mocap4ros2_ws/Archive/target_pid_controller/install/target_pid_controller/lib/python3.10/site-packages/target_pid_controller-0.0.0-py3.10.egg-info' (and everything under it)
[0.589s] Copying build/target_pid_controller/target_pid_controller.egg-info to /home/sdc/Desktop/mocap4ros2_ws/Archive/target_pid_controller/install/target_pid_controller/lib/python3.10/site-packages/target_pid_controller-0.0.0-py3.10.egg-info
[0.589s] running install_scripts
[0.600s] Installing connection_node = target_pid_controller.pid_controller_node_sub:maintarget_setter script to /home/sdc/Desktop/mocap4ros2_ws/Archive/target_pid_controller/install/target_pid_controller/lib/target_pid_controller
[0.600s] Installing robot_controller script to /home/sdc/Desktop/mocap4ros2_ws/Archive/target_pid_controller/install/target_pid_controller/lib/target_pid_controller
[0.600s] Installing tf_broadcaster script to /home/sdc/Desktop/mocap4ros2_ws/Archive/target_pid_controller/install/target_pid_controller/lib/target_pid_controller
[0.600s] writing list of installed files to '/home/sdc/Desktop/mocap4ros2_ws/Archive/target_pid_controller/build/target_pid_controller/install.log'
[0.612s] Invoked command in '/home/sdc/Desktop/mocap4ros2_ws/Archive/target_pid_controller' returned '0': PYTHONPATH=/home/sdc/Desktop/mocap4ros2_ws/Archive/target_pid_controller/build/target_pid_controller/prefix_override:/home/sdc/Desktop/mocap4ros2_ws/Archive/target_pid_controller/install/target_pid_controller/lib/python3.10/site-packages:${PYTHONPATH} /usr/bin/python3 setup.py egg_info --egg-base build/target_pid_controller build --build-base /home/sdc/Desktop/mocap4ros2_ws/Archive/target_pid_controller/build/target_pid_controller/build install --record /home/sdc/Desktop/mocap4ros2_ws/Archive/target_pid_controller/build/target_pid_controller/install.log --single-version-externally-managed
