[0.595s] DEBUG:colcon:Command line arguments: ['/home/sdc/.local/bin/colcon', 'build']
[0.595s] DEBUG:colcon:Parsed command line arguments: Namespace(log_base=None, log_level=None, verb_name='build', build_base='build', install_base='install', merge_install=False, symlink_install=False, test_result_base=None, continue_on_error=False, executor='parallel', parallel_workers=16, event_handlers=None, ignore_user_meta=False, metas=['./colcon.meta'], base_paths=['.'], packages_ignore=None, packages_ignore_regex=None, paths=None, packages_up_to=None, packages_up_to_regex=None, packages_above=None, packages_above_and_dependencies=None, packages_above_depth=None, packages_select_by_dep=None, packages_skip_by_dep=None, packages_skip_up_to=None, packages_select_build_failed=False, packages_skip_build_finished=False, packages_select_test_failures=False, packages_skip_test_passed=False, packages_select=None, packages_skip=None, packages_select_regex=None, packages_skip_regex=None, packages_start=None, packages_end=None, allow_overriding=[], cmake_args=None, cmake_target=None, cmake_target_skip_unavailable=False, cmake_clean_cache=False, cmake_clean_first=False, cmake_force_configure=False, ament_cmake_args=None, catkin_cmake_args=None, catkin_skip_building_tests=False, mixin_files=None, mixin=None, verb_parser=<colcon_mixin.mixin.mixin_argument.MixinArgumentDecorator object at 0x7bb29d334df0>, verb_extension=<colcon_core.verb.build.BuildVerb object at 0x7bb29d337af0>, main=<bound method BuildVerb.main of <colcon_core.verb.build.BuildVerb object at 0x7bb29d337af0>>, mixin_verb=('build',))
[0.617s] Level 1:colcon.colcon_core.package_discovery:discover_packages(colcon_meta) check parameters
[0.617s] Level 1:colcon.colcon_core.package_discovery:discover_packages(recursive) check parameters
[0.617s] Level 1:colcon.colcon_core.package_discovery:discover_packages(ignore) check parameters
[0.617s] Level 1:colcon.colcon_core.package_discovery:discover_packages(path) check parameters
[0.617s] Level 1:colcon.colcon_core.package_discovery:discover_packages(colcon_meta) discover
[0.617s] Level 1:colcon.colcon_core.package_discovery:discover_packages(recursive) discover
[0.617s] INFO:colcon.colcon_core.package_discovery:Crawling recursively for packages in '/home/sdc/Desktop/mocap4ros2_ws/Archive'
[0.617s] Level 1:colcon.colcon_core.package_identification:_identify(.) by extensions ['ignore', 'ignore_ament_install']
[0.617s] Level 1:colcon.colcon_core.package_identification:_identify(.) by extension 'ignore'
[0.617s] Level 1:colcon.colcon_core.package_identification:_identify(.) by extension 'ignore_ament_install'
[0.617s] Level 1:colcon.colcon_core.package_identification:_identify(.) by extensions ['colcon_pkg']
[0.617s] Level 1:colcon.colcon_core.package_identification:_identify(.) by extension 'colcon_pkg'
[0.617s] Level 1:colcon.colcon_core.package_identification:_identify(.) by extensions ['colcon_meta']
[0.617s] Level 1:colcon.colcon_core.package_identification:_identify(.) by extension 'colcon_meta'
[0.617s] Level 1:colcon.colcon_core.package_identification:_identify(.) by extensions ['ros']
[0.618s] Level 1:colcon.colcon_core.package_identification:_identify(.) by extension 'ros'
[0.623s] Level 1:colcon.colcon_core.package_identification:_identify(.) by extensions ['cmake', 'python']
[0.623s] Level 1:colcon.colcon_core.package_identification:_identify(.) by extension 'cmake'
[0.623s] Level 1:colcon.colcon_core.package_identification:_identify(.) by extension 'python'
[0.623s] Level 1:colcon.colcon_core.package_identification:_identify(.) by extensions ['python_setup_py']
[0.623s] Level 1:colcon.colcon_core.package_identification:_identify(.) by extension 'python_setup_py'
[0.623s] Level 1:colcon.colcon_core.package_identification:_identify(build) by extensions ['ignore', 'ignore_ament_install']
[0.623s] Level 1:colcon.colcon_core.package_identification:_identify(build) by extension 'ignore'
[0.623s] Level 1:colcon.colcon_core.package_identification:_identify(build) ignored
[0.623s] Level 1:colcon.colcon_core.package_identification:_identify(custom_robot_msgs) by extensions ['ignore', 'ignore_ament_install']
[0.623s] Level 1:colcon.colcon_core.package_identification:_identify(custom_robot_msgs) by extension 'ignore'
[0.623s] Level 1:colcon.colcon_core.package_identification:_identify(custom_robot_msgs) by extension 'ignore_ament_install'
[0.623s] Level 1:colcon.colcon_core.package_identification:_identify(custom_robot_msgs) by extensions ['colcon_pkg']
[0.623s] Level 1:colcon.colcon_core.package_identification:_identify(custom_robot_msgs) by extension 'colcon_pkg'
[0.623s] Level 1:colcon.colcon_core.package_identification:_identify(custom_robot_msgs) by extensions ['colcon_meta']
[0.623s] Level 1:colcon.colcon_core.package_identification:_identify(custom_robot_msgs) by extension 'colcon_meta'
[0.623s] Level 1:colcon.colcon_core.package_identification:_identify(custom_robot_msgs) by extensions ['ros']
[0.623s] Level 1:colcon.colcon_core.package_identification:_identify(custom_robot_msgs) by extension 'ros'
[0.624s] DEBUG:colcon.colcon_core.package_identification:Package 'custom_robot_msgs' with type 'ros.ament_cmake' and name 'custom_robot_msgs'
[0.624s] Level 1:colcon.colcon_core.package_identification:_identify(install) by extensions ['ignore', 'ignore_ament_install']
[0.624s] Level 1:colcon.colcon_core.package_identification:_identify(install) by extension 'ignore'
[0.625s] Level 1:colcon.colcon_core.package_identification:_identify(install) ignored
[0.625s] Level 1:colcon.colcon_core.package_identification:_identify(log) by extensions ['ignore', 'ignore_ament_install']
[0.625s] Level 1:colcon.colcon_core.package_identification:_identify(log) by extension 'ignore'
[0.625s] Level 1:colcon.colcon_core.package_identification:_identify(log) ignored
[0.625s] Level 1:colcon.colcon_core.package_identification:_identify(mocap4r2_msgs) by extensions ['ignore', 'ignore_ament_install']
[0.625s] Level 1:colcon.colcon_core.package_identification:_identify(mocap4r2_msgs) by extension 'ignore'
[0.625s] Level 1:colcon.colcon_core.package_identification:_identify(mocap4r2_msgs) by extension 'ignore_ament_install'
[0.625s] Level 1:colcon.colcon_core.package_identification:_identify(mocap4r2_msgs) by extensions ['colcon_pkg']
[0.625s] Level 1:colcon.colcon_core.package_identification:_identify(mocap4r2_msgs) by extension 'colcon_pkg'
[0.625s] Level 1:colcon.colcon_core.package_identification:_identify(mocap4r2_msgs) by extensions ['colcon_meta']
[0.625s] Level 1:colcon.colcon_core.package_identification:_identify(mocap4r2_msgs) by extension 'colcon_meta'
[0.625s] Level 1:colcon.colcon_core.package_identification:_identify(mocap4r2_msgs) by extensions ['ros']
[0.625s] Level 1:colcon.colcon_core.package_identification:_identify(mocap4r2_msgs) by extension 'ros'
[0.625s] DEBUG:colcon.colcon_core.package_identification:Package 'mocap4r2_msgs' with type 'ros.ament_cmake' and name 'mocap4r2_msgs'
[0.625s] Level 1:colcon.colcon_core.package_identification:_identify(pure_pursuit) by extensions ['ignore', 'ignore_ament_install']
[0.625s] Level 1:colcon.colcon_core.package_identification:_identify(pure_pursuit) by extension 'ignore'
[0.625s] Level 1:colcon.colcon_core.package_identification:_identify(pure_pursuit) by extension 'ignore_ament_install'
[0.625s] Level 1:colcon.colcon_core.package_identification:_identify(pure_pursuit) by extensions ['colcon_pkg']
[0.625s] Level 1:colcon.colcon_core.package_identification:_identify(pure_pursuit) by extension 'colcon_pkg'
[0.626s] Level 1:colcon.colcon_core.package_identification:_identify(pure_pursuit) by extensions ['colcon_meta']
[0.626s] Level 1:colcon.colcon_core.package_identification:_identify(pure_pursuit) by extension 'colcon_meta'
[0.626s] Level 1:colcon.colcon_core.package_identification:_identify(pure_pursuit) by extensions ['ros']
[0.626s] Level 1:colcon.colcon_core.package_identification:_identify(pure_pursuit) by extension 'ros'
[0.626s] DEBUG:colcon.colcon_core.package_identification:Package 'pure_pursuit' with type 'ros.ament_python' and name 'pure_pursuit'
[0.626s] Level 1:colcon.colcon_core.package_identification:_identify(target_pid_controller) by extensions ['ignore', 'ignore_ament_install']
[0.626s] Level 1:colcon.colcon_core.package_identification:_identify(target_pid_controller) by extension 'ignore'
[0.626s] Level 1:colcon.colcon_core.package_identification:_identify(target_pid_controller) by extension 'ignore_ament_install'
[0.626s] Level 1:colcon.colcon_core.package_identification:_identify(target_pid_controller) by extensions ['colcon_pkg']
[0.626s] Level 1:colcon.colcon_core.package_identification:_identify(target_pid_controller) by extension 'colcon_pkg'
[0.626s] Level 1:colcon.colcon_core.package_identification:_identify(target_pid_controller) by extensions ['colcon_meta']
[0.626s] Level 1:colcon.colcon_core.package_identification:_identify(target_pid_controller) by extension 'colcon_meta'
[0.626s] Level 1:colcon.colcon_core.package_identification:_identify(target_pid_controller) by extensions ['ros']
[0.626s] Level 1:colcon.colcon_core.package_identification:_identify(target_pid_controller) by extension 'ros'
[0.626s] DEBUG:colcon.colcon_core.package_identification:Failed to parse potential ROS package manifest in'target_pid_controller': Error(s) in package 'target_pid_controller/package.xml':
The manifest contains invalid XML:
XML or text declaration not at start of entity: line 3, column 0
[0.626s] Level 1:colcon.colcon_core.package_identification:_identify(target_pid_controller) by extensions ['cmake', 'python']
[0.626s] Level 1:colcon.colcon_core.package_identification:_identify(target_pid_controller) by extension 'cmake'
[0.626s] Level 1:colcon.colcon_core.package_identification:_identify(target_pid_controller) by extension 'python'
[0.626s] DEBUG:colcon.colcon_core.package_identification:Python package in 'target_pid_controller' passes arguments to the setup() function which requires a different identification extension than 'python'
[0.626s] Level 1:colcon.colcon_core.package_identification:_identify(target_pid_controller) by extensions ['python_setup_py']
[0.626s] Level 1:colcon.colcon_core.package_identification:_identify(target_pid_controller) by extension 'python_setup_py'
[0.761s] DEBUG:colcon.colcon_core.package_identification:Package 'target_pid_controller' with type 'python' and name 'target_pid_controller'
[0.761s] Level 1:colcon.colcon_core.package_discovery:discover_packages(recursive) using defaults
[0.761s] Level 1:colcon.colcon_core.package_discovery:discover_packages(ignore) discover
[0.762s] Level 1:colcon.colcon_core.package_discovery:discover_packages(ignore) using defaults
[0.762s] Level 1:colcon.colcon_core.package_discovery:discover_packages(path) discover
[0.762s] Level 1:colcon.colcon_core.package_discovery:discover_packages(path) using defaults
[0.809s] Level 1:colcon.colcon_core.package_discovery:discover_packages(prefix_path) check parameters
[0.809s] Level 1:colcon.colcon_core.package_discovery:discover_packages(prefix_path) discover
[0.822s] DEBUG:colcon.colcon_installed_package_information.package_discovery:Found 4 installed packages in /home/sdc/Desktop/mocap4ros2_ws/Archive/install
[0.830s] DEBUG:colcon.colcon_installed_package_information.package_discovery:Found 394 installed packages in /opt/ros/humble
[0.830s] Level 1:colcon.colcon_core.package_discovery:discover_packages(prefix_path) using defaults
[0.864s] Level 5:colcon.colcon_core.verb:set package 'custom_robot_msgs' build argument 'cmake_args' from command line to 'None'
[0.864s] Level 5:colcon.colcon_core.verb:set package 'custom_robot_msgs' build argument 'cmake_target' from command line to 'None'
[0.864s] Level 5:colcon.colcon_core.verb:set package 'custom_robot_msgs' build argument 'cmake_target_skip_unavailable' from command line to 'False'
[0.864s] Level 5:colcon.colcon_core.verb:set package 'custom_robot_msgs' build argument 'cmake_clean_cache' from command line to 'False'
[0.864s] Level 5:colcon.colcon_core.verb:set package 'custom_robot_msgs' build argument 'cmake_clean_first' from command line to 'False'
[0.864s] Level 5:colcon.colcon_core.verb:set package 'custom_robot_msgs' build argument 'cmake_force_configure' from command line to 'False'
[0.864s] Level 5:colcon.colcon_core.verb:set package 'custom_robot_msgs' build argument 'ament_cmake_args' from command line to 'None'
[0.864s] Level 5:colcon.colcon_core.verb:set package 'custom_robot_msgs' build argument 'catkin_cmake_args' from command line to 'None'
[0.864s] Level 5:colcon.colcon_core.verb:set package 'custom_robot_msgs' build argument 'catkin_skip_building_tests' from command line to 'False'
[0.864s] DEBUG:colcon.colcon_core.verb:Building package 'custom_robot_msgs' with the following arguments: {'ament_cmake_args': None, 'build_base': '/home/sdc/Desktop/mocap4ros2_ws/Archive/build/custom_robot_msgs', 'catkin_cmake_args': None, 'catkin_skip_building_tests': False, 'cmake_args': None, 'cmake_clean_cache': False, 'cmake_clean_first': False, 'cmake_force_configure': False, 'cmake_target': None, 'cmake_target_skip_unavailable': False, 'install_base': '/home/sdc/Desktop/mocap4ros2_ws/Archive/install/custom_robot_msgs', 'merge_install': False, 'path': '/home/sdc/Desktop/mocap4ros2_ws/Archive/custom_robot_msgs', 'symlink_install': False, 'test_result_base': None}
[0.871s] Level 5:colcon.colcon_core.verb:set package 'mocap4r2_msgs' build argument 'cmake_args' from command line to 'None'
[0.871s] Level 5:colcon.colcon_core.verb:set package 'mocap4r2_msgs' build argument 'cmake_target' from command line to 'None'
[0.871s] Level 5:colcon.colcon_core.verb:set package 'mocap4r2_msgs' build argument 'cmake_target_skip_unavailable' from command line to 'False'
[0.871s] Level 5:colcon.colcon_core.verb:set package 'mocap4r2_msgs' build argument 'cmake_clean_cache' from command line to 'False'
[0.871s] Level 5:colcon.colcon_core.verb:set package 'mocap4r2_msgs' build argument 'cmake_clean_first' from command line to 'False'
[0.871s] Level 5:colcon.colcon_core.verb:set package 'mocap4r2_msgs' build argument 'cmake_force_configure' from command line to 'False'
[0.871s] Level 5:colcon.colcon_core.verb:set package 'mocap4r2_msgs' build argument 'ament_cmake_args' from command line to 'None'
[0.871s] Level 5:colcon.colcon_core.verb:set package 'mocap4r2_msgs' build argument 'catkin_cmake_args' from command line to 'None'
[0.871s] Level 5:colcon.colcon_core.verb:set package 'mocap4r2_msgs' build argument 'catkin_skip_building_tests' from command line to 'False'
[0.871s] DEBUG:colcon.colcon_core.verb:Building package 'mocap4r2_msgs' with the following arguments: {'ament_cmake_args': None, 'build_base': '/home/sdc/Desktop/mocap4ros2_ws/Archive/build/mocap4r2_msgs', 'catkin_cmake_args': None, 'catkin_skip_building_tests': False, 'cmake_args': None, 'cmake_clean_cache': False, 'cmake_clean_first': False, 'cmake_force_configure': False, 'cmake_target': None, 'cmake_target_skip_unavailable': False, 'install_base': '/home/sdc/Desktop/mocap4ros2_ws/Archive/install/mocap4r2_msgs', 'merge_install': False, 'path': '/home/sdc/Desktop/mocap4ros2_ws/Archive/mocap4r2_msgs', 'symlink_install': False, 'test_result_base': None}
[0.878s] Level 5:colcon.colcon_core.verb:set package 'pure_pursuit' build argument 'cmake_args' from command line to 'None'
[0.878s] Level 5:colcon.colcon_core.verb:set package 'pure_pursuit' build argument 'cmake_target' from command line to 'None'
[0.878s] Level 5:colcon.colcon_core.verb:set package 'pure_pursuit' build argument 'cmake_target_skip_unavailable' from command line to 'False'
[0.878s] Level 5:colcon.colcon_core.verb:set package 'pure_pursuit' build argument 'cmake_clean_cache' from command line to 'False'
[0.878s] Level 5:colcon.colcon_core.verb:set package 'pure_pursuit' build argument 'cmake_clean_first' from command line to 'False'
[0.878s] Level 5:colcon.colcon_core.verb:set package 'pure_pursuit' build argument 'cmake_force_configure' from command line to 'False'
[0.878s] Level 5:colcon.colcon_core.verb:set package 'pure_pursuit' build argument 'ament_cmake_args' from command line to 'None'
[0.878s] Level 5:colcon.colcon_core.verb:set package 'pure_pursuit' build argument 'catkin_cmake_args' from command line to 'None'
[0.878s] Level 5:colcon.colcon_core.verb:set package 'pure_pursuit' build argument 'catkin_skip_building_tests' from command line to 'False'
[0.878s] DEBUG:colcon.colcon_core.verb:Building package 'pure_pursuit' with the following arguments: {'ament_cmake_args': None, 'build_base': '/home/sdc/Desktop/mocap4ros2_ws/Archive/build/pure_pursuit', 'catkin_cmake_args': None, 'catkin_skip_building_tests': False, 'cmake_args': None, 'cmake_clean_cache': False, 'cmake_clean_first': False, 'cmake_force_configure': False, 'cmake_target': None, 'cmake_target_skip_unavailable': False, 'install_base': '/home/sdc/Desktop/mocap4ros2_ws/Archive/install/pure_pursuit', 'merge_install': False, 'path': '/home/sdc/Desktop/mocap4ros2_ws/Archive/pure_pursuit', 'symlink_install': False, 'test_result_base': None}
[0.884s] Level 5:colcon.colcon_core.verb:set package 'target_pid_controller' build argument 'cmake_args' from command line to 'None'
[0.884s] Level 5:colcon.colcon_core.verb:set package 'target_pid_controller' build argument 'cmake_target' from command line to 'None'
[0.884s] Level 5:colcon.colcon_core.verb:set package 'target_pid_controller' build argument 'cmake_target_skip_unavailable' from command line to 'False'
[0.884s] Level 5:colcon.colcon_core.verb:set package 'target_pid_controller' build argument 'cmake_clean_cache' from command line to 'False'
[0.884s] Level 5:colcon.colcon_core.verb:set package 'target_pid_controller' build argument 'cmake_clean_first' from command line to 'False'
[0.884s] Level 5:colcon.colcon_core.verb:set package 'target_pid_controller' build argument 'cmake_force_configure' from command line to 'False'
[0.884s] Level 5:colcon.colcon_core.verb:set package 'target_pid_controller' build argument 'ament_cmake_args' from command line to 'None'
[0.884s] Level 5:colcon.colcon_core.verb:set package 'target_pid_controller' build argument 'catkin_cmake_args' from command line to 'None'
[0.884s] Level 5:colcon.colcon_core.verb:set package 'target_pid_controller' build argument 'catkin_skip_building_tests' from command line to 'False'
[0.884s] DEBUG:colcon.colcon_core.verb:Building package 'target_pid_controller' with the following arguments: {'ament_cmake_args': None, 'build_base': '/home/sdc/Desktop/mocap4ros2_ws/Archive/build/target_pid_controller', 'catkin_cmake_args': None, 'catkin_skip_building_tests': False, 'cmake_args': None, 'cmake_clean_cache': False, 'cmake_clean_first': False, 'cmake_force_configure': False, 'cmake_target': None, 'cmake_target_skip_unavailable': False, 'install_base': '/home/sdc/Desktop/mocap4ros2_ws/Archive/install/target_pid_controller', 'merge_install': False, 'path': '/home/sdc/Desktop/mocap4ros2_ws/Archive/target_pid_controller', 'symlink_install': False, 'test_result_base': None}
[0.891s] INFO:colcon.colcon_core.executor:Executing jobs using 'parallel' executor
[0.898s] DEBUG:colcon.colcon_parallel_executor.executor.parallel:run_until_complete
[0.898s] INFO:colcon.colcon_ros.task.ament_cmake.build:Building ROS package in '/home/sdc/Desktop/mocap4ros2_ws/Archive/custom_robot_msgs' with build type 'ament_cmake'
[0.898s] INFO:colcon.colcon_cmake.task.cmake.build:Building CMake package in '/home/sdc/Desktop/mocap4ros2_ws/Archive/custom_robot_msgs'
[0.906s] INFO:colcon.colcon_core.plugin_system:Skipping extension 'colcon_core.shell.bat': Not used on non-Windows systems
[0.906s] INFO:colcon.colcon_core.shell:Skip shell extension 'powershell' for command environment: Not usable outside of PowerShell
[0.906s] DEBUG:colcon.colcon_core.shell:Skip shell extension 'dsv' for command environment
[0.929s] INFO:colcon.colcon_ros.task.ament_cmake.build:Building ROS package in '/home/sdc/Desktop/mocap4ros2_ws/Archive/mocap4r2_msgs' with build type 'ament_cmake'
[0.929s] INFO:colcon.colcon_cmake.task.cmake.build:Building CMake package in '/home/sdc/Desktop/mocap4ros2_ws/Archive/mocap4r2_msgs'
[0.936s] INFO:colcon.colcon_core.shell:Skip shell extension 'powershell' for command environment: Not usable outside of PowerShell
[0.937s] DEBUG:colcon.colcon_core.shell:Skip shell extension 'dsv' for command environment
[0.958s] INFO:colcon.colcon_ros.task.ament_python.build:Building ROS package in '/home/sdc/Desktop/mocap4ros2_ws/Archive/pure_pursuit' with build type 'ament_python'
[0.959s] Level 1:colcon.colcon_core.shell:create_environment_hook('pure_pursuit', 'ament_prefix_path')
[0.966s] INFO:colcon.colcon_core.shell:Creating environment hook '/home/sdc/Desktop/mocap4ros2_ws/Archive/install/pure_pursuit/share/pure_pursuit/hook/ament_prefix_path.ps1'
[0.966s] INFO:colcon.colcon_core.shell:Creating environment descriptor '/home/sdc/Desktop/mocap4ros2_ws/Archive/install/pure_pursuit/share/pure_pursuit/hook/ament_prefix_path.dsv'
[0.967s] INFO:colcon.colcon_core.shell:Creating environment hook '/home/sdc/Desktop/mocap4ros2_ws/Archive/install/pure_pursuit/share/pure_pursuit/hook/ament_prefix_path.sh'
[0.974s] INFO:colcon.colcon_core.shell:Skip shell extension 'powershell' for command environment: Not usable outside of PowerShell
[0.974s] DEBUG:colcon.colcon_core.shell:Skip shell extension 'dsv' for command environment
[0.996s] INFO:colcon.colcon_core.task.python.build:Building Python package in '/home/sdc/Desktop/mocap4ros2_ws/Archive/target_pid_controller'
[1.004s] INFO:colcon.colcon_core.shell:Skip shell extension 'powershell' for command environment: Not usable outside of PowerShell
[1.004s] DEBUG:colcon.colcon_core.shell:Skip shell extension 'dsv' for command environment
[1.029s] DEBUG:colcon.colcon_core.event_handler.log_command:Invoking command in '/home/sdc/Desktop/mocap4ros2_ws/Archive/build/custom_robot_msgs': CMAKE_PREFIX_PATH=${CMAKE_PREFIX_PATH}:/home/sdc/Desktop/mocap4ros2_ws/Archive/install/pure_pursuit:/opt/ros/humble /usr/bin/cmake --build /home/sdc/Desktop/mocap4ros2_ws/Archive/build/custom_robot_msgs -- -j16 -l16
[1.031s] DEBUG:colcon.colcon_core.event_handler.log_command:Invoking command in '/home/sdc/Desktop/mocap4ros2_ws/Archive/build/mocap4r2_msgs': CMAKE_PREFIX_PATH=${CMAKE_PREFIX_PATH}:/home/sdc/Desktop/mocap4ros2_ws/Archive/install/pure_pursuit:/opt/ros/humble /usr/bin/cmake --build /home/sdc/Desktop/mocap4ros2_ws/Archive/build/mocap4r2_msgs -- -j16 -l16
[1.202s] INFO:colcon.colcon_core.task.python.build:Building Python package in '/home/sdc/Desktop/mocap4ros2_ws/Archive/pure_pursuit'
[1.209s] INFO:colcon.colcon_core.shell:Skip shell extension 'powershell' for command environment: Not usable outside of PowerShell
[1.209s] DEBUG:colcon.colcon_core.shell:Skip shell extension 'dsv' for command environment
[1.377s] DEBUG:colcon.colcon_core.event_handler.log_command:Invoked command in '/home/sdc/Desktop/mocap4ros2_ws/Archive/build/mocap4r2_msgs' returned '0': CMAKE_PREFIX_PATH=${CMAKE_PREFIX_PATH}:/home/sdc/Desktop/mocap4ros2_ws/Archive/install/pure_pursuit:/opt/ros/humble /usr/bin/cmake --build /home/sdc/Desktop/mocap4ros2_ws/Archive/build/mocap4r2_msgs -- -j16 -l16
[1.378s] DEBUG:colcon.colcon_core.event_handler.log_command:Invoked command in '/home/sdc/Desktop/mocap4ros2_ws/Archive/build/custom_robot_msgs' returned '0': CMAKE_PREFIX_PATH=${CMAKE_PREFIX_PATH}:/home/sdc/Desktop/mocap4ros2_ws/Archive/install/pure_pursuit:/opt/ros/humble /usr/bin/cmake --build /home/sdc/Desktop/mocap4ros2_ws/Archive/build/custom_robot_msgs -- -j16 -l16
[1.419s] DEBUG:colcon.colcon_core.event_handler.log_command:Invoking command in '/home/sdc/Desktop/mocap4ros2_ws/Archive/build/custom_robot_msgs': CMAKE_PREFIX_PATH=${CMAKE_PREFIX_PATH}:/home/sdc/Desktop/mocap4ros2_ws/Archive/install/pure_pursuit:/opt/ros/humble /usr/bin/cmake --install /home/sdc/Desktop/mocap4ros2_ws/Archive/build/custom_robot_msgs
[1.447s] DEBUG:colcon.colcon_core.event_handler.log_command:Invoking command in '/home/sdc/Desktop/mocap4ros2_ws/Archive/build/mocap4r2_msgs': CMAKE_PREFIX_PATH=${CMAKE_PREFIX_PATH}:/home/sdc/Desktop/mocap4ros2_ws/Archive/install/pure_pursuit:/opt/ros/humble /usr/bin/cmake --install /home/sdc/Desktop/mocap4ros2_ws/Archive/build/mocap4r2_msgs
[1.451s] Level 1:colcon.colcon_core.environment:create_environment_scripts_only(custom_robot_msgs)
[1.452s] DEBUG:colcon.colcon_core.event_handler.log_command:Invoked command in '/home/sdc/Desktop/mocap4ros2_ws/Archive/build/custom_robot_msgs' returned '0': CMAKE_PREFIX_PATH=${CMAKE_PREFIX_PATH}:/home/sdc/Desktop/mocap4ros2_ws/Archive/install/pure_pursuit:/opt/ros/humble /usr/bin/cmake --install /home/sdc/Desktop/mocap4ros2_ws/Archive/build/custom_robot_msgs
[1.488s] Level 1:colcon.colcon_core.environment:checking '/home/sdc/Desktop/mocap4ros2_ws/Archive/install/custom_robot_msgs' for CMake module files
[1.488s] Level 1:colcon.colcon_core.environment:checking '/home/sdc/Desktop/mocap4ros2_ws/Archive/install/custom_robot_msgs' for CMake config files
[1.489s] Level 1:colcon.colcon_core.shell:create_environment_hook('custom_robot_msgs', 'cmake_prefix_path')
[1.499s] INFO:colcon.colcon_core.shell:Creating environment hook '/home/sdc/Desktop/mocap4ros2_ws/Archive/install/custom_robot_msgs/share/custom_robot_msgs/hook/cmake_prefix_path.ps1'
[1.499s] INFO:colcon.colcon_core.shell:Creating environment descriptor '/home/sdc/Desktop/mocap4ros2_ws/Archive/install/custom_robot_msgs/share/custom_robot_msgs/hook/cmake_prefix_path.dsv'
[1.499s] INFO:colcon.colcon_core.shell:Creating environment hook '/home/sdc/Desktop/mocap4ros2_ws/Archive/install/custom_robot_msgs/share/custom_robot_msgs/hook/cmake_prefix_path.sh'
[1.500s] Level 1:colcon.colcon_core.environment:checking '/home/sdc/Desktop/mocap4ros2_ws/Archive/install/custom_robot_msgs/lib'
[1.500s] Level 1:colcon.colcon_core.shell:create_environment_hook('custom_robot_msgs', 'ld_library_path_lib')
[1.507s] INFO:colcon.colcon_core.shell:Creating environment hook '/home/sdc/Desktop/mocap4ros2_ws/Archive/install/custom_robot_msgs/share/custom_robot_msgs/hook/ld_library_path_lib.ps1'
[1.508s] INFO:colcon.colcon_core.shell:Creating environment descriptor '/home/sdc/Desktop/mocap4ros2_ws/Archive/install/custom_robot_msgs/share/custom_robot_msgs/hook/ld_library_path_lib.dsv'
[1.508s] INFO:colcon.colcon_core.shell:Creating environment hook '/home/sdc/Desktop/mocap4ros2_ws/Archive/install/custom_robot_msgs/share/custom_robot_msgs/hook/ld_library_path_lib.sh'
[1.508s] Level 1:colcon.colcon_core.environment:checking '/home/sdc/Desktop/mocap4ros2_ws/Archive/install/custom_robot_msgs/bin'
[1.508s] Level 1:colcon.colcon_core.environment:checking '/home/sdc/Desktop/mocap4ros2_ws/Archive/install/custom_robot_msgs/lib/pkgconfig/custom_robot_msgs.pc'
[1.508s] Level 1:colcon.colcon_core.environment:checking '/home/sdc/Desktop/mocap4ros2_ws/Archive/install/custom_robot_msgs/lib/python3.10/site-packages'
[1.508s] Level 1:colcon.colcon_core.environment:checking '/home/sdc/Desktop/mocap4ros2_ws/Archive/install/custom_robot_msgs/bin'
[1.516s] INFO:colcon.colcon_core.shell:Creating package script '/home/sdc/Desktop/mocap4ros2_ws/Archive/install/custom_robot_msgs/share/custom_robot_msgs/package.ps1'
[1.516s] INFO:colcon.colcon_core.shell:Creating package descriptor '/home/sdc/Desktop/mocap4ros2_ws/Archive/install/custom_robot_msgs/share/custom_robot_msgs/package.dsv'
[1.516s] INFO:colcon.colcon_core.shell:Creating package script '/home/sdc/Desktop/mocap4ros2_ws/Archive/install/custom_robot_msgs/share/custom_robot_msgs/package.sh'
[1.517s] INFO:colcon.colcon_core.shell:Creating package script '/home/sdc/Desktop/mocap4ros2_ws/Archive/install/custom_robot_msgs/share/custom_robot_msgs/package.bash'
[1.517s] INFO:colcon.colcon_core.shell:Creating package script '/home/sdc/Desktop/mocap4ros2_ws/Archive/install/custom_robot_msgs/share/custom_robot_msgs/package.zsh'
[1.517s] Level 1:colcon.colcon_core.environment:create_file_with_runtime_dependencies(/home/sdc/Desktop/mocap4ros2_ws/Archive/install/custom_robot_msgs/share/colcon-core/packages/custom_robot_msgs)
[1.518s] Level 1:colcon.colcon_core.environment:create_environment_scripts_only(mocap4r2_msgs)
[1.519s] DEBUG:colcon.colcon_core.event_handler.log_command:Invoked command in '/home/sdc/Desktop/mocap4ros2_ws/Archive/build/mocap4r2_msgs' returned '0': CMAKE_PREFIX_PATH=${CMAKE_PREFIX_PATH}:/home/sdc/Desktop/mocap4ros2_ws/Archive/install/pure_pursuit:/opt/ros/humble /usr/bin/cmake --install /home/sdc/Desktop/mocap4ros2_ws/Archive/build/mocap4r2_msgs
[1.527s] Level 1:colcon.colcon_core.environment:checking '/home/sdc/Desktop/mocap4ros2_ws/Archive/install/mocap4r2_msgs' for CMake module files
[1.527s] Level 1:colcon.colcon_core.environment:checking '/home/sdc/Desktop/mocap4ros2_ws/Archive/install/mocap4r2_msgs' for CMake config files
[1.527s] Level 1:colcon.colcon_core.shell:create_environment_hook('mocap4r2_msgs', 'cmake_prefix_path')
[1.535s] INFO:colcon.colcon_core.shell:Creating environment hook '/home/sdc/Desktop/mocap4ros2_ws/Archive/install/mocap4r2_msgs/share/mocap4r2_msgs/hook/cmake_prefix_path.ps1'
[1.535s] INFO:colcon.colcon_core.shell:Creating environment descriptor '/home/sdc/Desktop/mocap4ros2_ws/Archive/install/mocap4r2_msgs/share/mocap4r2_msgs/hook/cmake_prefix_path.dsv'
[1.535s] INFO:colcon.colcon_core.shell:Creating environment hook '/home/sdc/Desktop/mocap4ros2_ws/Archive/install/mocap4r2_msgs/share/mocap4r2_msgs/hook/cmake_prefix_path.sh'
[1.536s] Level 1:colcon.colcon_core.environment:checking '/home/sdc/Desktop/mocap4ros2_ws/Archive/install/mocap4r2_msgs/lib'
[1.536s] Level 1:colcon.colcon_core.shell:create_environment_hook('mocap4r2_msgs', 'ld_library_path_lib')
[1.543s] INFO:colcon.colcon_core.shell:Creating environment hook '/home/sdc/Desktop/mocap4ros2_ws/Archive/install/mocap4r2_msgs/share/mocap4r2_msgs/hook/ld_library_path_lib.ps1'
[1.544s] INFO:colcon.colcon_core.shell:Creating environment descriptor '/home/sdc/Desktop/mocap4ros2_ws/Archive/install/mocap4r2_msgs/share/mocap4r2_msgs/hook/ld_library_path_lib.dsv'
[1.544s] INFO:colcon.colcon_core.shell:Creating environment hook '/home/sdc/Desktop/mocap4ros2_ws/Archive/install/mocap4r2_msgs/share/mocap4r2_msgs/hook/ld_library_path_lib.sh'
[1.544s] Level 1:colcon.colcon_core.environment:checking '/home/sdc/Desktop/mocap4ros2_ws/Archive/install/mocap4r2_msgs/bin'
[1.544s] Level 1:colcon.colcon_core.environment:checking '/home/sdc/Desktop/mocap4ros2_ws/Archive/install/mocap4r2_msgs/lib/pkgconfig/mocap4r2_msgs.pc'
[1.544s] Level 1:colcon.colcon_core.environment:checking '/home/sdc/Desktop/mocap4ros2_ws/Archive/install/mocap4r2_msgs/lib/python3.10/site-packages'
[1.544s] Level 1:colcon.colcon_core.environment:checking '/home/sdc/Desktop/mocap4ros2_ws/Archive/install/mocap4r2_msgs/bin'
[1.552s] INFO:colcon.colcon_core.shell:Creating package script '/home/sdc/Desktop/mocap4ros2_ws/Archive/install/mocap4r2_msgs/share/mocap4r2_msgs/package.ps1'
[1.552s] INFO:colcon.colcon_core.shell:Creating package descriptor '/home/sdc/Desktop/mocap4ros2_ws/Archive/install/mocap4r2_msgs/share/mocap4r2_msgs/package.dsv'
[1.553s] INFO:colcon.colcon_core.shell:Creating package script '/home/sdc/Desktop/mocap4ros2_ws/Archive/install/mocap4r2_msgs/share/mocap4r2_msgs/package.sh'
[1.553s] INFO:colcon.colcon_core.shell:Creating package script '/home/sdc/Desktop/mocap4ros2_ws/Archive/install/mocap4r2_msgs/share/mocap4r2_msgs/package.bash'
[1.553s] INFO:colcon.colcon_core.shell:Creating package script '/home/sdc/Desktop/mocap4ros2_ws/Archive/install/mocap4r2_msgs/share/mocap4r2_msgs/package.zsh'
[1.553s] Level 1:colcon.colcon_core.environment:create_file_with_runtime_dependencies(/home/sdc/Desktop/mocap4ros2_ws/Archive/install/mocap4r2_msgs/share/colcon-core/packages/mocap4r2_msgs)
[1.561s] Level 1:colcon.colcon_core.environment:create_environment_scripts_only(custom_robot_msgs)
[1.569s] Level 1:colcon.colcon_core.environment:checking '/home/sdc/Desktop/mocap4ros2_ws/Archive/install/custom_robot_msgs' for CMake module files
[1.569s] Level 1:colcon.colcon_core.environment:checking '/home/sdc/Desktop/mocap4ros2_ws/Archive/install/custom_robot_msgs' for CMake config files
[1.570s] Level 1:colcon.colcon_core.shell:create_environment_hook('custom_robot_msgs', 'cmake_prefix_path')
[1.578s] INFO:colcon.colcon_core.shell:Creating environment hook '/home/sdc/Desktop/mocap4ros2_ws/Archive/install/custom_robot_msgs/share/custom_robot_msgs/hook/cmake_prefix_path.ps1'
[1.578s] INFO:colcon.colcon_core.shell:Creating environment descriptor '/home/sdc/Desktop/mocap4ros2_ws/Archive/install/custom_robot_msgs/share/custom_robot_msgs/hook/cmake_prefix_path.dsv'
[1.578s] INFO:colcon.colcon_core.shell:Creating environment hook '/home/sdc/Desktop/mocap4ros2_ws/Archive/install/custom_robot_msgs/share/custom_robot_msgs/hook/cmake_prefix_path.sh'
[1.578s] Level 1:colcon.colcon_core.environment:checking '/home/sdc/Desktop/mocap4ros2_ws/Archive/install/custom_robot_msgs/lib'
[1.578s] Level 1:colcon.colcon_core.shell:create_environment_hook('custom_robot_msgs', 'ld_library_path_lib')
[1.587s] INFO:colcon.colcon_core.shell:Creating environment hook '/home/sdc/Desktop/mocap4ros2_ws/Archive/install/custom_robot_msgs/share/custom_robot_msgs/hook/ld_library_path_lib.ps1'
[1.588s] INFO:colcon.colcon_core.shell:Creating environment descriptor '/home/sdc/Desktop/mocap4ros2_ws/Archive/install/custom_robot_msgs/share/custom_robot_msgs/hook/ld_library_path_lib.dsv'
[1.588s] INFO:colcon.colcon_core.shell:Creating environment hook '/home/sdc/Desktop/mocap4ros2_ws/Archive/install/custom_robot_msgs/share/custom_robot_msgs/hook/ld_library_path_lib.sh'
[1.588s] Level 1:colcon.colcon_core.environment:checking '/home/sdc/Desktop/mocap4ros2_ws/Archive/install/custom_robot_msgs/bin'
[1.588s] Level 1:colcon.colcon_core.environment:checking '/home/sdc/Desktop/mocap4ros2_ws/Archive/install/custom_robot_msgs/lib/pkgconfig/custom_robot_msgs.pc'
[1.588s] Level 1:colcon.colcon_core.environment:checking '/home/sdc/Desktop/mocap4ros2_ws/Archive/install/custom_robot_msgs/lib/python3.10/site-packages'
[1.589s] Level 1:colcon.colcon_core.environment:checking '/home/sdc/Desktop/mocap4ros2_ws/Archive/install/custom_robot_msgs/bin'
[1.601s] INFO:colcon.colcon_core.shell:Creating package script '/home/sdc/Desktop/mocap4ros2_ws/Archive/install/custom_robot_msgs/share/custom_robot_msgs/package.ps1'
[1.601s] INFO:colcon.colcon_core.shell:Creating package descriptor '/home/sdc/Desktop/mocap4ros2_ws/Archive/install/custom_robot_msgs/share/custom_robot_msgs/package.dsv'
[1.602s] INFO:colcon.colcon_core.shell:Creating package script '/home/sdc/Desktop/mocap4ros2_ws/Archive/install/custom_robot_msgs/share/custom_robot_msgs/package.sh'
[1.602s] INFO:colcon.colcon_core.shell:Creating package script '/home/sdc/Desktop/mocap4ros2_ws/Archive/install/custom_robot_msgs/share/custom_robot_msgs/package.bash'
[1.602s] INFO:colcon.colcon_core.shell:Creating package script '/home/sdc/Desktop/mocap4ros2_ws/Archive/install/custom_robot_msgs/share/custom_robot_msgs/package.zsh'
[1.602s] Level 1:colcon.colcon_core.environment:create_file_with_runtime_dependencies(/home/sdc/Desktop/mocap4ros2_ws/Archive/install/custom_robot_msgs/share/colcon-core/packages/custom_robot_msgs)
[1.632s] Level 1:colcon.colcon_core.environment:create_environment_scripts_only(mocap4r2_msgs)
[1.640s] Level 1:colcon.colcon_core.environment:checking '/home/sdc/Desktop/mocap4ros2_ws/Archive/install/mocap4r2_msgs' for CMake module files
[1.640s] Level 1:colcon.colcon_core.environment:checking '/home/sdc/Desktop/mocap4ros2_ws/Archive/install/mocap4r2_msgs' for CMake config files
[1.640s] Level 1:colcon.colcon_core.shell:create_environment_hook('mocap4r2_msgs', 'cmake_prefix_path')
[1.650s] INFO:colcon.colcon_core.shell:Creating environment hook '/home/sdc/Desktop/mocap4ros2_ws/Archive/install/mocap4r2_msgs/share/mocap4r2_msgs/hook/cmake_prefix_path.ps1'
[1.650s] INFO:colcon.colcon_core.shell:Creating environment descriptor '/home/sdc/Desktop/mocap4ros2_ws/Archive/install/mocap4r2_msgs/share/mocap4r2_msgs/hook/cmake_prefix_path.dsv'
[1.650s] INFO:colcon.colcon_core.shell:Creating environment hook '/home/sdc/Desktop/mocap4ros2_ws/Archive/install/mocap4r2_msgs/share/mocap4r2_msgs/hook/cmake_prefix_path.sh'
[1.651s] Level 1:colcon.colcon_core.environment:checking '/home/sdc/Desktop/mocap4ros2_ws/Archive/install/mocap4r2_msgs/lib'
[1.651s] Level 1:colcon.colcon_core.shell:create_environment_hook('mocap4r2_msgs', 'ld_library_path_lib')
[1.662s] INFO:colcon.colcon_core.shell:Creating environment hook '/home/sdc/Desktop/mocap4ros2_ws/Archive/install/mocap4r2_msgs/share/mocap4r2_msgs/hook/ld_library_path_lib.ps1'
[1.663s] INFO:colcon.colcon_core.shell:Creating environment descriptor '/home/sdc/Desktop/mocap4ros2_ws/Archive/install/mocap4r2_msgs/share/mocap4r2_msgs/hook/ld_library_path_lib.dsv'
[1.663s] INFO:colcon.colcon_core.shell:Creating environment hook '/home/sdc/Desktop/mocap4ros2_ws/Archive/install/mocap4r2_msgs/share/mocap4r2_msgs/hook/ld_library_path_lib.sh'
[1.663s] Level 1:colcon.colcon_core.environment:checking '/home/sdc/Desktop/mocap4ros2_ws/Archive/install/mocap4r2_msgs/bin'
[1.663s] Level 1:colcon.colcon_core.environment:checking '/home/sdc/Desktop/mocap4ros2_ws/Archive/install/mocap4r2_msgs/lib/pkgconfig/mocap4r2_msgs.pc'
[1.663s] Level 1:colcon.colcon_core.environment:checking '/home/sdc/Desktop/mocap4ros2_ws/Archive/install/mocap4r2_msgs/lib/python3.10/site-packages'
[1.663s] Level 1:colcon.colcon_core.environment:checking '/home/sdc/Desktop/mocap4ros2_ws/Archive/install/mocap4r2_msgs/bin'
[1.670s] INFO:colcon.colcon_core.shell:Creating package script '/home/sdc/Desktop/mocap4ros2_ws/Archive/install/mocap4r2_msgs/share/mocap4r2_msgs/package.ps1'
[1.670s] INFO:colcon.colcon_core.shell:Creating package descriptor '/home/sdc/Desktop/mocap4ros2_ws/Archive/install/mocap4r2_msgs/share/mocap4r2_msgs/package.dsv'
[1.671s] INFO:colcon.colcon_core.shell:Creating package script '/home/sdc/Desktop/mocap4ros2_ws/Archive/install/mocap4r2_msgs/share/mocap4r2_msgs/package.sh'
[1.671s] INFO:colcon.colcon_core.shell:Creating package script '/home/sdc/Desktop/mocap4ros2_ws/Archive/install/mocap4r2_msgs/share/mocap4r2_msgs/package.bash'
[1.671s] INFO:colcon.colcon_core.shell:Creating package script '/home/sdc/Desktop/mocap4ros2_ws/Archive/install/mocap4r2_msgs/share/mocap4r2_msgs/package.zsh'
[1.671s] Level 1:colcon.colcon_core.environment:create_file_with_runtime_dependencies(/home/sdc/Desktop/mocap4ros2_ws/Archive/install/mocap4r2_msgs/share/colcon-core/packages/mocap4r2_msgs)
[1.673s] DEBUG:colcon.colcon_core.event_handler.log_command:Invoking command in '/home/sdc/Desktop/mocap4ros2_ws/Archive/pure_pursuit': PYTHONPATH=/home/sdc/Desktop/mocap4ros2_ws/Archive/build/pure_pursuit/prefix_override:/home/sdc/Desktop/mocap4ros2_ws/Archive/install/pure_pursuit/lib/python3.10/site-packages:${PYTHONPATH} /usr/bin/python3 setup.py egg_info --egg-base ../build/pure_pursuit build --build-base /home/sdc/Desktop/mocap4ros2_ws/Archive/build/pure_pursuit/build install --record /home/sdc/Desktop/mocap4ros2_ws/Archive/build/pure_pursuit/install.log --single-version-externally-managed
[1.674s] DEBUG:colcon.colcon_core.event_handler.log_command:Invoking command in '/home/sdc/Desktop/mocap4ros2_ws/Archive/target_pid_controller': PYTHONPATH=/home/sdc/Desktop/mocap4ros2_ws/Archive/build/target_pid_controller/prefix_override:/home/sdc/Desktop/mocap4ros2_ws/Archive/install/target_pid_controller/lib/python3.10/site-packages:${PYTHONPATH} /usr/bin/python3 setup.py egg_info --egg-base ../build/target_pid_controller build --build-base /home/sdc/Desktop/mocap4ros2_ws/Archive/build/target_pid_controller/build install --record /home/sdc/Desktop/mocap4ros2_ws/Archive/build/target_pid_controller/install.log --single-version-externally-managed
[1.835s] DEBUG:colcon.colcon_core.event_handler.log_command:Invoked command in '/home/sdc/Desktop/mocap4ros2_ws/Archive/pure_pursuit' returned '0': PYTHONPATH=/home/sdc/Desktop/mocap4ros2_ws/Archive/build/pure_pursuit/prefix_override:/home/sdc/Desktop/mocap4ros2_ws/Archive/install/pure_pursuit/lib/python3.10/site-packages:${PYTHONPATH} /usr/bin/python3 setup.py egg_info --egg-base ../build/pure_pursuit build --build-base /home/sdc/Desktop/mocap4ros2_ws/Archive/build/pure_pursuit/build install --record /home/sdc/Desktop/mocap4ros2_ws/Archive/build/pure_pursuit/install.log --single-version-externally-managed
[1.842s] Level 1:colcon.colcon_core.environment:checking '/home/sdc/Desktop/mocap4ros2_ws/Archive/install/pure_pursuit' for CMake module files
[1.842s] Level 1:colcon.colcon_core.environment:checking '/home/sdc/Desktop/mocap4ros2_ws/Archive/install/pure_pursuit' for CMake config files
[1.842s] Level 1:colcon.colcon_core.environment:checking '/home/sdc/Desktop/mocap4ros2_ws/Archive/install/pure_pursuit/lib'
[1.843s] Level 1:colcon.colcon_core.environment:checking '/home/sdc/Desktop/mocap4ros2_ws/Archive/install/pure_pursuit/bin'
[1.843s] Level 1:colcon.colcon_core.environment:checking '/home/sdc/Desktop/mocap4ros2_ws/Archive/install/pure_pursuit/lib/pkgconfig/pure_pursuit.pc'
[1.843s] Level 1:colcon.colcon_core.environment:checking '/home/sdc/Desktop/mocap4ros2_ws/Archive/install/pure_pursuit/lib/python3.10/site-packages'
[1.843s] Level 1:colcon.colcon_core.shell:create_environment_hook('pure_pursuit', 'pythonpath')
[1.850s] INFO:colcon.colcon_core.shell:Creating environment hook '/home/sdc/Desktop/mocap4ros2_ws/Archive/install/pure_pursuit/share/pure_pursuit/hook/pythonpath.ps1'
[1.850s] INFO:colcon.colcon_core.shell:Creating environment descriptor '/home/sdc/Desktop/mocap4ros2_ws/Archive/install/pure_pursuit/share/pure_pursuit/hook/pythonpath.dsv'
[1.850s] INFO:colcon.colcon_core.shell:Creating environment hook '/home/sdc/Desktop/mocap4ros2_ws/Archive/install/pure_pursuit/share/pure_pursuit/hook/pythonpath.sh'
[1.851s] Level 1:colcon.colcon_core.environment:checking '/home/sdc/Desktop/mocap4ros2_ws/Archive/install/pure_pursuit/bin'
[1.851s] Level 1:colcon.colcon_core.environment:create_environment_scripts_only(pure_pursuit)
[1.858s] INFO:colcon.colcon_core.shell:Creating package script '/home/sdc/Desktop/mocap4ros2_ws/Archive/install/pure_pursuit/share/pure_pursuit/package.ps1'
[1.858s] INFO:colcon.colcon_core.shell:Creating package descriptor '/home/sdc/Desktop/mocap4ros2_ws/Archive/install/pure_pursuit/share/pure_pursuit/package.dsv'
[1.858s] INFO:colcon.colcon_core.shell:Creating package script '/home/sdc/Desktop/mocap4ros2_ws/Archive/install/pure_pursuit/share/pure_pursuit/package.sh'
[1.858s] INFO:colcon.colcon_core.shell:Creating package script '/home/sdc/Desktop/mocap4ros2_ws/Archive/install/pure_pursuit/share/pure_pursuit/package.bash'
[1.858s] INFO:colcon.colcon_core.shell:Creating package script '/home/sdc/Desktop/mocap4ros2_ws/Archive/install/pure_pursuit/share/pure_pursuit/package.zsh'
[1.858s] Level 1:colcon.colcon_core.environment:create_file_with_runtime_dependencies(/home/sdc/Desktop/mocap4ros2_ws/Archive/install/pure_pursuit/share/colcon-core/packages/pure_pursuit)
[1.860s] DEBUG:colcon.colcon_core.event_handler.log_command:Invoked command in '/home/sdc/Desktop/mocap4ros2_ws/Archive/target_pid_controller' returned '0': PYTHONPATH=/home/sdc/Desktop/mocap4ros2_ws/Archive/build/target_pid_controller/prefix_override:/home/sdc/Desktop/mocap4ros2_ws/Archive/install/target_pid_controller/lib/python3.10/site-packages:${PYTHONPATH} /usr/bin/python3 setup.py egg_info --egg-base ../build/target_pid_controller build --build-base /home/sdc/Desktop/mocap4ros2_ws/Archive/build/target_pid_controller/build install --record /home/sdc/Desktop/mocap4ros2_ws/Archive/build/target_pid_controller/install.log --single-version-externally-managed
[1.866s] Level 1:colcon.colcon_core.environment:checking '/home/sdc/Desktop/mocap4ros2_ws/Archive/install/target_pid_controller' for CMake module files
[1.867s] Level 1:colcon.colcon_core.environment:checking '/home/sdc/Desktop/mocap4ros2_ws/Archive/install/target_pid_controller' for CMake config files
[1.867s] Level 1:colcon.colcon_core.environment:checking '/home/sdc/Desktop/mocap4ros2_ws/Archive/install/target_pid_controller/lib'
[1.867s] Level 1:colcon.colcon_core.environment:checking '/home/sdc/Desktop/mocap4ros2_ws/Archive/install/target_pid_controller/bin'
[1.867s] Level 1:colcon.colcon_core.environment:checking '/home/sdc/Desktop/mocap4ros2_ws/Archive/install/target_pid_controller/lib/pkgconfig/target_pid_controller.pc'
[1.867s] Level 1:colcon.colcon_core.environment:checking '/home/sdc/Desktop/mocap4ros2_ws/Archive/install/target_pid_controller/lib/python3.10/site-packages'
[1.867s] Level 1:colcon.colcon_core.shell:create_environment_hook('target_pid_controller', 'pythonpath')
[1.874s] INFO:colcon.colcon_core.shell:Creating environment hook '/home/sdc/Desktop/mocap4ros2_ws/Archive/install/target_pid_controller/share/target_pid_controller/hook/pythonpath.ps1'
[1.875s] INFO:colcon.colcon_core.shell:Creating environment descriptor '/home/sdc/Desktop/mocap4ros2_ws/Archive/install/target_pid_controller/share/target_pid_controller/hook/pythonpath.dsv'
[1.875s] INFO:colcon.colcon_core.shell:Creating environment hook '/home/sdc/Desktop/mocap4ros2_ws/Archive/install/target_pid_controller/share/target_pid_controller/hook/pythonpath.sh'
[1.875s] Level 1:colcon.colcon_core.environment:checking '/home/sdc/Desktop/mocap4ros2_ws/Archive/install/target_pid_controller/bin'
[1.875s] Level 1:colcon.colcon_core.environment:create_environment_scripts_only(target_pid_controller)
[1.882s] INFO:colcon.colcon_core.shell:Creating package script '/home/sdc/Desktop/mocap4ros2_ws/Archive/install/target_pid_controller/share/target_pid_controller/package.ps1'
[1.882s] INFO:colcon.colcon_core.shell:Creating package descriptor '/home/sdc/Desktop/mocap4ros2_ws/Archive/install/target_pid_controller/share/target_pid_controller/package.dsv'
[1.883s] INFO:colcon.colcon_core.shell:Creating package script '/home/sdc/Desktop/mocap4ros2_ws/Archive/install/target_pid_controller/share/target_pid_controller/package.sh'
[1.883s] INFO:colcon.colcon_core.shell:Creating package script '/home/sdc/Desktop/mocap4ros2_ws/Archive/install/target_pid_controller/share/target_pid_controller/package.bash'
[1.883s] INFO:colcon.colcon_core.shell:Creating package script '/home/sdc/Desktop/mocap4ros2_ws/Archive/install/target_pid_controller/share/target_pid_controller/package.zsh'
[1.883s] Level 1:colcon.colcon_core.environment:create_file_with_runtime_dependencies(/home/sdc/Desktop/mocap4ros2_ws/Archive/install/target_pid_controller/share/colcon-core/packages/target_pid_controller)
[1.883s] DEBUG:colcon.colcon_parallel_executor.executor.parallel:closing loop
[1.883s] DEBUG:colcon.colcon_parallel_executor.executor.parallel:loop closed
[1.883s] DEBUG:colcon.colcon_parallel_executor.executor.parallel:run_until_complete finished with '0'
[1.883s] DEBUG:colcon.colcon_core.event_reactor:joining thread
[1.894s] INFO:colcon.colcon_core.plugin_system:Skipping extension 'colcon_notification.desktop_notification.terminal_notifier': Not used on non-Darwin systems
[1.894s] INFO:colcon.colcon_core.plugin_system:Skipping extension 'colcon_notification.desktop_notification.win32': Not used on non-Windows systems
[1.894s] INFO:colcon.colcon_notification.desktop_notification:Sending desktop notification using 'notify2'
[1.902s] DEBUG:colcon.colcon_core.event_reactor:joined thread
[1.910s] INFO:colcon.colcon_core.shell:Creating prefix script '/home/sdc/Desktop/mocap4ros2_ws/Archive/install/local_setup.ps1'
[1.911s] INFO:colcon.colcon_core.shell:Creating prefix util module '/home/sdc/Desktop/mocap4ros2_ws/Archive/install/_local_setup_util_ps1.py'
[1.911s] INFO:colcon.colcon_core.shell:Creating prefix chain script '/home/sdc/Desktop/mocap4ros2_ws/Archive/install/setup.ps1'
[1.918s] INFO:colcon.colcon_core.shell:Creating prefix script '/home/sdc/Desktop/mocap4ros2_ws/Archive/install/local_setup.sh'
[1.919s] INFO:colcon.colcon_core.shell:Creating prefix util module '/home/sdc/Desktop/mocap4ros2_ws/Archive/install/_local_setup_util_sh.py'
[1.919s] INFO:colcon.colcon_core.shell:Creating prefix chain script '/home/sdc/Desktop/mocap4ros2_ws/Archive/install/setup.sh'
[1.926s] INFO:colcon.colcon_core.shell:Creating prefix script '/home/sdc/Desktop/mocap4ros2_ws/Archive/install/local_setup.bash'
[1.926s] INFO:colcon.colcon_core.shell:Creating prefix chain script '/home/sdc/Desktop/mocap4ros2_ws/Archive/install/setup.bash'
[1.933s] INFO:colcon.colcon_core.shell:Creating prefix script '/home/sdc/Desktop/mocap4ros2_ws/Archive/install/local_setup.zsh'
[1.934s] INFO:colcon.colcon_core.shell:Creating prefix chain script '/home/sdc/Desktop/mocap4ros2_ws/Archive/install/setup.zsh'
