[0.119s] Invoking command in '/home/sdc/Desktop/mocap4ros2_ws/Archive/build/custom_robot_msgs': CMAKE_PREFIX_PATH=${CMAKE_PREFIX_PATH}:/home/sdc/Desktop/mocap4ros2_ws/Archive/install/target_pid_controller:/home/sdc/Desktop/mocap4ros2_ws/Archive/install/pure_pursuit:/opt/ros/humble /usr/bin/cmake --build /home/sdc/Desktop/mocap4ros2_ws/Archive/build/custom_robot_msgs -- -j16 -l16
[0.317s] [35m[1mConsolidate compiler generated dependencies of target custom_robot_msgs__rosidl_generator_c[0m
[0.317s] [  2%] Built target custom_robot_msgs__cpp
[0.317s] [ 12%] Built target custom_robot_msgs__rosidl_generator_c
[0.317s] [ 12%] Built target ament_cmake_python_copy_custom_robot_msgs
[0.317s] [35m[1mConsolidate compiler generated dependencies of target custom_robot_msgs__rosidl_typesupport_cpp[0m
[0.317s] [35m[1mConsolidate compiler generated dependencies of target custom_robot_msgs__rosidl_typesupport_fastrtps_cpp[0m
[0.317s] [35m[1mConsolidate compiler generated dependencies of target custom_robot_msgs__rosidl_typesupport_introspection_cpp[0m
[0.317s] [35m[1mConsolidate compiler generated dependencies of target custom_robot_msgs__rosidl_typesupport_fastrtps_c[0m
[0.317s] [ 23%] Built target custom_robot_msgs__rosidl_typesupport_fastrtps_cpp
[0.317s] [35m[1mConsolidate compiler generated dependencies of target custom_robot_msgs__rosidl_typesupport_c[0m
[0.317s] [35m[1mConsolidate compiler generated dependencies of target custom_robot_msgs__rosidl_typesupport_introspection_c[0m
[0.317s] [ 33%] Built target custom_robot_msgs__rosidl_typesupport_cpp
[0.317s] [ 43%] Built target custom_robot_msgs__rosidl_typesupport_introspection_cpp
[0.317s] [ 53%] Built target custom_robot_msgs__rosidl_typesupport_fastrtps_c
[0.318s] [ 64%] Built target custom_robot_msgs__rosidl_typesupport_c
[0.318s] [ 74%] Built target custom_robot_msgs__rosidl_typesupport_introspection_c
[0.318s] [ 74%] Built target custom_robot_msgs
[0.318s] [ 76%] Built target custom_robot_msgs__py
[0.318s] [35m[1mConsolidate compiler generated dependencies of target custom_robot_msgs__rosidl_generator_py[0m
[0.318s] [ 84%] Built target custom_robot_msgs__rosidl_generator_py
[0.318s] [35m[1mConsolidate compiler generated dependencies of target custom_robot_msgs__rosidl_typesupport_fastrtps_c__pyext[0m
[0.318s] [35m[1mConsolidate compiler generated dependencies of target custom_robot_msgs__rosidl_typesupport_introspection_c__pyext[0m
[0.318s] [35m[1mConsolidate compiler generated dependencies of target custom_robot_msgs__rosidl_typesupport_c__pyext[0m
[0.318s] [ 89%] Built target custom_robot_msgs__rosidl_typesupport_fastrtps_c__pyext
[0.318s] [ 94%] Built target custom_robot_msgs__rosidl_typesupport_c__pyext
[0.318s] [100%] Built target custom_robot_msgs__rosidl_typesupport_introspection_c__pyext
[0.318s] running egg_info
[0.318s] writing custom_robot_msgs.egg-info/PKG-INFO
[0.318s] writing dependency_links to custom_robot_msgs.egg-info/dependency_links.txt
[0.318s] writing top-level names to custom_robot_msgs.egg-info/top_level.txt
[0.318s] reading manifest file 'custom_robot_msgs.egg-info/SOURCES.txt'
[0.318s] writing manifest file 'custom_robot_msgs.egg-info/SOURCES.txt'
[0.318s] [100%] Built target ament_cmake_python_build_custom_robot_msgs_egg
[0.456s] Invoked command in '/home/sdc/Desktop/mocap4ros2_ws/Archive/build/custom_robot_msgs' returned '0': CMAKE_PREFIX_PATH=${CMAKE_PREFIX_PATH}:/home/sdc/Desktop/mocap4ros2_ws/Archive/install/target_pid_controller:/home/sdc/Desktop/mocap4ros2_ws/Archive/install/pure_pursuit:/opt/ros/humble /usr/bin/cmake --build /home/sdc/Desktop/mocap4ros2_ws/Archive/build/custom_robot_msgs -- -j16 -l16
[0.495s] Invoking command in '/home/sdc/Desktop/mocap4ros2_ws/Archive/build/custom_robot_msgs': CMAKE_PREFIX_PATH=${CMAKE_PREFIX_PATH}:/home/sdc/Desktop/mocap4ros2_ws/Archive/install/target_pid_controller:/home/sdc/Desktop/mocap4ros2_ws/Archive/install/pure_pursuit:/opt/ros/humble /usr/bin/cmake --install /home/sdc/Desktop/mocap4ros2_ws/Archive/build/custom_robot_msgs
[0.499s] -- Install configuration: ""
[0.499s] -- Up-to-date: /home/sdc/Desktop/mocap4ros2_ws/Archive/install/custom_robot_msgs/share/ament_index/resource_index/rosidl_interfaces/custom_robot_msgs
[0.499s] -- Up-to-date: /home/sdc/Desktop/mocap4ros2_ws/Archive/install/custom_robot_msgs/include/custom_robot_msgs/custom_robot_msgs
[0.499s] -- Up-to-date: /home/sdc/Desktop/mocap4ros2_ws/Archive/install/custom_robot_msgs/include/custom_robot_msgs/custom_robot_msgs/msg
[0.499s] -- Up-to-date: /home/sdc/Desktop/mocap4ros2_ws/Archive/install/custom_robot_msgs/include/custom_robot_msgs/custom_robot_msgs/msg/detail
[0.500s] -- Up-to-date: /home/sdc/Desktop/mocap4ros2_ws/Archive/install/custom_robot_msgs/include/custom_robot_msgs/custom_robot_msgs/msg/detail/robot_command_msgs__struct.h
[0.500s] -- Up-to-date: /home/sdc/Desktop/mocap4ros2_ws/Archive/install/custom_robot_msgs/include/custom_robot_msgs/custom_robot_msgs/msg/detail/robot_command_msgs__type_support.h
[0.500s] -- Up-to-date: /home/sdc/Desktop/mocap4ros2_ws/Archive/install/custom_robot_msgs/include/custom_robot_msgs/custom_robot_msgs/msg/detail/robot_command_msgs__functions.h
[0.500s] -- Up-to-date: /home/sdc/Desktop/mocap4ros2_ws/Archive/install/custom_robot_msgs/include/custom_robot_msgs/custom_robot_msgs/msg/detail/robot_command_msgs__functions.c
[0.500s] -- Up-to-date: /home/sdc/Desktop/mocap4ros2_ws/Archive/install/custom_robot_msgs/include/custom_robot_msgs/custom_robot_msgs/msg/rosidl_generator_c__visibility_control.h
[0.500s] -- Up-to-date: /home/sdc/Desktop/mocap4ros2_ws/Archive/install/custom_robot_msgs/include/custom_robot_msgs/custom_robot_msgs/msg/robot_command_msgs.h
[0.500s] -- Up-to-date: /home/sdc/Desktop/mocap4ros2_ws/Archive/install/custom_robot_msgs/include/custom_robot_msgs/custom_robot_msgs/srv
[0.500s] -- Up-to-date: /home/sdc/Desktop/mocap4ros2_ws/Archive/install/custom_robot_msgs/include/custom_robot_msgs/custom_robot_msgs/srv/add_three_ints.h
[0.500s] -- Up-to-date: /home/sdc/Desktop/mocap4ros2_ws/Archive/install/custom_robot_msgs/include/custom_robot_msgs/custom_robot_msgs/srv/detail
[0.500s] -- Up-to-date: /home/sdc/Desktop/mocap4ros2_ws/Archive/install/custom_robot_msgs/include/custom_robot_msgs/custom_robot_msgs/srv/detail/add_three_ints__functions.c
[0.500s] -- Up-to-date: /home/sdc/Desktop/mocap4ros2_ws/Archive/install/custom_robot_msgs/include/custom_robot_msgs/custom_robot_msgs/srv/detail/add_three_ints__struct.h
[0.501s] -- Up-to-date: /home/sdc/Desktop/mocap4ros2_ws/Archive/install/custom_robot_msgs/include/custom_robot_msgs/custom_robot_msgs/srv/detail/add_three_ints__functions.h
[0.501s] -- Up-to-date: /home/sdc/Desktop/mocap4ros2_ws/Archive/install/custom_robot_msgs/include/custom_robot_msgs/custom_robot_msgs/srv/detail/add_three_ints__type_support.h
[0.501s] -- Up-to-date: /home/sdc/Desktop/mocap4ros2_ws/Archive/install/custom_robot_msgs/share/custom_robot_msgs/environment/library_path.sh
[0.501s] -- Up-to-date: /home/sdc/Desktop/mocap4ros2_ws/Archive/install/custom_robot_msgs/share/custom_robot_msgs/environment/library_path.dsv
[0.501s] -- Up-to-date: /home/sdc/Desktop/mocap4ros2_ws/Archive/install/custom_robot_msgs/lib/libcustom_robot_msgs__rosidl_generator_c.so
[0.501s] -- Up-to-date: /home/sdc/Desktop/mocap4ros2_ws/Archive/install/custom_robot_msgs/include/custom_robot_msgs/custom_robot_msgs
[0.501s] -- Up-to-date: /home/sdc/Desktop/mocap4ros2_ws/Archive/install/custom_robot_msgs/include/custom_robot_msgs/custom_robot_msgs/msg
[0.501s] -- Up-to-date: /home/sdc/Desktop/mocap4ros2_ws/Archive/install/custom_robot_msgs/include/custom_robot_msgs/custom_robot_msgs/msg/detail
[0.501s] -- Up-to-date: /home/sdc/Desktop/mocap4ros2_ws/Archive/install/custom_robot_msgs/include/custom_robot_msgs/custom_robot_msgs/msg/detail/robot_command_msgs__rosidl_typesupport_fastrtps_c.h
[0.501s] -- Up-to-date: /home/sdc/Desktop/mocap4ros2_ws/Archive/install/custom_robot_msgs/include/custom_robot_msgs/custom_robot_msgs/msg/rosidl_typesupport_fastrtps_c__visibility_control.h
[0.501s] -- Up-to-date: /home/sdc/Desktop/mocap4ros2_ws/Archive/install/custom_robot_msgs/include/custom_robot_msgs/custom_robot_msgs/srv
[0.501s] -- Up-to-date: /home/sdc/Desktop/mocap4ros2_ws/Archive/install/custom_robot_msgs/include/custom_robot_msgs/custom_robot_msgs/srv/detail
[0.501s] -- Up-to-date: /home/sdc/Desktop/mocap4ros2_ws/Archive/install/custom_robot_msgs/include/custom_robot_msgs/custom_robot_msgs/srv/detail/add_three_ints__rosidl_typesupport_fastrtps_c.h
[0.501s] -- Up-to-date: /home/sdc/Desktop/mocap4ros2_ws/Archive/install/custom_robot_msgs/lib/libcustom_robot_msgs__rosidl_typesupport_fastrtps_c.so
[0.502s] -- Up-to-date: /home/sdc/Desktop/mocap4ros2_ws/Archive/install/custom_robot_msgs/include/custom_robot_msgs/custom_robot_msgs
[0.502s] -- Up-to-date: /home/sdc/Desktop/mocap4ros2_ws/Archive/install/custom_robot_msgs/include/custom_robot_msgs/custom_robot_msgs/msg
[0.502s] -- Up-to-date: /home/sdc/Desktop/mocap4ros2_ws/Archive/install/custom_robot_msgs/include/custom_robot_msgs/custom_robot_msgs/msg/rosidl_typesupport_introspection_c__visibility_control.h
[0.502s] -- Up-to-date: /home/sdc/Desktop/mocap4ros2_ws/Archive/install/custom_robot_msgs/include/custom_robot_msgs/custom_robot_msgs/msg/detail
[0.502s] -- Up-to-date: /home/sdc/Desktop/mocap4ros2_ws/Archive/install/custom_robot_msgs/include/custom_robot_msgs/custom_robot_msgs/msg/detail/robot_command_msgs__type_support.c
[0.502s] -- Up-to-date: /home/sdc/Desktop/mocap4ros2_ws/Archive/install/custom_robot_msgs/include/custom_robot_msgs/custom_robot_msgs/msg/detail/robot_command_msgs__rosidl_typesupport_introspection_c.h
[0.502s] -- Up-to-date: /home/sdc/Desktop/mocap4ros2_ws/Archive/install/custom_robot_msgs/include/custom_robot_msgs/custom_robot_msgs/srv
[0.502s] -- Up-to-date: /home/sdc/Desktop/mocap4ros2_ws/Archive/install/custom_robot_msgs/include/custom_robot_msgs/custom_robot_msgs/srv/detail
[0.502s] -- Up-to-date: /home/sdc/Desktop/mocap4ros2_ws/Archive/install/custom_robot_msgs/include/custom_robot_msgs/custom_robot_msgs/srv/detail/add_three_ints__type_support.c
[0.502s] -- Up-to-date: /home/sdc/Desktop/mocap4ros2_ws/Archive/install/custom_robot_msgs/include/custom_robot_msgs/custom_robot_msgs/srv/detail/add_three_ints__rosidl_typesupport_introspection_c.h
[0.502s] -- Up-to-date: /home/sdc/Desktop/mocap4ros2_ws/Archive/install/custom_robot_msgs/lib/libcustom_robot_msgs__rosidl_typesupport_introspection_c.so
[0.502s] -- Up-to-date: /home/sdc/Desktop/mocap4ros2_ws/Archive/install/custom_robot_msgs/lib/libcustom_robot_msgs__rosidl_typesupport_c.so
[0.502s] -- Up-to-date: /home/sdc/Desktop/mocap4ros2_ws/Archive/install/custom_robot_msgs/include/custom_robot_msgs/custom_robot_msgs
[0.502s] -- Up-to-date: /home/sdc/Desktop/mocap4ros2_ws/Archive/install/custom_robot_msgs/include/custom_robot_msgs/custom_robot_msgs/msg
[0.502s] -- Up-to-date: /home/sdc/Desktop/mocap4ros2_ws/Archive/install/custom_robot_msgs/include/custom_robot_msgs/custom_robot_msgs/msg/detail
[0.503s] -- Up-to-date: /home/sdc/Desktop/mocap4ros2_ws/Archive/install/custom_robot_msgs/include/custom_robot_msgs/custom_robot_msgs/msg/detail/robot_command_msgs__builder.hpp
[0.503s] -- Up-to-date: /home/sdc/Desktop/mocap4ros2_ws/Archive/install/custom_robot_msgs/include/custom_robot_msgs/custom_robot_msgs/msg/detail/robot_command_msgs__struct.hpp
[0.503s] -- Up-to-date: /home/sdc/Desktop/mocap4ros2_ws/Archive/install/custom_robot_msgs/include/custom_robot_msgs/custom_robot_msgs/msg/detail/robot_command_msgs__traits.hpp
[0.503s] -- Up-to-date: /home/sdc/Desktop/mocap4ros2_ws/Archive/install/custom_robot_msgs/include/custom_robot_msgs/custom_robot_msgs/msg/robot_command_msgs.hpp
[0.503s] -- Up-to-date: /home/sdc/Desktop/mocap4ros2_ws/Archive/install/custom_robot_msgs/include/custom_robot_msgs/custom_robot_msgs/srv
[0.503s] -- Up-to-date: /home/sdc/Desktop/mocap4ros2_ws/Archive/install/custom_robot_msgs/include/custom_robot_msgs/custom_robot_msgs/srv/detail
[0.503s] -- Up-to-date: /home/sdc/Desktop/mocap4ros2_ws/Archive/install/custom_robot_msgs/include/custom_robot_msgs/custom_robot_msgs/srv/detail/add_three_ints__traits.hpp
[0.503s] -- Up-to-date: /home/sdc/Desktop/mocap4ros2_ws/Archive/install/custom_robot_msgs/include/custom_robot_msgs/custom_robot_msgs/srv/detail/add_three_ints__struct.hpp
[0.503s] -- Up-to-date: /home/sdc/Desktop/mocap4ros2_ws/Archive/install/custom_robot_msgs/include/custom_robot_msgs/custom_robot_msgs/srv/detail/add_three_ints__builder.hpp
[0.503s] -- Up-to-date: /home/sdc/Desktop/mocap4ros2_ws/Archive/install/custom_robot_msgs/include/custom_robot_msgs/custom_robot_msgs/srv/add_three_ints.hpp
[0.503s] -- Up-to-date: /home/sdc/Desktop/mocap4ros2_ws/Archive/install/custom_robot_msgs/include/custom_robot_msgs/custom_robot_msgs
[0.503s] -- Up-to-date: /home/sdc/Desktop/mocap4ros2_ws/Archive/install/custom_robot_msgs/include/custom_robot_msgs/custom_robot_msgs/msg
[0.503s] -- Up-to-date: /home/sdc/Desktop/mocap4ros2_ws/Archive/install/custom_robot_msgs/include/custom_robot_msgs/custom_robot_msgs/msg/rosidl_typesupport_fastrtps_cpp__visibility_control.h
[0.503s] -- Up-to-date: /home/sdc/Desktop/mocap4ros2_ws/Archive/install/custom_robot_msgs/include/custom_robot_msgs/custom_robot_msgs/msg/detail
[0.503s] -- Up-to-date: /home/sdc/Desktop/mocap4ros2_ws/Archive/install/custom_robot_msgs/include/custom_robot_msgs/custom_robot_msgs/msg/detail/dds_fastrtps
[0.503s] -- Up-to-date: /home/sdc/Desktop/mocap4ros2_ws/Archive/install/custom_robot_msgs/include/custom_robot_msgs/custom_robot_msgs/msg/detail/robot_command_msgs__rosidl_typesupport_fastrtps_cpp.hpp
[0.503s] -- Up-to-date: /home/sdc/Desktop/mocap4ros2_ws/Archive/install/custom_robot_msgs/include/custom_robot_msgs/custom_robot_msgs/srv
[0.504s] -- Up-to-date: /home/sdc/Desktop/mocap4ros2_ws/Archive/install/custom_robot_msgs/include/custom_robot_msgs/custom_robot_msgs/srv/detail
[0.504s] -- Up-to-date: /home/sdc/Desktop/mocap4ros2_ws/Archive/install/custom_robot_msgs/include/custom_robot_msgs/custom_robot_msgs/srv/detail/dds_fastrtps
[0.504s] -- Up-to-date: /home/sdc/Desktop/mocap4ros2_ws/Archive/install/custom_robot_msgs/include/custom_robot_msgs/custom_robot_msgs/srv/detail/add_three_ints__rosidl_typesupport_fastrtps_cpp.hpp
[0.504s] -- Up-to-date: /home/sdc/Desktop/mocap4ros2_ws/Archive/install/custom_robot_msgs/lib/libcustom_robot_msgs__rosidl_typesupport_fastrtps_cpp.so
[0.504s] -- Up-to-date: /home/sdc/Desktop/mocap4ros2_ws/Archive/install/custom_robot_msgs/include/custom_robot_msgs/custom_robot_msgs
[0.504s] -- Up-to-date: /home/sdc/Desktop/mocap4ros2_ws/Archive/install/custom_robot_msgs/include/custom_robot_msgs/custom_robot_msgs/msg
[0.504s] -- Up-to-date: /home/sdc/Desktop/mocap4ros2_ws/Archive/install/custom_robot_msgs/include/custom_robot_msgs/custom_robot_msgs/msg/detail
[0.504s] -- Up-to-date: /home/sdc/Desktop/mocap4ros2_ws/Archive/install/custom_robot_msgs/include/custom_robot_msgs/custom_robot_msgs/msg/detail/robot_command_msgs__type_support.cpp
[0.504s] -- Up-to-date: /home/sdc/Desktop/mocap4ros2_ws/Archive/install/custom_robot_msgs/include/custom_robot_msgs/custom_robot_msgs/msg/detail/robot_command_msgs__rosidl_typesupport_introspection_cpp.hpp
[0.504s] -- Up-to-date: /home/sdc/Desktop/mocap4ros2_ws/Archive/install/custom_robot_msgs/include/custom_robot_msgs/custom_robot_msgs/srv
[0.504s] -- Up-to-date: /home/sdc/Desktop/mocap4ros2_ws/Archive/install/custom_robot_msgs/include/custom_robot_msgs/custom_robot_msgs/srv/detail
[0.504s] -- Up-to-date: /home/sdc/Desktop/mocap4ros2_ws/Archive/install/custom_robot_msgs/include/custom_robot_msgs/custom_robot_msgs/srv/detail/add_three_ints__type_support.cpp
[0.504s] -- Up-to-date: /home/sdc/Desktop/mocap4ros2_ws/Archive/install/custom_robot_msgs/include/custom_robot_msgs/custom_robot_msgs/srv/detail/add_three_ints__rosidl_typesupport_introspection_cpp.hpp
[0.504s] -- Up-to-date: /home/sdc/Desktop/mocap4ros2_ws/Archive/install/custom_robot_msgs/lib/libcustom_robot_msgs__rosidl_typesupport_introspection_cpp.so
[0.504s] -- Up-to-date: /home/sdc/Desktop/mocap4ros2_ws/Archive/install/custom_robot_msgs/lib/libcustom_robot_msgs__rosidl_typesupport_cpp.so
[0.504s] -- Up-to-date: /home/sdc/Desktop/mocap4ros2_ws/Archive/install/custom_robot_msgs/share/custom_robot_msgs/environment/pythonpath.sh
[0.504s] -- Up-to-date: /home/sdc/Desktop/mocap4ros2_ws/Archive/install/custom_robot_msgs/share/custom_robot_msgs/environment/pythonpath.dsv
[0.504s] -- Up-to-date: /home/sdc/Desktop/mocap4ros2_ws/Archive/install/custom_robot_msgs/local/lib/python3.10/dist-packages/custom_robot_msgs-0.0.0-py3.10.egg-info
[0.505s] -- Installing: /home/sdc/Desktop/mocap4ros2_ws/Archive/install/custom_robot_msgs/local/lib/python3.10/dist-packages/custom_robot_msgs-0.0.0-py3.10.egg-info/top_level.txt
[0.505s] -- Installing: /home/sdc/Desktop/mocap4ros2_ws/Archive/install/custom_robot_msgs/local/lib/python3.10/dist-packages/custom_robot_msgs-0.0.0-py3.10.egg-info/dependency_links.txt
[0.505s] -- Installing: /home/sdc/Desktop/mocap4ros2_ws/Archive/install/custom_robot_msgs/local/lib/python3.10/dist-packages/custom_robot_msgs-0.0.0-py3.10.egg-info/SOURCES.txt
[0.505s] -- Installing: /home/sdc/Desktop/mocap4ros2_ws/Archive/install/custom_robot_msgs/local/lib/python3.10/dist-packages/custom_robot_msgs-0.0.0-py3.10.egg-info/PKG-INFO
[0.505s] -- Up-to-date: /home/sdc/Desktop/mocap4ros2_ws/Archive/install/custom_robot_msgs/local/lib/python3.10/dist-packages/custom_robot_msgs
[0.505s] -- Up-to-date: /home/sdc/Desktop/mocap4ros2_ws/Archive/install/custom_robot_msgs/local/lib/python3.10/dist-packages/custom_robot_msgs/_custom_robot_msgs_s.ep.rosidl_typesupport_fastrtps_c.c
[0.505s] -- Up-to-date: /home/sdc/Desktop/mocap4ros2_ws/Archive/install/custom_robot_msgs/local/lib/python3.10/dist-packages/custom_robot_msgs/msg
[0.505s] -- Up-to-date: /home/sdc/Desktop/mocap4ros2_ws/Archive/install/custom_robot_msgs/local/lib/python3.10/dist-packages/custom_robot_msgs/msg/__init__.py
[0.505s] -- Up-to-date: /home/sdc/Desktop/mocap4ros2_ws/Archive/install/custom_robot_msgs/local/lib/python3.10/dist-packages/custom_robot_msgs/msg/_robot_command_msgs.py
[0.505s] -- Up-to-date: /home/sdc/Desktop/mocap4ros2_ws/Archive/install/custom_robot_msgs/local/lib/python3.10/dist-packages/custom_robot_msgs/msg/_robot_command_msgs_s.c
[0.505s] -- Up-to-date: /home/sdc/Desktop/mocap4ros2_ws/Archive/install/custom_robot_msgs/local/lib/python3.10/dist-packages/custom_robot_msgs/__init__.py
[0.505s] -- Up-to-date: /home/sdc/Desktop/mocap4ros2_ws/Archive/install/custom_robot_msgs/local/lib/python3.10/dist-packages/custom_robot_msgs/custom_robot_msgs_s__rosidl_typesupport_introspection_c.cpython-310-x86_64-linux-gnu.so
[0.505s] -- Up-to-date: /home/sdc/Desktop/mocap4ros2_ws/Archive/install/custom_robot_msgs/local/lib/python3.10/dist-packages/custom_robot_msgs/srv
[0.505s] -- Up-to-date: /home/sdc/Desktop/mocap4ros2_ws/Archive/install/custom_robot_msgs/local/lib/python3.10/dist-packages/custom_robot_msgs/srv/__init__.py
[0.505s] -- Up-to-date: /home/sdc/Desktop/mocap4ros2_ws/Archive/install/custom_robot_msgs/local/lib/python3.10/dist-packages/custom_robot_msgs/srv/_add_three_ints_s.c
[0.505s] -- Up-to-date: /home/sdc/Desktop/mocap4ros2_ws/Archive/install/custom_robot_msgs/local/lib/python3.10/dist-packages/custom_robot_msgs/srv/_add_three_ints.py
[0.505s] -- Up-to-date: /home/sdc/Desktop/mocap4ros2_ws/Archive/install/custom_robot_msgs/local/lib/python3.10/dist-packages/custom_robot_msgs/custom_robot_msgs_s__rosidl_typesupport_fastrtps_c.cpython-310-x86_64-linux-gnu.so
[0.506s] -- Up-to-date: /home/sdc/Desktop/mocap4ros2_ws/Archive/install/custom_robot_msgs/local/lib/python3.10/dist-packages/custom_robot_msgs/custom_robot_msgs_s__rosidl_typesupport_c.cpython-310-x86_64-linux-gnu.so
[0.506s] -- Up-to-date: /home/sdc/Desktop/mocap4ros2_ws/Archive/install/custom_robot_msgs/local/lib/python3.10/dist-packages/custom_robot_msgs/_custom_robot_msgs_s.ep.rosidl_typesupport_c.c
[0.506s] -- Up-to-date: /home/sdc/Desktop/mocap4ros2_ws/Archive/install/custom_robot_msgs/local/lib/python3.10/dist-packages/custom_robot_msgs/_custom_robot_msgs_s.ep.rosidl_typesupport_introspection_c.c
[0.506s] -- Up-to-date: /home/sdc/Desktop/mocap4ros2_ws/Archive/install/custom_robot_msgs/local/lib/python3.10/dist-packages/custom_robot_msgs/libcustom_robot_msgs__rosidl_generator_py.so
[0.520s] Listing '/home/sdc/Desktop/mocap4ros2_ws/Archive/install/custom_robot_msgs/local/lib/python3.10/dist-packages/custom_robot_msgs'...
[0.520s] Listing '/home/sdc/Desktop/mocap4ros2_ws/Archive/install/custom_robot_msgs/local/lib/python3.10/dist-packages/custom_robot_msgs/msg'...
[0.520s] Listing '/home/sdc/Desktop/mocap4ros2_ws/Archive/install/custom_robot_msgs/local/lib/python3.10/dist-packages/custom_robot_msgs/srv'...
[0.523s] -- Up-to-date: /home/sdc/Desktop/mocap4ros2_ws/Archive/install/custom_robot_msgs/local/lib/python3.10/dist-packages/custom_robot_msgs/custom_robot_msgs_s__rosidl_typesupport_fastrtps_c.cpython-310-x86_64-linux-gnu.so
[0.523s] -- Up-to-date: /home/sdc/Desktop/mocap4ros2_ws/Archive/install/custom_robot_msgs/local/lib/python3.10/dist-packages/custom_robot_msgs/custom_robot_msgs_s__rosidl_typesupport_introspection_c.cpython-310-x86_64-linux-gnu.so
[0.523s] -- Up-to-date: /home/sdc/Desktop/mocap4ros2_ws/Archive/install/custom_robot_msgs/local/lib/python3.10/dist-packages/custom_robot_msgs/custom_robot_msgs_s__rosidl_typesupport_c.cpython-310-x86_64-linux-gnu.so
[0.523s] -- Up-to-date: /home/sdc/Desktop/mocap4ros2_ws/Archive/install/custom_robot_msgs/lib/libcustom_robot_msgs__rosidl_generator_py.so
[0.523s] -- Up-to-date: /home/sdc/Desktop/mocap4ros2_ws/Archive/install/custom_robot_msgs/share/custom_robot_msgs/msg/RobotCommandMsgs.idl
[0.523s] -- Up-to-date: /home/sdc/Desktop/mocap4ros2_ws/Archive/install/custom_robot_msgs/share/custom_robot_msgs/srv/AddThreeInts.idl
[0.523s] -- Up-to-date: /home/sdc/Desktop/mocap4ros2_ws/Archive/install/custom_robot_msgs/share/custom_robot_msgs/msg/RobotCommandMsgs.msg
[0.523s] -- Up-to-date: /home/sdc/Desktop/mocap4ros2_ws/Archive/install/custom_robot_msgs/share/custom_robot_msgs/srv/AddThreeInts.srv
[0.523s] -- Up-to-date: /home/sdc/Desktop/mocap4ros2_ws/Archive/install/custom_robot_msgs/share/custom_robot_msgs/srv/AddThreeInts_Request.msg
[0.523s] -- Up-to-date: /home/sdc/Desktop/mocap4ros2_ws/Archive/install/custom_robot_msgs/share/custom_robot_msgs/srv/AddThreeInts_Response.msg
[0.523s] -- Up-to-date: /home/sdc/Desktop/mocap4ros2_ws/Archive/install/custom_robot_msgs/share/ament_index/resource_index/package_run_dependencies/custom_robot_msgs
[0.523s] -- Up-to-date: /home/sdc/Desktop/mocap4ros2_ws/Archive/install/custom_robot_msgs/share/ament_index/resource_index/parent_prefix_path/custom_robot_msgs
[0.524s] -- Up-to-date: /home/sdc/Desktop/mocap4ros2_ws/Archive/install/custom_robot_msgs/share/custom_robot_msgs/environment/ament_prefix_path.sh
[0.524s] -- Up-to-date: /home/sdc/Desktop/mocap4ros2_ws/Archive/install/custom_robot_msgs/share/custom_robot_msgs/environment/ament_prefix_path.dsv
[0.524s] -- Up-to-date: /home/sdc/Desktop/mocap4ros2_ws/Archive/install/custom_robot_msgs/share/custom_robot_msgs/environment/path.sh
[0.524s] -- Up-to-date: /home/sdc/Desktop/mocap4ros2_ws/Archive/install/custom_robot_msgs/share/custom_robot_msgs/environment/path.dsv
[0.524s] -- Up-to-date: /home/sdc/Desktop/mocap4ros2_ws/Archive/install/custom_robot_msgs/share/custom_robot_msgs/local_setup.bash
[0.524s] -- Up-to-date: /home/sdc/Desktop/mocap4ros2_ws/Archive/install/custom_robot_msgs/share/custom_robot_msgs/local_setup.sh
[0.524s] -- Up-to-date: /home/sdc/Desktop/mocap4ros2_ws/Archive/install/custom_robot_msgs/share/custom_robot_msgs/local_setup.zsh
[0.524s] -- Up-to-date: /home/sdc/Desktop/mocap4ros2_ws/Archive/install/custom_robot_msgs/share/custom_robot_msgs/local_setup.dsv
[0.524s] -- Installing: /home/sdc/Desktop/mocap4ros2_ws/Archive/install/custom_robot_msgs/share/custom_robot_msgs/package.dsv
[0.524s] -- Up-to-date: /home/sdc/Desktop/mocap4ros2_ws/Archive/install/custom_robot_msgs/share/ament_index/resource_index/packages/custom_robot_msgs
[0.524s] -- Up-to-date: /home/sdc/Desktop/mocap4ros2_ws/Archive/install/custom_robot_msgs/share/custom_robot_msgs/cmake/export_custom_robot_msgs__rosidl_generator_cExport.cmake
[0.524s] -- Up-to-date: /home/sdc/Desktop/mocap4ros2_ws/Archive/install/custom_robot_msgs/share/custom_robot_msgs/cmake/export_custom_robot_msgs__rosidl_generator_cExport-noconfig.cmake
[0.524s] -- Up-to-date: /home/sdc/Desktop/mocap4ros2_ws/Archive/install/custom_robot_msgs/share/custom_robot_msgs/cmake/export_custom_robot_msgs__rosidl_typesupport_fastrtps_cExport.cmake
[0.524s] -- Up-to-date: /home/sdc/Desktop/mocap4ros2_ws/Archive/install/custom_robot_msgs/share/custom_robot_msgs/cmake/export_custom_robot_msgs__rosidl_typesupport_fastrtps_cExport-noconfig.cmake
[0.524s] -- Up-to-date: /home/sdc/Desktop/mocap4ros2_ws/Archive/install/custom_robot_msgs/share/custom_robot_msgs/cmake/custom_robot_msgs__rosidl_typesupport_introspection_cExport.cmake
[0.525s] -- Up-to-date: /home/sdc/Desktop/mocap4ros2_ws/Archive/install/custom_robot_msgs/share/custom_robot_msgs/cmake/custom_robot_msgs__rosidl_typesupport_introspection_cExport-noconfig.cmake
[0.525s] -- Up-to-date: /home/sdc/Desktop/mocap4ros2_ws/Archive/install/custom_robot_msgs/share/custom_robot_msgs/cmake/custom_robot_msgs__rosidl_typesupport_cExport.cmake
[0.525s] -- Up-to-date: /home/sdc/Desktop/mocap4ros2_ws/Archive/install/custom_robot_msgs/share/custom_robot_msgs/cmake/custom_robot_msgs__rosidl_typesupport_cExport-noconfig.cmake
[0.525s] -- Up-to-date: /home/sdc/Desktop/mocap4ros2_ws/Archive/install/custom_robot_msgs/share/custom_robot_msgs/cmake/export_custom_robot_msgs__rosidl_generator_cppExport.cmake
[0.525s] -- Up-to-date: /home/sdc/Desktop/mocap4ros2_ws/Archive/install/custom_robot_msgs/share/custom_robot_msgs/cmake/export_custom_robot_msgs__rosidl_typesupport_fastrtps_cppExport.cmake
[0.525s] -- Up-to-date: /home/sdc/Desktop/mocap4ros2_ws/Archive/install/custom_robot_msgs/share/custom_robot_msgs/cmake/export_custom_robot_msgs__rosidl_typesupport_fastrtps_cppExport-noconfig.cmake
[0.525s] -- Up-to-date: /home/sdc/Desktop/mocap4ros2_ws/Archive/install/custom_robot_msgs/share/custom_robot_msgs/cmake/custom_robot_msgs__rosidl_typesupport_introspection_cppExport.cmake
[0.525s] -- Up-to-date: /home/sdc/Desktop/mocap4ros2_ws/Archive/install/custom_robot_msgs/share/custom_robot_msgs/cmake/custom_robot_msgs__rosidl_typesupport_introspection_cppExport-noconfig.cmake
[0.525s] -- Up-to-date: /home/sdc/Desktop/mocap4ros2_ws/Archive/install/custom_robot_msgs/share/custom_robot_msgs/cmake/custom_robot_msgs__rosidl_typesupport_cppExport.cmake
[0.525s] -- Up-to-date: /home/sdc/Desktop/mocap4ros2_ws/Archive/install/custom_robot_msgs/share/custom_robot_msgs/cmake/custom_robot_msgs__rosidl_typesupport_cppExport-noconfig.cmake
[0.525s] -- Up-to-date: /home/sdc/Desktop/mocap4ros2_ws/Archive/install/custom_robot_msgs/share/custom_robot_msgs/cmake/export_custom_robot_msgs__rosidl_generator_pyExport.cmake
[0.525s] -- Up-to-date: /home/sdc/Desktop/mocap4ros2_ws/Archive/install/custom_robot_msgs/share/custom_robot_msgs/cmake/export_custom_robot_msgs__rosidl_generator_pyExport-noconfig.cmake
[0.525s] -- Up-to-date: /home/sdc/Desktop/mocap4ros2_ws/Archive/install/custom_robot_msgs/share/custom_robot_msgs/cmake/rosidl_cmake-extras.cmake
[0.525s] -- Up-to-date: /home/sdc/Desktop/mocap4ros2_ws/Archive/install/custom_robot_msgs/share/custom_robot_msgs/cmake/ament_cmake_export_dependencies-extras.cmake
[0.525s] -- Up-to-date: /home/sdc/Desktop/mocap4ros2_ws/Archive/install/custom_robot_msgs/share/custom_robot_msgs/cmake/ament_cmake_export_include_directories-extras.cmake
[0.525s] -- Up-to-date: /home/sdc/Desktop/mocap4ros2_ws/Archive/install/custom_robot_msgs/share/custom_robot_msgs/cmake/ament_cmake_export_libraries-extras.cmake
[0.526s] -- Up-to-date: /home/sdc/Desktop/mocap4ros2_ws/Archive/install/custom_robot_msgs/share/custom_robot_msgs/cmake/ament_cmake_export_targets-extras.cmake
[0.526s] -- Up-to-date: /home/sdc/Desktop/mocap4ros2_ws/Archive/install/custom_robot_msgs/share/custom_robot_msgs/cmake/rosidl_cmake_export_typesupport_targets-extras.cmake
[0.526s] -- Up-to-date: /home/sdc/Desktop/mocap4ros2_ws/Archive/install/custom_robot_msgs/share/custom_robot_msgs/cmake/rosidl_cmake_export_typesupport_libraries-extras.cmake
[0.526s] -- Up-to-date: /home/sdc/Desktop/mocap4ros2_ws/Archive/install/custom_robot_msgs/share/custom_robot_msgs/cmake/custom_robot_msgsConfig.cmake
[0.526s] -- Up-to-date: /home/sdc/Desktop/mocap4ros2_ws/Archive/install/custom_robot_msgs/share/custom_robot_msgs/cmake/custom_robot_msgsConfig-version.cmake
[0.526s] -- Up-to-date: /home/sdc/Desktop/mocap4ros2_ws/Archive/install/custom_robot_msgs/share/custom_robot_msgs/package.xml
[0.527s] Invoked command in '/home/sdc/Desktop/mocap4ros2_ws/Archive/build/custom_robot_msgs' returned '0': CMAKE_PREFIX_PATH=${CMAKE_PREFIX_PATH}:/home/sdc/Desktop/mocap4ros2_ws/Archive/install/target_pid_controller:/home/sdc/Desktop/mocap4ros2_ws/Archive/install/pure_pursuit:/opt/ros/humble /usr/bin/cmake --install /home/sdc/Desktop/mocap4ros2_ws/Archive/build/custom_robot_msgs
